[2020-12-07 07:47:08] /manage/modules/news/index.php?url=govent_list&do=get_xml&pid= ( url=govent_list&do=get_xml ) 
ERR: Db Error: Table 'test.hx_govent_list' doesn't exist
SELECT COUNT(*) AS nc_count FROM `hx_govent_list` WHERE ( isdel = '0' ) ORDER BY id desc LIMIT 1  
[2020-12-07 07:47:08] /manage/modules/news/index.php?url=govent_list&do=get_xml&pid= ( url=govent_list&do=get_xml ) 
ERR: Db Error: Table 'test.hx_govent_list' doesn't exist
SELECT * FROM `hx_govent_list` WHERE ( isdel = '0' ) ORDER BY id desc LIMIT 0,15  
[2020-12-07 07:49:20] /manage/modules/news/index.php?url=govent_list&do=get_xml&pid= ( url=govent_list&do=get_xml ) 
ERR: Db Error: Table 'test.hx_govent_list' doesn't exist
SELECT COUNT(*) AS nc_count FROM `hx_govent_list` WHERE ( isdel = '0' ) ORDER BY id desc LIMIT 1  
[2020-12-07 07:49:20] /manage/modules/news/index.php?url=govent_list&do=get_xml&pid= ( url=govent_list&do=get_xml ) 
ERR: Db Error: Table 'test.hx_govent_list' doesn't exist
SELECT * FROM `hx_govent_list` WHERE ( isdel = '0' ) ORDER BY id desc LIMIT 0,15  
[2020-12-07 07:49:26] /manage/modules/news/index.php?url=govent_list&do=get_xml&pid= ( url=govent_list&do=get_xml ) 
ERR: Db Error: Table 'test.hx_govent_list' doesn't exist
SELECT COUNT(*) AS nc_count FROM `hx_govent_list` WHERE ( isdel = '0' ) ORDER BY id desc LIMIT 1  
[2020-12-07 07:49:26] /manage/modules/news/index.php?url=govent_list&do=get_xml&pid= ( url=govent_list&do=get_xml ) 
ERR: Db Error: Table 'test.hx_govent_list' doesn't exist
SELECT * FROM `hx_govent_list` WHERE ( isdel = '0' ) ORDER BY id desc LIMIT 0,15  
[2020-12-07 07:50:59] /manage/modules/news/index.php?url=govent_list&do=get_xml&pid= ( url=govent_list&do=get_xml ) 
ERR: Db Error: Table 'test.hx_govent_list' doesn't exist
SELECT COUNT(*) AS nc_count FROM `hx_govent_list` WHERE ( isdel = '0' ) ORDER BY id desc LIMIT 1  
[2020-12-07 07:50:59] /manage/modules/news/index.php?url=govent_list&do=get_xml&pid= ( url=govent_list&do=get_xml ) 
ERR: Db Error: Table 'test.hx_govent_list' doesn't exist
SELECT * FROM `hx_govent_list` WHERE ( isdel = '0' ) ORDER BY id desc LIMIT 0,15  
[2020-12-07 07:51:11] /manage/modules/news/index.php?url=govent_list&do=get_xml&pid= ( url=govent_list&do=get_xml ) 
ERR: Db Error: Table 'test.hx_govent_list' doesn't exist
SELECT COUNT(*) AS nc_count FROM `hx_govent_list` WHERE ( isdel = '0' ) ORDER BY id desc LIMIT 1  
[2020-12-07 07:51:11] /manage/modules/news/index.php?url=govent_list&do=get_xml&pid= ( url=govent_list&do=get_xml ) 
ERR: Db Error: Table 'test.hx_govent_list' doesn't exist
SELECT * FROM `hx_govent_list` WHERE ( isdel = '0' ) ORDER BY id desc LIMIT 0,15  
[2020-12-07 07:51:40] /manage/modules/news/index.php?url=govent_list&do=get_xml&pid= ( url=govent_list&do=get_xml ) 
ERR: Db Error: Table 'test.hx_govent_list' doesn't exist
SELECT COUNT(*) AS nc_count FROM `hx_govent_list` WHERE ( isdel = '0' ) ORDER BY id desc LIMIT 1  
[2020-12-07 07:51:40] /manage/modules/news/index.php?url=govent_list&do=get_xml&pid= ( url=govent_list&do=get_xml ) 
ERR: Db Error: Table 'test.hx_govent_list' doesn't exist
SELECT * FROM `hx_govent_list` WHERE ( isdel = '0' ) ORDER BY id desc LIMIT 0,15  
[2020-12-07 08:08:37] /manage/modules/news/index.php?url=article_list&do=get_xml&pid=1 ( url=article_list&do=get_xml ) 
ERR: Db Error: Table 'test.hx_array' doesn't exist
SELECT * FROM hx_Array where pid=19 and isdel=0 ORDER by rank asc 
[2020-12-07 08:08:37] /manage/modules/news/index.php?url=article_list&do=get_xml&pid=1 ( url=article_list&do=get_xml ) 
ERR: Db Error: Table 'test.hx_array' doesn't exist
SELECT * FROM hx_Array where pid=19 and isdel=0 ORDER by rank asc 
