[2020-08-20 07:09:55] /index.php?url=news&do=index&pid=2 ( url=news&do=index ) 
ERR: Db Error: Table 'jianglou.hx_Array' doesn't exist
SELECT * FROM hx_Array where pid=11 and status=1 and isdel=0 ORDER by rank asc 
[2020-08-20 07:09:55] /index.php?url=news&do=index&pid=2 ( url=news&do=index ) 
ERR: Db Error: Table 'jianglou.hx_Array' doesn't exist
SELECT * FROM hx_Array where pid=12 and status=1 and isdel=0 ORDER by rank asc 
[2020-08-20 07:09:55] /index.php?url=news&do=index&pid=2 ( url=news&do=index ) 
ERR: Db Error: Table 'jianglou.hx_Array' doesn't exist
SELECT * FROM hx_Array where pid=13 and status=1 and isdel=0 ORDER by rank asc 
[2020-08-20 07:09:55] /index.php?url=news&do=index&pid=2 ( url=news&do=index ) 
ERR: Db Error: Table 'jianglou.hx_Array' doesn't exist
SELECT * FROM hx_Array where pid=14 and status=1 and isdel=0 ORDER by rank asc 
[2020-08-20 07:09:55] /index.php?url=news&do=index&pid=2 ( url=news&do=index ) 
ERR: Db Error: Table 'jianglou.hx_Array' doesn't exist
SELECT * FROM hx_Array where pid=15 and status=1 and isdel=0 ORDER by rank asc 
[2020-08-20 09:42:14] /index.php?url=news&do=index ( url=news&do=index ) 
ERR: Db Error: You have an error in your SQL syntax; check the manual that corresponds to your MySQL server version for the right syntax to use near 'and status=1 and isdel=0 ORDER by rank asc' at line 1
SELECT * FROM hx_article_class where pid= and status=1 and isdel=0 ORDER by rank asc 
[2020-08-20 10:12:27] /manage/modules/news/index.php?url=onlinehelp_list&do=get_xml&pid= ( url=onlinehelp_list&do=get_xml ) 
ERR: Db Error: Table 'jianglou.hx_onlinehelp_list' doesn't exist
SELECT COUNT(*) AS nc_count FROM `hx_onlinehelp_list` WHERE ( isdel = '0' ) ORDER BY id desc LIMIT 1  
[2020-08-20 10:12:27] /manage/modules/news/index.php?url=onlinehelp_list&do=get_xml&pid= ( url=onlinehelp_list&do=get_xml ) 
ERR: Db Error: Table 'jianglou.hx_onlinehelp_list' doesn't exist
SELECT * FROM `hx_onlinehelp_list` WHERE ( isdel = '0' ) ORDER BY id desc LIMIT 0,15  
[2020-08-20 10:20:45] /manage/modules/organ/index.php?url=manager_list&do=edit&id=13 ( url=manager_list&do=edit ) 
ERR: Db Error: Unknown column 'value' in 'where clause'
SELECT * FROM `hx_office_list` WHERE status=1 and value="office" LIMIT 1  
[2020-08-20 10:22:08] /manage/modules/organ/index.php?url=visit_list&do=del&del_id=5 ( url=visit_list&do=del ) 
ERR: Db Error: Unknown column 'isdel' in 'field list'
UPDATE `hx_visit_list` SET isdel='1' WHERE ( id = '5' )
[2020-08-20 10:36:57] /index.php?url=news&do=index ( url=news&do=index ) 
ERR: Db Error: You have an error in your SQL syntax; check the manual that corresponds to your MySQL server version for the right syntax to use near 'and status=1 and isdel=0 ORDER by rank asc' at line 1
SELECT * FROM hx_article_class where pid= and status=1 and isdel=0 ORDER by rank asc 
[2020-08-20 10:39:50] /manage/modules/organ/index.php?url=manager_list&do=add ( url=manager_list&do=add ) 
ERR: Db Error: Unknown column 'value' in 'where clause'
SELECT * FROM `hx_office_list` WHERE status=1 and value="office" LIMIT 1  
[2020-08-20 10:54:52] / ( url=index&do=index ) 
ERR: Db Error: Table 'jianglou.hx_Array' doesn't exist
SELECT * FROM hx_Array where pid=11 and status=1 and isdel=0 ORDER by rank asc 
[2020-08-20 10:54:52] / ( url=index&do=index ) 
ERR: Db Error: Table 'jianglou.hx_Array' doesn't exist
SELECT * FROM hx_Array where pid=12 and status=1 and isdel=0 ORDER by rank asc 
[2020-08-20 10:54:52] / ( url=index&do=index ) 
ERR: Db Error: Table 'jianglou.hx_Array' doesn't exist
SELECT * FROM hx_Array where pid=13 and status=1 and isdel=0 ORDER by rank asc 
[2020-08-20 10:54:52] / ( url=index&do=index ) 
ERR: Db Error: Table 'jianglou.hx_Array' doesn't exist
SELECT * FROM hx_Array where pid=14 and status=1 and isdel=0 ORDER by rank asc 
[2020-08-20 10:54:52] / ( url=index&do=index ) 
ERR: Db Error: Table 'jianglou.hx_Array' doesn't exist
SELECT * FROM hx_Array where pid=15 and status=1 and isdel=0 ORDER by rank asc 
[2020-08-20 10:54:52] / ( url=index&do=index ) 
ERR: Db Error: Table 'jianglou.hx_Array' doesn't exist
SELECT * FROM hx_Array where pid=16 and status=1 and isdel=0 ORDER by rank asc 
[2020-08-20 10:54:52] / ( url=index&do=index ) 
ERR: Db Error: Table 'jianglou.hx_Array' doesn't exist
SELECT * FROM hx_Array where pid=17 and status=1 and isdel=0 ORDER by rank asc 
[2020-08-20 11:09:28] /manage/modules/news/index.php?url=onlinehelp_list&do=get_xml&pid= ( url=onlinehelp_list&do=get_xml ) 
ERR: Db Error: Table 'jianglou.hx_onlinehelp_list' doesn't exist
SELECT COUNT(*) AS nc_count FROM `hx_onlinehelp_list` WHERE ( isdel = '0' ) ORDER BY id desc LIMIT 1  
[2020-08-20 11:09:28] /manage/modules/news/index.php?url=onlinehelp_list&do=get_xml&pid= ( url=onlinehelp_list&do=get_xml ) 
ERR: Db Error: Table 'jianglou.hx_onlinehelp_list' doesn't exist
SELECT * FROM `hx_onlinehelp_list` WHERE ( isdel = '0' ) ORDER BY id desc LIMIT 0,15  
[2020-08-20 11:09:39] /manage/modules/news/index.php?url=onlinehelp_list&do=get_xml&pid= ( url=onlinehelp_list&do=get_xml ) 
ERR: Db Error: Table 'jianglou.hx_onlinehelp_list' doesn't exist
SELECT COUNT(*) AS nc_count FROM `hx_onlinehelp_list` WHERE ( isdel = '0' ) ORDER BY id desc LIMIT 1  
[2020-08-20 11:09:39] /manage/modules/news/index.php?url=onlinehelp_list&do=get_xml&pid= ( url=onlinehelp_list&do=get_xml ) 
ERR: Db Error: Table 'jianglou.hx_onlinehelp_list' doesn't exist
SELECT * FROM `hx_onlinehelp_list` WHERE ( isdel = '0' ) ORDER BY id desc LIMIT 0,15  
[2020-08-20 11:12:09] /manage/modules/organ/index.php?url=manager_list&do=add ( url=manager_list&do=add ) 
ERR: Db Error: Unknown column 'value' in 'where clause'
SELECT * FROM `hx_office_list` WHERE status=1 and value="office" LIMIT 1  
[2020-08-20 11:19:27] /manage/modules/organ/index.php?url=manager_list&do=add ( url=manager_list&do=add ) 
ERR: Db Error: Unknown column 'value' in 'where clause'
SELECT * FROM `hx_office_list` WHERE status=1 and value="office" LIMIT 1  
[2020-08-20 11:25:36] /manage/modules/organ/index.php?url=manager_list&do=edit&id=14 ( url=manager_list&do=edit ) 
ERR: Db Error: Unknown column 'value' in 'where clause'
SELECT * FROM `hx_office_list` WHERE status=1 and value="office" LIMIT 1  
[2020-08-20 11:25:59] /index.php?url=news&do=index ( url=news&do=index ) 
ERR: Db Error: You have an error in your SQL syntax; check the manual that corresponds to your MySQL server version for the right syntax to use near 'and status=1 and isdel=0 ORDER by rank asc' at line 1
SELECT * FROM hx_article_class where pid= and status=1 and isdel=0 ORDER by rank asc 
[2020-08-20 11:26:03] /index.php?url=news&do=index ( url=news&do=index ) 
ERR: Db Error: You have an error in your SQL syntax; check the manual that corresponds to your MySQL server version for the right syntax to use near 'and status=1 and isdel=0 ORDER by rank asc' at line 1
SELECT * FROM hx_article_class where pid= and status=1 and isdel=0 ORDER by rank asc 
[2020-08-20 11:29:16] /index.php?url=news&do=index ( url=news&do=index ) 
ERR: Db Error: You have an error in your SQL syntax; check the manual that corresponds to your MySQL server version for the right syntax to use near 'and status=1 and isdel=0 ORDER by rank asc' at line 1
SELECT * FROM hx_article_class where pid= and status=1 and isdel=0 ORDER by rank asc 
[2020-08-20 11:36:11] /manage/modules/organ/index.php?url=manager_list&do=edit&id=14 ( url=manager_list&do=edit ) 
ERR: Db Error: Unknown column 'value' in 'where clause'
SELECT * FROM `hx_office_list` WHERE status=1 and value="office" LIMIT 1  
[2020-08-20 12:19:30] /index.php?url=task&do=finitask&id=5 ( url=task&do=finitask ) 
ERR: Db Error: Column 'depart' cannot be null
INSERT  INTO `hx_visit_detail_list` (reception,depart,qustion,itemcategory,processmode,content,satisfaction,transaction,lat,lng,address,visitid) VALUES ('怡卫茹',NULL,'测试','1','1','完成','1','怡卫茹','34.34127','108.93984','中国北京市北京市海淀区海淀大街38号','5')
[2020-08-20 12:19:49] /index.php?url=task&do=finitask&id=5 ( url=task&do=finitask ) 
ERR: Db Error: Column 'depart' cannot be null
INSERT  INTO `hx_visit_detail_list` (reception,depart,qustion,itemcategory,processmode,content,satisfaction,transaction,lat,lng,address,visitid) VALUES ('怡卫茹',NULL,'测试','1','1','完成','1','怡卫茹','34.34127','108.93984','中国北京市北京市海淀区海淀大街38号','5')
[2020-08-20 12:20:56] /index.php?url=task&do=finitask&id=5 ( url=task&do=finitask ) 
ERR: Db Error: Column 'depart' cannot be null
INSERT  INTO `hx_visit_detail_list` (reception,depart,qustion,itemcategory,processmode,content,satisfaction,transaction,lat,lng,address,visitid) VALUES ('怡卫茹',NULL,'测试','1','1','完成','1','怡卫茹','34.34127','108.93984','中国北京市北京市海淀区海淀大街38号','5')
[2020-08-20 12:21:10] /index.php?url=task&do=finitask&id=5 ( url=task&do=finitask ) 
ERR: Db Error: Column 'depart' cannot be null
INSERT  INTO `hx_visit_detail_list` (reception,depart,qustion,itemcategory,processmode,content,satisfaction,transaction,lat,lng,address,visitid) VALUES ('怡卫茹',NULL,'测试','1','1','完成','1','怡卫茹','34.34127','108.93984','中国北京市北京市海淀区海淀大街38号','5')
[2020-08-20 12:30:09] /index.php?url=task&do=finitask&id=5 ( url=task&do=finitask ) 
ERR: Db Error: Column 'depart' cannot be null
INSERT  INTO `hx_visit_detail_list` (reception,depart,qustion,itemcategory,processmode,content,satisfaction,transaction,lat,lng,address,visitid) VALUES ('怡卫茹',NULL,'测试','1','1','完成','1','怡卫茹','34.34127','108.93984','中国北京市北京市海淀区海淀大街38号','5')
[2020-08-20 12:41:04] /index.php?url=task&do=finitask&id=5 ( url=task&do=finitask ) 
ERR: Db Error: Column 'depart' cannot be null
INSERT  INTO `hx_visit_detail_list` (reception,depart,qustion,itemcategory,processmode,content,satisfaction,transaction,lat,lng,address,visitid) VALUES ('怡卫茹',NULL,'测试','1','1','完成','1','怡卫茹','34.34127','108.93984','中国北京市北京市海淀区海淀大街38号','5')
[2020-08-20 13:02:59] /index.php?url=task&do=finitask&id=5 ( url=task&do=finitask ) 
ERR: Db Error: Column 'depart' cannot be null
INSERT  INTO `hx_visit_detail_list` (reception,depart,qustion,itemcategory,processmode,content,satisfaction,transaction,lat,lng,address,visitid) VALUES ('怡卫茹',NULL,'测试','1','1','完成','1','怡卫茹','34.34127','108.93984',NULL,'5')
[2020-08-20 13:03:10] /index.php?url=task&do=finitask&id=5 ( url=task&do=finitask ) 
ERR: Db Error: Column 'address' cannot be null
INSERT  INTO `hx_visit_detail_list` (reception,depart,qustion,itemcategory,processmode,content,satisfaction,transaction,lat,lng,address,visitid) VALUES ('怡卫茹','{ $ol[\'id\']}','测试','3','3','完成','3','怡卫茹','34.34127','108.93984',NULL,'5')
[2020-08-20 13:04:16] /index.php?url=task&do=finitask&id=5 ( url=task&do=finitask ) 
ERR: Db Error: Column 'depart' cannot be null
INSERT  INTO `hx_visit_detail_list` (reception,depart,qustion,itemcategory,processmode,content,satisfaction,transaction,lat,lng,address,visitid) VALUES ('怡卫茹',NULL,'测试','1','1','完成','1','怡卫茹','34.34127','108.93984',NULL,'5')
[2020-08-20 13:04:36] /index.php?url=task&do=finitask&id=5 ( url=task&do=finitask ) 
ERR: Db Error: Column 'depart' cannot be null
INSERT  INTO `hx_visit_detail_list` (reception,depart,qustion,itemcategory,processmode,content,satisfaction,transaction,lat,lng,address,visitid) VALUES ('怡卫茹',NULL,'测试','1','1','完成','1','怡卫茹','34.34127','108.93984','中国北京市北京市海淀区海淀大街38号','5')
[2020-08-20 13:07:29] /index.php?url=task&do=finitask&id=5 ( url=task&do=finitask ) 
ERR: Db Error: Column 'depart' cannot be null
INSERT  INTO `hx_visit_detail_list` (reception,depart,qustion,itemcategory,processmode,content,satisfaction,transaction,lat,lng,address,visitid) VALUES ('怡卫茹',NULL,'测试','1','1','完成','1','怡卫茹','34.34127','108.93984','中国陕西省西安市未央区凤城八路','5')
[2020-08-20 13:50:14] /manage/modules/organ/index.php?url=visit_list&do=del&del_id=5 ( url=visit_list&do=del ) 
ERR: Db Error: Unknown column 'isdel' in 'field list'
UPDATE `hx_visit_list` SET isdel='1' WHERE ( id = '5' )
[2020-08-20 14:00:38] /index.php?url=news&do=index ( url=news&do=index ) 
ERR: Db Error: You have an error in your SQL syntax; check the manual that corresponds to your MySQL server version for the right syntax to use near 'and status=1 and isdel=0 ORDER by rank asc' at line 1
SELECT * FROM hx_article_class where pid= and status=1 and isdel=0 ORDER by rank asc 
[2020-08-20 14:17:43] /manage/modules/news/index.php?url=onlinehelp_list&do=get_xml&pid= ( url=onlinehelp_list&do=get_xml ) 
ERR: Db Error: Table 'jianglou.hx_onlinehelp_list' doesn't exist
SELECT COUNT(*) AS nc_count FROM `hx_onlinehelp_list` WHERE ( isdel = '0' ) ORDER BY id desc LIMIT 1  
[2020-08-20 14:17:43] /manage/modules/news/index.php?url=onlinehelp_list&do=get_xml&pid= ( url=onlinehelp_list&do=get_xml ) 
ERR: Db Error: Table 'jianglou.hx_onlinehelp_list' doesn't exist
SELECT * FROM `hx_onlinehelp_list` WHERE ( isdel = '0' ) ORDER BY id desc LIMIT 0,15  
[2020-08-20 14:58:29] /index.php?url=news&do=index ( url=news&do=index ) 
ERR: Db Error: You have an error in your SQL syntax; check the manual that corresponds to your MySQL server version for the right syntax to use near 'and status=1 and isdel=0 ORDER by rank asc' at line 1
SELECT * FROM hx_article_class where pid= and status=1 and isdel=0 ORDER by rank asc 
