[2020-07-16 09:00:01] /index.php ( url=index&do=index ) 
ERR: Db Error: Table 'jianglouzhen_czw.hx_Array' doesn't exist
SELECT * FROM hx_Array where pid=11 and status=1 and isdel=0 ORDER by rank asc 
[2020-07-16 09:00:01] /index.php ( url=index&do=index ) 
ERR: Db Error: Table 'jianglouzhen_czw.hx_Array' doesn't exist
SELECT * FROM hx_Array where pid=12 and status=1 and isdel=0 ORDER by rank asc 
[2020-07-16 09:00:01] /index.php ( url=index&do=index ) 
ERR: Db Error: Table 'jianglouzhen_czw.hx_Array' doesn't exist
SELECT * FROM hx_Array where pid=13 and status=1 and isdel=0 ORDER by rank asc 
[2020-07-16 09:00:01] /index.php ( url=index&do=index ) 
ERR: Db Error: Table 'jianglouzhen_czw.hx_Array' doesn't exist
SELECT * FROM hx_Array where pid=14 and status=1 and isdel=0 ORDER by rank asc 
[2020-07-16 09:00:01] /index.php ( url=index&do=index ) 
ERR: Db Error: Table 'jianglouzhen_czw.hx_Array' doesn't exist
SELECT * FROM hx_Array where pid=15 and status=1 and isdel=0 ORDER by rank asc 
[2020-07-16 09:00:03] /index.php ( url=index&do=index ) 
ERR: Db Error: Table 'jianglouzhen_czw.hx_Array' doesn't exist
SELECT * FROM hx_Array where pid=11 and status=1 and isdel=0 ORDER by rank asc 
[2020-07-16 09:00:03] /index.php ( url=index&do=index ) 
ERR: Db Error: Table 'jianglouzhen_czw.hx_Array' doesn't exist
SELECT * FROM hx_Array where pid=12 and status=1 and isdel=0 ORDER by rank asc 
[2020-07-16 09:00:03] /index.php ( url=index&do=index ) 
ERR: Db Error: Table 'jianglouzhen_czw.hx_Array' doesn't exist
SELECT * FROM hx_Array where pid=13 and status=1 and isdel=0 ORDER by rank asc 
[2020-07-16 09:00:03] /index.php ( url=index&do=index ) 
ERR: Db Error: Table 'jianglouzhen_czw.hx_Array' doesn't exist
SELECT * FROM hx_Array where pid=14 and status=1 and isdel=0 ORDER by rank asc 
[2020-07-16 09:00:03] /index.php ( url=index&do=index ) 
ERR: Db Error: Table 'jianglouzhen_czw.hx_Array' doesn't exist
SELECT * FROM hx_Array where pid=15 and status=1 and isdel=0 ORDER by rank asc 
[2020-07-16 09:03:47] /index.php ( url=index&do=index ) 
ERR: Db Error: Table 'jianglouzhen_czw.hx_Array' doesn't exist
SELECT * FROM hx_Array where pid=11 and status=1 and isdel=0 ORDER by rank asc 
[2020-07-16 09:03:47] /index.php ( url=index&do=index ) 
ERR: Db Error: Table 'jianglouzhen_czw.hx_Array' doesn't exist
SELECT * FROM hx_Array where pid=12 and status=1 and isdel=0 ORDER by rank asc 
[2020-07-16 09:03:47] /index.php ( url=index&do=index ) 
ERR: Db Error: Table 'jianglouzhen_czw.hx_Array' doesn't exist
SELECT * FROM hx_Array where pid=13 and status=1 and isdel=0 ORDER by rank asc 
[2020-07-16 09:03:47] /index.php ( url=index&do=index ) 
ERR: Db Error: Table 'jianglouzhen_czw.hx_Array' doesn't exist
SELECT * FROM hx_Array where pid=14 and status=1 and isdel=0 ORDER by rank asc 
[2020-07-16 09:03:47] /index.php ( url=index&do=index ) 
ERR: Db Error: Table 'jianglouzhen_czw.hx_Array' doesn't exist
SELECT * FROM hx_Array where pid=15 and status=1 and isdel=0 ORDER by rank asc 
[2020-07-16 09:04:13] / ( url=index&do=index ) 
ERR: Db Error: Table 'jianglouzhen_czw.hx_Array' doesn't exist
SELECT * FROM hx_Array where pid=11 and status=1 and isdel=0 ORDER by rank asc 
[2020-07-16 09:04:13] / ( url=index&do=index ) 
ERR: Db Error: Table 'jianglouzhen_czw.hx_Array' doesn't exist
SELECT * FROM hx_Array where pid=12 and status=1 and isdel=0 ORDER by rank asc 
[2020-07-16 09:04:13] / ( url=index&do=index ) 
ERR: Db Error: Table 'jianglouzhen_czw.hx_Array' doesn't exist
SELECT * FROM hx_Array where pid=13 and status=1 and isdel=0 ORDER by rank asc 
[2020-07-16 09:04:13] / ( url=index&do=index ) 
ERR: Db Error: Table 'jianglouzhen_czw.hx_Array' doesn't exist
SELECT * FROM hx_Array where pid=14 and status=1 and isdel=0 ORDER by rank asc 
[2020-07-16 09:04:13] / ( url=index&do=index ) 
ERR: Db Error: Table 'jianglouzhen_czw.hx_Array' doesn't exist
SELECT * FROM hx_Array where pid=15 and status=1 and isdel=0 ORDER by rank asc 
[2020-07-16 09:04:27] / ( url=index&do=index ) 
ERR: Db Error: Table 'jianglouzhen_czw.hx_Array' doesn't exist
SELECT * FROM hx_Array where pid=11 and status=1 and isdel=0 ORDER by rank asc 
[2020-07-16 09:04:27] / ( url=index&do=index ) 
ERR: Db Error: Table 'jianglouzhen_czw.hx_Array' doesn't exist
SELECT * FROM hx_Array where pid=12 and status=1 and isdel=0 ORDER by rank asc 
[2020-07-16 09:04:27] / ( url=index&do=index ) 
ERR: Db Error: Table 'jianglouzhen_czw.hx_Array' doesn't exist
SELECT * FROM hx_Array where pid=13 and status=1 and isdel=0 ORDER by rank asc 
[2020-07-16 09:04:27] / ( url=index&do=index ) 
ERR: Db Error: Table 'jianglouzhen_czw.hx_Array' doesn't exist
SELECT * FROM hx_Array where pid=14 and status=1 and isdel=0 ORDER by rank asc 
[2020-07-16 09:04:27] / ( url=index&do=index ) 
ERR: Db Error: Table 'jianglouzhen_czw.hx_Array' doesn't exist
SELECT * FROM hx_Array where pid=15 and status=1 and isdel=0 ORDER by rank asc 
[2020-07-16 09:04:50] / ( url=index&do=index ) 
ERR: Db Error: Table 'jianglouzhen_czw.hx_Array' doesn't exist
SELECT * FROM hx_Array where pid=11 and status=1 and isdel=0 ORDER by rank asc 
[2020-07-16 09:04:50] / ( url=index&do=index ) 
ERR: Db Error: Table 'jianglouzhen_czw.hx_Array' doesn't exist
SELECT * FROM hx_Array where pid=12 and status=1 and isdel=0 ORDER by rank asc 
[2020-07-16 09:04:50] / ( url=index&do=index ) 
ERR: Db Error: Table 'jianglouzhen_czw.hx_Array' doesn't exist
SELECT * FROM hx_Array where pid=13 and status=1 and isdel=0 ORDER by rank asc 
[2020-07-16 09:04:50] / ( url=index&do=index ) 
ERR: Db Error: Table 'jianglouzhen_czw.hx_Array' doesn't exist
SELECT * FROM hx_Array where pid=14 and status=1 and isdel=0 ORDER by rank asc 
[2020-07-16 09:04:50] / ( url=index&do=index ) 
ERR: Db Error: Table 'jianglouzhen_czw.hx_Array' doesn't exist
SELECT * FROM hx_Array where pid=15 and status=1 and isdel=0 ORDER by rank asc 
[2020-07-16 09:05:02] / ( url=index&do=index ) 
ERR: Db Error: Table 'jianglouzhen_czw.hx_Array' doesn't exist
SELECT * FROM hx_Array where pid=11 and status=1 and isdel=0 ORDER by rank asc 
[2020-07-16 09:05:02] / ( url=index&do=index ) 
ERR: Db Error: Table 'jianglouzhen_czw.hx_Array' doesn't exist
SELECT * FROM hx_Array where pid=12 and status=1 and isdel=0 ORDER by rank asc 
[2020-07-16 09:05:02] / ( url=index&do=index ) 
ERR: Db Error: Table 'jianglouzhen_czw.hx_Array' doesn't exist
SELECT * FROM hx_Array where pid=13 and status=1 and isdel=0 ORDER by rank asc 
[2020-07-16 09:05:02] / ( url=index&do=index ) 
ERR: Db Error: Table 'jianglouzhen_czw.hx_Array' doesn't exist
SELECT * FROM hx_Array where pid=14 and status=1 and isdel=0 ORDER by rank asc 
[2020-07-16 09:05:02] / ( url=index&do=index ) 
ERR: Db Error: Table 'jianglouzhen_czw.hx_Array' doesn't exist
SELECT * FROM hx_Array where pid=15 and status=1 and isdel=0 ORDER by rank asc 
[2020-07-16 10:25:07] / ( url=index&do=index ) 
ERR: Db Error: Table 'jianglouzhen_czw.hx_Array' doesn't exist
SELECT * FROM hx_Array where pid=11 and status=1 and isdel=0 ORDER by rank asc 
[2020-07-16 10:25:07] / ( url=index&do=index ) 
ERR: Db Error: Table 'jianglouzhen_czw.hx_Array' doesn't exist
SELECT * FROM hx_Array where pid=12 and status=1 and isdel=0 ORDER by rank asc 
[2020-07-16 10:25:07] / ( url=index&do=index ) 
ERR: Db Error: Table 'jianglouzhen_czw.hx_Array' doesn't exist
SELECT * FROM hx_Array where pid=13 and status=1 and isdel=0 ORDER by rank asc 
[2020-07-16 10:25:07] / ( url=index&do=index ) 
ERR: Db Error: Table 'jianglouzhen_czw.hx_Array' doesn't exist
SELECT * FROM hx_Array where pid=14 and status=1 and isdel=0 ORDER by rank asc 
[2020-07-16 10:25:07] / ( url=index&do=index ) 
ERR: Db Error: Table 'jianglouzhen_czw.hx_Array' doesn't exist
SELECT * FROM hx_Array where pid=15 and status=1 and isdel=0 ORDER by rank asc 
[2020-07-16 10:25:08] / ( url=index&do=index ) 
ERR: Db Error: Table 'jianglouzhen_czw.hx_Array' doesn't exist
SELECT * FROM hx_Array where pid=11 and status=1 and isdel=0 ORDER by rank asc 
[2020-07-16 10:25:08] / ( url=index&do=index ) 
ERR: Db Error: Table 'jianglouzhen_czw.hx_Array' doesn't exist
SELECT * FROM hx_Array where pid=12 and status=1 and isdel=0 ORDER by rank asc 
[2020-07-16 10:25:08] / ( url=index&do=index ) 
ERR: Db Error: Table 'jianglouzhen_czw.hx_Array' doesn't exist
SELECT * FROM hx_Array where pid=13 and status=1 and isdel=0 ORDER by rank asc 
[2020-07-16 10:25:08] / ( url=index&do=index ) 
ERR: Db Error: Table 'jianglouzhen_czw.hx_Array' doesn't exist
SELECT * FROM hx_Array where pid=14 and status=1 and isdel=0 ORDER by rank asc 
[2020-07-16 10:25:08] / ( url=index&do=index ) 
ERR: Db Error: Table 'jianglouzhen_czw.hx_Array' doesn't exist
SELECT * FROM hx_Array where pid=15 and status=1 and isdel=0 ORDER by rank asc 
[2020-07-16 10:48:12] / ( url=index&do=index ) 
ERR: Db Error: Table 'jianglouzhen_czw.hx_Array' doesn't exist
SELECT * FROM hx_Array where pid=11 and status=1 and isdel=0 ORDER by rank asc 
[2020-07-16 10:48:12] / ( url=index&do=index ) 
ERR: Db Error: Table 'jianglouzhen_czw.hx_Array' doesn't exist
SELECT * FROM hx_Array where pid=12 and status=1 and isdel=0 ORDER by rank asc 
[2020-07-16 10:48:12] / ( url=index&do=index ) 
ERR: Db Error: Table 'jianglouzhen_czw.hx_Array' doesn't exist
SELECT * FROM hx_Array where pid=13 and status=1 and isdel=0 ORDER by rank asc 
[2020-07-16 10:48:12] / ( url=index&do=index ) 
ERR: Db Error: Table 'jianglouzhen_czw.hx_Array' doesn't exist
SELECT * FROM hx_Array where pid=14 and status=1 and isdel=0 ORDER by rank asc 
[2020-07-16 10:48:12] / ( url=index&do=index ) 
ERR: Db Error: Table 'jianglouzhen_czw.hx_Array' doesn't exist
SELECT * FROM hx_Array where pid=15 and status=1 and isdel=0 ORDER by rank asc 
[2020-07-16 15:47:28] /index.php ( url=index&do=index ) 
ERR: Db Error: Table 'jianglouzhen_czw.hx_Array' doesn't exist
SELECT * FROM hx_Array where pid=11 and status=1 and isdel=0 ORDER by rank asc 
[2020-07-16 15:47:28] /index.php ( url=index&do=index ) 
ERR: Db Error: Table 'jianglouzhen_czw.hx_Array' doesn't exist
SELECT * FROM hx_Array where pid=12 and status=1 and isdel=0 ORDER by rank asc 
[2020-07-16 15:47:28] /index.php ( url=index&do=index ) 
ERR: Db Error: Table 'jianglouzhen_czw.hx_Array' doesn't exist
SELECT * FROM hx_Array where pid=13 and status=1 and isdel=0 ORDER by rank asc 
[2020-07-16 15:47:28] /index.php ( url=index&do=index ) 
ERR: Db Error: Table 'jianglouzhen_czw.hx_Array' doesn't exist
SELECT * FROM hx_Array where pid=14 and status=1 and isdel=0 ORDER by rank asc 
[2020-07-16 15:47:28] /index.php ( url=index&do=index ) 
ERR: Db Error: Table 'jianglouzhen_czw.hx_Array' doesn't exist
SELECT * FROM hx_Array where pid=15 and status=1 and isdel=0 ORDER by rank asc 
[2020-07-16 15:53:25] /index.php ( url=index&do=index ) 
ERR: Db Error: Table 'jianglouzhen_czw.hx_Array' doesn't exist
SELECT * FROM hx_Array where pid=11 and status=1 and isdel=0 ORDER by rank asc 
[2020-07-16 15:53:25] /index.php ( url=index&do=index ) 
ERR: Db Error: Table 'jianglouzhen_czw.hx_Array' doesn't exist
SELECT * FROM hx_Array where pid=12 and status=1 and isdel=0 ORDER by rank asc 
[2020-07-16 15:53:25] /index.php ( url=index&do=index ) 
ERR: Db Error: Table 'jianglouzhen_czw.hx_Array' doesn't exist
SELECT * FROM hx_Array where pid=13 and status=1 and isdel=0 ORDER by rank asc 
[2020-07-16 15:53:25] /index.php ( url=index&do=index ) 
ERR: Db Error: Table 'jianglouzhen_czw.hx_Array' doesn't exist
SELECT * FROM hx_Array where pid=14 and status=1 and isdel=0 ORDER by rank asc 
[2020-07-16 15:53:25] /index.php ( url=index&do=index ) 
ERR: Db Error: Table 'jianglouzhen_czw.hx_Array' doesn't exist
SELECT * FROM hx_Array where pid=15 and status=1 and isdel=0 ORDER by rank asc 
[2020-07-16 15:53:33] /index.php ( url=index&do=index ) 
ERR: Db Error: Table 'jianglouzhen_czw.hx_Array' doesn't exist
SELECT * FROM hx_Array where pid=11 and status=1 and isdel=0 ORDER by rank asc 
[2020-07-16 15:53:33] /index.php ( url=index&do=index ) 
ERR: Db Error: Table 'jianglouzhen_czw.hx_Array' doesn't exist
SELECT * FROM hx_Array where pid=12 and status=1 and isdel=0 ORDER by rank asc 
[2020-07-16 15:53:33] /index.php ( url=index&do=index ) 
ERR: Db Error: Table 'jianglouzhen_czw.hx_Array' doesn't exist
SELECT * FROM hx_Array where pid=13 and status=1 and isdel=0 ORDER by rank asc 
[2020-07-16 15:53:33] /index.php ( url=index&do=index ) 
ERR: Db Error: Table 'jianglouzhen_czw.hx_Array' doesn't exist
SELECT * FROM hx_Array where pid=14 and status=1 and isdel=0 ORDER by rank asc 
[2020-07-16 15:53:33] /index.php ( url=index&do=index ) 
ERR: Db Error: Table 'jianglouzhen_czw.hx_Array' doesn't exist
SELECT * FROM hx_Array where pid=15 and status=1 and isdel=0 ORDER by rank asc 
[2020-07-16 15:54:19] /index.php ( url=index&do=index ) 
ERR: Db Error: Table 'jianglouzhen_czw.hx_Array' doesn't exist
SELECT * FROM hx_Array where pid=11 and status=1 and isdel=0 ORDER by rank asc 
[2020-07-16 15:54:19] /index.php ( url=index&do=index ) 
ERR: Db Error: Table 'jianglouzhen_czw.hx_Array' doesn't exist
SELECT * FROM hx_Array where pid=12 and status=1 and isdel=0 ORDER by rank asc 
[2020-07-16 15:54:19] /index.php ( url=index&do=index ) 
ERR: Db Error: Table 'jianglouzhen_czw.hx_Array' doesn't exist
SELECT * FROM hx_Array where pid=13 and status=1 and isdel=0 ORDER by rank asc 
[2020-07-16 15:54:19] /index.php ( url=index&do=index ) 
ERR: Db Error: Table 'jianglouzhen_czw.hx_Array' doesn't exist
SELECT * FROM hx_Array where pid=14 and status=1 and isdel=0 ORDER by rank asc 
[2020-07-16 15:54:19] /index.php ( url=index&do=index ) 
ERR: Db Error: Table 'jianglouzhen_czw.hx_Array' doesn't exist
SELECT * FROM hx_Array where pid=15 and status=1 and isdel=0 ORDER by rank asc 
[2020-07-16 15:54:27] /index.php ( url=index&do=index ) 
ERR: Db Error: Table 'jianglouzhen_czw.hx_Array' doesn't exist
SELECT * FROM hx_Array where pid=11 and status=1 and isdel=0 ORDER by rank asc 
[2020-07-16 15:54:27] /index.php ( url=index&do=index ) 
ERR: Db Error: Table 'jianglouzhen_czw.hx_Array' doesn't exist
SELECT * FROM hx_Array where pid=12 and status=1 and isdel=0 ORDER by rank asc 
[2020-07-16 15:54:27] /index.php ( url=index&do=index ) 
ERR: Db Error: Table 'jianglouzhen_czw.hx_Array' doesn't exist
SELECT * FROM hx_Array where pid=13 and status=1 and isdel=0 ORDER by rank asc 
[2020-07-16 15:54:27] /index.php ( url=index&do=index ) 
ERR: Db Error: Table 'jianglouzhen_czw.hx_Array' doesn't exist
SELECT * FROM hx_Array where pid=14 and status=1 and isdel=0 ORDER by rank asc 
[2020-07-16 15:54:27] /index.php ( url=index&do=index ) 
ERR: Db Error: Table 'jianglouzhen_czw.hx_Array' doesn't exist
SELECT * FROM hx_Array where pid=15 and status=1 and isdel=0 ORDER by rank asc 
[2020-07-16 15:57:18] /index.php ( url=index&do=index ) 
ERR: Db Error: Table 'jianglouzhen_czw.hx_Array' doesn't exist
SELECT * FROM hx_Array where pid=11 and status=1 and isdel=0 ORDER by rank asc 
[2020-07-16 15:57:18] /index.php ( url=index&do=index ) 
ERR: Db Error: Table 'jianglouzhen_czw.hx_Array' doesn't exist
SELECT * FROM hx_Array where pid=12 and status=1 and isdel=0 ORDER by rank asc 
[2020-07-16 15:57:18] /index.php ( url=index&do=index ) 
ERR: Db Error: Table 'jianglouzhen_czw.hx_Array' doesn't exist
SELECT * FROM hx_Array where pid=13 and status=1 and isdel=0 ORDER by rank asc 
[2020-07-16 15:57:18] /index.php ( url=index&do=index ) 
ERR: Db Error: Table 'jianglouzhen_czw.hx_Array' doesn't exist
SELECT * FROM hx_Array where pid=14 and status=1 and isdel=0 ORDER by rank asc 
[2020-07-16 15:57:18] /index.php ( url=index&do=index ) 
ERR: Db Error: Table 'jianglouzhen_czw.hx_Array' doesn't exist
SELECT * FROM hx_Array where pid=15 and status=1 and isdel=0 ORDER by rank asc 
[2020-07-16 16:02:02] / ( url=index&do=index ) 
ERR: Db Error: Table 'jianglouzhen_czw.hx_Array' doesn't exist
SELECT * FROM hx_Array where pid=11 and status=1 and isdel=0 ORDER by rank asc 
[2020-07-16 16:02:02] / ( url=index&do=index ) 
ERR: Db Error: Table 'jianglouzhen_czw.hx_Array' doesn't exist
SELECT * FROM hx_Array where pid=12 and status=1 and isdel=0 ORDER by rank asc 
[2020-07-16 16:02:02] / ( url=index&do=index ) 
ERR: Db Error: Table 'jianglouzhen_czw.hx_Array' doesn't exist
SELECT * FROM hx_Array where pid=13 and status=1 and isdel=0 ORDER by rank asc 
[2020-07-16 16:02:02] / ( url=index&do=index ) 
ERR: Db Error: Table 'jianglouzhen_czw.hx_Array' doesn't exist
SELECT * FROM hx_Array where pid=14 and status=1 and isdel=0 ORDER by rank asc 
[2020-07-16 16:02:02] / ( url=index&do=index ) 
ERR: Db Error: Table 'jianglouzhen_czw.hx_Array' doesn't exist
SELECT * FROM hx_Array where pid=15 and status=1 and isdel=0 ORDER by rank asc 
[2020-07-16 16:07:43] / ( url=index&do=index ) 
ERR: Db Error: Table 'jianglouzhen_czw.hx_Array' doesn't exist
SELECT * FROM hx_Array where pid=11 and status=1 and isdel=0 ORDER by rank asc 
[2020-07-16 16:07:43] / ( url=index&do=index ) 
ERR: Db Error: Table 'jianglouzhen_czw.hx_Array' doesn't exist
SELECT * FROM hx_Array where pid=12 and status=1 and isdel=0 ORDER by rank asc 
[2020-07-16 16:07:43] / ( url=index&do=index ) 
ERR: Db Error: Table 'jianglouzhen_czw.hx_Array' doesn't exist
SELECT * FROM hx_Array where pid=13 and status=1 and isdel=0 ORDER by rank asc 
[2020-07-16 16:07:43] / ( url=index&do=index ) 
ERR: Db Error: Table 'jianglouzhen_czw.hx_Array' doesn't exist
SELECT * FROM hx_Array where pid=14 and status=1 and isdel=0 ORDER by rank asc 
[2020-07-16 16:07:43] / ( url=index&do=index ) 
ERR: Db Error: Table 'jianglouzhen_czw.hx_Array' doesn't exist
SELECT * FROM hx_Array where pid=15 and status=1 and isdel=0 ORDER by rank asc 
[2020-07-16 16:09:22] / ( url=index&do=index ) 
ERR: Db Error: Table 'jianglouzhen_czw.hx_Array' doesn't exist
SELECT * FROM hx_Array where pid=11 and status=1 and isdel=0 ORDER by rank asc 
[2020-07-16 16:09:22] / ( url=index&do=index ) 
ERR: Db Error: Table 'jianglouzhen_czw.hx_Array' doesn't exist
SELECT * FROM hx_Array where pid=12 and status=1 and isdel=0 ORDER by rank asc 
[2020-07-16 16:09:22] / ( url=index&do=index ) 
ERR: Db Error: Table 'jianglouzhen_czw.hx_Array' doesn't exist
SELECT * FROM hx_Array where pid=13 and status=1 and isdel=0 ORDER by rank asc 
[2020-07-16 16:09:22] / ( url=index&do=index ) 
ERR: Db Error: Table 'jianglouzhen_czw.hx_Array' doesn't exist
SELECT * FROM hx_Array where pid=14 and status=1 and isdel=0 ORDER by rank asc 
[2020-07-16 16:09:22] / ( url=index&do=index ) 
ERR: Db Error: Table 'jianglouzhen_czw.hx_Array' doesn't exist
SELECT * FROM hx_Array where pid=15 and status=1 and isdel=0 ORDER by rank asc 
[2020-07-16 16:14:27] / ( url=index&do=index ) 
ERR: Db Error: Table 'jianglouzhen_czw.hx_Array' doesn't exist
SELECT * FROM hx_Array where pid=11 and status=1 and isdel=0 ORDER by rank asc 
[2020-07-16 16:14:27] / ( url=index&do=index ) 
ERR: Db Error: Table 'jianglouzhen_czw.hx_Array' doesn't exist
SELECT * FROM hx_Array where pid=12 and status=1 and isdel=0 ORDER by rank asc 
[2020-07-16 16:14:27] / ( url=index&do=index ) 
ERR: Db Error: Table 'jianglouzhen_czw.hx_Array' doesn't exist
SELECT * FROM hx_Array where pid=13 and status=1 and isdel=0 ORDER by rank asc 
[2020-07-16 16:14:27] / ( url=index&do=index ) 
ERR: Db Error: Table 'jianglouzhen_czw.hx_Array' doesn't exist
SELECT * FROM hx_Array where pid=14 and status=1 and isdel=0 ORDER by rank asc 
[2020-07-16 16:14:27] / ( url=index&do=index ) 
ERR: Db Error: Table 'jianglouzhen_czw.hx_Array' doesn't exist
SELECT * FROM hx_Array where pid=15 and status=1 and isdel=0 ORDER by rank asc 
[2020-07-16 16:14:36] /index.php?url=news&do=index&pid=9 ( url=news&do=index ) 
ERR: Db Error: Table 'jianglouzhen_czw.hx_Array' doesn't exist
SELECT * FROM hx_Array where pid=16 and status=1 and isdel=0 ORDER by rank asc 
[2020-07-16 16:14:36] /index.php?url=news&do=index&pid=9 ( url=news&do=index ) 
ERR: Db Error: Table 'jianglouzhen_czw.hx_Array' doesn't exist
SELECT * FROM hx_Array where pid=17 and status=1 and isdel=0 ORDER by rank asc 
[2020-07-16 16:37:15] / ( url=index&do=index ) 
ERR: Db Error: Table 'jianglouzhen_czw.hx_Array' doesn't exist
SELECT * FROM hx_Array where pid=11 and status=1 and isdel=0 ORDER by rank asc 
[2020-07-16 16:37:15] / ( url=index&do=index ) 
ERR: Db Error: Table 'jianglouzhen_czw.hx_Array' doesn't exist
SELECT * FROM hx_Array where pid=12 and status=1 and isdel=0 ORDER by rank asc 
[2020-07-16 16:37:15] / ( url=index&do=index ) 
ERR: Db Error: Table 'jianglouzhen_czw.hx_Array' doesn't exist
SELECT * FROM hx_Array where pid=13 and status=1 and isdel=0 ORDER by rank asc 
[2020-07-16 16:37:15] / ( url=index&do=index ) 
ERR: Db Error: Table 'jianglouzhen_czw.hx_Array' doesn't exist
SELECT * FROM hx_Array where pid=14 and status=1 and isdel=0 ORDER by rank asc 
[2020-07-16 16:37:15] / ( url=index&do=index ) 
ERR: Db Error: Table 'jianglouzhen_czw.hx_Array' doesn't exist
SELECT * FROM hx_Array where pid=15 and status=1 and isdel=0 ORDER by rank asc 
[2020-07-16 17:06:39] /index.php ( url=index&do=index ) 
ERR: Db Error: Table 'jianglouzhen_czw.hx_Array' doesn't exist
SELECT * FROM hx_Array where pid=11 and status=1 and isdel=0 ORDER by rank asc 
[2020-07-16 17:06:39] /index.php ( url=index&do=index ) 
ERR: Db Error: Table 'jianglouzhen_czw.hx_Array' doesn't exist
SELECT * FROM hx_Array where pid=12 and status=1 and isdel=0 ORDER by rank asc 
[2020-07-16 17:06:39] /index.php ( url=index&do=index ) 
ERR: Db Error: Table 'jianglouzhen_czw.hx_Array' doesn't exist
SELECT * FROM hx_Array where pid=13 and status=1 and isdel=0 ORDER by rank asc 
[2020-07-16 17:06:39] /index.php ( url=index&do=index ) 
ERR: Db Error: Table 'jianglouzhen_czw.hx_Array' doesn't exist
SELECT * FROM hx_Array where pid=14 and status=1 and isdel=0 ORDER by rank asc 
[2020-07-16 17:06:39] /index.php ( url=index&do=index ) 
ERR: Db Error: Table 'jianglouzhen_czw.hx_Array' doesn't exist
SELECT * FROM hx_Array where pid=15 and status=1 and isdel=0 ORDER by rank asc 
[2020-07-16 17:07:38] /index.php ( url=index&do=index ) 
ERR: Db Error: Table 'jianglouzhen_czw.hx_Array' doesn't exist
SELECT * FROM hx_Array where pid=11 and status=1 and isdel=0 ORDER by rank asc 
[2020-07-16 17:07:38] /index.php ( url=index&do=index ) 
ERR: Db Error: Table 'jianglouzhen_czw.hx_Array' doesn't exist
SELECT * FROM hx_Array where pid=12 and status=1 and isdel=0 ORDER by rank asc 
[2020-07-16 17:07:38] /index.php ( url=index&do=index ) 
ERR: Db Error: Table 'jianglouzhen_czw.hx_Array' doesn't exist
SELECT * FROM hx_Array where pid=13 and status=1 and isdel=0 ORDER by rank asc 
[2020-07-16 17:07:38] /index.php ( url=index&do=index ) 
ERR: Db Error: Table 'jianglouzhen_czw.hx_Array' doesn't exist
SELECT * FROM hx_Array where pid=14 and status=1 and isdel=0 ORDER by rank asc 
[2020-07-16 17:07:38] /index.php ( url=index&do=index ) 
ERR: Db Error: Table 'jianglouzhen_czw.hx_Array' doesn't exist
SELECT * FROM hx_Array where pid=15 and status=1 and isdel=0 ORDER by rank asc 
[2020-07-16 17:07:52] / ( url=index&do=index ) 
ERR: Db Error: Table 'jianglouzhen_czw.hx_Array' doesn't exist
SELECT * FROM hx_Array where pid=11 and status=1 and isdel=0 ORDER by rank asc 
[2020-07-16 17:07:52] / ( url=index&do=index ) 
ERR: Db Error: Table 'jianglouzhen_czw.hx_Array' doesn't exist
SELECT * FROM hx_Array where pid=12 and status=1 and isdel=0 ORDER by rank asc 
[2020-07-16 17:07:52] / ( url=index&do=index ) 
ERR: Db Error: Table 'jianglouzhen_czw.hx_Array' doesn't exist
SELECT * FROM hx_Array where pid=13 and status=1 and isdel=0 ORDER by rank asc 
[2020-07-16 17:07:52] / ( url=index&do=index ) 
ERR: Db Error: Table 'jianglouzhen_czw.hx_Array' doesn't exist
SELECT * FROM hx_Array where pid=14 and status=1 and isdel=0 ORDER by rank asc 
[2020-07-16 17:07:52] / ( url=index&do=index ) 
ERR: Db Error: Table 'jianglouzhen_czw.hx_Array' doesn't exist
SELECT * FROM hx_Array where pid=15 and status=1 and isdel=0 ORDER by rank asc 
[2020-07-16 17:07:56] / ( url=index&do=index ) 
ERR: Db Error: Table 'jianglouzhen_czw.hx_Array' doesn't exist
SELECT * FROM hx_Array where pid=11 and status=1 and isdel=0 ORDER by rank asc 
[2020-07-16 17:07:56] / ( url=index&do=index ) 
ERR: Db Error: Table 'jianglouzhen_czw.hx_Array' doesn't exist
SELECT * FROM hx_Array where pid=12 and status=1 and isdel=0 ORDER by rank asc 
[2020-07-16 17:07:56] / ( url=index&do=index ) 
ERR: Db Error: Table 'jianglouzhen_czw.hx_Array' doesn't exist
SELECT * FROM hx_Array where pid=13 and status=1 and isdel=0 ORDER by rank asc 
[2020-07-16 17:07:56] / ( url=index&do=index ) 
ERR: Db Error: Table 'jianglouzhen_czw.hx_Array' doesn't exist
SELECT * FROM hx_Array where pid=14 and status=1 and isdel=0 ORDER by rank asc 
[2020-07-16 17:07:56] / ( url=index&do=index ) 
ERR: Db Error: Table 'jianglouzhen_czw.hx_Array' doesn't exist
SELECT * FROM hx_Array where pid=15 and status=1 and isdel=0 ORDER by rank asc 
[2020-07-16 17:08:18] /index.php?url=news&do=index&pid=9 ( url=news&do=index ) 
ERR: Db Error: Table 'jianglouzhen_czw.hx_Array' doesn't exist
SELECT * FROM hx_Array where pid=16 and status=1 and isdel=0 ORDER by rank asc 
[2020-07-16 17:08:18] /index.php?url=news&do=index&pid=9 ( url=news&do=index ) 
ERR: Db Error: Table 'jianglouzhen_czw.hx_Array' doesn't exist
SELECT * FROM hx_Array where pid=17 and status=1 and isdel=0 ORDER by rank asc 
[2020-07-16 17:08:22] /index.php?url=news&do=index&pid=2 ( url=news&do=index ) 
ERR: Db Error: Table 'jianglouzhen_czw.hx_Array' doesn't exist
SELECT * FROM hx_Array where pid=11 and status=1 and isdel=0 ORDER by rank asc 
[2020-07-16 17:08:22] /index.php?url=news&do=index&pid=2 ( url=news&do=index ) 
ERR: Db Error: Table 'jianglouzhen_czw.hx_Array' doesn't exist
SELECT * FROM hx_Array where pid=12 and status=1 and isdel=0 ORDER by rank asc 
[2020-07-16 17:08:22] /index.php?url=news&do=index&pid=2 ( url=news&do=index ) 
ERR: Db Error: Table 'jianglouzhen_czw.hx_Array' doesn't exist
SELECT * FROM hx_Array where pid=13 and status=1 and isdel=0 ORDER by rank asc 
[2020-07-16 17:08:22] /index.php?url=news&do=index&pid=2 ( url=news&do=index ) 
ERR: Db Error: Table 'jianglouzhen_czw.hx_Array' doesn't exist
SELECT * FROM hx_Array where pid=14 and status=1 and isdel=0 ORDER by rank asc 
[2020-07-16 17:08:22] /index.php?url=news&do=index&pid=2 ( url=news&do=index ) 
ERR: Db Error: Table 'jianglouzhen_czw.hx_Array' doesn't exist
SELECT * FROM hx_Array where pid=15 and status=1 and isdel=0 ORDER by rank asc 
[2020-07-16 17:08:25] / ( url=index&do=index ) 
ERR: Db Error: Table 'jianglouzhen_czw.hx_Array' doesn't exist
SELECT * FROM hx_Array where pid=11 and status=1 and isdel=0 ORDER by rank asc 
[2020-07-16 17:08:25] / ( url=index&do=index ) 
ERR: Db Error: Table 'jianglouzhen_czw.hx_Array' doesn't exist
SELECT * FROM hx_Array where pid=12 and status=1 and isdel=0 ORDER by rank asc 
[2020-07-16 17:08:25] / ( url=index&do=index ) 
ERR: Db Error: Table 'jianglouzhen_czw.hx_Array' doesn't exist
SELECT * FROM hx_Array where pid=13 and status=1 and isdel=0 ORDER by rank asc 
[2020-07-16 17:08:25] / ( url=index&do=index ) 
ERR: Db Error: Table 'jianglouzhen_czw.hx_Array' doesn't exist
SELECT * FROM hx_Array where pid=14 and status=1 and isdel=0 ORDER by rank asc 
[2020-07-16 17:08:25] / ( url=index&do=index ) 
ERR: Db Error: Table 'jianglouzhen_czw.hx_Array' doesn't exist
SELECT * FROM hx_Array where pid=15 and status=1 and isdel=0 ORDER by rank asc 
[2020-07-16 17:08:42] /index.php ( url=index&do=index ) 
ERR: Db Error: Table 'jianglouzhen_czw.hx_Array' doesn't exist
SELECT * FROM hx_Array where pid=11 and status=1 and isdel=0 ORDER by rank asc 
[2020-07-16 17:08:42] /index.php ( url=index&do=index ) 
ERR: Db Error: Table 'jianglouzhen_czw.hx_Array' doesn't exist
SELECT * FROM hx_Array where pid=12 and status=1 and isdel=0 ORDER by rank asc 
[2020-07-16 17:08:42] /index.php ( url=index&do=index ) 
ERR: Db Error: Table 'jianglouzhen_czw.hx_Array' doesn't exist
SELECT * FROM hx_Array where pid=13 and status=1 and isdel=0 ORDER by rank asc 
[2020-07-16 17:08:42] /index.php ( url=index&do=index ) 
ERR: Db Error: Table 'jianglouzhen_czw.hx_Array' doesn't exist
SELECT * FROM hx_Array where pid=14 and status=1 and isdel=0 ORDER by rank asc 
[2020-07-16 17:08:42] /index.php ( url=index&do=index ) 
ERR: Db Error: Table 'jianglouzhen_czw.hx_Array' doesn't exist
SELECT * FROM hx_Array where pid=15 and status=1 and isdel=0 ORDER by rank asc 
[2020-07-16 17:09:23] /index.php?url=news&do=index&pid=2 ( url=news&do=index ) 
ERR: Db Error: Table 'jianglouzhen_czw.hx_Array' doesn't exist
SELECT * FROM hx_Array where pid=11 and status=1 and isdel=0 ORDER by rank asc 
[2020-07-16 17:09:23] /index.php?url=news&do=index&pid=2 ( url=news&do=index ) 
ERR: Db Error: Table 'jianglouzhen_czw.hx_Array' doesn't exist
SELECT * FROM hx_Array where pid=12 and status=1 and isdel=0 ORDER by rank asc 
[2020-07-16 17:09:23] /index.php?url=news&do=index&pid=2 ( url=news&do=index ) 
ERR: Db Error: Table 'jianglouzhen_czw.hx_Array' doesn't exist
SELECT * FROM hx_Array where pid=13 and status=1 and isdel=0 ORDER by rank asc 
[2020-07-16 17:09:23] /index.php?url=news&do=index&pid=2 ( url=news&do=index ) 
ERR: Db Error: Table 'jianglouzhen_czw.hx_Array' doesn't exist
SELECT * FROM hx_Array where pid=14 and status=1 and isdel=0 ORDER by rank asc 
[2020-07-16 17:09:23] /index.php?url=news&do=index&pid=2 ( url=news&do=index ) 
ERR: Db Error: Table 'jianglouzhen_czw.hx_Array' doesn't exist
SELECT * FROM hx_Array where pid=15 and status=1 and isdel=0 ORDER by rank asc 
[2020-07-16 17:13:18] /index.php ( url=index&do=index ) 
ERR: Db Error: Table 'jianglouzhen_czw.hx_Array' doesn't exist
SELECT * FROM hx_Array where pid=11 and status=1 and isdel=0 ORDER by rank asc 
[2020-07-16 17:13:18] /index.php ( url=index&do=index ) 
ERR: Db Error: Table 'jianglouzhen_czw.hx_Array' doesn't exist
SELECT * FROM hx_Array where pid=12 and status=1 and isdel=0 ORDER by rank asc 
[2020-07-16 17:13:18] /index.php ( url=index&do=index ) 
ERR: Db Error: Table 'jianglouzhen_czw.hx_Array' doesn't exist
SELECT * FROM hx_Array where pid=13 and status=1 and isdel=0 ORDER by rank asc 
[2020-07-16 17:13:18] /index.php ( url=index&do=index ) 
ERR: Db Error: Table 'jianglouzhen_czw.hx_Array' doesn't exist
SELECT * FROM hx_Array where pid=14 and status=1 and isdel=0 ORDER by rank asc 
[2020-07-16 17:13:18] /index.php ( url=index&do=index ) 
ERR: Db Error: Table 'jianglouzhen_czw.hx_Array' doesn't exist
SELECT * FROM hx_Array where pid=15 and status=1 and isdel=0 ORDER by rank asc 
[2020-07-16 17:17:19] /index.php ( url=index&do=index ) 
ERR: Db Error: Table 'jianglouzhen_czw.hx_Array' doesn't exist
SELECT * FROM hx_Array where pid=11 and status=1 and isdel=0 ORDER by rank asc 
[2020-07-16 17:17:19] /index.php ( url=index&do=index ) 
ERR: Db Error: Table 'jianglouzhen_czw.hx_Array' doesn't exist
SELECT * FROM hx_Array where pid=12 and status=1 and isdel=0 ORDER by rank asc 
[2020-07-16 17:17:19] /index.php ( url=index&do=index ) 
ERR: Db Error: Table 'jianglouzhen_czw.hx_Array' doesn't exist
SELECT * FROM hx_Array where pid=13 and status=1 and isdel=0 ORDER by rank asc 
[2020-07-16 17:17:19] /index.php ( url=index&do=index ) 
ERR: Db Error: Table 'jianglouzhen_czw.hx_Array' doesn't exist
SELECT * FROM hx_Array where pid=14 and status=1 and isdel=0 ORDER by rank asc 
[2020-07-16 17:17:19] /index.php ( url=index&do=index ) 
ERR: Db Error: Table 'jianglouzhen_czw.hx_Array' doesn't exist
SELECT * FROM hx_Array where pid=15 and status=1 and isdel=0 ORDER by rank asc 
[2020-07-16 17:18:43] / ( url=index&do=index ) 
ERR: Db Error: Table 'jianglouzhen_czw.hx_Array' doesn't exist
SELECT * FROM hx_Array where pid=11 and status=1 and isdel=0 ORDER by rank asc 
[2020-07-16 17:18:43] / ( url=index&do=index ) 
ERR: Db Error: Table 'jianglouzhen_czw.hx_Array' doesn't exist
SELECT * FROM hx_Array where pid=12 and status=1 and isdel=0 ORDER by rank asc 
[2020-07-16 17:18:43] / ( url=index&do=index ) 
ERR: Db Error: Table 'jianglouzhen_czw.hx_Array' doesn't exist
SELECT * FROM hx_Array where pid=13 and status=1 and isdel=0 ORDER by rank asc 
[2020-07-16 17:18:43] / ( url=index&do=index ) 
ERR: Db Error: Table 'jianglouzhen_czw.hx_Array' doesn't exist
SELECT * FROM hx_Array where pid=14 and status=1 and isdel=0 ORDER by rank asc 
[2020-07-16 17:18:43] / ( url=index&do=index ) 
ERR: Db Error: Table 'jianglouzhen_czw.hx_Array' doesn't exist
SELECT * FROM hx_Array where pid=15 and status=1 and isdel=0 ORDER by rank asc 
[2020-07-16 17:19:43] / ( url=index&do=index ) 
ERR: Db Error: Table 'jianglouzhen_czw.hx_Array' doesn't exist
SELECT * FROM hx_Array where pid=11 and status=1 and isdel=0 ORDER by rank asc 
[2020-07-16 17:19:43] / ( url=index&do=index ) 
ERR: Db Error: Table 'jianglouzhen_czw.hx_Array' doesn't exist
SELECT * FROM hx_Array where pid=12 and status=1 and isdel=0 ORDER by rank asc 
[2020-07-16 17:19:43] / ( url=index&do=index ) 
ERR: Db Error: Table 'jianglouzhen_czw.hx_Array' doesn't exist
SELECT * FROM hx_Array where pid=13 and status=1 and isdel=0 ORDER by rank asc 
[2020-07-16 17:19:43] / ( url=index&do=index ) 
ERR: Db Error: Table 'jianglouzhen_czw.hx_Array' doesn't exist
SELECT * FROM hx_Array where pid=14 and status=1 and isdel=0 ORDER by rank asc 
[2020-07-16 17:19:43] / ( url=index&do=index ) 
ERR: Db Error: Table 'jianglouzhen_czw.hx_Array' doesn't exist
SELECT * FROM hx_Array where pid=15 and status=1 and isdel=0 ORDER by rank asc 
[2020-07-16 17:25:42] /index.php ( url=index&do=index ) 
ERR: Db Error: Table 'jianglouzhen_czw.hx_Array' doesn't exist
SELECT * FROM hx_Array where pid=11 and status=1 and isdel=0 ORDER by rank asc 
[2020-07-16 17:25:42] /index.php ( url=index&do=index ) 
ERR: Db Error: Table 'jianglouzhen_czw.hx_Array' doesn't exist
SELECT * FROM hx_Array where pid=12 and status=1 and isdel=0 ORDER by rank asc 
[2020-07-16 17:25:42] /index.php ( url=index&do=index ) 
ERR: Db Error: Table 'jianglouzhen_czw.hx_Array' doesn't exist
SELECT * FROM hx_Array where pid=13 and status=1 and isdel=0 ORDER by rank asc 
[2020-07-16 17:25:42] /index.php ( url=index&do=index ) 
ERR: Db Error: Table 'jianglouzhen_czw.hx_Array' doesn't exist
SELECT * FROM hx_Array where pid=14 and status=1 and isdel=0 ORDER by rank asc 
[2020-07-16 17:25:42] /index.php ( url=index&do=index ) 
ERR: Db Error: Table 'jianglouzhen_czw.hx_Array' doesn't exist
SELECT * FROM hx_Array where pid=15 and status=1 and isdel=0 ORDER by rank asc 
[2020-07-16 17:25:56] / ( url=index&do=index ) 
ERR: Db Error: Table 'jianglouzhen_czw.hx_Array' doesn't exist
SELECT * FROM hx_Array where pid=11 and status=1 and isdel=0 ORDER by rank asc 
[2020-07-16 17:25:56] / ( url=index&do=index ) 
ERR: Db Error: Table 'jianglouzhen_czw.hx_Array' doesn't exist
SELECT * FROM hx_Array where pid=12 and status=1 and isdel=0 ORDER by rank asc 
[2020-07-16 17:25:56] / ( url=index&do=index ) 
ERR: Db Error: Table 'jianglouzhen_czw.hx_Array' doesn't exist
SELECT * FROM hx_Array where pid=13 and status=1 and isdel=0 ORDER by rank asc 
[2020-07-16 17:25:56] / ( url=index&do=index ) 
ERR: Db Error: Table 'jianglouzhen_czw.hx_Array' doesn't exist
SELECT * FROM hx_Array where pid=14 and status=1 and isdel=0 ORDER by rank asc 
[2020-07-16 17:25:56] / ( url=index&do=index ) 
ERR: Db Error: Table 'jianglouzhen_czw.hx_Array' doesn't exist
SELECT * FROM hx_Array where pid=15 and status=1 and isdel=0 ORDER by rank asc 
[2020-07-16 17:30:38] / ( url=index&do=index ) 
ERR: Db Error: Table 'jianglouzhen_czw.hx_Array' doesn't exist
SELECT * FROM hx_Array where pid=11 and status=1 and isdel=0 ORDER by rank asc 
[2020-07-16 17:30:38] / ( url=index&do=index ) 
ERR: Db Error: Table 'jianglouzhen_czw.hx_Array' doesn't exist
SELECT * FROM hx_Array where pid=12 and status=1 and isdel=0 ORDER by rank asc 
[2020-07-16 17:30:38] / ( url=index&do=index ) 
ERR: Db Error: Table 'jianglouzhen_czw.hx_Array' doesn't exist
SELECT * FROM hx_Array where pid=13 and status=1 and isdel=0 ORDER by rank asc 
[2020-07-16 17:30:38] / ( url=index&do=index ) 
ERR: Db Error: Table 'jianglouzhen_czw.hx_Array' doesn't exist
SELECT * FROM hx_Array where pid=14 and status=1 and isdel=0 ORDER by rank asc 
[2020-07-16 17:30:38] / ( url=index&do=index ) 
ERR: Db Error: Table 'jianglouzhen_czw.hx_Array' doesn't exist
SELECT * FROM hx_Array where pid=15 and status=1 and isdel=0 ORDER by rank asc 
[2020-07-16 22:21:30] / ( url=index&do=index ) 
ERR: Db Error: Table 'jianglouzhen_czw.hx_Array' doesn't exist
SELECT * FROM hx_Array where pid=11 and status=1 and isdel=0 ORDER by rank asc 
[2020-07-16 22:21:30] / ( url=index&do=index ) 
ERR: Db Error: Table 'jianglouzhen_czw.hx_Array' doesn't exist
SELECT * FROM hx_Array where pid=12 and status=1 and isdel=0 ORDER by rank asc 
[2020-07-16 22:21:30] / ( url=index&do=index ) 
ERR: Db Error: Table 'jianglouzhen_czw.hx_Array' doesn't exist
SELECT * FROM hx_Array where pid=13 and status=1 and isdel=0 ORDER by rank asc 
[2020-07-16 22:21:30] / ( url=index&do=index ) 
ERR: Db Error: Table 'jianglouzhen_czw.hx_Array' doesn't exist
SELECT * FROM hx_Array where pid=14 and status=1 and isdel=0 ORDER by rank asc 
[2020-07-16 22:21:30] / ( url=index&do=index ) 
ERR: Db Error: Table 'jianglouzhen_czw.hx_Array' doesn't exist
SELECT * FROM hx_Array where pid=15 and status=1 and isdel=0 ORDER by rank asc 
[2020-07-16 22:21:47] / ( url=index&do=index ) 
ERR: Db Error: Table 'jianglouzhen_czw.hx_Array' doesn't exist
SELECT * FROM hx_Array where pid=11 and status=1 and isdel=0 ORDER by rank asc 
[2020-07-16 22:21:47] / ( url=index&do=index ) 
ERR: Db Error: Table 'jianglouzhen_czw.hx_Array' doesn't exist
SELECT * FROM hx_Array where pid=12 and status=1 and isdel=0 ORDER by rank asc 
[2020-07-16 22:21:47] / ( url=index&do=index ) 
ERR: Db Error: Table 'jianglouzhen_czw.hx_Array' doesn't exist
SELECT * FROM hx_Array where pid=13 and status=1 and isdel=0 ORDER by rank asc 
[2020-07-16 22:21:47] / ( url=index&do=index ) 
ERR: Db Error: Table 'jianglouzhen_czw.hx_Array' doesn't exist
SELECT * FROM hx_Array where pid=14 and status=1 and isdel=0 ORDER by rank asc 
[2020-07-16 22:21:47] / ( url=index&do=index ) 
ERR: Db Error: Table 'jianglouzhen_czw.hx_Array' doesn't exist
SELECT * FROM hx_Array where pid=15 and status=1 and isdel=0 ORDER by rank asc 
[2020-07-16 22:21:52] / ( url=index&do=index ) 
ERR: Db Error: Table 'jianglouzhen_czw.hx_Array' doesn't exist
SELECT * FROM hx_Array where pid=11 and status=1 and isdel=0 ORDER by rank asc 
[2020-07-16 22:21:52] / ( url=index&do=index ) 
ERR: Db Error: Table 'jianglouzhen_czw.hx_Array' doesn't exist
SELECT * FROM hx_Array where pid=12 and status=1 and isdel=0 ORDER by rank asc 
[2020-07-16 22:21:52] / ( url=index&do=index ) 
ERR: Db Error: Table 'jianglouzhen_czw.hx_Array' doesn't exist
SELECT * FROM hx_Array where pid=13 and status=1 and isdel=0 ORDER by rank asc 
[2020-07-16 22:21:52] / ( url=index&do=index ) 
ERR: Db Error: Table 'jianglouzhen_czw.hx_Array' doesn't exist
SELECT * FROM hx_Array where pid=14 and status=1 and isdel=0 ORDER by rank asc 
[2020-07-16 22:21:52] / ( url=index&do=index ) 
ERR: Db Error: Table 'jianglouzhen_czw.hx_Array' doesn't exist
SELECT * FROM hx_Array where pid=15 and status=1 and isdel=0 ORDER by rank asc 
[2020-07-16 23:01:21] / ( url=index&do=index ) 
ERR: Db Error: Table 'jianglouzhen_czw.hx_Array' doesn't exist
SELECT * FROM hx_Array where pid=11 and status=1 and isdel=0 ORDER by rank asc 
[2020-07-16 23:01:21] / ( url=index&do=index ) 
ERR: Db Error: Table 'jianglouzhen_czw.hx_Array' doesn't exist
SELECT * FROM hx_Array where pid=12 and status=1 and isdel=0 ORDER by rank asc 
[2020-07-16 23:01:21] / ( url=index&do=index ) 
ERR: Db Error: Table 'jianglouzhen_czw.hx_Array' doesn't exist
SELECT * FROM hx_Array where pid=13 and status=1 and isdel=0 ORDER by rank asc 
[2020-07-16 23:01:21] / ( url=index&do=index ) 
ERR: Db Error: Table 'jianglouzhen_czw.hx_Array' doesn't exist
SELECT * FROM hx_Array where pid=14 and status=1 and isdel=0 ORDER by rank asc 
[2020-07-16 23:01:21] / ( url=index&do=index ) 
ERR: Db Error: Table 'jianglouzhen_czw.hx_Array' doesn't exist
SELECT * FROM hx_Array where pid=15 and status=1 and isdel=0 ORDER by rank asc 
[2020-07-16 23:01:31] / ( url=index&do=index ) 
ERR: Db Error: Table 'jianglouzhen_czw.hx_Array' doesn't exist
SELECT * FROM hx_Array where pid=11 and status=1 and isdel=0 ORDER by rank asc 
[2020-07-16 23:01:31] / ( url=index&do=index ) 
ERR: Db Error: Table 'jianglouzhen_czw.hx_Array' doesn't exist
SELECT * FROM hx_Array where pid=12 and status=1 and isdel=0 ORDER by rank asc 
[2020-07-16 23:01:31] / ( url=index&do=index ) 
ERR: Db Error: Table 'jianglouzhen_czw.hx_Array' doesn't exist
SELECT * FROM hx_Array where pid=13 and status=1 and isdel=0 ORDER by rank asc 
[2020-07-16 23:01:31] / ( url=index&do=index ) 
ERR: Db Error: Table 'jianglouzhen_czw.hx_Array' doesn't exist
SELECT * FROM hx_Array where pid=14 and status=1 and isdel=0 ORDER by rank asc 
[2020-07-16 23:01:31] / ( url=index&do=index ) 
ERR: Db Error: Table 'jianglouzhen_czw.hx_Array' doesn't exist
SELECT * FROM hx_Array where pid=15 and status=1 and isdel=0 ORDER by rank asc 
