[2020-08-18 15:32:52] /index.php?url=index&do=index& ( url=index&do=index ) 
ERR: Db Error: Table 'jianglou.hx_Array' doesn't exist
SELECT * FROM hx_Array where pid=11 and status=1 and isdel=0 ORDER by rank asc 
[2020-08-18 15:32:52] /index.php?url=index&do=index& ( url=index&do=index ) 
ERR: Db Error: Table 'jianglou.hx_Array' doesn't exist
SELECT * FROM hx_Array where pid=12 and status=1 and isdel=0 ORDER by rank asc 
[2020-08-18 15:32:52] /index.php?url=index&do=index& ( url=index&do=index ) 
ERR: Db Error: Table 'jianglou.hx_Array' doesn't exist
SELECT * FROM hx_Array where pid=13 and status=1 and isdel=0 ORDER by rank asc 
[2020-08-18 15:32:52] /index.php?url=index&do=index& ( url=index&do=index ) 
ERR: Db Error: Table 'jianglou.hx_Array' doesn't exist
SELECT * FROM hx_Array where pid=14 and status=1 and isdel=0 ORDER by rank asc 
[2020-08-18 15:32:52] /index.php?url=index&do=index& ( url=index&do=index ) 
ERR: Db Error: Table 'jianglou.hx_Array' doesn't exist
SELECT * FROM hx_Array where pid=15 and status=1 and isdel=0 ORDER by rank asc 
[2020-08-18 15:32:52] /index.php?url=index&do=index& ( url=index&do=index ) 
ERR: Db Error: Table 'jianglou.hx_Array' doesn't exist
SELECT * FROM hx_Array where pid=16 and status=1 and isdel=0 ORDER by rank asc 
[2020-08-18 15:32:52] /index.php?url=index&do=index& ( url=index&do=index ) 
ERR: Db Error: Table 'jianglou.hx_Array' doesn't exist
SELECT * FROM hx_Array where pid=17 and status=1 and isdel=0 ORDER by rank asc 
[2020-08-18 17:38:59] /index.php?url=news&do=index ( url=news&do=index ) 
ERR: Db Error: You have an error in your SQL syntax; check the manual that corresponds to your MySQL server version for the right syntax to use near 'and status=1 and isdel=0 ORDER by rank asc' at line 1
SELECT * FROM hx_article_class where pid= and status=1 and isdel=0 ORDER by rank asc 
