[2020-12-08 19:22:47] / ( url=index&do=index ) 
ERR: Db Error: Table 'test.hx_article_class' doesn't exist
SELECT * FROM `hx_article_class` WHERE ( isdel = '0' ) AND ( status = '1' ) AND ( pid = '0' ) AND ( cate = '2' ) ORDER BY rank asc LIMIT 1000  
[2020-12-08 19:22:47] / ( url=index&do=index ) 
ERR: Db Error: Table 'test.hx_article_class' doesn't exist
SELECT * FROM `hx_article_class` WHERE id='18'
[2020-12-08 19:22:47] / ( url=index&do=index ) 
ERR: Db Error: Table 'test.hx_article_class' doesn't exist
SELECT * FROM hx_article_class where pid=18 and status=1 and isdel=0 ORDER by rank asc 
[2020-12-08 19:22:47] / ( url=index&do=index ) 
ERR: Db Error: Table 'test.hx_article_class' doesn't exist
SELECT * FROM `hx_article_class` WHERE id='2'
[2020-12-08 19:22:47] / ( url=index&do=index ) 
ERR: Db Error: Table 'test.hx_article_class' doesn't exist
SELECT * FROM hx_article_class where pid=2 and status=1 and isdel=0 ORDER by rank asc 
[2020-12-08 19:22:47] / ( url=index&do=index ) 
ERR: Db Error: Table 'test.hx_article_class' doesn't exist
SELECT * FROM `hx_article_class` WHERE id='1'
[2020-12-08 19:22:47] / ( url=index&do=index ) 
ERR: Db Error: Table 'test.hx_article_class' doesn't exist
SELECT * FROM hx_article_class where pid=1 and status=1 and isdel=0 ORDER by rank asc 
[2020-12-08 19:22:47] / ( url=index&do=index ) 
ERR: Db Error: Table 'test.hx_article_class' doesn't exist
SELECT * FROM `hx_article_class` WHERE id='4'
[2020-12-08 19:22:47] / ( url=index&do=index ) 
ERR: Db Error: Table 'test.hx_article_class' doesn't exist
SELECT * FROM hx_article_class where pid=4 and status=1 and isdel=0 ORDER by rank asc 
[2020-12-08 19:22:47] / ( url=index&do=index ) 
ERR: Db Error: Table 'test.hx_article_class' doesn't exist
SELECT * FROM `hx_article_class` WHERE id='3'
[2020-12-08 19:22:47] / ( url=index&do=index ) 
ERR: Db Error: Table 'test.hx_article_class' doesn't exist
SELECT * FROM hx_article_class where pid=3 and status=1 and isdel=0 ORDER by rank asc 
[2020-12-08 19:22:47] / ( url=index&do=index ) 
ERR: Db Error: Table 'test.hx_article_class' doesn't exist
SELECT * FROM `hx_article_class` WHERE id='7'
[2020-12-08 19:22:47] / ( url=index&do=index ) 
ERR: Db Error: Table 'test.hx_article_class' doesn't exist
SELECT * FROM hx_article_class where pid=7 and status=1 and isdel=0 ORDER by rank asc 
[2020-12-08 19:22:47] / ( url=index&do=index ) 
ERR: Db Error: Table 'test.hx_article_class' doesn't exist
SELECT * FROM `hx_article_class` WHERE id='6'
[2020-12-08 19:22:47] / ( url=index&do=index ) 
ERR: Db Error: Table 'test.hx_article_class' doesn't exist
SELECT * FROM hx_article_class where pid=6 and status=1 and isdel=0 ORDER by rank asc 
[2020-12-08 19:22:47] / ( url=index&do=index ) 
ERR: Db Error: Table 'test.hx_article_class' doesn't exist
SELECT * FROM `hx_article_class` WHERE id='9'
[2020-12-08 19:22:47] / ( url=index&do=index ) 
ERR: Db Error: Table 'test.hx_article_class' doesn't exist
SELECT * FROM hx_article_class where pid=9 and status=1 and isdel=0 ORDER by rank asc 
[2020-12-08 19:22:55] /index.php?url=member&do=index ( url=member&do=index ) 
ERR: Db Error: Table 'test.hx_article_class' doesn't exist
SELECT * FROM `hx_article_class` WHERE ( isdel = '0' ) AND ( status = '1' ) AND ( pid = '0' ) AND ( cate = '2' ) ORDER BY rank asc LIMIT 1000  
[2020-12-08 19:23:05] /index.php?url=member&do=message ( url=member&do=message ) 
ERR: Db Error: Table 'test.hx_article_class' doesn't exist
SELECT * FROM `hx_article_class` WHERE ( isdel = '0' ) AND ( status = '1' ) AND ( pid = '0' ) AND ( cate = '2' ) ORDER BY rank asc LIMIT 1000  
[2020-12-08 19:23:37] /index.php?url=member&do=message ( url=member&do=message ) 
ERR: Db Error: Table 'test.hx_article_class' doesn't exist
SELECT * FROM `hx_article_class` WHERE ( isdel = '0' ) AND ( status = '1' ) AND ( pid = '0' ) AND ( cate = '2' ) ORDER BY rank asc LIMIT 1000  
[2020-12-08 19:27:39] /index.php?url=member ( url=member&do=index ) 
ERR: Db Error: Table 'test.hx_article_class' doesn't exist
SELECT * FROM `hx_article_class` WHERE ( isdel = '0' ) AND ( status = '1' ) AND ( pid = '0' ) AND ( cate = '2' ) ORDER BY rank asc LIMIT 1000  
[2020-12-08 19:28:14] /index.php?url=member&do=index ( url=member&do=index ) 
ERR: Db Error: Table 'test.hx_article_class' doesn't exist
SELECT * FROM `hx_article_class` WHERE ( isdel = '0' ) AND ( status = '1' ) AND ( pid = '0' ) AND ( cate = '2' ) ORDER BY rank asc LIMIT 1000  
[2020-12-08 19:28:26] /manage/modules/news/index.php?url=article_list ( url=article_list&do=index ) 
ERR: Db Error: Table 'test.hx_article_class' doesn't exist
SELECT * FROM `hx_article_class` WHERE ( pid = '0' ) AND ( isdel = '0' ) ORDER BY rank asc LIMIT 1000  
[2020-12-08 19:28:26] /manage/modules/news/index.php?url=article_list ( url=article_list&do=index ) 
ERR: Db Error: Table 'test.hx_article_class' doesn't exist
SELECT * FROM hx_article_class where pid=0 and isdel=0 ORDER by rank asc 
[2020-12-08 19:28:26] /manage/modules/news/index.php?url=article_list&do=get_xml&pid= ( url=article_list&do=get_xml ) 
ERR: Db Error: Table 'test.hx_article_class' doesn't exist
SELECT * FROM `hx_article_class` WHERE id='18'
[2020-12-08 19:28:26] /manage/modules/news/index.php?url=article_list&do=get_xml&pid= ( url=article_list&do=get_xml ) 
ERR: Db Error: Table 'test.hx_article_class' doesn't exist
SELECT * FROM `hx_article_class` WHERE id='18'
[2020-12-08 19:28:26] /manage/modules/news/index.php?url=article_list&do=get_xml&pid= ( url=article_list&do=get_xml ) 
ERR: Db Error: Table 'test.hx_article_class' doesn't exist
SELECT * FROM `hx_article_class` WHERE id='10'
[2020-12-08 19:28:26] /manage/modules/news/index.php?url=article_list&do=get_xml&pid= ( url=article_list&do=get_xml ) 
ERR: Db Error: Table 'test.hx_article_class' doesn't exist
SELECT * FROM `hx_article_class` WHERE id='2'
[2020-12-08 19:28:26] /manage/modules/news/index.php?url=article_list&do=get_xml&pid= ( url=article_list&do=get_xml ) 
ERR: Db Error: Table 'test.hx_article_class' doesn't exist
SELECT * FROM `hx_article_class` WHERE id='2'
[2020-12-08 19:28:26] /manage/modules/news/index.php?url=article_list&do=get_xml&pid= ( url=article_list&do=get_xml ) 
ERR: Db Error: Table 'test.hx_article_class' doesn't exist
SELECT * FROM `hx_article_class` WHERE id='9'
[2020-12-08 19:28:26] /manage/modules/news/index.php?url=article_list&do=get_xml&pid= ( url=article_list&do=get_xml ) 
ERR: Db Error: Table 'test.hx_article_class' doesn't exist
SELECT * FROM `hx_article_class` WHERE id='7'
[2020-12-08 19:28:26] /manage/modules/news/index.php?url=article_list&do=get_xml&pid= ( url=article_list&do=get_xml ) 
ERR: Db Error: Table 'test.hx_article_class' doesn't exist
SELECT * FROM `hx_article_class` WHERE id='18'
[2020-12-08 19:28:26] /manage/modules/news/index.php?url=article_list&do=get_xml&pid= ( url=article_list&do=get_xml ) 
ERR: Db Error: Table 'test.hx_article_class' doesn't exist
SELECT * FROM `hx_article_class` WHERE id='6'
[2020-12-08 19:28:26] /manage/modules/news/index.php?url=article_list&do=get_xml&pid= ( url=article_list&do=get_xml ) 
ERR: Db Error: Table 'test.hx_article_class' doesn't exist
SELECT * FROM `hx_article_class` WHERE id='3'
[2020-12-08 19:28:26] /manage/modules/news/index.php?url=article_list&do=get_xml&pid= ( url=article_list&do=get_xml ) 
ERR: Db Error: Table 'test.hx_article_class' doesn't exist
SELECT * FROM `hx_article_class` WHERE id='3'
[2020-12-08 19:28:26] /manage/modules/news/index.php?url=article_list&do=get_xml&pid= ( url=article_list&do=get_xml ) 
ERR: Db Error: Table 'test.hx_article_class' doesn't exist
SELECT * FROM `hx_article_class` WHERE id='3'
[2020-12-08 19:28:26] /manage/modules/news/index.php?url=article_list&do=get_xml&pid= ( url=article_list&do=get_xml ) 
ERR: Db Error: Table 'test.hx_article_class' doesn't exist
SELECT * FROM `hx_article_class` WHERE id='2'
[2020-12-08 19:28:26] /manage/modules/news/index.php?url=article_list&do=get_xml&pid= ( url=article_list&do=get_xml ) 
ERR: Db Error: Table 'test.hx_article_class' doesn't exist
SELECT * FROM `hx_article_class` WHERE id='2'
[2020-12-08 19:28:26] /manage/modules/news/index.php?url=article_list&do=get_xml&pid= ( url=article_list&do=get_xml ) 
ERR: Db Error: Table 'test.hx_article_class' doesn't exist
SELECT * FROM `hx_article_class` WHERE id='2'
[2020-12-08 19:28:29] /manage/modules/news/index.php?url=article_list ( url=article_list&do=index ) 
ERR: Db Error: Table 'test.hx_article_class' doesn't exist
SELECT * FROM `hx_article_class` WHERE ( pid = '0' ) AND ( isdel = '0' ) ORDER BY rank asc LIMIT 1000  
[2020-12-08 19:28:29] /manage/modules/news/index.php?url=article_list ( url=article_list&do=index ) 
ERR: Db Error: Table 'test.hx_article_class' doesn't exist
SELECT * FROM hx_article_class where pid=0 and isdel=0 ORDER by rank asc 
[2020-12-08 19:28:30] /manage/modules/news/index.php?url=article_list&do=get_xml&pid= ( url=article_list&do=get_xml ) 
ERR: Db Error: Table 'test.hx_article_class' doesn't exist
SELECT * FROM `hx_article_class` WHERE id='18'
[2020-12-08 19:28:30] /manage/modules/news/index.php?url=article_list&do=get_xml&pid= ( url=article_list&do=get_xml ) 
ERR: Db Error: Table 'test.hx_article_class' doesn't exist
SELECT * FROM `hx_article_class` WHERE id='18'
[2020-12-08 19:28:30] /manage/modules/news/index.php?url=article_list&do=get_xml&pid= ( url=article_list&do=get_xml ) 
ERR: Db Error: Table 'test.hx_article_class' doesn't exist
SELECT * FROM `hx_article_class` WHERE id='10'
[2020-12-08 19:28:30] /manage/modules/news/index.php?url=article_list&do=get_xml&pid= ( url=article_list&do=get_xml ) 
ERR: Db Error: Table 'test.hx_article_class' doesn't exist
SELECT * FROM `hx_article_class` WHERE id='2'
[2020-12-08 19:28:30] /manage/modules/news/index.php?url=article_list&do=get_xml&pid= ( url=article_list&do=get_xml ) 
ERR: Db Error: Table 'test.hx_article_class' doesn't exist
SELECT * FROM `hx_article_class` WHERE id='2'
[2020-12-08 19:28:30] /manage/modules/news/index.php?url=article_list&do=get_xml&pid= ( url=article_list&do=get_xml ) 
ERR: Db Error: Table 'test.hx_article_class' doesn't exist
SELECT * FROM `hx_article_class` WHERE id='9'
[2020-12-08 19:28:30] /manage/modules/news/index.php?url=article_list&do=get_xml&pid= ( url=article_list&do=get_xml ) 
ERR: Db Error: Table 'test.hx_article_class' doesn't exist
SELECT * FROM `hx_article_class` WHERE id='7'
[2020-12-08 19:28:30] /manage/modules/news/index.php?url=article_list&do=get_xml&pid= ( url=article_list&do=get_xml ) 
ERR: Db Error: Table 'test.hx_article_class' doesn't exist
SELECT * FROM `hx_article_class` WHERE id='18'
[2020-12-08 19:28:30] /manage/modules/news/index.php?url=article_list&do=get_xml&pid= ( url=article_list&do=get_xml ) 
ERR: Db Error: Table 'test.hx_article_class' doesn't exist
SELECT * FROM `hx_article_class` WHERE id='6'
[2020-12-08 19:28:30] /manage/modules/news/index.php?url=article_list&do=get_xml&pid= ( url=article_list&do=get_xml ) 
ERR: Db Error: Table 'test.hx_article_class' doesn't exist
SELECT * FROM `hx_article_class` WHERE id='3'
[2020-12-08 19:28:30] /manage/modules/news/index.php?url=article_list&do=get_xml&pid= ( url=article_list&do=get_xml ) 
ERR: Db Error: Table 'test.hx_article_class' doesn't exist
SELECT * FROM `hx_article_class` WHERE id='3'
[2020-12-08 19:28:30] /manage/modules/news/index.php?url=article_list&do=get_xml&pid= ( url=article_list&do=get_xml ) 
ERR: Db Error: Table 'test.hx_article_class' doesn't exist
SELECT * FROM `hx_article_class` WHERE id='3'
[2020-12-08 19:28:30] /manage/modules/news/index.php?url=article_list&do=get_xml&pid= ( url=article_list&do=get_xml ) 
ERR: Db Error: Table 'test.hx_article_class' doesn't exist
SELECT * FROM `hx_article_class` WHERE id='2'
[2020-12-08 19:28:30] /manage/modules/news/index.php?url=article_list&do=get_xml&pid= ( url=article_list&do=get_xml ) 
ERR: Db Error: Table 'test.hx_article_class' doesn't exist
SELECT * FROM `hx_article_class` WHERE id='2'
[2020-12-08 19:28:30] /manage/modules/news/index.php?url=article_list&do=get_xml&pid= ( url=article_list&do=get_xml ) 
ERR: Db Error: Table 'test.hx_article_class' doesn't exist
SELECT * FROM `hx_article_class` WHERE id='2'
[2020-12-08 19:28:31] /manage/modules/news/index.php?url=article_list&do=add ( url=article_list&do=add ) 
ERR: Db Error: Table 'test.hx_article_class' doesn't exist
SELECT * FROM hx_article_class where pid=0 and isdel=0 ORDER by rank asc 
[2020-12-08 19:30:53] /index.php?url=member&do=index ( url=member&do=index ) 
ERR: Db Error: Table 'test.hx_article_class' doesn't exist
SELECT * FROM `hx_article_class` WHERE ( isdel = '0' ) AND ( status = '1' ) AND ( pid = '0' ) AND ( cate = '2' ) ORDER BY rank asc LIMIT 1000  
[2020-12-08 19:30:57] /index.php?url=member&do=message ( url=member&do=message ) 
ERR: Db Error: Table 'test.hx_article_class' doesn't exist
SELECT * FROM `hx_article_class` WHERE ( isdel = '0' ) AND ( status = '1' ) AND ( pid = '0' ) AND ( cate = '2' ) ORDER BY rank asc LIMIT 1000  
[2020-12-08 19:30:59] /index.php?url=member&do=task ( url=member&do=task ) 
ERR: Db Error: Table 'test.hx_article_class' doesn't exist
SELECT * FROM `hx_article_class` WHERE ( isdel = '0' ) AND ( status = '1' ) AND ( pid = '0' ) AND ( cate = '2' ) ORDER BY rank asc LIMIT 1000  
[2020-12-08 19:31:01] /index.php?url=member&do=task ( url=member&do=task ) 
ERR: Db Error: Table 'test.hx_article_class' doesn't exist
SELECT * FROM `hx_article_class` WHERE ( isdel = '0' ) AND ( status = '1' ) AND ( pid = '0' ) AND ( cate = '2' ) ORDER BY rank asc LIMIT 1000  
[2020-12-08 19:31:11] /index.php?url=member&do=index ( url=member&do=index ) 
ERR: Db Error: Table 'test.hx_article_class' doesn't exist
SELECT * FROM `hx_article_class` WHERE ( isdel = '0' ) AND ( status = '1' ) AND ( pid = '0' ) AND ( cate = '2' ) ORDER BY rank asc LIMIT 1000  
[2020-12-08 19:31:14] /index.php?url=member&do=task ( url=member&do=task ) 
ERR: Db Error: Table 'test.hx_article_class' doesn't exist
SELECT * FROM `hx_article_class` WHERE ( isdel = '0' ) AND ( status = '1' ) AND ( pid = '0' ) AND ( cate = '2' ) ORDER BY rank asc LIMIT 1000  
[2020-12-08 19:33:27] /index.php?url=member&do=task ( url=member&do=task ) 
ERR: Db Error: Table 'test.hx_article_class' doesn't exist
SELECT * FROM `hx_article_class` WHERE ( isdel = '0' ) AND ( status = '1' ) AND ( pid = '0' ) AND ( cate = '2' ) ORDER BY rank asc LIMIT 1000  
[2020-12-08 19:33:33] /index.php?url=member&do=message ( url=member&do=message ) 
ERR: Db Error: Table 'test.hx_article_class' doesn't exist
SELECT * FROM `hx_article_class` WHERE ( isdel = '0' ) AND ( status = '1' ) AND ( pid = '0' ) AND ( cate = '2' ) ORDER BY rank asc LIMIT 1000  
[2020-12-08 19:34:13] /index.php?url=online&do=add ( url=member&do=add ) 
ERR: Db Error: Table 'test.hx_article_class' doesn't exist
SELECT * FROM `hx_article_class` WHERE ( isdel = '0' ) AND ( status = '1' ) AND ( pid = '0' ) AND ( cate = '2' ) ORDER BY rank asc LIMIT 1000  
[2020-12-08 19:34:15] /index.php?url=online&do=add ( url=member&do=add ) 
ERR: Db Error: Table 'test.hx_article_class' doesn't exist
SELECT * FROM `hx_article_class` WHERE ( isdel = '0' ) AND ( status = '1' ) AND ( pid = '0' ) AND ( cate = '2' ) ORDER BY rank asc LIMIT 1000  
[2020-12-08 19:34:18] /index.php?url=member&do=message ( url=member&do=message ) 
ERR: Db Error: Table 'test.hx_article_class' doesn't exist
SELECT * FROM `hx_article_class` WHERE ( isdel = '0' ) AND ( status = '1' ) AND ( pid = '0' ) AND ( cate = '2' ) ORDER BY rank asc LIMIT 1000  
[2020-12-08 19:34:20] /index.php?url=member&do=task ( url=member&do=task ) 
ERR: Db Error: Table 'test.hx_article_class' doesn't exist
SELECT * FROM `hx_article_class` WHERE ( isdel = '0' ) AND ( status = '1' ) AND ( pid = '0' ) AND ( cate = '2' ) ORDER BY rank asc LIMIT 1000  
[2020-12-08 19:34:21] /index.php?url=member&do=addviews ( url=member&do=addviews ) 
ERR: Db Error: Table 'test.hx_article_class' doesn't exist
SELECT * FROM `hx_article_class` WHERE ( isdel = '0' ) AND ( status = '1' ) AND ( pid = '0' ) AND ( cate = '2' ) ORDER BY rank asc LIMIT 1000  
[2020-12-08 19:34:21] /index.php?url=member&do=addviews ( url=member&do=addviews ) 
ERR: Db Error: Table 'test.hx_article_class' doesn't exist
SELECT * FROM hx_article_class where pid=0 and isdel=0 and isfabu=1 ORDER by rank asc 
[2020-12-08 19:34:22] /index.php?url=online&do=add ( url=member&do=add ) 
ERR: Db Error: Table 'test.hx_article_class' doesn't exist
SELECT * FROM `hx_article_class` WHERE ( isdel = '0' ) AND ( status = '1' ) AND ( pid = '0' ) AND ( cate = '2' ) ORDER BY rank asc LIMIT 1000  
[2020-12-08 19:34:26] /index.php?url=online&do=add ( url=member&do=add ) 
ERR: Db Error: Table 'test.hx_article_class' doesn't exist
SELECT * FROM `hx_article_class` WHERE ( isdel = '0' ) AND ( status = '1' ) AND ( pid = '0' ) AND ( cate = '2' ) ORDER BY rank asc LIMIT 1000  
[2020-12-08 19:34:28] /index.php?url=online&do=add ( url=member&do=add ) 
ERR: Db Error: Table 'test.hx_article_class' doesn't exist
SELECT * FROM `hx_article_class` WHERE ( isdel = '0' ) AND ( status = '1' ) AND ( pid = '0' ) AND ( cate = '2' ) ORDER BY rank asc LIMIT 1000  
[2020-12-08 19:34:30] /index.php?url=online&do=add ( url=member&do=add ) 
ERR: Db Error: Table 'test.hx_article_class' doesn't exist
SELECT * FROM `hx_article_class` WHERE ( isdel = '0' ) AND ( status = '1' ) AND ( pid = '0' ) AND ( cate = '2' ) ORDER BY rank asc LIMIT 1000  
[2020-12-08 19:34:39] /index.php?url=online&do=add ( url=member&do=add ) 
ERR: Db Error: Table 'test.hx_article_class' doesn't exist
SELECT * FROM `hx_article_class` WHERE ( isdel = '0' ) AND ( status = '1' ) AND ( pid = '0' ) AND ( cate = '2' ) ORDER BY rank asc LIMIT 1000  
[2020-12-08 19:34:42] /index.php?url=online&do=add ( url=member&do=add ) 
ERR: Db Error: Table 'test.hx_article_class' doesn't exist
SELECT * FROM `hx_article_class` WHERE ( isdel = '0' ) AND ( status = '1' ) AND ( pid = '0' ) AND ( cate = '2' ) ORDER BY rank asc LIMIT 1000  
[2020-12-08 19:34:43] /index.php?url=member&do=index ( url=member&do=index ) 
ERR: Db Error: Table 'test.hx_article_class' doesn't exist
SELECT * FROM `hx_article_class` WHERE ( isdel = '0' ) AND ( status = '1' ) AND ( pid = '0' ) AND ( cate = '2' ) ORDER BY rank asc LIMIT 1000  
[2020-12-08 19:34:45] /index.php?url=member&do=message ( url=member&do=message ) 
ERR: Db Error: Table 'test.hx_article_class' doesn't exist
SELECT * FROM `hx_article_class` WHERE ( isdel = '0' ) AND ( status = '1' ) AND ( pid = '0' ) AND ( cate = '2' ) ORDER BY rank asc LIMIT 1000  
[2020-12-08 19:34:47] /index.php?url=member&do=task ( url=member&do=task ) 
ERR: Db Error: Table 'test.hx_article_class' doesn't exist
SELECT * FROM `hx_article_class` WHERE ( isdel = '0' ) AND ( status = '1' ) AND ( pid = '0' ) AND ( cate = '2' ) ORDER BY rank asc LIMIT 1000  
[2020-12-08 19:34:48] /index.php?url=member&do=addviews ( url=member&do=addviews ) 
ERR: Db Error: Table 'test.hx_article_class' doesn't exist
SELECT * FROM `hx_article_class` WHERE ( isdel = '0' ) AND ( status = '1' ) AND ( pid = '0' ) AND ( cate = '2' ) ORDER BY rank asc LIMIT 1000  
[2020-12-08 19:34:48] /index.php?url=member&do=addviews ( url=member&do=addviews ) 
ERR: Db Error: Table 'test.hx_article_class' doesn't exist
SELECT * FROM hx_article_class where pid=0 and isdel=0 and isfabu=1 ORDER by rank asc 
[2020-12-08 19:34:51] /index.php?url=online&do=add ( url=member&do=add ) 
ERR: Db Error: Table 'test.hx_article_class' doesn't exist
SELECT * FROM `hx_article_class` WHERE ( isdel = '0' ) AND ( status = '1' ) AND ( pid = '0' ) AND ( cate = '2' ) ORDER BY rank asc LIMIT 1000  
[2020-12-08 19:34:54] /index.php?url=member&do=index ( url=member&do=index ) 
ERR: Db Error: Table 'test.hx_article_class' doesn't exist
SELECT * FROM `hx_article_class` WHERE ( isdel = '0' ) AND ( status = '1' ) AND ( pid = '0' ) AND ( cate = '2' ) ORDER BY rank asc LIMIT 1000  
[2020-12-08 19:34:56] /index.php?url=online&do=add ( url=member&do=add ) 
ERR: Db Error: Table 'test.hx_article_class' doesn't exist
SELECT * FROM `hx_article_class` WHERE ( isdel = '0' ) AND ( status = '1' ) AND ( pid = '0' ) AND ( cate = '2' ) ORDER BY rank asc LIMIT 1000  
[2020-12-08 19:34:59] /index.php?url=member&do=task ( url=member&do=task ) 
ERR: Db Error: Table 'test.hx_article_class' doesn't exist
SELECT * FROM `hx_article_class` WHERE ( isdel = '0' ) AND ( status = '1' ) AND ( pid = '0' ) AND ( cate = '2' ) ORDER BY rank asc LIMIT 1000  
[2020-12-08 19:35:25] /index.php?url=member&do=addviews ( url=member&do=addviews ) 
ERR: Db Error: Table 'test.hx_article_class' doesn't exist
SELECT * FROM `hx_article_class` WHERE ( isdel = '0' ) AND ( status = '1' ) AND ( pid = '0' ) AND ( cate = '2' ) ORDER BY rank asc LIMIT 1000  
[2020-12-08 19:35:25] /index.php?url=member&do=addviews ( url=member&do=addviews ) 
ERR: Db Error: Table 'test.hx_article_class' doesn't exist
SELECT * FROM hx_article_class where pid=0 and isdel=0 and isfabu=1 ORDER by rank asc 
[2020-12-08 19:35:49] /index.php?url=member&do=task ( url=member&do=task ) 
ERR: Db Error: Table 'test.hx_article_class' doesn't exist
SELECT * FROM `hx_article_class` WHERE ( isdel = '0' ) AND ( status = '1' ) AND ( pid = '0' ) AND ( cate = '2' ) ORDER BY rank asc LIMIT 1000  
[2020-12-08 19:39:26] /index.php?url=member&do=task ( url=member&do=task ) 
ERR: Db Error: Table 'test.hx_article_class' doesn't exist
SELECT * FROM `hx_article_class` WHERE ( isdel = '0' ) AND ( status = '1' ) AND ( pid = '0' ) AND ( cate = '2' ) ORDER BY rank asc LIMIT 1000  
[2020-12-08 19:39:28] /index.php?url=news&do=show& ( url=news&do=show ) 
ERR: Db Error: Table 'test.hx_article_class' doesn't exist
SELECT * FROM `hx_article_class` WHERE id='0'
[2020-12-08 19:39:28] /index.php?url=news&do=show& ( url=news&do=show ) 
ERR: Db Error: Table 'test.hx_article_class' doesn't exist
SELECT * FROM `hx_article_class` WHERE ( isdel = '0' ) AND ( status = '1' ) AND ( pid = NULL ) ORDER BY rank asc LIMIT 1000  
[2020-12-08 19:39:28] /index.php?url=news&do=show& ( url=news&do=show ) 
ERR: Db Error: Table 'test.hx_article_class' doesn't exist
SELECT * FROM `hx_article_class` WHERE ( isdel = '0' ) AND ( status = '1' ) AND ( pid = '0' ) AND ( cate = '2' ) ORDER BY rank asc LIMIT 1000  
[2020-12-08 19:46:27] /index.php?url=member&do=index ( url=member&do=index ) 
ERR: Db Error: Table 'test.hx_article_class' doesn't exist
SELECT * FROM `hx_article_class` WHERE ( isdel = '0' ) AND ( status = '1' ) AND ( pid = '0' ) AND ( cate = '2' ) ORDER BY rank asc LIMIT 1000  
[2020-12-08 19:46:29] /index.php?url=online&do=add ( url=member&do=add ) 
ERR: Db Error: Table 'test.hx_article_class' doesn't exist
SELECT * FROM `hx_article_class` WHERE ( isdel = '0' ) AND ( status = '1' ) AND ( pid = '0' ) AND ( cate = '2' ) ORDER BY rank asc LIMIT 1000  
[2020-12-08 20:04:05] /index.php?url=member&do=task ( url=member&do=task ) 
ERR: Db Error: Table 'test.hx_article_class' doesn't exist
SELECT * FROM `hx_article_class` WHERE ( isdel = '0' ) AND ( status = '1' ) AND ( pid = '0' ) AND ( cate = '2' ) ORDER BY rank asc LIMIT 1000  
[2020-12-08 20:04:07] /index.php?url=member&do=addviews ( url=member&do=addviews ) 
ERR: Db Error: Table 'test.hx_article_class' doesn't exist
SELECT * FROM `hx_article_class` WHERE ( isdel = '0' ) AND ( status = '1' ) AND ( pid = '0' ) AND ( cate = '2' ) ORDER BY rank asc LIMIT 1000  
[2020-12-08 20:04:07] /index.php?url=member&do=addviews ( url=member&do=addviews ) 
ERR: Db Error: Table 'test.hx_article_class' doesn't exist
SELECT * FROM hx_article_class where pid=0 and isdel=0 and isfabu=1 ORDER by rank asc 
[2020-12-08 20:04:09] /index.php?url=onlines&do=add ( url=onlines&do=add ) 
ERR: Db Error: Table 'test.hx_article_class' doesn't exist
SELECT * FROM `hx_article_class` WHERE ( isdel = '0' ) AND ( status = '1' ) AND ( pid = '0' ) AND ( cate = '2' ) ORDER BY rank asc LIMIT 1000  
[2020-12-08 20:04:14] /index.php?url=member&do=index ( url=member&do=index ) 
ERR: Db Error: Table 'test.hx_article_class' doesn't exist
SELECT * FROM `hx_article_class` WHERE ( isdel = '0' ) AND ( status = '1' ) AND ( pid = '0' ) AND ( cate = '2' ) ORDER BY rank asc LIMIT 1000  
[2020-12-08 20:04:16] /index.php?url=member&do=task ( url=member&do=task ) 
ERR: Db Error: Table 'test.hx_article_class' doesn't exist
SELECT * FROM `hx_article_class` WHERE ( isdel = '0' ) AND ( status = '1' ) AND ( pid = '0' ) AND ( cate = '2' ) ORDER BY rank asc LIMIT 1000  
[2020-12-08 20:05:08] /index.php?url=member ( url=member&do=index ) 
ERR: Db Error: Table 'test.hx_article_class' doesn't exist
SELECT * FROM `hx_article_class` WHERE ( isdel = '0' ) AND ( status = '1' ) AND ( pid = '0' ) AND ( cate = '2' ) ORDER BY rank asc LIMIT 1000  
[2020-12-08 20:05:10] /index.php?url=member&do=addviews ( url=member&do=addviews ) 
ERR: Db Error: Table 'test.hx_article_class' doesn't exist
SELECT * FROM `hx_article_class` WHERE ( isdel = '0' ) AND ( status = '1' ) AND ( pid = '0' ) AND ( cate = '2' ) ORDER BY rank asc LIMIT 1000  
[2020-12-08 20:05:10] /index.php?url=member&do=addviews ( url=member&do=addviews ) 
ERR: Db Error: Table 'test.hx_article_class' doesn't exist
SELECT * FROM hx_article_class where pid=0 and isdel=0 and isfabu=1 ORDER by rank asc 
[2020-12-08 20:06:43] /index.php?url=member&do=addviews ( url=member&do=addviews ) 
ERR: Db Error: Table 'test.hx_article_class' doesn't exist
SELECT * FROM `hx_article_class` WHERE ( isdel = '0' ) AND ( status = '1' ) AND ( pid = '0' ) AND ( cate = '2' ) ORDER BY rank asc LIMIT 1000  
[2020-12-08 20:06:43] /index.php?url=member&do=addviews ( url=member&do=addviews ) 
ERR: Db Error: Table 'test.hx_article_class' doesn't exist
SELECT * FROM hx_article_class where pid=0 and isdel=0 and isfabu=1 ORDER by rank asc 
[2020-12-08 20:06:45] /index.php?url=member&do=task ( url=member&do=task ) 
ERR: Db Error: Table 'test.hx_article_class' doesn't exist
SELECT * FROM `hx_article_class` WHERE ( isdel = '0' ) AND ( status = '1' ) AND ( pid = '0' ) AND ( cate = '2' ) ORDER BY rank asc LIMIT 1000  
[2020-12-08 20:06:46] /index.php?url=member&do=taskview&id=15 ( url=member&do=taskview ) 
ERR: Db Error: Table 'test.hx_article_class' doesn't exist
SELECT * FROM `hx_article_class` WHERE ( isdel = '0' ) AND ( status = '1' ) AND ( pid = '0' ) AND ( cate = '2' ) ORDER BY rank asc LIMIT 1000  
[2020-12-08 20:06:46] /index.php?url=member&do=taskview&id=15 ( url=member&do=taskview ) 
ERR: Db Error: Table 'test.hx_article_class' doesn't exist
SELECT * FROM hx_article_class where pid=0 and isdel=0 and isfabu=1 ORDER by rank asc 
[2020-12-08 20:12:51] /index.php?url=member&do=taskview&id=15 ( url=member&do=taskview ) 
ERR: Db Error: Table 'test.hx_article_class' doesn't exist
SELECT * FROM `hx_article_class` WHERE ( isdel = '0' ) AND ( status = '1' ) AND ( pid = '0' ) AND ( cate = '2' ) ORDER BY rank asc LIMIT 1000  
[2020-12-08 20:13:48] /index.php?url=member&do=taskview&id=15 ( url=member&do=taskview ) 
ERR: Db Error: Table 'test.hx_article_class' doesn't exist
SELECT * FROM `hx_article_class` WHERE ( isdel = '0' ) AND ( status = '1' ) AND ( pid = '0' ) AND ( cate = '2' ) ORDER BY rank asc LIMIT 1000  
[2020-12-08 20:14:27] /index.php?url=member&do=taskview&id=15 ( url=member&do=taskview ) 
ERR: Db Error: Table 'test.hx_article_class' doesn't exist
SELECT * FROM `hx_article_class` WHERE ( isdel = '0' ) AND ( status = '1' ) AND ( pid = '0' ) AND ( cate = '2' ) ORDER BY rank asc LIMIT 1000  
[2020-12-08 20:14:28] /index.php?url=member&do=taskview&id=15 ( url=member&do=taskview ) 
ERR: Db Error: Table 'test.hx_article_class' doesn't exist
SELECT * FROM `hx_article_class` WHERE ( isdel = '0' ) AND ( status = '1' ) AND ( pid = '0' ) AND ( cate = '2' ) ORDER BY rank asc LIMIT 1000  
[2020-12-08 20:14:58] /index.php?url=member&do=taskview&id=15 ( url=member&do=taskview ) 
ERR: Db Error: Table 'test.hx_article_class' doesn't exist
SELECT * FROM `hx_article_class` WHERE ( isdel = '0' ) AND ( status = '1' ) AND ( pid = '0' ) AND ( cate = '2' ) ORDER BY rank asc LIMIT 1000  
[2020-12-08 20:15:06] /index.php?url=member&do=taskview&id=15 ( url=member&do=taskview ) 
ERR: Db Error: Table 'test.hx_article_class' doesn't exist
SELECT * FROM `hx_article_class` WHERE ( isdel = '0' ) AND ( status = '1' ) AND ( pid = '0' ) AND ( cate = '2' ) ORDER BY rank asc LIMIT 1000  
[2020-12-08 20:21:20] /index.php?url=member&do=taskview&id=15 ( url=member&do=taskview ) 
ERR: Db Error: Table 'test.hx_article_class' doesn't exist
SELECT * FROM `hx_article_class` WHERE ( isdel = '0' ) AND ( status = '1' ) AND ( pid = '0' ) AND ( cate = '2' ) ORDER BY rank asc LIMIT 1000  
[2020-12-08 20:21:44] /index.php?url=member&do=taskview&id=15 ( url=member&do=taskview ) 
ERR: Db Error: Table 'test.hx_article_class' doesn't exist
SELECT * FROM `hx_article_class` WHERE ( isdel = '0' ) AND ( status = '1' ) AND ( pid = '0' ) AND ( cate = '2' ) ORDER BY rank asc LIMIT 1000  
[2020-12-08 20:22:13] /index.php?url=member&do=taskview&id=15 ( url=member&do=taskview ) 
ERR: Db Error: Table 'test.hx_article_class' doesn't exist
SELECT * FROM `hx_article_class` WHERE ( isdel = '0' ) AND ( status = '1' ) AND ( pid = '0' ) AND ( cate = '2' ) ORDER BY rank asc LIMIT 1000  
[2020-12-08 20:23:32] /index.php?url=member&do=taskview&id=15 ( url=member&do=taskview ) 
ERR: Db Error: Table 'test.hx_article_class' doesn't exist
SELECT * FROM `hx_article_class` WHERE ( isdel = '0' ) AND ( status = '1' ) AND ( pid = '0' ) AND ( cate = '2' ) ORDER BY rank asc LIMIT 1000  
[2020-12-08 20:24:30] /index.php?url=member&do=taskview&id=15 ( url=member&do=taskview ) 
ERR: Db Error: Table 'test.hx_article_class' doesn't exist
SELECT * FROM `hx_article_class` WHERE ( isdel = '0' ) AND ( status = '1' ) AND ( pid = '0' ) AND ( cate = '2' ) ORDER BY rank asc LIMIT 1000  
[2020-12-08 20:28:10] /index.php?url=member&do=taskview&id=15 ( url=member&do=taskview ) 
ERR: Db Error: Table 'test.hx_article_class' doesn't exist
SELECT * FROM `hx_article_class` WHERE ( isdel = '0' ) AND ( status = '1' ) AND ( pid = '0' ) AND ( cate = '2' ) ORDER BY rank asc LIMIT 1000  
[2020-12-08 20:28:12] /index.php?url=member&do=task ( url=member&do=task ) 
ERR: Db Error: Table 'test.hx_article_class' doesn't exist
SELECT * FROM `hx_article_class` WHERE ( isdel = '0' ) AND ( status = '1' ) AND ( pid = '0' ) AND ( cate = '2' ) ORDER BY rank asc LIMIT 1000  
[2020-12-08 20:30:14] /index.php?url=member&do=task ( url=member&do=task ) 
ERR: Db Error: Table 'test.hx_article_class' doesn't exist
SELECT * FROM `hx_article_class` WHERE ( isdel = '0' ) AND ( status = '1' ) AND ( pid = '0' ) AND ( cate = '2' ) ORDER BY rank asc LIMIT 1000  
[2020-12-08 20:30:33] /index.php?url=member&do=task ( url=member&do=task ) 
ERR: Db Error: Table 'test.hx_article_class' doesn't exist
SELECT * FROM `hx_article_class` WHERE ( isdel = '0' ) AND ( status = '1' ) AND ( pid = '0' ) AND ( cate = '2' ) ORDER BY rank asc LIMIT 1000  
[2020-12-08 20:30:51] /index.php?url=member&do=task ( url=member&do=task ) 
ERR: Db Error: Table 'test.hx_article_class' doesn't exist
SELECT * FROM `hx_article_class` WHERE ( isdel = '0' ) AND ( status = '1' ) AND ( pid = '0' ) AND ( cate = '2' ) ORDER BY rank asc LIMIT 1000  
[2020-12-08 20:31:12] /index.php?url=member&do=task ( url=member&do=task ) 
ERR: Db Error: Table 'test.hx_article_class' doesn't exist
SELECT * FROM `hx_article_class` WHERE ( isdel = '0' ) AND ( status = '1' ) AND ( pid = '0' ) AND ( cate = '2' ) ORDER BY rank asc LIMIT 1000  
[2020-12-08 20:31:23] /index.php?url=member&do=task ( url=member&do=task ) 
ERR: Db Error: Table 'test.hx_article_class' doesn't exist
SELECT * FROM `hx_article_class` WHERE ( isdel = '0' ) AND ( status = '1' ) AND ( pid = '0' ) AND ( cate = '2' ) ORDER BY rank asc LIMIT 1000  
[2020-12-08 20:51:21] /index.php?url=member&do=task ( url=member&do=task ) 
ERR: Db Error: Table 'test.hx_article_class' doesn't exist
SELECT * FROM `hx_article_class` WHERE ( isdel = '0' ) AND ( status = '1' ) AND ( pid = '0' ) AND ( cate = '2' ) ORDER BY rank asc LIMIT 1000  
[2020-12-08 20:51:23] /index.php?url=member&do=taskview&id=15 ( url=member&do=taskview ) 
ERR: Db Error: Table 'test.hx_article_class' doesn't exist
SELECT * FROM `hx_article_class` WHERE ( isdel = '0' ) AND ( status = '1' ) AND ( pid = '0' ) AND ( cate = '2' ) ORDER BY rank asc LIMIT 1000  
[2020-12-08 20:52:00] /manage/modules/news/index.php?url=govent_list&do=get_xml&pid=&kaishi=2020-12-01&jieshu=2020-12-09&keywords= ( url=govent_list&do=get_xml ) 
ERR: Db Error: Unknown column 'edittime' in 'where clause'
SELECT COUNT(*) AS nc_count FROM `hx_govent_list` WHERE ( isdel = '0' ) AND (  (edittime BETWEEN '1606752000' AND '1607529599' ) ) ORDER BY id desc LIMIT 1  
[2020-12-08 20:52:00] /manage/modules/news/index.php?url=govent_list&do=get_xml&pid=&kaishi=2020-12-01&jieshu=2020-12-09&keywords= ( url=govent_list&do=get_xml ) 
ERR: Db Error: Unknown column 'edittime' in 'where clause'
SELECT * FROM `hx_govent_list` WHERE ( isdel = '0' ) AND (  (edittime BETWEEN '1606752000' AND '1607529599' ) ) ORDER BY id desc LIMIT 0,15  
[2020-12-08 20:52:05] /manage/modules/news/index.php?url=govent_list&do=get_xml&pid=&kaishi=2020-12-01&jieshu=2020-12-09&keywords= ( url=govent_list&do=get_xml ) 
ERR: Db Error: Unknown column 'edittime' in 'where clause'
SELECT COUNT(*) AS nc_count FROM `hx_govent_list` WHERE ( isdel = '0' ) AND (  (edittime BETWEEN '1606752000' AND '1607529599' ) ) ORDER BY id desc LIMIT 1  
[2020-12-08 20:52:05] /manage/modules/news/index.php?url=govent_list&do=get_xml&pid=&kaishi=2020-12-01&jieshu=2020-12-09&keywords= ( url=govent_list&do=get_xml ) 
ERR: Db Error: Unknown column 'edittime' in 'where clause'
SELECT * FROM `hx_govent_list` WHERE ( isdel = '0' ) AND (  (edittime BETWEEN '1606752000' AND '1607529599' ) ) ORDER BY id desc LIMIT 0,15  
[2020-12-08 20:52:05] /manage/modules/news/index.php?url=govent_list&do=get_xml&pid=&kaishi=2020-12-01&jieshu=2020-12-09&keywords= ( url=govent_list&do=get_xml ) 
ERR: Db Error: Unknown column 'edittime' in 'where clause'
SELECT COUNT(*) AS nc_count FROM `hx_govent_list` WHERE ( isdel = '0' ) AND (  (edittime BETWEEN '1606752000' AND '1607529599' ) ) ORDER BY id desc LIMIT 1  
[2020-12-08 20:52:05] /manage/modules/news/index.php?url=govent_list&do=get_xml&pid=&kaishi=2020-12-01&jieshu=2020-12-09&keywords= ( url=govent_list&do=get_xml ) 
ERR: Db Error: Unknown column 'edittime' in 'where clause'
SELECT * FROM `hx_govent_list` WHERE ( isdel = '0' ) AND (  (edittime BETWEEN '1606752000' AND '1607529599' ) ) ORDER BY id desc LIMIT 0,15  
[2020-12-08 20:52:06] /manage/modules/news/index.php?url=govent_list&do=get_xml&pid=&kaishi=2020-12-01&jieshu=2020-12-09&keywords= ( url=govent_list&do=get_xml ) 
ERR: Db Error: Unknown column 'edittime' in 'where clause'
SELECT COUNT(*) AS nc_count FROM `hx_govent_list` WHERE ( isdel = '0' ) AND (  (edittime BETWEEN '1606752000' AND '1607529599' ) ) ORDER BY id desc LIMIT 1  
[2020-12-08 20:52:06] /manage/modules/news/index.php?url=govent_list&do=get_xml&pid=&kaishi=2020-12-01&jieshu=2020-12-09&keywords= ( url=govent_list&do=get_xml ) 
ERR: Db Error: Unknown column 'edittime' in 'where clause'
SELECT * FROM `hx_govent_list` WHERE ( isdel = '0' ) AND (  (edittime BETWEEN '1606752000' AND '1607529599' ) ) ORDER BY id desc LIMIT 0,15  
[2020-12-08 20:52:06] /manage/modules/news/index.php?url=govent_list&do=get_xml&pid=&kaishi=2020-12-01&jieshu=2020-12-09&keywords= ( url=govent_list&do=get_xml ) 
ERR: Db Error: Unknown column 'edittime' in 'where clause'
SELECT COUNT(*) AS nc_count FROM `hx_govent_list` WHERE ( isdel = '0' ) AND (  (edittime BETWEEN '1606752000' AND '1607529599' ) ) ORDER BY id desc LIMIT 1  
[2020-12-08 20:52:06] /manage/modules/news/index.php?url=govent_list&do=get_xml&pid=&kaishi=2020-12-01&jieshu=2020-12-09&keywords= ( url=govent_list&do=get_xml ) 
ERR: Db Error: Unknown column 'edittime' in 'where clause'
SELECT * FROM `hx_govent_list` WHERE ( isdel = '0' ) AND (  (edittime BETWEEN '1606752000' AND '1607529599' ) ) ORDER BY id desc LIMIT 0,15  
[2020-12-08 20:52:08] /manage/modules/news/index.php?url=govent_list&do=get_xml&pid=&kaishi=2020-12-01&jieshu=2020-12-09&keywords= ( url=govent_list&do=get_xml ) 
ERR: Db Error: Unknown column 'edittime' in 'where clause'
SELECT COUNT(*) AS nc_count FROM `hx_govent_list` WHERE ( isdel = '0' ) AND (  (edittime BETWEEN '1606752000' AND '1607529599' ) ) ORDER BY id desc LIMIT 1  
[2020-12-08 20:52:08] /manage/modules/news/index.php?url=govent_list&do=get_xml&pid=&kaishi=2020-12-01&jieshu=2020-12-09&keywords= ( url=govent_list&do=get_xml ) 
ERR: Db Error: Unknown column 'edittime' in 'where clause'
SELECT * FROM `hx_govent_list` WHERE ( isdel = '0' ) AND (  (edittime BETWEEN '1606752000' AND '1607529599' ) ) ORDER BY id desc LIMIT 0,15  
[2020-12-08 20:52:08] /manage/modules/news/index.php?url=govent_list&do=get_xml&pid=&kaishi=2020-12-01&jieshu=2020-12-09&keywords= ( url=govent_list&do=get_xml ) 
ERR: Db Error: Unknown column 'edittime' in 'where clause'
SELECT COUNT(*) AS nc_count FROM `hx_govent_list` WHERE ( isdel = '0' ) AND (  (edittime BETWEEN '1606752000' AND '1607529599' ) ) ORDER BY id desc LIMIT 1  
[2020-12-08 20:52:08] /manage/modules/news/index.php?url=govent_list&do=get_xml&pid=&kaishi=2020-12-01&jieshu=2020-12-09&keywords= ( url=govent_list&do=get_xml ) 
ERR: Db Error: Unknown column 'edittime' in 'where clause'
SELECT * FROM `hx_govent_list` WHERE ( isdel = '0' ) AND (  (edittime BETWEEN '1606752000' AND '1607529599' ) ) ORDER BY id desc LIMIT 0,15  
[2020-12-08 20:52:09] /manage/modules/news/index.php?url=govent_list&do=get_xml&pid=&kaishi=2020-12-01&jieshu=2020-12-09&keywords= ( url=govent_list&do=get_xml ) 
ERR: Db Error: Unknown column 'edittime' in 'where clause'
SELECT COUNT(*) AS nc_count FROM `hx_govent_list` WHERE ( isdel = '0' ) AND (  (edittime BETWEEN '1606752000' AND '1607529599' ) ) ORDER BY id desc LIMIT 1  
[2020-12-08 20:52:09] /manage/modules/news/index.php?url=govent_list&do=get_xml&pid=&kaishi=2020-12-01&jieshu=2020-12-09&keywords= ( url=govent_list&do=get_xml ) 
ERR: Db Error: Unknown column 'edittime' in 'where clause'
SELECT * FROM `hx_govent_list` WHERE ( isdel = '0' ) AND (  (edittime BETWEEN '1606752000' AND '1607529599' ) ) ORDER BY id desc LIMIT 0,15  
[2020-12-08 20:52:17] /manage/modules/news/index.php?url=article_list ( url=article_list&do=index ) 
ERR: Db Error: Table 'test.hx_article_class' doesn't exist
SELECT * FROM `hx_article_class` WHERE ( pid = '0' ) AND ( isdel = '0' ) ORDER BY rank asc LIMIT 1000  
[2020-12-08 20:52:17] /manage/modules/news/index.php?url=article_list ( url=article_list&do=index ) 
ERR: Db Error: Table 'test.hx_article_class' doesn't exist
SELECT * FROM hx_article_class where pid=0 and isdel=0 ORDER by rank asc 
[2020-12-08 20:52:17] /manage/modules/news/index.php?url=article_list&do=get_xml&pid= ( url=article_list&do=get_xml ) 
ERR: Db Error: Table 'test.hx_article_class' doesn't exist
SELECT * FROM `hx_article_class` WHERE id='18'
[2020-12-08 20:52:17] /manage/modules/news/index.php?url=article_list&do=get_xml&pid= ( url=article_list&do=get_xml ) 
ERR: Db Error: Table 'test.hx_article_class' doesn't exist
SELECT * FROM `hx_article_class` WHERE id='18'
[2020-12-08 20:52:17] /manage/modules/news/index.php?url=article_list&do=get_xml&pid= ( url=article_list&do=get_xml ) 
ERR: Db Error: Table 'test.hx_article_class' doesn't exist
SELECT * FROM `hx_article_class` WHERE id='10'
[2020-12-08 20:52:17] /manage/modules/news/index.php?url=article_list&do=get_xml&pid= ( url=article_list&do=get_xml ) 
ERR: Db Error: Table 'test.hx_article_class' doesn't exist
SELECT * FROM `hx_article_class` WHERE id='2'
[2020-12-08 20:52:17] /manage/modules/news/index.php?url=article_list&do=get_xml&pid= ( url=article_list&do=get_xml ) 
ERR: Db Error: Table 'test.hx_article_class' doesn't exist
SELECT * FROM `hx_article_class` WHERE id='2'
[2020-12-08 20:52:17] /manage/modules/news/index.php?url=article_list&do=get_xml&pid= ( url=article_list&do=get_xml ) 
ERR: Db Error: Table 'test.hx_article_class' doesn't exist
SELECT * FROM `hx_article_class` WHERE id='9'
[2020-12-08 20:52:17] /manage/modules/news/index.php?url=article_list&do=get_xml&pid= ( url=article_list&do=get_xml ) 
ERR: Db Error: Table 'test.hx_article_class' doesn't exist
SELECT * FROM `hx_article_class` WHERE id='7'
[2020-12-08 20:52:17] /manage/modules/news/index.php?url=article_list&do=get_xml&pid= ( url=article_list&do=get_xml ) 
ERR: Db Error: Table 'test.hx_article_class' doesn't exist
SELECT * FROM `hx_article_class` WHERE id='18'
[2020-12-08 20:52:17] /manage/modules/news/index.php?url=article_list&do=get_xml&pid= ( url=article_list&do=get_xml ) 
ERR: Db Error: Table 'test.hx_article_class' doesn't exist
SELECT * FROM `hx_article_class` WHERE id='6'
[2020-12-08 20:52:17] /manage/modules/news/index.php?url=article_list&do=get_xml&pid= ( url=article_list&do=get_xml ) 
ERR: Db Error: Table 'test.hx_article_class' doesn't exist
SELECT * FROM `hx_article_class` WHERE id='3'
[2020-12-08 20:52:17] /manage/modules/news/index.php?url=article_list&do=get_xml&pid= ( url=article_list&do=get_xml ) 
ERR: Db Error: Table 'test.hx_article_class' doesn't exist
SELECT * FROM `hx_article_class` WHERE id='3'
[2020-12-08 20:52:17] /manage/modules/news/index.php?url=article_list&do=get_xml&pid= ( url=article_list&do=get_xml ) 
ERR: Db Error: Table 'test.hx_article_class' doesn't exist
SELECT * FROM `hx_article_class` WHERE id='3'
[2020-12-08 20:52:17] /manage/modules/news/index.php?url=article_list&do=get_xml&pid= ( url=article_list&do=get_xml ) 
ERR: Db Error: Table 'test.hx_article_class' doesn't exist
SELECT * FROM `hx_article_class` WHERE id='2'
[2020-12-08 20:52:17] /manage/modules/news/index.php?url=article_list&do=get_xml&pid= ( url=article_list&do=get_xml ) 
ERR: Db Error: Table 'test.hx_article_class' doesn't exist
SELECT * FROM `hx_article_class` WHERE id='2'
[2020-12-08 20:52:17] /manage/modules/news/index.php?url=article_list&do=get_xml&pid= ( url=article_list&do=get_xml ) 
ERR: Db Error: Table 'test.hx_article_class' doesn't exist
SELECT * FROM `hx_article_class` WHERE id='2'
[2020-12-08 20:52:18] /manage/modules/news/index.php?url=article_list&do=get_xml&pid= ( url=article_list&do=get_xml ) 
ERR: Db Error: Table 'test.hx_article_class' doesn't exist
SELECT * FROM `hx_article_class` WHERE id='18'
[2020-12-08 20:52:18] /manage/modules/news/index.php?url=article_list&do=get_xml&pid= ( url=article_list&do=get_xml ) 
ERR: Db Error: Table 'test.hx_article_class' doesn't exist
SELECT * FROM `hx_article_class` WHERE id='18'
[2020-12-08 20:52:18] /manage/modules/news/index.php?url=article_list&do=get_xml&pid= ( url=article_list&do=get_xml ) 
ERR: Db Error: Table 'test.hx_article_class' doesn't exist
SELECT * FROM `hx_article_class` WHERE id='10'
[2020-12-08 20:52:18] /manage/modules/news/index.php?url=article_list&do=get_xml&pid= ( url=article_list&do=get_xml ) 
ERR: Db Error: Table 'test.hx_article_class' doesn't exist
SELECT * FROM `hx_article_class` WHERE id='2'
[2020-12-08 20:52:18] /manage/modules/news/index.php?url=article_list&do=get_xml&pid= ( url=article_list&do=get_xml ) 
ERR: Db Error: Table 'test.hx_article_class' doesn't exist
SELECT * FROM `hx_article_class` WHERE id='2'
[2020-12-08 20:52:18] /manage/modules/news/index.php?url=article_list&do=get_xml&pid= ( url=article_list&do=get_xml ) 
ERR: Db Error: Table 'test.hx_article_class' doesn't exist
SELECT * FROM `hx_article_class` WHERE id='9'
[2020-12-08 20:52:18] /manage/modules/news/index.php?url=article_list&do=get_xml&pid= ( url=article_list&do=get_xml ) 
ERR: Db Error: Table 'test.hx_article_class' doesn't exist
SELECT * FROM `hx_article_class` WHERE id='7'
[2020-12-08 20:52:18] /manage/modules/news/index.php?url=article_list&do=get_xml&pid= ( url=article_list&do=get_xml ) 
ERR: Db Error: Table 'test.hx_article_class' doesn't exist
SELECT * FROM `hx_article_class` WHERE id='18'
[2020-12-08 20:52:18] /manage/modules/news/index.php?url=article_list&do=get_xml&pid= ( url=article_list&do=get_xml ) 
ERR: Db Error: Table 'test.hx_article_class' doesn't exist
SELECT * FROM `hx_article_class` WHERE id='6'
[2020-12-08 20:52:18] /manage/modules/news/index.php?url=article_list&do=get_xml&pid= ( url=article_list&do=get_xml ) 
ERR: Db Error: Table 'test.hx_article_class' doesn't exist
SELECT * FROM `hx_article_class` WHERE id='3'
[2020-12-08 20:52:18] /manage/modules/news/index.php?url=article_list&do=get_xml&pid= ( url=article_list&do=get_xml ) 
ERR: Db Error: Table 'test.hx_article_class' doesn't exist
SELECT * FROM `hx_article_class` WHERE id='3'
[2020-12-08 20:52:18] /manage/modules/news/index.php?url=article_list&do=get_xml&pid= ( url=article_list&do=get_xml ) 
ERR: Db Error: Table 'test.hx_article_class' doesn't exist
SELECT * FROM `hx_article_class` WHERE id='3'
[2020-12-08 20:52:18] /manage/modules/news/index.php?url=article_list&do=get_xml&pid= ( url=article_list&do=get_xml ) 
ERR: Db Error: Table 'test.hx_article_class' doesn't exist
SELECT * FROM `hx_article_class` WHERE id='2'
[2020-12-08 20:52:18] /manage/modules/news/index.php?url=article_list&do=get_xml&pid= ( url=article_list&do=get_xml ) 
ERR: Db Error: Table 'test.hx_article_class' doesn't exist
SELECT * FROM `hx_article_class` WHERE id='2'
[2020-12-08 20:52:18] /manage/modules/news/index.php?url=article_list&do=get_xml&pid= ( url=article_list&do=get_xml ) 
ERR: Db Error: Table 'test.hx_article_class' doesn't exist
SELECT * FROM `hx_article_class` WHERE id='2'
[2020-12-08 20:52:46] /manage/modules/news/index.php?url=article_list&do=get_xml&pid=&kaishi=2020-10-08&jieshu=2020-10-29&keywords=&pid= ( url=article_list&do=get_xml ) 
ERR: Db Error: Table 'test.hx_article_class' doesn't exist
SELECT * FROM `hx_article_class` WHERE id='18'
[2020-12-08 20:52:46] /manage/modules/news/index.php?url=article_list&do=get_xml&pid=&kaishi=2020-10-08&jieshu=2020-10-29&keywords=&pid= ( url=article_list&do=get_xml ) 
ERR: Db Error: Table 'test.hx_article_class' doesn't exist
SELECT * FROM `hx_article_class` WHERE id='10'
[2020-12-08 20:52:51] /manage/modules/news/index.php?url=article_list&do=get_xml&pid=&kaishi=2020-10-08&jieshu=2020-10-29&keywords=&pid= ( url=article_list&do=get_xml ) 
ERR: Db Error: Table 'test.hx_article_class' doesn't exist
SELECT * FROM `hx_article_class` WHERE id='18'
[2020-12-08 20:52:51] /manage/modules/news/index.php?url=article_list&do=get_xml&pid=&kaishi=2020-10-08&jieshu=2020-10-29&keywords=&pid= ( url=article_list&do=get_xml ) 
ERR: Db Error: Table 'test.hx_article_class' doesn't exist
SELECT * FROM `hx_article_class` WHERE id='10'
[2020-12-08 20:52:52] /manage/modules/news/index.php?url=article_list&do=get_xml&pid=&kaishi=2020-10-08&jieshu=2020-10-29&keywords=&pid= ( url=article_list&do=get_xml ) 
ERR: Db Error: Table 'test.hx_article_class' doesn't exist
SELECT * FROM `hx_article_class` WHERE id='18'
[2020-12-08 20:52:52] /manage/modules/news/index.php?url=article_list&do=get_xml&pid=&kaishi=2020-10-08&jieshu=2020-10-29&keywords=&pid= ( url=article_list&do=get_xml ) 
ERR: Db Error: Table 'test.hx_article_class' doesn't exist
SELECT * FROM `hx_article_class` WHERE id='10'
[2020-12-08 20:52:52] /manage/modules/news/index.php?url=article_list&do=get_xml&pid=&kaishi=2020-10-08&jieshu=2020-10-29&keywords=&pid= ( url=article_list&do=get_xml ) 
ERR: Db Error: Table 'test.hx_article_class' doesn't exist
SELECT * FROM `hx_article_class` WHERE id='18'
[2020-12-08 20:52:52] /manage/modules/news/index.php?url=article_list&do=get_xml&pid=&kaishi=2020-10-08&jieshu=2020-10-29&keywords=&pid= ( url=article_list&do=get_xml ) 
ERR: Db Error: Table 'test.hx_article_class' doesn't exist
SELECT * FROM `hx_article_class` WHERE id='10'
[2020-12-08 20:52:52] /manage/modules/news/index.php?url=article_list&do=get_xml&pid=&kaishi=2020-10-08&jieshu=2020-10-29&keywords=&pid= ( url=article_list&do=get_xml ) 
ERR: Db Error: Table 'test.hx_article_class' doesn't exist
SELECT * FROM `hx_article_class` WHERE id='18'
[2020-12-08 20:52:52] /manage/modules/news/index.php?url=article_list&do=get_xml&pid=&kaishi=2020-10-08&jieshu=2020-10-29&keywords=&pid= ( url=article_list&do=get_xml ) 
ERR: Db Error: Table 'test.hx_article_class' doesn't exist
SELECT * FROM `hx_article_class` WHERE id='10'
[2020-12-08 20:52:54] /manage/modules/news/index.php?url=article_list&do=get_xml&pid=&kaishi=2020-10-08&jieshu=2020-10-29&keywords=&pid= ( url=article_list&do=get_xml ) 
ERR: Db Error: Table 'test.hx_article_class' doesn't exist
SELECT * FROM `hx_article_class` WHERE id='18'
[2020-12-08 20:52:54] /manage/modules/news/index.php?url=article_list&do=get_xml&pid=&kaishi=2020-10-08&jieshu=2020-10-29&keywords=&pid= ( url=article_list&do=get_xml ) 
ERR: Db Error: Table 'test.hx_article_class' doesn't exist
SELECT * FROM `hx_article_class` WHERE id='10'
[2020-12-08 20:52:54] /manage/modules/news/index.php?url=article_list&do=get_xml&pid=&kaishi=2020-10-08&jieshu=2020-10-29&keywords=&pid= ( url=article_list&do=get_xml ) 
ERR: Db Error: Table 'test.hx_article_class' doesn't exist
SELECT * FROM `hx_article_class` WHERE id='18'
[2020-12-08 20:52:54] /manage/modules/news/index.php?url=article_list&do=get_xml&pid=&kaishi=2020-10-08&jieshu=2020-10-29&keywords=&pid= ( url=article_list&do=get_xml ) 
ERR: Db Error: Table 'test.hx_article_class' doesn't exist
SELECT * FROM `hx_article_class` WHERE id='10'
[2020-12-08 20:52:55] /manage/modules/news/index.php?url=article_list&do=get_xml&pid=&kaishi=2020-10-08&jieshu=2020-10-29&keywords=&pid= ( url=article_list&do=get_xml ) 
ERR: Db Error: Table 'test.hx_article_class' doesn't exist
SELECT * FROM `hx_article_class` WHERE id='18'
[2020-12-08 20:52:55] /manage/modules/news/index.php?url=article_list&do=get_xml&pid=&kaishi=2020-10-08&jieshu=2020-10-29&keywords=&pid= ( url=article_list&do=get_xml ) 
ERR: Db Error: Table 'test.hx_article_class' doesn't exist
SELECT * FROM `hx_article_class` WHERE id='10'
[2020-12-08 20:52:55] /manage/modules/news/index.php?url=article_list&do=get_xml&pid=&kaishi=2020-10-08&jieshu=2020-10-29&keywords=&pid= ( url=article_list&do=get_xml ) 
ERR: Db Error: Table 'test.hx_article_class' doesn't exist
SELECT * FROM `hx_article_class` WHERE id='18'
[2020-12-08 20:52:55] /manage/modules/news/index.php?url=article_list&do=get_xml&pid=&kaishi=2020-10-08&jieshu=2020-10-29&keywords=&pid= ( url=article_list&do=get_xml ) 
ERR: Db Error: Table 'test.hx_article_class' doesn't exist
SELECT * FROM `hx_article_class` WHERE id='10'
[2020-12-08 20:52:57] /manage/modules/news/index.php?url=article_class&do=get_xml&pid= ( url=article_class&do=get_xml ) 
ERR: Db Error: Table 'test.hx_article_class' doesn't exist
SELECT COUNT(*) AS nc_count FROM `hx_article_class` WHERE ( pid = '0' ) AND ( isdel = '0' ) ORDER BY rank asc LIMIT 1  
[2020-12-08 20:52:57] /manage/modules/news/index.php?url=article_class&do=get_xml&pid= ( url=article_class&do=get_xml ) 
ERR: Db Error: Table 'test.hx_article_class' doesn't exist
SELECT * FROM `hx_article_class` WHERE ( pid = '0' ) AND ( isdel = '0' ) ORDER BY rank asc LIMIT 0,15  
[2020-12-08 20:52:58] /manage/modules/news/index.php?url=article_class&do=get_xml&pid= ( url=article_class&do=get_xml ) 
ERR: Db Error: Table 'test.hx_article_class' doesn't exist
SELECT COUNT(*) AS nc_count FROM `hx_article_class` WHERE ( pid = '0' ) AND ( isdel = '0' ) ORDER BY rank asc LIMIT 1  
[2020-12-08 20:52:58] /manage/modules/news/index.php?url=article_class&do=get_xml&pid= ( url=article_class&do=get_xml ) 
ERR: Db Error: Table 'test.hx_article_class' doesn't exist
SELECT * FROM `hx_article_class` WHERE ( pid = '0' ) AND ( isdel = '0' ) ORDER BY rank asc LIMIT 0,15  
[2020-12-08 20:53:19] /manage/modules/news/index.php?url=govent_list&do=get_xml&pid=&kaishi=2020-12-01&jieshu=2020-12-09&keywords= ( url=govent_list&do=get_xml ) 
ERR: Db Error: Unknown column 'edittime' in 'where clause'
SELECT COUNT(*) AS nc_count FROM `hx_govent_list` WHERE ( isdel = '0' ) AND (  (edittime BETWEEN '1606752000' AND '1607529599' ) ) ORDER BY id desc LIMIT 1  
[2020-12-08 20:53:19] /manage/modules/news/index.php?url=govent_list&do=get_xml&pid=&kaishi=2020-12-01&jieshu=2020-12-09&keywords= ( url=govent_list&do=get_xml ) 
ERR: Db Error: Unknown column 'edittime' in 'where clause'
SELECT * FROM `hx_govent_list` WHERE ( isdel = '0' ) AND (  (edittime BETWEEN '1606752000' AND '1607529599' ) ) ORDER BY id desc LIMIT 0,15  
[2020-12-08 20:53:35] /manage/modules/news/index.php?url=govent_list&do=get_xml&pid=&kaishi=2020-12-01&jieshu=2020-12-09&keywords= ( url=govent_list&do=get_xml ) 
ERR: Db Error: Unknown column 'edittime' in 'where clause'
SELECT COUNT(*) AS nc_count FROM `hx_govent_list` WHERE ( isdel = '0' ) AND (  (edittime BETWEEN '1606752000' AND '1607529599' ) ) ORDER BY id desc LIMIT 1  
[2020-12-08 20:53:35] /manage/modules/news/index.php?url=govent_list&do=get_xml&pid=&kaishi=2020-12-01&jieshu=2020-12-09&keywords= ( url=govent_list&do=get_xml ) 
ERR: Db Error: Unknown column 'edittime' in 'where clause'
SELECT * FROM `hx_govent_list` WHERE ( isdel = '0' ) AND (  (edittime BETWEEN '1606752000' AND '1607529599' ) ) ORDER BY id desc LIMIT 0,15  
[2020-12-08 20:54:28] /index.php?url=member&do=taskview&id=15 ( url=member&do=taskview ) 
ERR: Db Error: Table 'test.hx_article_class' doesn't exist
SELECT * FROM `hx_article_class` WHERE ( isdel = '0' ) AND ( status = '1' ) AND ( pid = '0' ) AND ( cate = '2' ) ORDER BY rank asc LIMIT 1000  
[2020-12-08 20:55:51] /index.php?url=member&do=index ( url=member&do=index ) 
ERR: Db Error: Table 'test.hx_article_class' doesn't exist
SELECT * FROM `hx_article_class` WHERE ( isdel = '0' ) AND ( status = '1' ) AND ( pid = '0' ) AND ( cate = '2' ) ORDER BY rank asc LIMIT 1000  
[2020-12-08 21:02:02] /index.php?url=member&do=index ( url=member&do=index ) 
ERR: Db Error: Table 'test.hx_article_class' doesn't exist
SELECT * FROM `hx_article_class` WHERE ( isdel = '0' ) AND ( status = '1' ) AND ( pid = '0' ) AND ( cate = '2' ) ORDER BY rank asc LIMIT 1000  
[2020-12-08 21:02:07] /index.php?url=member&do=addviews ( url=member&do=addviews ) 
ERR: Db Error: Table 'test.hx_article_class' doesn't exist
SELECT * FROM `hx_article_class` WHERE ( isdel = '0' ) AND ( status = '1' ) AND ( pid = '0' ) AND ( cate = '2' ) ORDER BY rank asc LIMIT 1000  
[2020-12-08 21:02:07] /index.php?url=member&do=addviews ( url=member&do=addviews ) 
ERR: Db Error: Table 'test.hx_article_class' doesn't exist
SELECT * FROM hx_article_class where pid=0 and isdel=0 and isfabu=1 ORDER by rank asc 
[2020-12-08 21:02:46] /index.php?url=member&do=addviews ( url=member&do=addviews ) 
ERR: Db Error: Table 'test.hx_article_class' doesn't exist
SELECT * FROM `hx_article_class` WHERE ( isdel = '0' ) AND ( status = '1' ) AND ( pid = '0' ) AND ( cate = '2' ) ORDER BY rank asc LIMIT 1000  
[2020-12-08 21:02:46] /index.php?url=member&do=addviews ( url=member&do=addviews ) 
ERR: Db Error: Table 'test.hx_article_class' doesn't exist
SELECT * FROM hx_article_class where pid=0 and isdel=0 and isfabu=1 ORDER by rank asc 
[2020-12-08 21:02:47] /index.php?url=member&do=task ( url=member&do=task ) 
ERR: Db Error: Table 'test.hx_article_class' doesn't exist
SELECT * FROM `hx_article_class` WHERE ( isdel = '0' ) AND ( status = '1' ) AND ( pid = '0' ) AND ( cate = '2' ) ORDER BY rank asc LIMIT 1000  
[2020-12-08 21:02:49] /index.php?url=member&do=task ( url=member&do=task ) 
ERR: Db Error: Table 'test.hx_article_class' doesn't exist
SELECT * FROM `hx_article_class` WHERE ( isdel = '0' ) AND ( status = '1' ) AND ( pid = '0' ) AND ( cate = '2' ) ORDER BY rank asc LIMIT 1000  
[2020-12-08 21:03:47] /index.php?url=member&do=task ( url=member&do=task ) 
ERR: Db Error: Table 'test.hx_article_class' doesn't exist
SELECT * FROM `hx_article_class` WHERE ( isdel = '0' ) AND ( status = '1' ) AND ( pid = '0' ) AND ( cate = '2' ) ORDER BY rank asc LIMIT 1000  
[2020-12-08 21:03:51] /index.php?url=member&do=task ( url=member&do=task ) 
ERR: Db Error: Table 'test.hx_article_class' doesn't exist
SELECT * FROM `hx_article_class` WHERE ( isdel = '0' ) AND ( status = '1' ) AND ( pid = '0' ) AND ( cate = '2' ) ORDER BY rank asc LIMIT 1000  
[2020-12-08 21:03:56] /index.php?url=member&do=task ( url=member&do=task ) 
ERR: Db Error: Table 'test.hx_article_class' doesn't exist
SELECT * FROM `hx_article_class` WHERE ( isdel = '0' ) AND ( status = '1' ) AND ( pid = '0' ) AND ( cate = '2' ) ORDER BY rank asc LIMIT 1000  
[2020-12-08 21:04:25] /index.php?url=member&do=index ( url=member&do=index ) 
ERR: Db Error: Table 'test.hx_article_class' doesn't exist
SELECT * FROM `hx_article_class` WHERE ( isdel = '0' ) AND ( status = '1' ) AND ( pid = '0' ) AND ( cate = '2' ) ORDER BY rank asc LIMIT 1000  
[2020-12-08 21:09:35] /index.php?url=member&do=index ( url=member&do=index ) 
ERR: Db Error: Table 'test.hx_article_class' doesn't exist
SELECT * FROM `hx_article_class` WHERE ( isdel = '0' ) AND ( status = '1' ) AND ( pid = '0' ) AND ( cate = '2' ) ORDER BY rank asc LIMIT 1000  
[2020-12-08 21:09:52] /index.php?url=onlines&do=add ( url=onlines&do=add ) 
ERR: Db Error: Table 'test.hx_article_class' doesn't exist
SELECT * FROM `hx_article_class` WHERE ( isdel = '0' ) AND ( status = '1' ) AND ( pid = '0' ) AND ( cate = '2' ) ORDER BY rank asc LIMIT 1000  
[2020-12-08 21:11:20] /index.php?url=member&do=index ( url=member&do=index ) 
ERR: Db Error: Table 'test.hx_article_class' doesn't exist
SELECT * FROM `hx_article_class` WHERE ( isdel = '0' ) AND ( status = '1' ) AND ( pid = '0' ) AND ( cate = '2' ) ORDER BY rank asc LIMIT 1000  
[2020-12-08 21:11:34] /index.php?url=member&do=index ( url=member&do=index ) 
ERR: Db Error: Table 'test.hx_article_class' doesn't exist
SELECT * FROM `hx_article_class` WHERE ( isdel = '0' ) AND ( status = '1' ) AND ( pid = '0' ) AND ( cate = '2' ) ORDER BY rank asc LIMIT 1000  
[2020-12-08 21:12:21] /index.php?url=member&do=index ( url=member&do=index ) 
ERR: Db Error: Table 'test.hx_article_class' doesn't exist
SELECT * FROM `hx_article_class` WHERE ( isdel = '0' ) AND ( status = '1' ) AND ( pid = '0' ) AND ( cate = '2' ) ORDER BY rank asc LIMIT 1000  
[2020-12-08 21:12:23] /index.php?url=member&do=message ( url=member&do=message ) 
ERR: Db Error: Table 'test.hx_article_class' doesn't exist
SELECT * FROM `hx_article_class` WHERE ( isdel = '0' ) AND ( status = '1' ) AND ( pid = '0' ) AND ( cate = '2' ) ORDER BY rank asc LIMIT 1000  
[2020-12-08 21:12:25] /index.php?url=member&do=task ( url=member&do=task ) 
ERR: Db Error: Table 'test.hx_article_class' doesn't exist
SELECT * FROM `hx_article_class` WHERE ( isdel = '0' ) AND ( status = '1' ) AND ( pid = '0' ) AND ( cate = '2' ) ORDER BY rank asc LIMIT 1000  
[2020-12-08 21:12:28] /index.php?url=member&do=addviews ( url=member&do=addviews ) 
ERR: Db Error: Table 'test.hx_article_class' doesn't exist
SELECT * FROM `hx_article_class` WHERE ( isdel = '0' ) AND ( status = '1' ) AND ( pid = '0' ) AND ( cate = '2' ) ORDER BY rank asc LIMIT 1000  
[2020-12-08 21:12:28] /index.php?url=member&do=addviews ( url=member&do=addviews ) 
ERR: Db Error: Table 'test.hx_article_class' doesn't exist
SELECT * FROM hx_article_class where pid=0 and isdel=0 and isfabu=1 ORDER by rank asc 
[2020-12-08 21:12:30] /index.php?url=member&do=message ( url=member&do=message ) 
ERR: Db Error: Table 'test.hx_article_class' doesn't exist
SELECT * FROM `hx_article_class` WHERE ( isdel = '0' ) AND ( status = '1' ) AND ( pid = '0' ) AND ( cate = '2' ) ORDER BY rank asc LIMIT 1000  
[2020-12-08 21:12:31] /index.php?url=member&do=message ( url=member&do=message ) 
ERR: Db Error: Table 'test.hx_article_class' doesn't exist
SELECT * FROM `hx_article_class` WHERE ( isdel = '0' ) AND ( status = '1' ) AND ( pid = '0' ) AND ( cate = '2' ) ORDER BY rank asc LIMIT 1000  
