[2020-08-26 01:43:30] / ( url=index&do=index ) 
ERR: Db Error: Table 'jianglou.hx_Array' doesn't exist
SELECT * FROM hx_Array where pid=11 and status=1 and isdel=0 ORDER by rank asc 
[2020-08-26 01:43:30] / ( url=index&do=index ) 
ERR: Db Error: Table 'jianglou.hx_Array' doesn't exist
SELECT * FROM hx_Array where pid=12 and status=1 and isdel=0 ORDER by rank asc 
[2020-08-26 01:43:30] / ( url=index&do=index ) 
ERR: Db Error: Table 'jianglou.hx_Array' doesn't exist
SELECT * FROM hx_Array where pid=13 and status=1 and isdel=0 ORDER by rank asc 
[2020-08-26 01:43:30] / ( url=index&do=index ) 
ERR: Db Error: Table 'jianglou.hx_Array' doesn't exist
SELECT * FROM hx_Array where pid=14 and status=1 and isdel=0 ORDER by rank asc 
[2020-08-26 01:43:30] / ( url=index&do=index ) 
ERR: Db Error: Table 'jianglou.hx_Array' doesn't exist
SELECT * FROM hx_Array where pid=15 and status=1 and isdel=0 ORDER by rank asc 
[2020-08-26 01:43:30] / ( url=index&do=index ) 
ERR: Db Error: Table 'jianglou.hx_Array' doesn't exist
SELECT * FROM hx_Array where pid=16 and status=1 and isdel=0 ORDER by rank asc 
[2020-08-26 01:43:30] / ( url=index&do=index ) 
ERR: Db Error: Table 'jianglou.hx_Array' doesn't exist
SELECT * FROM hx_Array where pid=17 and status=1 and isdel=0 ORDER by rank asc 
[2020-08-26 01:49:04] / ( url=index&do=index ) 
ERR: Db Error: Table 'jianglou.hx_Array' doesn't exist
SELECT * FROM hx_Array where pid=11 and status=1 and isdel=0 ORDER by rank asc 
[2020-08-26 01:49:04] / ( url=index&do=index ) 
ERR: Db Error: Table 'jianglou.hx_Array' doesn't exist
SELECT * FROM hx_Array where pid=12 and status=1 and isdel=0 ORDER by rank asc 
[2020-08-26 01:49:04] / ( url=index&do=index ) 
ERR: Db Error: Table 'jianglou.hx_Array' doesn't exist
SELECT * FROM hx_Array where pid=13 and status=1 and isdel=0 ORDER by rank asc 
[2020-08-26 01:49:04] / ( url=index&do=index ) 
ERR: Db Error: Table 'jianglou.hx_Array' doesn't exist
SELECT * FROM hx_Array where pid=14 and status=1 and isdel=0 ORDER by rank asc 
[2020-08-26 01:49:04] / ( url=index&do=index ) 
ERR: Db Error: Table 'jianglou.hx_Array' doesn't exist
SELECT * FROM hx_Array where pid=15 and status=1 and isdel=0 ORDER by rank asc 
[2020-08-26 01:49:04] / ( url=index&do=index ) 
ERR: Db Error: Table 'jianglou.hx_Array' doesn't exist
SELECT * FROM hx_Array where pid=16 and status=1 and isdel=0 ORDER by rank asc 
[2020-08-26 01:49:04] / ( url=index&do=index ) 
ERR: Db Error: Table 'jianglou.hx_Array' doesn't exist
SELECT * FROM hx_Array where pid=17 and status=1 and isdel=0 ORDER by rank asc 
[2020-08-26 01:51:29] / ( url=index&do=index ) 
ERR: Db Error: Table 'jianglou.hx_Array' doesn't exist
SELECT * FROM hx_Array where pid=11 and status=1 and isdel=0 ORDER by rank asc 
[2020-08-26 01:51:29] / ( url=index&do=index ) 
ERR: Db Error: Table 'jianglou.hx_Array' doesn't exist
SELECT * FROM hx_Array where pid=12 and status=1 and isdel=0 ORDER by rank asc 
[2020-08-26 01:51:29] / ( url=index&do=index ) 
ERR: Db Error: Table 'jianglou.hx_Array' doesn't exist
SELECT * FROM hx_Array where pid=13 and status=1 and isdel=0 ORDER by rank asc 
[2020-08-26 01:51:29] / ( url=index&do=index ) 
ERR: Db Error: Table 'jianglou.hx_Array' doesn't exist
SELECT * FROM hx_Array where pid=14 and status=1 and isdel=0 ORDER by rank asc 
[2020-08-26 01:51:29] / ( url=index&do=index ) 
ERR: Db Error: Table 'jianglou.hx_Array' doesn't exist
SELECT * FROM hx_Array where pid=15 and status=1 and isdel=0 ORDER by rank asc 
[2020-08-26 01:51:29] / ( url=index&do=index ) 
ERR: Db Error: Table 'jianglou.hx_Array' doesn't exist
SELECT * FROM hx_Array where pid=16 and status=1 and isdel=0 ORDER by rank asc 
[2020-08-26 01:51:29] / ( url=index&do=index ) 
ERR: Db Error: Table 'jianglou.hx_Array' doesn't exist
SELECT * FROM hx_Array where pid=17 and status=1 and isdel=0 ORDER by rank asc 
[2020-08-26 08:21:17] /index.php?url=news&do=index ( url=news&do=index ) 
ERR: Db Error: You have an error in your SQL syntax; check the manual that corresponds to your MySQL server version for the right syntax to use near 'and status=1 and isdel=0 ORDER by rank asc' at line 1
SELECT * FROM hx_article_class where pid= and status=1 and isdel=0 ORDER by rank asc 
[2020-08-26 08:24:24] /index.php?url=news&do=index ( url=news&do=index ) 
ERR: Db Error: You have an error in your SQL syntax; check the manual that corresponds to your MySQL server version for the right syntax to use near 'and status=1 and isdel=0 ORDER by rank asc' at line 1
SELECT * FROM hx_article_class where pid= and status=1 and isdel=0 ORDER by rank asc 
[2020-08-26 08:30:16] /index.php?url=news&do=index ( url=news&do=index ) 
ERR: Db Error: You have an error in your SQL syntax; check the manual that corresponds to your MySQL server version for the right syntax to use near 'and status=1 and isdel=0 ORDER by rank asc' at line 1
SELECT * FROM hx_article_class where pid= and status=1 and isdel=0 ORDER by rank asc 
[2020-08-26 08:53:29] / ( url=index&do=index ) 
ERR: Db Error: Table 'jianglou.hx_Array' doesn't exist
SELECT * FROM hx_Array where pid=11 and status=1 and isdel=0 ORDER by rank asc 
[2020-08-26 08:53:29] / ( url=index&do=index ) 
ERR: Db Error: Table 'jianglou.hx_Array' doesn't exist
SELECT * FROM hx_Array where pid=12 and status=1 and isdel=0 ORDER by rank asc 
[2020-08-26 08:53:29] / ( url=index&do=index ) 
ERR: Db Error: Table 'jianglou.hx_Array' doesn't exist
SELECT * FROM hx_Array where pid=13 and status=1 and isdel=0 ORDER by rank asc 
[2020-08-26 08:53:29] / ( url=index&do=index ) 
ERR: Db Error: Table 'jianglou.hx_Array' doesn't exist
SELECT * FROM hx_Array where pid=14 and status=1 and isdel=0 ORDER by rank asc 
[2020-08-26 08:53:29] / ( url=index&do=index ) 
ERR: Db Error: Table 'jianglou.hx_Array' doesn't exist
SELECT * FROM hx_Array where pid=15 and status=1 and isdel=0 ORDER by rank asc 
[2020-08-26 08:53:29] / ( url=index&do=index ) 
ERR: Db Error: Table 'jianglou.hx_Array' doesn't exist
SELECT * FROM hx_Array where pid=16 and status=1 and isdel=0 ORDER by rank asc 
[2020-08-26 08:53:29] / ( url=index&do=index ) 
ERR: Db Error: Table 'jianglou.hx_Array' doesn't exist
SELECT * FROM hx_Array where pid=17 and status=1 and isdel=0 ORDER by rank asc 
[2020-08-26 08:55:11] / ( url=index&do=index ) 
ERR: Db Error: Table 'jianglou.hx_Array' doesn't exist
SELECT * FROM hx_Array where pid=11 and status=1 and isdel=0 ORDER by rank asc 
[2020-08-26 08:55:11] / ( url=index&do=index ) 
ERR: Db Error: Table 'jianglou.hx_Array' doesn't exist
SELECT * FROM hx_Array where pid=12 and status=1 and isdel=0 ORDER by rank asc 
[2020-08-26 08:55:11] / ( url=index&do=index ) 
ERR: Db Error: Table 'jianglou.hx_Array' doesn't exist
SELECT * FROM hx_Array where pid=13 and status=1 and isdel=0 ORDER by rank asc 
[2020-08-26 08:55:11] / ( url=index&do=index ) 
ERR: Db Error: Table 'jianglou.hx_Array' doesn't exist
SELECT * FROM hx_Array where pid=14 and status=1 and isdel=0 ORDER by rank asc 
[2020-08-26 08:55:11] / ( url=index&do=index ) 
ERR: Db Error: Table 'jianglou.hx_Array' doesn't exist
SELECT * FROM hx_Array where pid=15 and status=1 and isdel=0 ORDER by rank asc 
[2020-08-26 08:55:11] / ( url=index&do=index ) 
ERR: Db Error: Table 'jianglou.hx_Array' doesn't exist
SELECT * FROM hx_Array where pid=16 and status=1 and isdel=0 ORDER by rank asc 
[2020-08-26 08:55:11] / ( url=index&do=index ) 
ERR: Db Error: Table 'jianglou.hx_Array' doesn't exist
SELECT * FROM hx_Array where pid=17 and status=1 and isdel=0 ORDER by rank asc 
[2020-08-26 09:04:27] / ( url=index&do=index ) 
ERR: Db Error: Table 'jianglou.hx_Array' doesn't exist
SELECT * FROM hx_Array where pid=11 and status=1 and isdel=0 ORDER by rank asc 
[2020-08-26 09:04:27] / ( url=index&do=index ) 
ERR: Db Error: Table 'jianglou.hx_Array' doesn't exist
SELECT * FROM hx_Array where pid=12 and status=1 and isdel=0 ORDER by rank asc 
[2020-08-26 09:04:27] / ( url=index&do=index ) 
ERR: Db Error: Table 'jianglou.hx_Array' doesn't exist
SELECT * FROM hx_Array where pid=13 and status=1 and isdel=0 ORDER by rank asc 
[2020-08-26 09:04:27] / ( url=index&do=index ) 
ERR: Db Error: Table 'jianglou.hx_Array' doesn't exist
SELECT * FROM hx_Array where pid=14 and status=1 and isdel=0 ORDER by rank asc 
[2020-08-26 09:04:27] / ( url=index&do=index ) 
ERR: Db Error: Table 'jianglou.hx_Array' doesn't exist
SELECT * FROM hx_Array where pid=15 and status=1 and isdel=0 ORDER by rank asc 
[2020-08-26 09:04:27] / ( url=index&do=index ) 
ERR: Db Error: Table 'jianglou.hx_Array' doesn't exist
SELECT * FROM hx_Array where pid=16 and status=1 and isdel=0 ORDER by rank asc 
[2020-08-26 09:04:27] / ( url=index&do=index ) 
ERR: Db Error: Table 'jianglou.hx_Array' doesn't exist
SELECT * FROM hx_Array where pid=17 and status=1 and isdel=0 ORDER by rank asc 
[2020-08-26 09:05:52] /manage/modules/news/index.php?url=onlinehelp_list&do=get_xml&pid= ( url=onlinehelp_list&do=get_xml ) 
ERR: Db Error: Table 'jianglou.hx_onlinehelp_list' doesn't exist
SELECT COUNT(*) AS nc_count FROM `hx_onlinehelp_list` WHERE ( isdel = '0' ) ORDER BY id desc LIMIT 1  
[2020-08-26 09:05:52] /manage/modules/news/index.php?url=onlinehelp_list&do=get_xml&pid= ( url=onlinehelp_list&do=get_xml ) 
ERR: Db Error: Table 'jianglou.hx_onlinehelp_list' doesn't exist
SELECT * FROM `hx_onlinehelp_list` WHERE ( isdel = '0' ) ORDER BY id desc LIMIT 0,15  
[2020-08-26 09:05:55] /manage/modules/news/index.php?url=onlinehelp_list&do=get_xml&pid= ( url=onlinehelp_list&do=get_xml ) 
ERR: Db Error: Table 'jianglou.hx_onlinehelp_list' doesn't exist
SELECT COUNT(*) AS nc_count FROM `hx_onlinehelp_list` WHERE ( isdel = '0' ) ORDER BY id desc LIMIT 1  
[2020-08-26 09:05:55] /manage/modules/news/index.php?url=onlinehelp_list&do=get_xml&pid= ( url=onlinehelp_list&do=get_xml ) 
ERR: Db Error: Table 'jianglou.hx_onlinehelp_list' doesn't exist
SELECT * FROM `hx_onlinehelp_list` WHERE ( isdel = '0' ) ORDER BY id desc LIMIT 0,15  
[2020-08-26 09:06:24] /manage/modules/news/index.php?url=onlinehelp_list&do=get_xml&pid= ( url=onlinehelp_list&do=get_xml ) 
ERR: Db Error: Table 'jianglou.hx_onlinehelp_list' doesn't exist
SELECT COUNT(*) AS nc_count FROM `hx_onlinehelp_list` WHERE ( isdel = '0' ) ORDER BY id desc LIMIT 1  
[2020-08-26 09:06:24] /manage/modules/news/index.php?url=onlinehelp_list&do=get_xml&pid= ( url=onlinehelp_list&do=get_xml ) 
ERR: Db Error: Table 'jianglou.hx_onlinehelp_list' doesn't exist
SELECT * FROM `hx_onlinehelp_list` WHERE ( isdel = '0' ) ORDER BY id desc LIMIT 0,15  
[2020-08-26 09:11:04] /manage/modules/news/index.php?url=onlinehelp_list&do=get_xml&pid= ( url=onlinehelp_list&do=get_xml ) 
ERR: Db Error: Table 'jianglou.hx_onlinehelp_list' doesn't exist
SELECT COUNT(*) AS nc_count FROM `hx_onlinehelp_list` WHERE ( isdel = '0' ) ORDER BY id desc LIMIT 1  
[2020-08-26 09:11:04] /manage/modules/news/index.php?url=onlinehelp_list&do=get_xml&pid= ( url=onlinehelp_list&do=get_xml ) 
ERR: Db Error: Table 'jianglou.hx_onlinehelp_list' doesn't exist
SELECT * FROM `hx_onlinehelp_list` WHERE ( isdel = '0' ) ORDER BY id desc LIMIT 0,15  
[2020-08-26 09:11:51] / ( url=index&do=index ) 
ERR: Db Error: Table 'jianglou.hx_Array' doesn't exist
SELECT * FROM hx_Array where pid=11 and status=1 and isdel=0 ORDER by rank asc 
[2020-08-26 09:11:51] / ( url=index&do=index ) 
ERR: Db Error: Table 'jianglou.hx_Array' doesn't exist
SELECT * FROM hx_Array where pid=12 and status=1 and isdel=0 ORDER by rank asc 
[2020-08-26 09:11:51] / ( url=index&do=index ) 
ERR: Db Error: Table 'jianglou.hx_Array' doesn't exist
SELECT * FROM hx_Array where pid=13 and status=1 and isdel=0 ORDER by rank asc 
[2020-08-26 09:11:51] / ( url=index&do=index ) 
ERR: Db Error: Table 'jianglou.hx_Array' doesn't exist
SELECT * FROM hx_Array where pid=14 and status=1 and isdel=0 ORDER by rank asc 
[2020-08-26 09:11:51] / ( url=index&do=index ) 
ERR: Db Error: Table 'jianglou.hx_Array' doesn't exist
SELECT * FROM hx_Array where pid=15 and status=1 and isdel=0 ORDER by rank asc 
[2020-08-26 09:11:51] / ( url=index&do=index ) 
ERR: Db Error: Table 'jianglou.hx_Array' doesn't exist
SELECT * FROM hx_Array where pid=16 and status=1 and isdel=0 ORDER by rank asc 
[2020-08-26 09:11:51] / ( url=index&do=index ) 
ERR: Db Error: Table 'jianglou.hx_Array' doesn't exist
SELECT * FROM hx_Array where pid=17 and status=1 and isdel=0 ORDER by rank asc 
[2020-08-26 09:17:43] /manage/modules/news/index.php?url=onlinehelp_list&do=get_xml&pid= ( url=onlinehelp_list&do=get_xml ) 
ERR: Db Error: Table 'jianglou.hx_onlinehelp_list' doesn't exist
SELECT COUNT(*) AS nc_count FROM `hx_onlinehelp_list` WHERE ( isdel = '0' ) ORDER BY id desc LIMIT 1  
[2020-08-26 09:17:43] /manage/modules/news/index.php?url=onlinehelp_list&do=get_xml&pid= ( url=onlinehelp_list&do=get_xml ) 
ERR: Db Error: Table 'jianglou.hx_onlinehelp_list' doesn't exist
SELECT * FROM `hx_onlinehelp_list` WHERE ( isdel = '0' ) ORDER BY id desc LIMIT 0,15  
[2020-08-26 09:18:24] /manage/modules/organ/index.php?url=office_list&do=edit&id=1 ( url=office_list&do=edit ) 
ERR: Db Error: Unknown column 'shorttile' in 'field list'
UPDATE `hx_office_list` SET pid='3',rank='1',title='党代表',shorttile='',intro='',content='',pic='/data/upload/article/20200812/9926085.jpg',url='',edittime='1598404704',editor='7',clicks='26',ip='61.133.116.70',seo_title='',seo_keywords='',seo_description='' WHERE ( id = '1' )
[2020-08-26 09:18:54] /manage/modules/organ/index.php?url=office_list&do=edit&id=1 ( url=office_list&do=edit ) 
ERR: Db Error: Unknown column 'shorttile' in 'field list'
UPDATE `hx_office_list` SET pid='3',rank='1',title='党代表',shorttile='',intro='党支部',content='',pic='/data/upload/article/20200812/9926085.jpg',url='',edittime='1598404734',editor='7',clicks='571',ip='61.133.116.70',seo_title='',seo_keywords='',seo_description='' WHERE ( id = '1' )
[2020-08-26 09:36:58] /index.php?url=news&do=index ( url=news&do=index ) 
ERR: Db Error: You have an error in your SQL syntax; check the manual that corresponds to your MySQL server version for the right syntax to use near 'and status=1 and isdel=0 ORDER by rank asc' at line 1
SELECT * FROM hx_article_class where pid= and status=1 and isdel=0 ORDER by rank asc 
[2020-08-26 09:48:35] /index.php?url=news&do=index ( url=news&do=index ) 
ERR: Db Error: You have an error in your SQL syntax; check the manual that corresponds to your MySQL server version for the right syntax to use near 'and status=1 and isdel=0 ORDER by rank asc' at line 1
SELECT * FROM hx_article_class where pid= and status=1 and isdel=0 ORDER by rank asc 
[2020-08-26 09:48:45] / ( url=index&do=index ) 
ERR: Db Error: Table 'jianglou.hx_Array' doesn't exist
SELECT * FROM hx_Array where pid=11 and status=1 and isdel=0 ORDER by rank asc 
[2020-08-26 09:48:45] / ( url=index&do=index ) 
ERR: Db Error: Table 'jianglou.hx_Array' doesn't exist
SELECT * FROM hx_Array where pid=12 and status=1 and isdel=0 ORDER by rank asc 
[2020-08-26 09:48:45] / ( url=index&do=index ) 
ERR: Db Error: Table 'jianglou.hx_Array' doesn't exist
SELECT * FROM hx_Array where pid=13 and status=1 and isdel=0 ORDER by rank asc 
[2020-08-26 09:48:45] / ( url=index&do=index ) 
ERR: Db Error: Table 'jianglou.hx_Array' doesn't exist
SELECT * FROM hx_Array where pid=14 and status=1 and isdel=0 ORDER by rank asc 
[2020-08-26 09:48:45] / ( url=index&do=index ) 
ERR: Db Error: Table 'jianglou.hx_Array' doesn't exist
SELECT * FROM hx_Array where pid=15 and status=1 and isdel=0 ORDER by rank asc 
[2020-08-26 09:48:45] / ( url=index&do=index ) 
ERR: Db Error: Table 'jianglou.hx_Array' doesn't exist
SELECT * FROM hx_Array where pid=16 and status=1 and isdel=0 ORDER by rank asc 
[2020-08-26 09:48:45] / ( url=index&do=index ) 
ERR: Db Error: Table 'jianglou.hx_Array' doesn't exist
SELECT * FROM hx_Array where pid=17 and status=1 and isdel=0 ORDER by rank asc 
[2020-08-26 10:07:14] /index.php?url=online&do=answer&id=5 ( url=online&do=answer ) 
ERR: Db Error: Table 'jianglou.hx_answer_list' doesn't exist
SELECT * FROM `hx_answer_list` LIMIT 30  
[2020-08-26 10:08:11] / ( url=index&do=index ) 
ERR: Db Error: Table 'jianglou.hx_Array' doesn't exist
SELECT * FROM hx_Array where pid=11 and status=1 and isdel=0 ORDER by rank asc 
[2020-08-26 10:08:11] / ( url=index&do=index ) 
ERR: Db Error: Table 'jianglou.hx_Array' doesn't exist
SELECT * FROM hx_Array where pid=12 and status=1 and isdel=0 ORDER by rank asc 
[2020-08-26 10:08:11] / ( url=index&do=index ) 
ERR: Db Error: Table 'jianglou.hx_Array' doesn't exist
SELECT * FROM hx_Array where pid=13 and status=1 and isdel=0 ORDER by rank asc 
[2020-08-26 10:08:11] / ( url=index&do=index ) 
ERR: Db Error: Table 'jianglou.hx_Array' doesn't exist
SELECT * FROM hx_Array where pid=14 and status=1 and isdel=0 ORDER by rank asc 
[2020-08-26 10:08:11] / ( url=index&do=index ) 
ERR: Db Error: Table 'jianglou.hx_Array' doesn't exist
SELECT * FROM hx_Array where pid=15 and status=1 and isdel=0 ORDER by rank asc 
[2020-08-26 10:08:11] / ( url=index&do=index ) 
ERR: Db Error: Table 'jianglou.hx_Array' doesn't exist
SELECT * FROM hx_Array where pid=16 and status=1 and isdel=0 ORDER by rank asc 
[2020-08-26 10:08:11] / ( url=index&do=index ) 
ERR: Db Error: Table 'jianglou.hx_Array' doesn't exist
SELECT * FROM hx_Array where pid=17 and status=1 and isdel=0 ORDER by rank asc 
[2020-08-26 10:08:26] /index.php?url=online&do=answer&id=5 ( url=online&do=answer ) 
ERR: Db Error: Table 'jianglou.hx_answer_list' doesn't exist
SELECT * FROM `hx_answer_list` LIMIT 30  
[2020-08-26 10:09:48] /index.php?url=online&do=answer&id=5 ( url=online&do=answer ) 
ERR: Db Error: Table 'jianglou.hx_answer_list' doesn't exist
SELECT * FROM `hx_answer_list` LIMIT 30  
[2020-08-26 10:10:21] /index.php?url=online&do=answer&id=5 ( url=online&do=answer ) 
ERR: Db Error: Table 'jianglou.hx_answer_list' doesn't exist
SELECT * FROM `hx_answer_list` LIMIT 30  
[2020-08-26 10:13:02] /index.php?url=online&do=answer&id=5 ( url=online&do=answer ) 
ERR: Db Error: Table 'jianglou.hx_answer_list' doesn't exist
SELECT * FROM `hx_answer_list` LIMIT 30  
[2020-08-26 10:13:24] /index.php?url=online&do=answer&id=5 ( url=online&do=answer ) 
ERR: Db Error: Table 'jianglou.hx_answer_list' doesn't exist
SELECT * FROM `hx_answer_list` LIMIT 30  
[2020-08-26 10:19:57] /manage/modules/news/index.php?url=onlinehelp_list&do=get_xml&pid= ( url=onlinehelp_list&do=get_xml ) 
ERR: Db Error: Table 'jianglou.hx_onlinehelp_list' doesn't exist
SELECT COUNT(*) AS nc_count FROM `hx_onlinehelp_list` WHERE ( isdel = '0' ) ORDER BY id desc LIMIT 1  
[2020-08-26 10:19:57] /manage/modules/news/index.php?url=onlinehelp_list&do=get_xml&pid= ( url=onlinehelp_list&do=get_xml ) 
ERR: Db Error: Table 'jianglou.hx_onlinehelp_list' doesn't exist
SELECT * FROM `hx_onlinehelp_list` WHERE ( isdel = '0' ) ORDER BY id desc LIMIT 0,15  
[2020-08-26 10:25:10] /index.php?url=online&do=answer&id=5 ( url=online&do=answer ) 
ERR: Db Error: Table 'jianglou.hx_answer_list' doesn't exist
SELECT * FROM `hx_answer_list` LIMIT 30  
[2020-08-26 10:38:56] /index.php?url=online&do=answer&id=5 ( url=online&do=answer ) 
ERR: Db Error: Table 'jianglou.hx_answer_list' doesn't exist
SELECT * FROM `hx_answer_list` LIMIT 30  
[2020-08-26 10:39:31] /index.php?url=online&do=answer&id=5 ( url=online&do=answer ) 
ERR: Db Error: Table 'jianglou.hx_answer_list' doesn't exist
SELECT * FROM `hx_answer_list` LIMIT 30  
[2020-08-26 10:42:47] /index.php?url=online&do=answer&id=5 ( url=online&do=answer ) 
ERR: Db Error: Table 'jianglou.hx_answer_list' doesn't exist
SELECT * FROM `hx_answer_list` WHERE ( online_id = '5' ) LIMIT 1000  
[2020-08-26 10:42:54] /index.php?url=online&do=answer&id=10 ( url=online&do=answer ) 
ERR: Db Error: Table 'jianglou.hx_answer_list' doesn't exist
SELECT * FROM `hx_answer_list` WHERE ( online_id = '10' ) LIMIT 1000  
[2020-08-26 10:43:03] /index.php?url=online&do=answer&id=5 ( url=online&do=answer ) 
ERR: Db Error: Table 'jianglou.hx_answer_list' doesn't exist
SELECT * FROM `hx_answer_list` WHERE ( online_id = '5' ) LIMIT 1000  
[2020-08-26 10:43:10] /index.php?url=online&do=answer&id=5 ( url=online&do=answer ) 
ERR: Db Error: Table 'jianglou.hx_answer_list' doesn't exist
SELECT * FROM `hx_answer_list` WHERE ( onlineid = '5' ) LIMIT 1000  
[2020-08-26 11:01:30] /manage/modules/news/index.php?url=onlinehelp_list&do=get_xml&pid= ( url=onlinehelp_list&do=get_xml ) 
ERR: Db Error: Table 'jianglou.hx_onlinehelp_list' doesn't exist
SELECT COUNT(*) AS nc_count FROM `hx_onlinehelp_list` WHERE ( isdel = '0' ) ORDER BY id desc LIMIT 1  
[2020-08-26 11:01:30] /manage/modules/news/index.php?url=onlinehelp_list&do=get_xml&pid= ( url=onlinehelp_list&do=get_xml ) 
ERR: Db Error: Table 'jianglou.hx_onlinehelp_list' doesn't exist
SELECT * FROM `hx_onlinehelp_list` WHERE ( isdel = '0' ) ORDER BY id desc LIMIT 0,15  
[2020-08-26 11:02:48] / ( url=index&do=index ) 
ERR: Db Error: Table 'jianglou.hx_Array' doesn't exist
SELECT * FROM hx_Array where pid=11 and status=1 and isdel=0 ORDER by rank asc 
[2020-08-26 11:02:48] / ( url=index&do=index ) 
ERR: Db Error: Table 'jianglou.hx_Array' doesn't exist
SELECT * FROM hx_Array where pid=12 and status=1 and isdel=0 ORDER by rank asc 
[2020-08-26 11:02:48] / ( url=index&do=index ) 
ERR: Db Error: Table 'jianglou.hx_Array' doesn't exist
SELECT * FROM hx_Array where pid=13 and status=1 and isdel=0 ORDER by rank asc 
[2020-08-26 11:02:48] / ( url=index&do=index ) 
ERR: Db Error: Table 'jianglou.hx_Array' doesn't exist
SELECT * FROM hx_Array where pid=14 and status=1 and isdel=0 ORDER by rank asc 
[2020-08-26 11:02:48] / ( url=index&do=index ) 
ERR: Db Error: Table 'jianglou.hx_Array' doesn't exist
SELECT * FROM hx_Array where pid=15 and status=1 and isdel=0 ORDER by rank asc 
[2020-08-26 11:02:48] / ( url=index&do=index ) 
ERR: Db Error: Table 'jianglou.hx_Array' doesn't exist
SELECT * FROM hx_Array where pid=16 and status=1 and isdel=0 ORDER by rank asc 
[2020-08-26 11:02:48] / ( url=index&do=index ) 
ERR: Db Error: Table 'jianglou.hx_Array' doesn't exist
SELECT * FROM hx_Array where pid=17 and status=1 and isdel=0 ORDER by rank asc 
[2020-08-26 11:13:44] /manage/modules/news/index.php?url=onlinehelp_list&do=get_xml&pid= ( url=onlinehelp_list&do=get_xml ) 
ERR: Db Error: Table 'jianglou.hx_onlinehelp_list' doesn't exist
SELECT COUNT(*) AS nc_count FROM `hx_onlinehelp_list` WHERE ( isdel = '0' ) ORDER BY id desc LIMIT 1  
[2020-08-26 11:13:44] /manage/modules/news/index.php?url=onlinehelp_list&do=get_xml&pid= ( url=onlinehelp_list&do=get_xml ) 
ERR: Db Error: Table 'jianglou.hx_onlinehelp_list' doesn't exist
SELECT * FROM `hx_onlinehelp_list` WHERE ( isdel = '0' ) ORDER BY id desc LIMIT 0,15  
[2020-08-26 11:14:11] /index.php?url=news&do=index ( url=news&do=index ) 
ERR: Db Error: You have an error in your SQL syntax; check the manual that corresponds to your MySQL server version for the right syntax to use near 'and status=1 and isdel=0 ORDER by rank asc' at line 1
SELECT * FROM hx_article_class where pid= and status=1 and isdel=0 ORDER by rank asc 
[2020-08-26 11:14:13] /index.php?url=news&do=index ( url=news&do=index ) 
ERR: Db Error: You have an error in your SQL syntax; check the manual that corresponds to your MySQL server version for the right syntax to use near 'and status=1 and isdel=0 ORDER by rank asc' at line 1
SELECT * FROM hx_article_class where pid= and status=1 and isdel=0 ORDER by rank asc 
[2020-08-26 11:14:53] /index.php?url=news&do=index ( url=news&do=index ) 
ERR: Db Error: You have an error in your SQL syntax; check the manual that corresponds to your MySQL server version for the right syntax to use near 'and status=1 and isdel=0 ORDER by rank asc' at line 1
SELECT * FROM hx_article_class where pid= and status=1 and isdel=0 ORDER by rank asc 
[2020-08-26 11:14:55] /index.php?url=news&do=index ( url=news&do=index ) 
ERR: Db Error: You have an error in your SQL syntax; check the manual that corresponds to your MySQL server version for the right syntax to use near 'and status=1 and isdel=0 ORDER by rank asc' at line 1
SELECT * FROM hx_article_class where pid= and status=1 and isdel=0 ORDER by rank asc 
[2020-08-26 11:23:17] /index.php?url=news&do=index ( url=news&do=index ) 
ERR: Db Error: You have an error in your SQL syntax; check the manual that corresponds to your MySQL server version for the right syntax to use near 'and status=1 and isdel=0 ORDER by rank asc' at line 1
SELECT * FROM hx_article_class where pid= and status=1 and isdel=0 ORDER by rank asc 
[2020-08-26 11:24:34] /index.php?url=news&do=index ( url=news&do=index ) 
ERR: Db Error: You have an error in your SQL syntax; check the manual that corresponds to your MySQL server version for the right syntax to use near 'and status=1 and isdel=0 ORDER by rank asc' at line 1
SELECT * FROM hx_article_class where pid= and status=1 and isdel=0 ORDER by rank asc 
[2020-08-26 11:24:35] /index.php?url=news&do=index ( url=news&do=index ) 
ERR: Db Error: You have an error in your SQL syntax; check the manual that corresponds to your MySQL server version for the right syntax to use near 'and status=1 and isdel=0 ORDER by rank asc' at line 1
SELECT * FROM hx_article_class where pid= and status=1 and isdel=0 ORDER by rank asc 
[2020-08-26 11:27:33] /index.php?url=news&do=index ( url=news&do=index ) 
ERR: Db Error: You have an error in your SQL syntax; check the manual that corresponds to your MySQL server version for the right syntax to use near 'and status=1 and isdel=0 ORDER by rank asc' at line 1
SELECT * FROM hx_article_class where pid= and status=1 and isdel=0 ORDER by rank asc 
[2020-08-26 11:28:57] /index.php?url=news&do=index ( url=news&do=index ) 
ERR: Db Error: You have an error in your SQL syntax; check the manual that corresponds to your MySQL server version for the right syntax to use near 'and status=1 and isdel=0 ORDER by rank asc' at line 1
SELECT * FROM hx_article_class where pid= and status=1 and isdel=0 ORDER by rank asc 
[2020-08-26 11:29:48] /index.php?url=news&do=index ( url=news&do=index ) 
ERR: Db Error: You have an error in your SQL syntax; check the manual that corresponds to your MySQL server version for the right syntax to use near 'and status=1 and isdel=0 ORDER by rank asc' at line 1
SELECT * FROM hx_article_class where pid= and status=1 and isdel=0 ORDER by rank asc 
[2020-08-26 11:45:27] /index.php?url=news&do=index ( url=news&do=index ) 
ERR: Db Error: You have an error in your SQL syntax; check the manual that corresponds to your MySQL server version for the right syntax to use near 'and status=1 and isdel=0 ORDER by rank asc' at line 1
SELECT * FROM hx_article_class where pid= and status=1 and isdel=0 ORDER by rank asc 
[2020-08-26 11:45:33] /index.php?url=news&do=index ( url=news&do=index ) 
ERR: Db Error: You have an error in your SQL syntax; check the manual that corresponds to your MySQL server version for the right syntax to use near 'and status=1 and isdel=0 ORDER by rank asc' at line 1
SELECT * FROM hx_article_class where pid= and status=1 and isdel=0 ORDER by rank asc 
[2020-08-26 14:05:56] /index.php?url=news&do=index ( url=news&do=index ) 
ERR: Db Error: You have an error in your SQL syntax; check the manual that corresponds to your MySQL server version for the right syntax to use near 'and status=1 and isdel=0 ORDER by rank asc' at line 1
SELECT * FROM hx_article_class where pid= and status=1 and isdel=0 ORDER by rank asc 
[2020-08-26 14:12:45] /manage/modules/news/index.php?url=onlinehelp_list&do=get_xml&pid= ( url=onlinehelp_list&do=get_xml ) 
ERR: Db Error: Table 'jianglou.hx_onlinehelp_list' doesn't exist
SELECT COUNT(*) AS nc_count FROM `hx_onlinehelp_list` WHERE ( isdel = '0' ) ORDER BY id desc LIMIT 1  
[2020-08-26 14:12:45] /manage/modules/news/index.php?url=onlinehelp_list&do=get_xml&pid= ( url=onlinehelp_list&do=get_xml ) 
ERR: Db Error: Table 'jianglou.hx_onlinehelp_list' doesn't exist
SELECT * FROM `hx_onlinehelp_list` WHERE ( isdel = '0' ) ORDER BY id desc LIMIT 0,15  
[2020-08-26 14:12:54] /index.php?url=news&do=index ( url=news&do=index ) 
ERR: Db Error: You have an error in your SQL syntax; check the manual that corresponds to your MySQL server version for the right syntax to use near 'and status=1 and isdel=0 ORDER by rank asc' at line 1
SELECT * FROM hx_article_class where pid= and status=1 and isdel=0 ORDER by rank asc 
[2020-08-26 14:56:21] /manage/modules/organ/index.php?url=visit_list&do=del&del_id=6 ( url=visit_list&do=del ) 
ERR: Db Error: Unknown column 'isdel' in 'field list'
UPDATE `hx_visit_list` SET isdel='1' WHERE ( id = '6' )
[2020-08-26 15:31:11] /manage/modules/news/index.php?url=onlinehelp_list&do=get_xml&pid= ( url=onlinehelp_list&do=get_xml ) 
ERR: Db Error: Table 'jianglou.hx_onlinehelp_list' doesn't exist
SELECT COUNT(*) AS nc_count FROM `hx_onlinehelp_list` WHERE ( isdel = '0' ) ORDER BY id desc LIMIT 1  
[2020-08-26 15:31:11] /manage/modules/news/index.php?url=onlinehelp_list&do=get_xml&pid= ( url=onlinehelp_list&do=get_xml ) 
ERR: Db Error: Table 'jianglou.hx_onlinehelp_list' doesn't exist
SELECT * FROM `hx_onlinehelp_list` WHERE ( isdel = '0' ) ORDER BY id desc LIMIT 0,15  
[2020-08-26 15:31:13] /manage/modules/news/index.php?url=onlinehelp_list&do=get_xml&pid= ( url=onlinehelp_list&do=get_xml ) 
ERR: Db Error: Table 'jianglou.hx_onlinehelp_list' doesn't exist
SELECT COUNT(*) AS nc_count FROM `hx_onlinehelp_list` WHERE ( isdel = '0' ) ORDER BY id desc LIMIT 1  
[2020-08-26 15:31:13] /manage/modules/news/index.php?url=onlinehelp_list&do=get_xml&pid= ( url=onlinehelp_list&do=get_xml ) 
ERR: Db Error: Table 'jianglou.hx_onlinehelp_list' doesn't exist
SELECT * FROM `hx_onlinehelp_list` WHERE ( isdel = '0' ) ORDER BY id desc LIMIT 0,15  
[2020-08-26 16:23:46] /index.php?url=news&do=index ( url=news&do=index ) 
ERR: Db Error: You have an error in your SQL syntax; check the manual that corresponds to your MySQL server version for the right syntax to use near 'and status=1 and isdel=0 ORDER by rank asc' at line 1
SELECT * FROM hx_article_class where pid= and status=1 and isdel=0 ORDER by rank asc 
[2020-08-26 16:26:14] /index.php?url=news&do=index ( url=news&do=index ) 
ERR: Db Error: You have an error in your SQL syntax; check the manual that corresponds to your MySQL server version for the right syntax to use near 'and status=1 and isdel=0 ORDER by rank asc' at line 1
SELECT * FROM hx_article_class where pid= and status=1 and isdel=0 ORDER by rank asc 
[2020-08-26 16:39:04] /index.php?url=news&do=index&curpage=2 ( url=news&do=index ) 
ERR: Db Error: You have an error in your SQL syntax; check the manual that corresponds to your MySQL server version for the right syntax to use near 'and status=1 and isdel=0 ORDER by rank asc' at line 1
SELECT * FROM hx_article_class where pid= and status=1 and isdel=0 ORDER by rank asc 
[2020-08-26 16:39:12] /index.php?url=news&do=index&pid=9 ( url=news&do=index ) 
ERR: Db Error: Table 'jianglou.hx_Array' doesn't exist
SELECT * FROM hx_Array where pid=16 and status=1 and isdel=0 ORDER by rank asc 
[2020-08-26 16:39:12] /index.php?url=news&do=index&pid=9 ( url=news&do=index ) 
ERR: Db Error: Table 'jianglou.hx_Array' doesn't exist
SELECT * FROM hx_Array where pid=17 and status=1 and isdel=0 ORDER by rank asc 
[2020-08-26 18:27:10] /index.php?url=news&do=index ( url=news&do=index ) 
ERR: Db Error: You have an error in your SQL syntax; check the manual that corresponds to your MySQL server version for the right syntax to use near 'and status=1 and isdel=0 ORDER by rank asc' at line 1
SELECT * FROM hx_article_class where pid= and status=1 and isdel=0 ORDER by rank asc 
[2020-08-26 18:27:28] /index.php?url=news&do=index ( url=news&do=index ) 
ERR: Db Error: You have an error in your SQL syntax; check the manual that corresponds to your MySQL server version for the right syntax to use near 'and status=1 and isdel=0 ORDER by rank asc' at line 1
SELECT * FROM hx_article_class where pid= and status=1 and isdel=0 ORDER by rank asc 
