[2020-09-01 00:34:24] / ( url=index&do=index ) 
ERR: Db Error: Table 'jianglou.hx_Array' doesn't exist
SELECT * FROM hx_Array where pid=11 and status=1 and isdel=0 ORDER by rank asc 
[2020-09-01 00:34:24] / ( url=index&do=index ) 
ERR: Db Error: Table 'jianglou.hx_Array' doesn't exist
SELECT * FROM hx_Array where pid=12 and status=1 and isdel=0 ORDER by rank asc 
[2020-09-01 00:34:24] / ( url=index&do=index ) 
ERR: Db Error: Table 'jianglou.hx_Array' doesn't exist
SELECT * FROM hx_Array where pid=13 and status=1 and isdel=0 ORDER by rank asc 
[2020-09-01 00:34:24] / ( url=index&do=index ) 
ERR: Db Error: Table 'jianglou.hx_Array' doesn't exist
SELECT * FROM hx_Array where pid=14 and status=1 and isdel=0 ORDER by rank asc 
[2020-09-01 00:34:24] / ( url=index&do=index ) 
ERR: Db Error: Table 'jianglou.hx_Array' doesn't exist
SELECT * FROM hx_Array where pid=15 and status=1 and isdel=0 ORDER by rank asc 
[2020-09-01 00:34:24] / ( url=index&do=index ) 
ERR: Db Error: Table 'jianglou.hx_Array' doesn't exist
SELECT * FROM hx_Array where pid=16 and status=1 and isdel=0 ORDER by rank asc 
[2020-09-01 00:34:24] / ( url=index&do=index ) 
ERR: Db Error: Table 'jianglou.hx_Array' doesn't exist
SELECT * FROM hx_Array where pid=17 and status=1 and isdel=0 ORDER by rank asc 
[2020-09-01 09:55:53] /index.php?url=news&do=index ( url=news&do=index ) 
ERR: Db Error: You have an error in your SQL syntax; check the manual that corresponds to your MySQL server version for the right syntax to use near 'and status=1 and isdel=0 ORDER by rank asc' at line 1
SELECT * FROM hx_article_class where pid= and status=1 and isdel=0 ORDER by rank asc 
[2020-09-01 09:55:57] /index.php?url=news&do=index ( url=news&do=index ) 
ERR: Db Error: You have an error in your SQL syntax; check the manual that corresponds to your MySQL server version for the right syntax to use near 'and status=1 and isdel=0 ORDER by rank asc' at line 1
SELECT * FROM hx_article_class where pid= and status=1 and isdel=0 ORDER by rank asc 
[2020-09-01 09:56:07] /index.php?url=news&do=index ( url=news&do=index ) 
ERR: Db Error: You have an error in your SQL syntax; check the manual that corresponds to your MySQL server version for the right syntax to use near 'and status=1 and isdel=0 ORDER by rank asc' at line 1
SELECT * FROM hx_article_class where pid= and status=1 and isdel=0 ORDER by rank asc 
[2020-09-01 10:06:28] /index.php?url=news&do=index ( url=news&do=index ) 
ERR: Db Error: You have an error in your SQL syntax; check the manual that corresponds to your MySQL server version for the right syntax to use near 'and status=1 and isdel=0 ORDER by rank asc' at line 1
SELECT * FROM hx_article_class where pid= and status=1 and isdel=0 ORDER by rank asc 
[2020-09-01 10:07:25] /index.php?url=news&do=index ( url=news&do=index ) 
ERR: Db Error: You have an error in your SQL syntax; check the manual that corresponds to your MySQL server version for the right syntax to use near 'and status=1 and isdel=0 ORDER by rank asc' at line 1
SELECT * FROM hx_article_class where pid= and status=1 and isdel=0 ORDER by rank asc 
[2020-09-01 10:11:22] / ( url=index&do=index ) 
ERR: Db Error: Table 'jianglou.hx_Array' doesn't exist
SELECT * FROM hx_Array where pid=11 and status=1 and isdel=0 ORDER by rank asc 
[2020-09-01 10:11:22] / ( url=index&do=index ) 
ERR: Db Error: Table 'jianglou.hx_Array' doesn't exist
SELECT * FROM hx_Array where pid=12 and status=1 and isdel=0 ORDER by rank asc 
[2020-09-01 10:11:22] / ( url=index&do=index ) 
ERR: Db Error: Table 'jianglou.hx_Array' doesn't exist
SELECT * FROM hx_Array where pid=13 and status=1 and isdel=0 ORDER by rank asc 
[2020-09-01 10:11:22] / ( url=index&do=index ) 
ERR: Db Error: Table 'jianglou.hx_Array' doesn't exist
SELECT * FROM hx_Array where pid=14 and status=1 and isdel=0 ORDER by rank asc 
[2020-09-01 10:11:22] / ( url=index&do=index ) 
ERR: Db Error: Table 'jianglou.hx_Array' doesn't exist
SELECT * FROM hx_Array where pid=15 and status=1 and isdel=0 ORDER by rank asc 
[2020-09-01 10:11:22] / ( url=index&do=index ) 
ERR: Db Error: Table 'jianglou.hx_Array' doesn't exist
SELECT * FROM hx_Array where pid=16 and status=1 and isdel=0 ORDER by rank asc 
[2020-09-01 10:11:22] / ( url=index&do=index ) 
ERR: Db Error: Table 'jianglou.hx_Array' doesn't exist
SELECT * FROM hx_Array where pid=17 and status=1 and isdel=0 ORDER by rank asc 
[2020-09-01 10:12:18] / ( url=index&do=index ) 
ERR: Db Error: Table 'jianglou.hx_Array' doesn't exist
SELECT * FROM hx_Array where pid=11 and status=1 and isdel=0 ORDER by rank asc 
[2020-09-01 10:12:18] / ( url=index&do=index ) 
ERR: Db Error: Table 'jianglou.hx_Array' doesn't exist
SELECT * FROM hx_Array where pid=12 and status=1 and isdel=0 ORDER by rank asc 
[2020-09-01 10:12:18] / ( url=index&do=index ) 
ERR: Db Error: Table 'jianglou.hx_Array' doesn't exist
SELECT * FROM hx_Array where pid=13 and status=1 and isdel=0 ORDER by rank asc 
[2020-09-01 10:12:18] / ( url=index&do=index ) 
ERR: Db Error: Table 'jianglou.hx_Array' doesn't exist
SELECT * FROM hx_Array where pid=14 and status=1 and isdel=0 ORDER by rank asc 
[2020-09-01 10:12:18] / ( url=index&do=index ) 
ERR: Db Error: Table 'jianglou.hx_Array' doesn't exist
SELECT * FROM hx_Array where pid=15 and status=1 and isdel=0 ORDER by rank asc 
[2020-09-01 10:12:18] / ( url=index&do=index ) 
ERR: Db Error: Table 'jianglou.hx_Array' doesn't exist
SELECT * FROM hx_Array where pid=16 and status=1 and isdel=0 ORDER by rank asc 
[2020-09-01 10:12:18] / ( url=index&do=index ) 
ERR: Db Error: Table 'jianglou.hx_Array' doesn't exist
SELECT * FROM hx_Array where pid=17 and status=1 and isdel=0 ORDER by rank asc 
[2020-09-01 10:23:45] / ( url=index&do=index ) 
ERR: Db Error: Table 'jianglou.hx_Array' doesn't exist
SELECT * FROM hx_Array where pid=11 and status=1 and isdel=0 ORDER by rank asc 
[2020-09-01 10:23:45] / ( url=index&do=index ) 
ERR: Db Error: Table 'jianglou.hx_Array' doesn't exist
SELECT * FROM hx_Array where pid=12 and status=1 and isdel=0 ORDER by rank asc 
[2020-09-01 10:23:45] / ( url=index&do=index ) 
ERR: Db Error: Table 'jianglou.hx_Array' doesn't exist
SELECT * FROM hx_Array where pid=13 and status=1 and isdel=0 ORDER by rank asc 
[2020-09-01 10:23:45] / ( url=index&do=index ) 
ERR: Db Error: Table 'jianglou.hx_Array' doesn't exist
SELECT * FROM hx_Array where pid=14 and status=1 and isdel=0 ORDER by rank asc 
[2020-09-01 10:23:45] / ( url=index&do=index ) 
ERR: Db Error: Table 'jianglou.hx_Array' doesn't exist
SELECT * FROM hx_Array where pid=15 and status=1 and isdel=0 ORDER by rank asc 
[2020-09-01 10:23:45] / ( url=index&do=index ) 
ERR: Db Error: Table 'jianglou.hx_Array' doesn't exist
SELECT * FROM hx_Array where pid=16 and status=1 and isdel=0 ORDER by rank asc 
[2020-09-01 10:23:45] / ( url=index&do=index ) 
ERR: Db Error: Table 'jianglou.hx_Array' doesn't exist
SELECT * FROM hx_Array where pid=17 and status=1 and isdel=0 ORDER by rank asc 
[2020-09-01 10:24:31] / ( url=index&do=index ) 
ERR: Db Error: Table 'jianglou.hx_Array' doesn't exist
SELECT * FROM hx_Array where pid=11 and status=1 and isdel=0 ORDER by rank asc 
[2020-09-01 10:24:31] / ( url=index&do=index ) 
ERR: Db Error: Table 'jianglou.hx_Array' doesn't exist
SELECT * FROM hx_Array where pid=12 and status=1 and isdel=0 ORDER by rank asc 
[2020-09-01 10:24:31] / ( url=index&do=index ) 
ERR: Db Error: Table 'jianglou.hx_Array' doesn't exist
SELECT * FROM hx_Array where pid=13 and status=1 and isdel=0 ORDER by rank asc 
[2020-09-01 10:24:31] / ( url=index&do=index ) 
ERR: Db Error: Table 'jianglou.hx_Array' doesn't exist
SELECT * FROM hx_Array where pid=14 and status=1 and isdel=0 ORDER by rank asc 
[2020-09-01 10:24:31] / ( url=index&do=index ) 
ERR: Db Error: Table 'jianglou.hx_Array' doesn't exist
SELECT * FROM hx_Array where pid=15 and status=1 and isdel=0 ORDER by rank asc 
[2020-09-01 10:24:31] / ( url=index&do=index ) 
ERR: Db Error: Table 'jianglou.hx_Array' doesn't exist
SELECT * FROM hx_Array where pid=16 and status=1 and isdel=0 ORDER by rank asc 
[2020-09-01 10:24:31] / ( url=index&do=index ) 
ERR: Db Error: Table 'jianglou.hx_Array' doesn't exist
SELECT * FROM hx_Array where pid=17 and status=1 and isdel=0 ORDER by rank asc 
[2020-09-01 10:24:32] / ( url=index&do=index ) 
ERR: Db Error: Table 'jianglou.hx_Array' doesn't exist
SELECT * FROM hx_Array where pid=11 and status=1 and isdel=0 ORDER by rank asc 
[2020-09-01 10:24:32] / ( url=index&do=index ) 
ERR: Db Error: Table 'jianglou.hx_Array' doesn't exist
SELECT * FROM hx_Array where pid=12 and status=1 and isdel=0 ORDER by rank asc 
[2020-09-01 10:24:32] / ( url=index&do=index ) 
ERR: Db Error: Table 'jianglou.hx_Array' doesn't exist
SELECT * FROM hx_Array where pid=13 and status=1 and isdel=0 ORDER by rank asc 
[2020-09-01 10:24:32] / ( url=index&do=index ) 
ERR: Db Error: Table 'jianglou.hx_Array' doesn't exist
SELECT * FROM hx_Array where pid=14 and status=1 and isdel=0 ORDER by rank asc 
[2020-09-01 10:24:32] / ( url=index&do=index ) 
ERR: Db Error: Table 'jianglou.hx_Array' doesn't exist
SELECT * FROM hx_Array where pid=15 and status=1 and isdel=0 ORDER by rank asc 
[2020-09-01 10:24:32] / ( url=index&do=index ) 
ERR: Db Error: Table 'jianglou.hx_Array' doesn't exist
SELECT * FROM hx_Array where pid=16 and status=1 and isdel=0 ORDER by rank asc 
[2020-09-01 10:24:32] / ( url=index&do=index ) 
ERR: Db Error: Table 'jianglou.hx_Array' doesn't exist
SELECT * FROM hx_Array where pid=17 and status=1 and isdel=0 ORDER by rank asc 
[2020-09-01 10:24:32] / ( url=index&do=index ) 
ERR: Db Error: Table 'jianglou.hx_Array' doesn't exist
SELECT * FROM hx_Array where pid=11 and status=1 and isdel=0 ORDER by rank asc 
[2020-09-01 10:24:32] / ( url=index&do=index ) 
ERR: Db Error: Table 'jianglou.hx_Array' doesn't exist
SELECT * FROM hx_Array where pid=12 and status=1 and isdel=0 ORDER by rank asc 
[2020-09-01 10:24:32] / ( url=index&do=index ) 
ERR: Db Error: Table 'jianglou.hx_Array' doesn't exist
SELECT * FROM hx_Array where pid=13 and status=1 and isdel=0 ORDER by rank asc 
[2020-09-01 10:24:32] / ( url=index&do=index ) 
ERR: Db Error: Table 'jianglou.hx_Array' doesn't exist
SELECT * FROM hx_Array where pid=14 and status=1 and isdel=0 ORDER by rank asc 
[2020-09-01 10:24:32] / ( url=index&do=index ) 
ERR: Db Error: Table 'jianglou.hx_Array' doesn't exist
SELECT * FROM hx_Array where pid=15 and status=1 and isdel=0 ORDER by rank asc 
[2020-09-01 10:24:32] / ( url=index&do=index ) 
ERR: Db Error: Table 'jianglou.hx_Array' doesn't exist
SELECT * FROM hx_Array where pid=16 and status=1 and isdel=0 ORDER by rank asc 
[2020-09-01 10:24:32] / ( url=index&do=index ) 
ERR: Db Error: Table 'jianglou.hx_Array' doesn't exist
SELECT * FROM hx_Array where pid=17 and status=1 and isdel=0 ORDER by rank asc 
[2020-09-01 10:24:33] / ( url=index&do=index ) 
ERR: Db Error: Table 'jianglou.hx_Array' doesn't exist
SELECT * FROM hx_Array where pid=11 and status=1 and isdel=0 ORDER by rank asc 
[2020-09-01 10:24:33] / ( url=index&do=index ) 
ERR: Db Error: Table 'jianglou.hx_Array' doesn't exist
SELECT * FROM hx_Array where pid=12 and status=1 and isdel=0 ORDER by rank asc 
[2020-09-01 10:24:33] / ( url=index&do=index ) 
ERR: Db Error: Table 'jianglou.hx_Array' doesn't exist
SELECT * FROM hx_Array where pid=13 and status=1 and isdel=0 ORDER by rank asc 
[2020-09-01 10:24:33] / ( url=index&do=index ) 
ERR: Db Error: Table 'jianglou.hx_Array' doesn't exist
SELECT * FROM hx_Array where pid=14 and status=1 and isdel=0 ORDER by rank asc 
[2020-09-01 10:24:33] / ( url=index&do=index ) 
ERR: Db Error: Table 'jianglou.hx_Array' doesn't exist
SELECT * FROM hx_Array where pid=15 and status=1 and isdel=0 ORDER by rank asc 
[2020-09-01 10:24:33] / ( url=index&do=index ) 
ERR: Db Error: Table 'jianglou.hx_Array' doesn't exist
SELECT * FROM hx_Array where pid=16 and status=1 and isdel=0 ORDER by rank asc 
[2020-09-01 10:24:33] / ( url=index&do=index ) 
ERR: Db Error: Table 'jianglou.hx_Array' doesn't exist
SELECT * FROM hx_Array where pid=17 and status=1 and isdel=0 ORDER by rank asc 
[2020-09-01 10:24:34] / ( url=index&do=index ) 
ERR: Db Error: Table 'jianglou.hx_Array' doesn't exist
SELECT * FROM hx_Array where pid=11 and status=1 and isdel=0 ORDER by rank asc 
[2020-09-01 10:24:34] / ( url=index&do=index ) 
ERR: Db Error: Table 'jianglou.hx_Array' doesn't exist
SELECT * FROM hx_Array where pid=12 and status=1 and isdel=0 ORDER by rank asc 
[2020-09-01 10:24:34] / ( url=index&do=index ) 
ERR: Db Error: Table 'jianglou.hx_Array' doesn't exist
SELECT * FROM hx_Array where pid=13 and status=1 and isdel=0 ORDER by rank asc 
[2020-09-01 10:24:34] / ( url=index&do=index ) 
ERR: Db Error: Table 'jianglou.hx_Array' doesn't exist
SELECT * FROM hx_Array where pid=14 and status=1 and isdel=0 ORDER by rank asc 
[2020-09-01 10:24:34] / ( url=index&do=index ) 
ERR: Db Error: Table 'jianglou.hx_Array' doesn't exist
SELECT * FROM hx_Array where pid=15 and status=1 and isdel=0 ORDER by rank asc 
[2020-09-01 10:24:34] / ( url=index&do=index ) 
ERR: Db Error: Table 'jianglou.hx_Array' doesn't exist
SELECT * FROM hx_Array where pid=16 and status=1 and isdel=0 ORDER by rank asc 
[2020-09-01 10:24:34] / ( url=index&do=index ) 
ERR: Db Error: Table 'jianglou.hx_Array' doesn't exist
SELECT * FROM hx_Array where pid=17 and status=1 and isdel=0 ORDER by rank asc 
[2020-09-01 10:24:35] / ( url=index&do=index ) 
ERR: Db Error: Table 'jianglou.hx_Array' doesn't exist
SELECT * FROM hx_Array where pid=11 and status=1 and isdel=0 ORDER by rank asc 
[2020-09-01 10:24:35] / ( url=index&do=index ) 
ERR: Db Error: Table 'jianglou.hx_Array' doesn't exist
SELECT * FROM hx_Array where pid=12 and status=1 and isdel=0 ORDER by rank asc 
[2020-09-01 10:24:35] / ( url=index&do=index ) 
ERR: Db Error: Table 'jianglou.hx_Array' doesn't exist
SELECT * FROM hx_Array where pid=13 and status=1 and isdel=0 ORDER by rank asc 
[2020-09-01 10:24:35] / ( url=index&do=index ) 
ERR: Db Error: Table 'jianglou.hx_Array' doesn't exist
SELECT * FROM hx_Array where pid=14 and status=1 and isdel=0 ORDER by rank asc 
[2020-09-01 10:24:35] / ( url=index&do=index ) 
ERR: Db Error: Table 'jianglou.hx_Array' doesn't exist
SELECT * FROM hx_Array where pid=15 and status=1 and isdel=0 ORDER by rank asc 
[2020-09-01 10:24:35] / ( url=index&do=index ) 
ERR: Db Error: Table 'jianglou.hx_Array' doesn't exist
SELECT * FROM hx_Array where pid=16 and status=1 and isdel=0 ORDER by rank asc 
[2020-09-01 10:24:35] / ( url=index&do=index ) 
ERR: Db Error: Table 'jianglou.hx_Array' doesn't exist
SELECT * FROM hx_Array where pid=17 and status=1 and isdel=0 ORDER by rank asc 
[2020-09-01 10:24:36] / ( url=index&do=index ) 
ERR: Db Error: Table 'jianglou.hx_Array' doesn't exist
SELECT * FROM hx_Array where pid=11 and status=1 and isdel=0 ORDER by rank asc 
[2020-09-01 10:24:36] / ( url=index&do=index ) 
ERR: Db Error: Table 'jianglou.hx_Array' doesn't exist
SELECT * FROM hx_Array where pid=12 and status=1 and isdel=0 ORDER by rank asc 
[2020-09-01 10:24:36] / ( url=index&do=index ) 
ERR: Db Error: Table 'jianglou.hx_Array' doesn't exist
SELECT * FROM hx_Array where pid=13 and status=1 and isdel=0 ORDER by rank asc 
[2020-09-01 10:24:36] / ( url=index&do=index ) 
ERR: Db Error: Table 'jianglou.hx_Array' doesn't exist
SELECT * FROM hx_Array where pid=14 and status=1 and isdel=0 ORDER by rank asc 
[2020-09-01 10:24:36] / ( url=index&do=index ) 
ERR: Db Error: Table 'jianglou.hx_Array' doesn't exist
SELECT * FROM hx_Array where pid=15 and status=1 and isdel=0 ORDER by rank asc 
[2020-09-01 10:24:36] / ( url=index&do=index ) 
ERR: Db Error: Table 'jianglou.hx_Array' doesn't exist
SELECT * FROM hx_Array where pid=16 and status=1 and isdel=0 ORDER by rank asc 
[2020-09-01 10:24:36] / ( url=index&do=index ) 
ERR: Db Error: Table 'jianglou.hx_Array' doesn't exist
SELECT * FROM hx_Array where pid=17 and status=1 and isdel=0 ORDER by rank asc 
[2020-09-01 10:24:37] / ( url=index&do=index ) 
ERR: Db Error: Table 'jianglou.hx_Array' doesn't exist
SELECT * FROM hx_Array where pid=11 and status=1 and isdel=0 ORDER by rank asc 
[2020-09-01 10:24:37] / ( url=index&do=index ) 
ERR: Db Error: Table 'jianglou.hx_Array' doesn't exist
SELECT * FROM hx_Array where pid=12 and status=1 and isdel=0 ORDER by rank asc 
[2020-09-01 10:24:37] / ( url=index&do=index ) 
ERR: Db Error: Table 'jianglou.hx_Array' doesn't exist
SELECT * FROM hx_Array where pid=13 and status=1 and isdel=0 ORDER by rank asc 
[2020-09-01 10:24:37] / ( url=index&do=index ) 
ERR: Db Error: Table 'jianglou.hx_Array' doesn't exist
SELECT * FROM hx_Array where pid=14 and status=1 and isdel=0 ORDER by rank asc 
[2020-09-01 10:24:37] / ( url=index&do=index ) 
ERR: Db Error: Table 'jianglou.hx_Array' doesn't exist
SELECT * FROM hx_Array where pid=15 and status=1 and isdel=0 ORDER by rank asc 
[2020-09-01 10:24:37] / ( url=index&do=index ) 
ERR: Db Error: Table 'jianglou.hx_Array' doesn't exist
SELECT * FROM hx_Array where pid=16 and status=1 and isdel=0 ORDER by rank asc 
[2020-09-01 10:24:37] / ( url=index&do=index ) 
ERR: Db Error: Table 'jianglou.hx_Array' doesn't exist
SELECT * FROM hx_Array where pid=17 and status=1 and isdel=0 ORDER by rank asc 
[2020-09-01 10:24:38] / ( url=index&do=index ) 
ERR: Db Error: Table 'jianglou.hx_Array' doesn't exist
SELECT * FROM hx_Array where pid=11 and status=1 and isdel=0 ORDER by rank asc 
[2020-09-01 10:24:38] / ( url=index&do=index ) 
ERR: Db Error: Table 'jianglou.hx_Array' doesn't exist
SELECT * FROM hx_Array where pid=12 and status=1 and isdel=0 ORDER by rank asc 
[2020-09-01 10:24:38] / ( url=index&do=index ) 
ERR: Db Error: Table 'jianglou.hx_Array' doesn't exist
SELECT * FROM hx_Array where pid=13 and status=1 and isdel=0 ORDER by rank asc 
[2020-09-01 10:24:38] / ( url=index&do=index ) 
ERR: Db Error: Table 'jianglou.hx_Array' doesn't exist
SELECT * FROM hx_Array where pid=14 and status=1 and isdel=0 ORDER by rank asc 
[2020-09-01 10:24:38] / ( url=index&do=index ) 
ERR: Db Error: Table 'jianglou.hx_Array' doesn't exist
SELECT * FROM hx_Array where pid=15 and status=1 and isdel=0 ORDER by rank asc 
[2020-09-01 10:24:38] / ( url=index&do=index ) 
ERR: Db Error: Table 'jianglou.hx_Array' doesn't exist
SELECT * FROM hx_Array where pid=16 and status=1 and isdel=0 ORDER by rank asc 
[2020-09-01 10:24:38] / ( url=index&do=index ) 
ERR: Db Error: Table 'jianglou.hx_Array' doesn't exist
SELECT * FROM hx_Array where pid=17 and status=1 and isdel=0 ORDER by rank asc 
[2020-09-01 10:24:39] / ( url=index&do=index ) 
ERR: Db Error: Table 'jianglou.hx_Array' doesn't exist
SELECT * FROM hx_Array where pid=11 and status=1 and isdel=0 ORDER by rank asc 
[2020-09-01 10:24:39] / ( url=index&do=index ) 
ERR: Db Error: Table 'jianglou.hx_Array' doesn't exist
SELECT * FROM hx_Array where pid=12 and status=1 and isdel=0 ORDER by rank asc 
[2020-09-01 10:24:39] / ( url=index&do=index ) 
ERR: Db Error: Table 'jianglou.hx_Array' doesn't exist
SELECT * FROM hx_Array where pid=13 and status=1 and isdel=0 ORDER by rank asc 
[2020-09-01 10:24:39] / ( url=index&do=index ) 
ERR: Db Error: Table 'jianglou.hx_Array' doesn't exist
SELECT * FROM hx_Array where pid=14 and status=1 and isdel=0 ORDER by rank asc 
[2020-09-01 10:24:39] / ( url=index&do=index ) 
ERR: Db Error: Table 'jianglou.hx_Array' doesn't exist
SELECT * FROM hx_Array where pid=15 and status=1 and isdel=0 ORDER by rank asc 
[2020-09-01 10:24:39] / ( url=index&do=index ) 
ERR: Db Error: Table 'jianglou.hx_Array' doesn't exist
SELECT * FROM hx_Array where pid=16 and status=1 and isdel=0 ORDER by rank asc 
[2020-09-01 10:24:39] / ( url=index&do=index ) 
ERR: Db Error: Table 'jianglou.hx_Array' doesn't exist
SELECT * FROM hx_Array where pid=17 and status=1 and isdel=0 ORDER by rank asc 
[2020-09-01 10:24:40] / ( url=index&do=index ) 
ERR: Db Error: Table 'jianglou.hx_Array' doesn't exist
SELECT * FROM hx_Array where pid=11 and status=1 and isdel=0 ORDER by rank asc 
[2020-09-01 10:24:40] / ( url=index&do=index ) 
ERR: Db Error: Table 'jianglou.hx_Array' doesn't exist
SELECT * FROM hx_Array where pid=12 and status=1 and isdel=0 ORDER by rank asc 
[2020-09-01 10:24:40] / ( url=index&do=index ) 
ERR: Db Error: Table 'jianglou.hx_Array' doesn't exist
SELECT * FROM hx_Array where pid=13 and status=1 and isdel=0 ORDER by rank asc 
[2020-09-01 10:24:40] / ( url=index&do=index ) 
ERR: Db Error: Table 'jianglou.hx_Array' doesn't exist
SELECT * FROM hx_Array where pid=14 and status=1 and isdel=0 ORDER by rank asc 
[2020-09-01 10:24:40] / ( url=index&do=index ) 
ERR: Db Error: Table 'jianglou.hx_Array' doesn't exist
SELECT * FROM hx_Array where pid=15 and status=1 and isdel=0 ORDER by rank asc 
[2020-09-01 10:24:40] / ( url=index&do=index ) 
ERR: Db Error: Table 'jianglou.hx_Array' doesn't exist
SELECT * FROM hx_Array where pid=16 and status=1 and isdel=0 ORDER by rank asc 
[2020-09-01 10:24:40] / ( url=index&do=index ) 
ERR: Db Error: Table 'jianglou.hx_Array' doesn't exist
SELECT * FROM hx_Array where pid=17 and status=1 and isdel=0 ORDER by rank asc 
[2020-09-01 10:24:45] / ( url=index&do=index ) 
ERR: Db Error: Table 'jianglou.hx_Array' doesn't exist
SELECT * FROM hx_Array where pid=11 and status=1 and isdel=0 ORDER by rank asc 
[2020-09-01 10:24:45] / ( url=index&do=index ) 
ERR: Db Error: Table 'jianglou.hx_Array' doesn't exist
SELECT * FROM hx_Array where pid=12 and status=1 and isdel=0 ORDER by rank asc 
[2020-09-01 10:24:45] / ( url=index&do=index ) 
ERR: Db Error: Table 'jianglou.hx_Array' doesn't exist
SELECT * FROM hx_Array where pid=13 and status=1 and isdel=0 ORDER by rank asc 
[2020-09-01 10:24:45] / ( url=index&do=index ) 
ERR: Db Error: Table 'jianglou.hx_Array' doesn't exist
SELECT * FROM hx_Array where pid=14 and status=1 and isdel=0 ORDER by rank asc 
[2020-09-01 10:24:45] / ( url=index&do=index ) 
ERR: Db Error: Table 'jianglou.hx_Array' doesn't exist
SELECT * FROM hx_Array where pid=15 and status=1 and isdel=0 ORDER by rank asc 
[2020-09-01 10:24:45] / ( url=index&do=index ) 
ERR: Db Error: Table 'jianglou.hx_Array' doesn't exist
SELECT * FROM hx_Array where pid=16 and status=1 and isdel=0 ORDER by rank asc 
[2020-09-01 10:24:45] / ( url=index&do=index ) 
ERR: Db Error: Table 'jianglou.hx_Array' doesn't exist
SELECT * FROM hx_Array where pid=17 and status=1 and isdel=0 ORDER by rank asc 
[2020-09-01 10:24:46] / ( url=index&do=index ) 
ERR: Db Error: Table 'jianglou.hx_Array' doesn't exist
SELECT * FROM hx_Array where pid=11 and status=1 and isdel=0 ORDER by rank asc 
[2020-09-01 10:24:46] / ( url=index&do=index ) 
ERR: Db Error: Table 'jianglou.hx_Array' doesn't exist
SELECT * FROM hx_Array where pid=12 and status=1 and isdel=0 ORDER by rank asc 
[2020-09-01 10:24:46] / ( url=index&do=index ) 
ERR: Db Error: Table 'jianglou.hx_Array' doesn't exist
SELECT * FROM hx_Array where pid=13 and status=1 and isdel=0 ORDER by rank asc 
[2020-09-01 10:24:46] / ( url=index&do=index ) 
ERR: Db Error: Table 'jianglou.hx_Array' doesn't exist
SELECT * FROM hx_Array where pid=14 and status=1 and isdel=0 ORDER by rank asc 
[2020-09-01 10:24:46] / ( url=index&do=index ) 
ERR: Db Error: Table 'jianglou.hx_Array' doesn't exist
SELECT * FROM hx_Array where pid=15 and status=1 and isdel=0 ORDER by rank asc 
[2020-09-01 10:24:46] / ( url=index&do=index ) 
ERR: Db Error: Table 'jianglou.hx_Array' doesn't exist
SELECT * FROM hx_Array where pid=16 and status=1 and isdel=0 ORDER by rank asc 
[2020-09-01 10:24:46] / ( url=index&do=index ) 
ERR: Db Error: Table 'jianglou.hx_Array' doesn't exist
SELECT * FROM hx_Array where pid=17 and status=1 and isdel=0 ORDER by rank asc 
[2020-09-01 10:26:29] / ( url=index&do=index ) 
ERR: Db Error: Table 'jianglou.hx_Array' doesn't exist
SELECT * FROM hx_Array where pid=11 and status=1 and isdel=0 ORDER by rank asc 
[2020-09-01 10:26:29] / ( url=index&do=index ) 
ERR: Db Error: Table 'jianglou.hx_Array' doesn't exist
SELECT * FROM hx_Array where pid=12 and status=1 and isdel=0 ORDER by rank asc 
[2020-09-01 10:26:29] / ( url=index&do=index ) 
ERR: Db Error: Table 'jianglou.hx_Array' doesn't exist
SELECT * FROM hx_Array where pid=13 and status=1 and isdel=0 ORDER by rank asc 
[2020-09-01 10:26:29] / ( url=index&do=index ) 
ERR: Db Error: Table 'jianglou.hx_Array' doesn't exist
SELECT * FROM hx_Array where pid=14 and status=1 and isdel=0 ORDER by rank asc 
[2020-09-01 10:26:29] / ( url=index&do=index ) 
ERR: Db Error: Table 'jianglou.hx_Array' doesn't exist
SELECT * FROM hx_Array where pid=15 and status=1 and isdel=0 ORDER by rank asc 
[2020-09-01 10:26:29] / ( url=index&do=index ) 
ERR: Db Error: Table 'jianglou.hx_Array' doesn't exist
SELECT * FROM hx_Array where pid=16 and status=1 and isdel=0 ORDER by rank asc 
[2020-09-01 10:26:29] / ( url=index&do=index ) 
ERR: Db Error: Table 'jianglou.hx_Array' doesn't exist
SELECT * FROM hx_Array where pid=17 and status=1 and isdel=0 ORDER by rank asc 
[2020-09-01 10:27:53] /index.php?url=news&do=index ( url=news&do=index ) 
ERR: Db Error: You have an error in your SQL syntax; check the manual that corresponds to your MySQL server version for the right syntax to use near 'and status=1 and isdel=0 ORDER by rank asc' at line 1
SELECT * FROM hx_article_class where pid= and status=1 and isdel=0 ORDER by rank asc 
[2020-09-01 10:34:14] / ( url=index&do=index ) 
ERR: Db Error: Table 'jianglou.hx_Array' doesn't exist
SELECT * FROM hx_Array where pid=11 and status=1 and isdel=0 ORDER by rank asc 
[2020-09-01 10:34:14] / ( url=index&do=index ) 
ERR: Db Error: Table 'jianglou.hx_Array' doesn't exist
SELECT * FROM hx_Array where pid=12 and status=1 and isdel=0 ORDER by rank asc 
[2020-09-01 10:34:14] / ( url=index&do=index ) 
ERR: Db Error: Table 'jianglou.hx_Array' doesn't exist
SELECT * FROM hx_Array where pid=13 and status=1 and isdel=0 ORDER by rank asc 
[2020-09-01 10:34:14] / ( url=index&do=index ) 
ERR: Db Error: Table 'jianglou.hx_Array' doesn't exist
SELECT * FROM hx_Array where pid=14 and status=1 and isdel=0 ORDER by rank asc 
[2020-09-01 10:34:14] / ( url=index&do=index ) 
ERR: Db Error: Table 'jianglou.hx_Array' doesn't exist
SELECT * FROM hx_Array where pid=15 and status=1 and isdel=0 ORDER by rank asc 
[2020-09-01 10:34:14] / ( url=index&do=index ) 
ERR: Db Error: Table 'jianglou.hx_Array' doesn't exist
SELECT * FROM hx_Array where pid=16 and status=1 and isdel=0 ORDER by rank asc 
[2020-09-01 10:34:14] / ( url=index&do=index ) 
ERR: Db Error: Table 'jianglou.hx_Array' doesn't exist
SELECT * FROM hx_Array where pid=17 and status=1 and isdel=0 ORDER by rank asc 
[2020-09-01 10:45:12] /index.php?url=news&do=index ( url=news&do=index ) 
ERR: Db Error: You have an error in your SQL syntax; check the manual that corresponds to your MySQL server version for the right syntax to use near 'and status=1 and isdel=0 ORDER by rank asc' at line 1
SELECT * FROM hx_article_class where pid= and status=1 and isdel=0 ORDER by rank asc 
[2020-09-01 10:52:42] / ( url=index&do=index ) 
ERR: Db Error: Table 'jianglou.hx_Array' doesn't exist
SELECT * FROM hx_Array where pid=11 and status=1 and isdel=0 ORDER by rank asc 
[2020-09-01 10:52:42] / ( url=index&do=index ) 
ERR: Db Error: Table 'jianglou.hx_Array' doesn't exist
SELECT * FROM hx_Array where pid=12 and status=1 and isdel=0 ORDER by rank asc 
[2020-09-01 10:52:42] / ( url=index&do=index ) 
ERR: Db Error: Table 'jianglou.hx_Array' doesn't exist
SELECT * FROM hx_Array where pid=13 and status=1 and isdel=0 ORDER by rank asc 
[2020-09-01 10:52:42] / ( url=index&do=index ) 
ERR: Db Error: Table 'jianglou.hx_Array' doesn't exist
SELECT * FROM hx_Array where pid=14 and status=1 and isdel=0 ORDER by rank asc 
[2020-09-01 10:52:42] / ( url=index&do=index ) 
ERR: Db Error: Table 'jianglou.hx_Array' doesn't exist
SELECT * FROM hx_Array where pid=15 and status=1 and isdel=0 ORDER by rank asc 
[2020-09-01 10:52:42] / ( url=index&do=index ) 
ERR: Db Error: Table 'jianglou.hx_Array' doesn't exist
SELECT * FROM hx_Array where pid=16 and status=1 and isdel=0 ORDER by rank asc 
[2020-09-01 10:52:42] / ( url=index&do=index ) 
ERR: Db Error: Table 'jianglou.hx_Array' doesn't exist
SELECT * FROM hx_Array where pid=17 and status=1 and isdel=0 ORDER by rank asc 
[2020-09-01 10:52:42] / ( url=index&do=index ) 
ERR: Db Error: Table 'jianglou.hx_Array' doesn't exist
SELECT * FROM hx_Array where pid=11 and status=1 and isdel=0 ORDER by rank asc 
[2020-09-01 10:52:42] / ( url=index&do=index ) 
ERR: Db Error: Table 'jianglou.hx_Array' doesn't exist
SELECT * FROM hx_Array where pid=12 and status=1 and isdel=0 ORDER by rank asc 
[2020-09-01 10:52:42] / ( url=index&do=index ) 
ERR: Db Error: Table 'jianglou.hx_Array' doesn't exist
SELECT * FROM hx_Array where pid=13 and status=1 and isdel=0 ORDER by rank asc 
[2020-09-01 10:52:42] / ( url=index&do=index ) 
ERR: Db Error: Table 'jianglou.hx_Array' doesn't exist
SELECT * FROM hx_Array where pid=14 and status=1 and isdel=0 ORDER by rank asc 
[2020-09-01 10:52:42] / ( url=index&do=index ) 
ERR: Db Error: Table 'jianglou.hx_Array' doesn't exist
SELECT * FROM hx_Array where pid=15 and status=1 and isdel=0 ORDER by rank asc 
[2020-09-01 10:52:42] / ( url=index&do=index ) 
ERR: Db Error: Table 'jianglou.hx_Array' doesn't exist
SELECT * FROM hx_Array where pid=16 and status=1 and isdel=0 ORDER by rank asc 
[2020-09-01 10:52:42] / ( url=index&do=index ) 
ERR: Db Error: Table 'jianglou.hx_Array' doesn't exist
SELECT * FROM hx_Array where pid=17 and status=1 and isdel=0 ORDER by rank asc 
[2020-09-01 10:52:42] / ( url=index&do=index ) 
ERR: Db Error: Table 'jianglou.hx_Array' doesn't exist
SELECT * FROM hx_Array where pid=11 and status=1 and isdel=0 ORDER by rank asc 
[2020-09-01 10:52:42] / ( url=index&do=index ) 
ERR: Db Error: Table 'jianglou.hx_Array' doesn't exist
SELECT * FROM hx_Array where pid=12 and status=1 and isdel=0 ORDER by rank asc 
[2020-09-01 10:52:42] / ( url=index&do=index ) 
ERR: Db Error: Table 'jianglou.hx_Array' doesn't exist
SELECT * FROM hx_Array where pid=13 and status=1 and isdel=0 ORDER by rank asc 
[2020-09-01 10:52:42] / ( url=index&do=index ) 
ERR: Db Error: Table 'jianglou.hx_Array' doesn't exist
SELECT * FROM hx_Array where pid=14 and status=1 and isdel=0 ORDER by rank asc 
[2020-09-01 10:52:42] / ( url=index&do=index ) 
ERR: Db Error: Table 'jianglou.hx_Array' doesn't exist
SELECT * FROM hx_Array where pid=15 and status=1 and isdel=0 ORDER by rank asc 
[2020-09-01 10:52:42] / ( url=index&do=index ) 
ERR: Db Error: Table 'jianglou.hx_Array' doesn't exist
SELECT * FROM hx_Array where pid=16 and status=1 and isdel=0 ORDER by rank asc 
[2020-09-01 10:52:42] / ( url=index&do=index ) 
ERR: Db Error: Table 'jianglou.hx_Array' doesn't exist
SELECT * FROM hx_Array where pid=17 and status=1 and isdel=0 ORDER by rank asc 
[2020-09-01 11:20:11] / ( url=index&do=index ) 
ERR: Db Error: Table 'jianglou.hx_Array' doesn't exist
SELECT * FROM hx_Array where pid=11 and status=1 and isdel=0 ORDER by rank asc 
[2020-09-01 11:20:11] / ( url=index&do=index ) 
ERR: Db Error: Table 'jianglou.hx_Array' doesn't exist
SELECT * FROM hx_Array where pid=12 and status=1 and isdel=0 ORDER by rank asc 
[2020-09-01 11:20:11] / ( url=index&do=index ) 
ERR: Db Error: Table 'jianglou.hx_Array' doesn't exist
SELECT * FROM hx_Array where pid=13 and status=1 and isdel=0 ORDER by rank asc 
[2020-09-01 11:20:11] / ( url=index&do=index ) 
ERR: Db Error: Table 'jianglou.hx_Array' doesn't exist
SELECT * FROM hx_Array where pid=14 and status=1 and isdel=0 ORDER by rank asc 
[2020-09-01 11:20:11] / ( url=index&do=index ) 
ERR: Db Error: Table 'jianglou.hx_Array' doesn't exist
SELECT * FROM hx_Array where pid=15 and status=1 and isdel=0 ORDER by rank asc 
[2020-09-01 11:20:11] / ( url=index&do=index ) 
ERR: Db Error: Table 'jianglou.hx_Array' doesn't exist
SELECT * FROM hx_Array where pid=16 and status=1 and isdel=0 ORDER by rank asc 
[2020-09-01 11:20:11] / ( url=index&do=index ) 
ERR: Db Error: Table 'jianglou.hx_Array' doesn't exist
SELECT * FROM hx_Array where pid=17 and status=1 and isdel=0 ORDER by rank asc 
[2020-09-01 11:20:18] /index.php?url=news&do=index ( url=news&do=index ) 
ERR: Db Error: You have an error in your SQL syntax; check the manual that corresponds to your MySQL server version for the right syntax to use near 'and status=1 and isdel=0 ORDER by rank asc' at line 1
SELECT * FROM hx_article_class where pid= and status=1 and isdel=0 ORDER by rank asc 
[2020-09-01 11:28:39] / ( url=index&do=index ) 
ERR: Db Error: Table 'jianglou.hx_Array' doesn't exist
SELECT * FROM hx_Array where pid=11 and status=1 and isdel=0 ORDER by rank asc 
[2020-09-01 11:28:39] / ( url=index&do=index ) 
ERR: Db Error: Table 'jianglou.hx_Array' doesn't exist
SELECT * FROM hx_Array where pid=12 and status=1 and isdel=0 ORDER by rank asc 
[2020-09-01 11:28:39] / ( url=index&do=index ) 
ERR: Db Error: Table 'jianglou.hx_Array' doesn't exist
SELECT * FROM hx_Array where pid=13 and status=1 and isdel=0 ORDER by rank asc 
[2020-09-01 11:28:39] / ( url=index&do=index ) 
ERR: Db Error: Table 'jianglou.hx_Array' doesn't exist
SELECT * FROM hx_Array where pid=14 and status=1 and isdel=0 ORDER by rank asc 
[2020-09-01 11:28:39] / ( url=index&do=index ) 
ERR: Db Error: Table 'jianglou.hx_Array' doesn't exist
SELECT * FROM hx_Array where pid=15 and status=1 and isdel=0 ORDER by rank asc 
[2020-09-01 11:28:39] / ( url=index&do=index ) 
ERR: Db Error: Table 'jianglou.hx_Array' doesn't exist
SELECT * FROM hx_Array where pid=16 and status=1 and isdel=0 ORDER by rank asc 
[2020-09-01 11:28:39] / ( url=index&do=index ) 
ERR: Db Error: Table 'jianglou.hx_Array' doesn't exist
SELECT * FROM hx_Array where pid=17 and status=1 and isdel=0 ORDER by rank asc 
[2020-09-01 11:29:16] /index.php?url=news&do=index ( url=news&do=index ) 
ERR: Db Error: You have an error in your SQL syntax; check the manual that corresponds to your MySQL server version for the right syntax to use near 'and status=1 and isdel=0 ORDER by rank asc' at line 1
SELECT * FROM hx_article_class where pid= and status=1 and isdel=0 ORDER by rank asc 
[2020-09-01 11:31:00] /manage/modules/news/index.php?url=onlinehelp_list&do=get_xml&pid= ( url=onlinehelp_list&do=get_xml ) 
ERR: Db Error: Table 'jianglou.hx_onlinehelp_list' doesn't exist
SELECT COUNT(*) AS nc_count FROM `hx_onlinehelp_list` WHERE ( isdel = '0' ) ORDER BY id desc LIMIT 1  
[2020-09-01 11:31:00] /manage/modules/news/index.php?url=onlinehelp_list&do=get_xml&pid= ( url=onlinehelp_list&do=get_xml ) 
ERR: Db Error: Table 'jianglou.hx_onlinehelp_list' doesn't exist
SELECT * FROM `hx_onlinehelp_list` WHERE ( isdel = '0' ) ORDER BY id desc LIMIT 0,15  
[2020-09-01 11:34:51] /manage/modules/news/index.php?url=onlinehelp_list&do=get_xml&pid= ( url=onlinehelp_list&do=get_xml ) 
ERR: Db Error: Table 'jianglou.hx_onlinehelp_list' doesn't exist
SELECT COUNT(*) AS nc_count FROM `hx_onlinehelp_list` WHERE ( isdel = '0' ) ORDER BY id desc LIMIT 1  
[2020-09-01 11:34:51] /manage/modules/news/index.php?url=onlinehelp_list&do=get_xml&pid= ( url=onlinehelp_list&do=get_xml ) 
ERR: Db Error: Table 'jianglou.hx_onlinehelp_list' doesn't exist
SELECT * FROM `hx_onlinehelp_list` WHERE ( isdel = '0' ) ORDER BY id desc LIMIT 0,15  
[2020-09-01 14:39:37] /index.php?url=news&do=index ( url=news&do=index ) 
ERR: Db Error: You have an error in your SQL syntax; check the manual that corresponds to your MySQL server version for the right syntax to use near 'and status=1 and isdel=0 ORDER by rank asc' at line 1
SELECT * FROM hx_article_class where pid= and status=1 and isdel=0 ORDER by rank asc 
[2020-09-01 14:40:25] /index.php?url=news&do=index ( url=news&do=index ) 
ERR: Db Error: You have an error in your SQL syntax; check the manual that corresponds to your MySQL server version for the right syntax to use near 'and status=1 and isdel=0 ORDER by rank asc' at line 1
SELECT * FROM hx_article_class where pid= and status=1 and isdel=0 ORDER by rank asc 
[2020-09-01 14:40:26] /index.php?url=news&do=index ( url=news&do=index ) 
ERR: Db Error: You have an error in your SQL syntax; check the manual that corresponds to your MySQL server version for the right syntax to use near 'and status=1 and isdel=0 ORDER by rank asc' at line 1
SELECT * FROM hx_article_class where pid= and status=1 and isdel=0 ORDER by rank asc 
[2020-09-01 14:40:31] /index.php?url=news&do=index ( url=news&do=index ) 
ERR: Db Error: You have an error in your SQL syntax; check the manual that corresponds to your MySQL server version for the right syntax to use near 'and status=1 and isdel=0 ORDER by rank asc' at line 1
SELECT * FROM hx_article_class where pid= and status=1 and isdel=0 ORDER by rank asc 
[2020-09-01 14:41:37] /index.php?url=news&do=index ( url=news&do=index ) 
ERR: Db Error: You have an error in your SQL syntax; check the manual that corresponds to your MySQL server version for the right syntax to use near 'and status=1 and isdel=0 ORDER by rank asc' at line 1
SELECT * FROM hx_article_class where pid= and status=1 and isdel=0 ORDER by rank asc 
[2020-09-01 14:42:50] /index.php?url=news&do=index ( url=news&do=index ) 
ERR: Db Error: You have an error in your SQL syntax; check the manual that corresponds to your MySQL server version for the right syntax to use near 'and status=1 and isdel=0 ORDER by rank asc' at line 1
SELECT * FROM hx_article_class where pid= and status=1 and isdel=0 ORDER by rank asc 
[2020-09-01 14:43:17] /index.php?url=news&do=index ( url=news&do=index ) 
ERR: Db Error: You have an error in your SQL syntax; check the manual that corresponds to your MySQL server version for the right syntax to use near 'and status=1 and isdel=0 ORDER by rank asc' at line 1
SELECT * FROM hx_article_class where pid= and status=1 and isdel=0 ORDER by rank asc 
[2020-09-01 14:43:17] /index.php?url=news&do=index ( url=news&do=index ) 
ERR: Db Error: You have an error in your SQL syntax; check the manual that corresponds to your MySQL server version for the right syntax to use near 'and status=1 and isdel=0 ORDER by rank asc' at line 1
SELECT * FROM hx_article_class where pid= and status=1 and isdel=0 ORDER by rank asc 
[2020-09-01 14:43:17] /index.php?url=news&do=index ( url=news&do=index ) 
ERR: Db Error: You have an error in your SQL syntax; check the manual that corresponds to your MySQL server version for the right syntax to use near 'and status=1 and isdel=0 ORDER by rank asc' at line 1
SELECT * FROM hx_article_class where pid= and status=1 and isdel=0 ORDER by rank asc 
[2020-09-01 14:43:17] /index.php?url=news&do=index ( url=news&do=index ) 
ERR: Db Error: You have an error in your SQL syntax; check the manual that corresponds to your MySQL server version for the right syntax to use near 'and status=1 and isdel=0 ORDER by rank asc' at line 1
SELECT * FROM hx_article_class where pid= and status=1 and isdel=0 ORDER by rank asc 
[2020-09-01 14:43:18] /index.php?url=news&do=index ( url=news&do=index ) 
ERR: Db Error: You have an error in your SQL syntax; check the manual that corresponds to your MySQL server version for the right syntax to use near 'and status=1 and isdel=0 ORDER by rank asc' at line 1
SELECT * FROM hx_article_class where pid= and status=1 and isdel=0 ORDER by rank asc 
[2020-09-01 14:43:23] /index.php?url=news&do=index ( url=news&do=index ) 
ERR: Db Error: You have an error in your SQL syntax; check the manual that corresponds to your MySQL server version for the right syntax to use near 'and status=1 and isdel=0 ORDER by rank asc' at line 1
SELECT * FROM hx_article_class where pid= and status=1 and isdel=0 ORDER by rank asc 
[2020-09-01 14:46:56] /index.php?url=news&do=index ( url=news&do=index ) 
ERR: Db Error: You have an error in your SQL syntax; check the manual that corresponds to your MySQL server version for the right syntax to use near 'and status=1 and isdel=0 ORDER by rank asc' at line 1
SELECT * FROM hx_article_class where pid= and status=1 and isdel=0 ORDER by rank asc 
[2020-09-01 14:47:01] /index.php?url=news&do=index ( url=news&do=index ) 
ERR: Db Error: You have an error in your SQL syntax; check the manual that corresponds to your MySQL server version for the right syntax to use near 'and status=1 and isdel=0 ORDER by rank asc' at line 1
SELECT * FROM hx_article_class where pid= and status=1 and isdel=0 ORDER by rank asc 
[2020-09-01 14:48:21] /index.php?url=news&do=index ( url=news&do=index ) 
ERR: Db Error: You have an error in your SQL syntax; check the manual that corresponds to your MySQL server version for the right syntax to use near 'and status=1 and isdel=0 ORDER by rank asc' at line 1
SELECT * FROM hx_article_class where pid= and status=1 and isdel=0 ORDER by rank asc 
[2020-09-01 14:48:34] /index.php?url=news&do=index ( url=news&do=index ) 
ERR: Db Error: You have an error in your SQL syntax; check the manual that corresponds to your MySQL server version for the right syntax to use near 'and status=1 and isdel=0 ORDER by rank asc' at line 1
SELECT * FROM hx_article_class where pid= and status=1 and isdel=0 ORDER by rank asc 
[2020-09-01 14:48:39] /index.php?url=news&do=index ( url=news&do=index ) 
ERR: Db Error: You have an error in your SQL syntax; check the manual that corresponds to your MySQL server version for the right syntax to use near 'and status=1 and isdel=0 ORDER by rank asc' at line 1
SELECT * FROM hx_article_class where pid= and status=1 and isdel=0 ORDER by rank asc 
[2020-09-01 14:52:29] /index.php?url=news&do=index ( url=news&do=index ) 
ERR: Db Error: You have an error in your SQL syntax; check the manual that corresponds to your MySQL server version for the right syntax to use near 'and status=1 and isdel=0 ORDER by rank asc' at line 1
SELECT * FROM hx_article_class where pid= and status=1 and isdel=0 ORDER by rank asc 
[2020-09-01 14:53:03] /index.php?url=news&do=index ( url=news&do=index ) 
ERR: Db Error: You have an error in your SQL syntax; check the manual that corresponds to your MySQL server version for the right syntax to use near 'and status=1 and isdel=0 ORDER by rank asc' at line 1
SELECT * FROM hx_article_class where pid= and status=1 and isdel=0 ORDER by rank asc 
[2020-09-01 15:01:27] /index.php?url=news&do=index ( url=news&do=index ) 
ERR: Db Error: You have an error in your SQL syntax; check the manual that corresponds to your MySQL server version for the right syntax to use near 'and status=1 and isdel=0 ORDER by rank asc' at line 1
SELECT * FROM hx_article_class where pid= and status=1 and isdel=0 ORDER by rank asc 
[2020-09-01 15:01:50] /index.php?url=news&do=index ( url=news&do=index ) 
ERR: Db Error: You have an error in your SQL syntax; check the manual that corresponds to your MySQL server version for the right syntax to use near 'and status=1 and isdel=0 ORDER by rank asc' at line 1
SELECT * FROM hx_article_class where pid= and status=1 and isdel=0 ORDER by rank asc 
[2020-09-01 15:01:55] /index.php?url=news&do=index ( url=news&do=index ) 
ERR: Db Error: You have an error in your SQL syntax; check the manual that corresponds to your MySQL server version for the right syntax to use near 'and status=1 and isdel=0 ORDER by rank asc' at line 1
SELECT * FROM hx_article_class where pid= and status=1 and isdel=0 ORDER by rank asc 
[2020-09-01 15:02:39] /index.php?url=news&do=index ( url=news&do=index ) 
ERR: Db Error: You have an error in your SQL syntax; check the manual that corresponds to your MySQL server version for the right syntax to use near 'and status=1 and isdel=0 ORDER by rank asc' at line 1
SELECT * FROM hx_article_class where pid= and status=1 and isdel=0 ORDER by rank asc 
[2020-09-01 15:02:52] /index.php?url=news&do=index ( url=news&do=index ) 
ERR: Db Error: You have an error in your SQL syntax; check the manual that corresponds to your MySQL server version for the right syntax to use near 'and status=1 and isdel=0 ORDER by rank asc' at line 1
SELECT * FROM hx_article_class where pid= and status=1 and isdel=0 ORDER by rank asc 
[2020-09-01 15:05:45] /index.php?url=news&do=index ( url=news&do=index ) 
ERR: Db Error: You have an error in your SQL syntax; check the manual that corresponds to your MySQL server version for the right syntax to use near 'and status=1 and isdel=0 ORDER by rank asc' at line 1
SELECT * FROM hx_article_class where pid= and status=1 and isdel=0 ORDER by rank asc 
[2020-09-01 15:05:49] /index.php?url=news&do=index ( url=news&do=index ) 
ERR: Db Error: You have an error in your SQL syntax; check the manual that corresponds to your MySQL server version for the right syntax to use near 'and status=1 and isdel=0 ORDER by rank asc' at line 1
SELECT * FROM hx_article_class where pid= and status=1 and isdel=0 ORDER by rank asc 
[2020-09-01 15:07:27] /index.php?url=news&do=index ( url=news&do=index ) 
ERR: Db Error: You have an error in your SQL syntax; check the manual that corresponds to your MySQL server version for the right syntax to use near 'and status=1 and isdel=0 ORDER by rank asc' at line 1
SELECT * FROM hx_article_class where pid= and status=1 and isdel=0 ORDER by rank asc 
[2020-09-01 15:07:40] /index.php?url=news&do=index ( url=news&do=index ) 
ERR: Db Error: You have an error in your SQL syntax; check the manual that corresponds to your MySQL server version for the right syntax to use near 'and status=1 and isdel=0 ORDER by rank asc' at line 1
SELECT * FROM hx_article_class where pid= and status=1 and isdel=0 ORDER by rank asc 
[2020-09-01 15:07:45] /index.php?url=news&do=index ( url=news&do=index ) 
ERR: Db Error: You have an error in your SQL syntax; check the manual that corresponds to your MySQL server version for the right syntax to use near 'and status=1 and isdel=0 ORDER by rank asc' at line 1
SELECT * FROM hx_article_class where pid= and status=1 and isdel=0 ORDER by rank asc 
[2020-09-01 15:09:53] /index.php?url=news&do=index ( url=news&do=index ) 
ERR: Db Error: You have an error in your SQL syntax; check the manual that corresponds to your MySQL server version for the right syntax to use near 'and status=1 and isdel=0 ORDER by rank asc' at line 1
SELECT * FROM hx_article_class where pid= and status=1 and isdel=0 ORDER by rank asc 
[2020-09-01 15:16:10] /index.php?url=news&do=index ( url=news&do=index ) 
ERR: Db Error: You have an error in your SQL syntax; check the manual that corresponds to your MySQL server version for the right syntax to use near 'and status=1 and isdel=0 ORDER by rank asc' at line 1
SELECT * FROM hx_article_class where pid= and status=1 and isdel=0 ORDER by rank asc 
[2020-09-01 15:16:11] /index.php?url=news&do=index ( url=news&do=index ) 
ERR: Db Error: You have an error in your SQL syntax; check the manual that corresponds to your MySQL server version for the right syntax to use near 'and status=1 and isdel=0 ORDER by rank asc' at line 1
SELECT * FROM hx_article_class where pid= and status=1 and isdel=0 ORDER by rank asc 
[2020-09-01 18:11:12] /index.php?url=news&do=index ( url=news&do=index ) 
ERR: Db Error: You have an error in your SQL syntax; check the manual that corresponds to your MySQL server version for the right syntax to use near 'and status=1 and isdel=0 ORDER by rank asc' at line 1
SELECT * FROM hx_article_class where pid= and status=1 and isdel=0 ORDER by rank asc 
[2020-09-01 18:20:23] /index.php?url=news&do=index ( url=news&do=index ) 
ERR: Db Error: You have an error in your SQL syntax; check the manual that corresponds to your MySQL server version for the right syntax to use near 'and status=1 and isdel=0 ORDER by rank asc' at line 1
SELECT * FROM hx_article_class where pid= and status=1 and isdel=0 ORDER by rank asc 
