[2020-07-13 00:15:43] /index.php?url=news&do=index&pid=9 ( url=news&do=index ) 
ERR: Db Error: Table 'jianglouzhen.hx_array' doesn't exist
SELECT * FROM hx_Array where pid=16 and status=1 and isdel=0 ORDER by rank asc 
[2020-07-13 00:15:43] /index.php?url=news&do=index&pid=9 ( url=news&do=index ) 
ERR: Db Error: Table 'jianglouzhen.hx_array' doesn't exist
SELECT * FROM hx_Array where pid=17 and status=1 and isdel=0 ORDER by rank asc 
[2020-07-13 00:16:26] /index.php?url=news&do=index&pid=9 ( url=news&do=index ) 
ERR: Db Error: Table 'jianglouzhen.hx_array' doesn't exist
SELECT * FROM hx_Array where pid=16 and status=1 and isdel=0 ORDER by rank asc 
[2020-07-13 00:16:26] /index.php?url=news&do=index&pid=9 ( url=news&do=index ) 
ERR: Db Error: Table 'jianglouzhen.hx_array' doesn't exist
SELECT * FROM hx_Array where pid=17 and status=1 and isdel=0 ORDER by rank asc 
[2020-07-13 00:43:07] /index.php?url=news&do=index&pid=2 ( url=news&do=index ) 
ERR: Db Error: Table 'jianglouzhen.hx_array' doesn't exist
SELECT * FROM hx_Array where pid=11 and status=1 and isdel=0 ORDER by rank asc 
[2020-07-13 00:43:07] /index.php?url=news&do=index&pid=2 ( url=news&do=index ) 
ERR: Db Error: Table 'jianglouzhen.hx_array' doesn't exist
SELECT * FROM hx_Array where pid=12 and status=1 and isdel=0 ORDER by rank asc 
[2020-07-13 00:43:07] /index.php?url=news&do=index&pid=2 ( url=news&do=index ) 
ERR: Db Error: Table 'jianglouzhen.hx_array' doesn't exist
SELECT * FROM hx_Array where pid=13 and status=1 and isdel=0 ORDER by rank asc 
[2020-07-13 00:43:07] /index.php?url=news&do=index&pid=2 ( url=news&do=index ) 
ERR: Db Error: Table 'jianglouzhen.hx_array' doesn't exist
SELECT * FROM hx_Array where pid=14 and status=1 and isdel=0 ORDER by rank asc 
[2020-07-13 00:43:07] /index.php?url=news&do=index&pid=2 ( url=news&do=index ) 
ERR: Db Error: Table 'jianglouzhen.hx_array' doesn't exist
SELECT * FROM hx_Array where pid=15 and status=1 and isdel=0 ORDER by rank asc 
[2020-07-13 00:43:22] /index.php?url=news&do=index&pid=9 ( url=news&do=index ) 
ERR: Db Error: Table 'jianglouzhen.hx_array' doesn't exist
SELECT * FROM hx_Array where pid=16 and status=1 and isdel=0 ORDER by rank asc 
[2020-07-13 00:43:22] /index.php?url=news&do=index&pid=9 ( url=news&do=index ) 
ERR: Db Error: Table 'jianglouzhen.hx_array' doesn't exist
SELECT * FROM hx_Array where pid=17 and status=1 and isdel=0 ORDER by rank asc 
[2020-07-13 01:43:24] /index.php ( url=index&do=index ) 
ERR: Db Error: Table 'jianglouzhen.hx_array' doesn't exist
SELECT * FROM hx_Array where pid=11 and status=1 and isdel=0 ORDER by rank asc 
[2020-07-13 01:43:24] /index.php ( url=index&do=index ) 
ERR: Db Error: Table 'jianglouzhen.hx_array' doesn't exist
SELECT * FROM hx_Array where pid=12 and status=1 and isdel=0 ORDER by rank asc 
[2020-07-13 01:43:24] /index.php ( url=index&do=index ) 
ERR: Db Error: Table 'jianglouzhen.hx_array' doesn't exist
SELECT * FROM hx_Array where pid=13 and status=1 and isdel=0 ORDER by rank asc 
[2020-07-13 01:43:24] /index.php ( url=index&do=index ) 
ERR: Db Error: Table 'jianglouzhen.hx_array' doesn't exist
SELECT * FROM hx_Array where pid=14 and status=1 and isdel=0 ORDER by rank asc 
[2020-07-13 01:43:24] /index.php ( url=index&do=index ) 
ERR: Db Error: Table 'jianglouzhen.hx_array' doesn't exist
SELECT * FROM hx_Array where pid=15 and status=1 and isdel=0 ORDER by rank asc 
[2020-07-13 01:45:42] /index.php ( url=index&do=index ) 
ERR: Db Error: Table 'jianglouzhen.hx_array' doesn't exist
SELECT * FROM hx_Array where pid=11 and status=1 and isdel=0 ORDER by rank asc 
[2020-07-13 01:45:42] /index.php ( url=index&do=index ) 
ERR: Db Error: Table 'jianglouzhen.hx_array' doesn't exist
SELECT * FROM hx_Array where pid=12 and status=1 and isdel=0 ORDER by rank asc 
[2020-07-13 01:45:42] /index.php ( url=index&do=index ) 
ERR: Db Error: Table 'jianglouzhen.hx_array' doesn't exist
SELECT * FROM hx_Array where pid=13 and status=1 and isdel=0 ORDER by rank asc 
[2020-07-13 01:45:42] /index.php ( url=index&do=index ) 
ERR: Db Error: Table 'jianglouzhen.hx_array' doesn't exist
SELECT * FROM hx_Array where pid=14 and status=1 and isdel=0 ORDER by rank asc 
[2020-07-13 01:45:42] /index.php ( url=index&do=index ) 
ERR: Db Error: Table 'jianglouzhen.hx_array' doesn't exist
SELECT * FROM hx_Array where pid=15 and status=1 and isdel=0 ORDER by rank asc 
[2020-07-13 01:45:44] /index.php ( url=index&do=index ) 
ERR: Db Error: Table 'jianglouzhen.hx_array' doesn't exist
SELECT * FROM hx_Array where pid=11 and status=1 and isdel=0 ORDER by rank asc 
[2020-07-13 01:45:44] /index.php ( url=index&do=index ) 
ERR: Db Error: Table 'jianglouzhen.hx_array' doesn't exist
SELECT * FROM hx_Array where pid=12 and status=1 and isdel=0 ORDER by rank asc 
[2020-07-13 01:45:44] /index.php ( url=index&do=index ) 
ERR: Db Error: Table 'jianglouzhen.hx_array' doesn't exist
SELECT * FROM hx_Array where pid=13 and status=1 and isdel=0 ORDER by rank asc 
[2020-07-13 01:45:44] /index.php ( url=index&do=index ) 
ERR: Db Error: Table 'jianglouzhen.hx_array' doesn't exist
SELECT * FROM hx_Array where pid=14 and status=1 and isdel=0 ORDER by rank asc 
[2020-07-13 01:45:44] /index.php ( url=index&do=index ) 
ERR: Db Error: Table 'jianglouzhen.hx_array' doesn't exist
SELECT * FROM hx_Array where pid=15 and status=1 and isdel=0 ORDER by rank asc 
[2020-07-13 01:45:56] /index.php ( url=index&do=index ) 
ERR: Db Error: Table 'jianglouzhen.hx_array' doesn't exist
SELECT * FROM hx_Array where pid=11 and status=1 and isdel=0 ORDER by rank asc 
[2020-07-13 01:45:56] /index.php ( url=index&do=index ) 
ERR: Db Error: Table 'jianglouzhen.hx_array' doesn't exist
SELECT * FROM hx_Array where pid=12 and status=1 and isdel=0 ORDER by rank asc 
[2020-07-13 01:45:56] /index.php ( url=index&do=index ) 
ERR: Db Error: Table 'jianglouzhen.hx_array' doesn't exist
SELECT * FROM hx_Array where pid=13 and status=1 and isdel=0 ORDER by rank asc 
[2020-07-13 01:45:56] /index.php ( url=index&do=index ) 
ERR: Db Error: Table 'jianglouzhen.hx_array' doesn't exist
SELECT * FROM hx_Array where pid=14 and status=1 and isdel=0 ORDER by rank asc 
[2020-07-13 01:45:56] /index.php ( url=index&do=index ) 
ERR: Db Error: Table 'jianglouzhen.hx_array' doesn't exist
SELECT * FROM hx_Array where pid=15 and status=1 and isdel=0 ORDER by rank asc 
[2020-07-13 01:46:04] /index.php ( url=index&do=index ) 
ERR: Db Error: Table 'jianglouzhen.hx_array' doesn't exist
SELECT * FROM hx_Array where pid=11 and status=1 and isdel=0 ORDER by rank asc 
[2020-07-13 01:46:04] /index.php ( url=index&do=index ) 
ERR: Db Error: Table 'jianglouzhen.hx_array' doesn't exist
SELECT * FROM hx_Array where pid=12 and status=1 and isdel=0 ORDER by rank asc 
[2020-07-13 01:46:04] /index.php ( url=index&do=index ) 
ERR: Db Error: Table 'jianglouzhen.hx_array' doesn't exist
SELECT * FROM hx_Array where pid=13 and status=1 and isdel=0 ORDER by rank asc 
[2020-07-13 01:46:04] /index.php ( url=index&do=index ) 
ERR: Db Error: Table 'jianglouzhen.hx_array' doesn't exist
SELECT * FROM hx_Array where pid=14 and status=1 and isdel=0 ORDER by rank asc 
[2020-07-13 01:46:04] /index.php ( url=index&do=index ) 
ERR: Db Error: Table 'jianglouzhen.hx_array' doesn't exist
SELECT * FROM hx_Array where pid=15 and status=1 and isdel=0 ORDER by rank asc 
[2020-07-13 01:46:12] /index.php ( url=index&do=index ) 
ERR: Db Error: Table 'jianglouzhen.hx_array' doesn't exist
SELECT * FROM hx_Array where pid=11 and status=1 and isdel=0 ORDER by rank asc 
[2020-07-13 01:46:12] /index.php ( url=index&do=index ) 
ERR: Db Error: Table 'jianglouzhen.hx_array' doesn't exist
SELECT * FROM hx_Array where pid=12 and status=1 and isdel=0 ORDER by rank asc 
[2020-07-13 01:46:12] /index.php ( url=index&do=index ) 
ERR: Db Error: Table 'jianglouzhen.hx_array' doesn't exist
SELECT * FROM hx_Array where pid=13 and status=1 and isdel=0 ORDER by rank asc 
[2020-07-13 01:46:12] /index.php ( url=index&do=index ) 
ERR: Db Error: Table 'jianglouzhen.hx_array' doesn't exist
SELECT * FROM hx_Array where pid=14 and status=1 and isdel=0 ORDER by rank asc 
[2020-07-13 01:46:12] /index.php ( url=index&do=index ) 
ERR: Db Error: Table 'jianglouzhen.hx_array' doesn't exist
SELECT * FROM hx_Array where pid=15 and status=1 and isdel=0 ORDER by rank asc 
[2020-07-13 01:47:44] /index.php ( url=index&do=index ) 
ERR: Db Error: Table 'jianglouzhen.hx_array' doesn't exist
SELECT * FROM hx_Array where pid=11 and status=1 and isdel=0 ORDER by rank asc 
[2020-07-13 01:47:44] /index.php ( url=index&do=index ) 
ERR: Db Error: Table 'jianglouzhen.hx_array' doesn't exist
SELECT * FROM hx_Array where pid=12 and status=1 and isdel=0 ORDER by rank asc 
[2020-07-13 01:47:44] /index.php ( url=index&do=index ) 
ERR: Db Error: Table 'jianglouzhen.hx_array' doesn't exist
SELECT * FROM hx_Array where pid=13 and status=1 and isdel=0 ORDER by rank asc 
[2020-07-13 01:47:44] /index.php ( url=index&do=index ) 
ERR: Db Error: Table 'jianglouzhen.hx_array' doesn't exist
SELECT * FROM hx_Array where pid=14 and status=1 and isdel=0 ORDER by rank asc 
[2020-07-13 01:47:44] /index.php ( url=index&do=index ) 
ERR: Db Error: Table 'jianglouzhen.hx_array' doesn't exist
SELECT * FROM hx_Array where pid=15 and status=1 and isdel=0 ORDER by rank asc 
[2020-07-13 01:48:35] /index.php ( url=index&do=index ) 
ERR: Db Error: Table 'jianglouzhen.hx_array' doesn't exist
SELECT * FROM hx_Array where pid=11 and status=1 and isdel=0 ORDER by rank asc 
[2020-07-13 01:48:35] /index.php ( url=index&do=index ) 
ERR: Db Error: Table 'jianglouzhen.hx_array' doesn't exist
SELECT * FROM hx_Array where pid=12 and status=1 and isdel=0 ORDER by rank asc 
[2020-07-13 01:48:35] /index.php ( url=index&do=index ) 
ERR: Db Error: Table 'jianglouzhen.hx_array' doesn't exist
SELECT * FROM hx_Array where pid=13 and status=1 and isdel=0 ORDER by rank asc 
[2020-07-13 01:48:35] /index.php ( url=index&do=index ) 
ERR: Db Error: Table 'jianglouzhen.hx_array' doesn't exist
SELECT * FROM hx_Array where pid=14 and status=1 and isdel=0 ORDER by rank asc 
[2020-07-13 01:48:35] /index.php ( url=index&do=index ) 
ERR: Db Error: Table 'jianglouzhen.hx_array' doesn't exist
SELECT * FROM hx_Array where pid=15 and status=1 and isdel=0 ORDER by rank asc 
[2020-07-13 01:49:30] /index.php ( url=index&do=index ) 
ERR: Db Error: Table 'jianglouzhen.hx_array' doesn't exist
SELECT * FROM hx_Array where pid=11 and status=1 and isdel=0 ORDER by rank asc 
[2020-07-13 01:49:30] /index.php ( url=index&do=index ) 
ERR: Db Error: Table 'jianglouzhen.hx_array' doesn't exist
SELECT * FROM hx_Array where pid=12 and status=1 and isdel=0 ORDER by rank asc 
[2020-07-13 01:49:30] /index.php ( url=index&do=index ) 
ERR: Db Error: Table 'jianglouzhen.hx_array' doesn't exist
SELECT * FROM hx_Array where pid=13 and status=1 and isdel=0 ORDER by rank asc 
[2020-07-13 01:49:30] /index.php ( url=index&do=index ) 
ERR: Db Error: Table 'jianglouzhen.hx_array' doesn't exist
SELECT * FROM hx_Array where pid=14 and status=1 and isdel=0 ORDER by rank asc 
[2020-07-13 01:49:30] /index.php ( url=index&do=index ) 
ERR: Db Error: Table 'jianglouzhen.hx_array' doesn't exist
SELECT * FROM hx_Array where pid=15 and status=1 and isdel=0 ORDER by rank asc 
[2020-07-13 01:50:27] /index.php ( url=index&do=index ) 
ERR: Db Error: Table 'jianglouzhen.hx_array' doesn't exist
SELECT * FROM hx_Array where pid=11 and status=1 and isdel=0 ORDER by rank asc 
[2020-07-13 01:50:27] /index.php ( url=index&do=index ) 
ERR: Db Error: Table 'jianglouzhen.hx_array' doesn't exist
SELECT * FROM hx_Array where pid=12 and status=1 and isdel=0 ORDER by rank asc 
[2020-07-13 01:50:27] /index.php ( url=index&do=index ) 
ERR: Db Error: Table 'jianglouzhen.hx_array' doesn't exist
SELECT * FROM hx_Array where pid=13 and status=1 and isdel=0 ORDER by rank asc 
[2020-07-13 01:50:27] /index.php ( url=index&do=index ) 
ERR: Db Error: Table 'jianglouzhen.hx_array' doesn't exist
SELECT * FROM hx_Array where pid=14 and status=1 and isdel=0 ORDER by rank asc 
[2020-07-13 01:50:27] /index.php ( url=index&do=index ) 
ERR: Db Error: Table 'jianglouzhen.hx_array' doesn't exist
SELECT * FROM hx_Array where pid=15 and status=1 and isdel=0 ORDER by rank asc 
[2020-07-13 01:53:54] /index.php ( url=index&do=index ) 
ERR: Db Error: Table 'jianglouzhen.hx_array' doesn't exist
SELECT * FROM hx_Array where pid=11 and status=1 and isdel=0 ORDER by rank asc 
[2020-07-13 01:53:54] /index.php ( url=index&do=index ) 
ERR: Db Error: Table 'jianglouzhen.hx_array' doesn't exist
SELECT * FROM hx_Array where pid=12 and status=1 and isdel=0 ORDER by rank asc 
[2020-07-13 01:53:54] /index.php ( url=index&do=index ) 
ERR: Db Error: Table 'jianglouzhen.hx_array' doesn't exist
SELECT * FROM hx_Array where pid=13 and status=1 and isdel=0 ORDER by rank asc 
[2020-07-13 01:53:54] /index.php ( url=index&do=index ) 
ERR: Db Error: Table 'jianglouzhen.hx_array' doesn't exist
SELECT * FROM hx_Array where pid=14 and status=1 and isdel=0 ORDER by rank asc 
[2020-07-13 01:53:54] /index.php ( url=index&do=index ) 
ERR: Db Error: Table 'jianglouzhen.hx_array' doesn't exist
SELECT * FROM hx_Array where pid=15 and status=1 and isdel=0 ORDER by rank asc 
[2020-07-13 01:54:48] /index.php ( url=index&do=index ) 
ERR: Db Error: Table 'jianglouzhen.hx_array' doesn't exist
SELECT * FROM hx_Array where pid=11 and status=1 and isdel=0 ORDER by rank asc 
[2020-07-13 01:54:48] /index.php ( url=index&do=index ) 
ERR: Db Error: Table 'jianglouzhen.hx_array' doesn't exist
SELECT * FROM hx_Array where pid=12 and status=1 and isdel=0 ORDER by rank asc 
[2020-07-13 01:54:48] /index.php ( url=index&do=index ) 
ERR: Db Error: Table 'jianglouzhen.hx_array' doesn't exist
SELECT * FROM hx_Array where pid=13 and status=1 and isdel=0 ORDER by rank asc 
[2020-07-13 01:54:48] /index.php ( url=index&do=index ) 
ERR: Db Error: Table 'jianglouzhen.hx_array' doesn't exist
SELECT * FROM hx_Array where pid=14 and status=1 and isdel=0 ORDER by rank asc 
[2020-07-13 01:54:48] /index.php ( url=index&do=index ) 
ERR: Db Error: Table 'jianglouzhen.hx_array' doesn't exist
SELECT * FROM hx_Array where pid=15 and status=1 and isdel=0 ORDER by rank asc 
[2020-07-13 01:54:58] /index.php ( url=index&do=index ) 
ERR: Db Error: Table 'jianglouzhen.hx_array' doesn't exist
SELECT * FROM hx_Array where pid=11 and status=1 and isdel=0 ORDER by rank asc 
[2020-07-13 01:54:58] /index.php ( url=index&do=index ) 
ERR: Db Error: Table 'jianglouzhen.hx_array' doesn't exist
SELECT * FROM hx_Array where pid=12 and status=1 and isdel=0 ORDER by rank asc 
[2020-07-13 01:54:58] /index.php ( url=index&do=index ) 
ERR: Db Error: Table 'jianglouzhen.hx_array' doesn't exist
SELECT * FROM hx_Array where pid=13 and status=1 and isdel=0 ORDER by rank asc 
[2020-07-13 01:54:58] /index.php ( url=index&do=index ) 
ERR: Db Error: Table 'jianglouzhen.hx_array' doesn't exist
SELECT * FROM hx_Array where pid=14 and status=1 and isdel=0 ORDER by rank asc 
[2020-07-13 01:54:58] /index.php ( url=index&do=index ) 
ERR: Db Error: Table 'jianglouzhen.hx_array' doesn't exist
SELECT * FROM hx_Array where pid=15 and status=1 and isdel=0 ORDER by rank asc 
[2020-07-13 01:54:59] /index.php ( url=index&do=index ) 
ERR: Db Error: Table 'jianglouzhen.hx_array' doesn't exist
SELECT * FROM hx_Array where pid=11 and status=1 and isdel=0 ORDER by rank asc 
[2020-07-13 01:54:59] /index.php ( url=index&do=index ) 
ERR: Db Error: Table 'jianglouzhen.hx_array' doesn't exist
SELECT * FROM hx_Array where pid=12 and status=1 and isdel=0 ORDER by rank asc 
[2020-07-13 01:54:59] /index.php ( url=index&do=index ) 
ERR: Db Error: Table 'jianglouzhen.hx_array' doesn't exist
SELECT * FROM hx_Array where pid=13 and status=1 and isdel=0 ORDER by rank asc 
[2020-07-13 01:54:59] /index.php ( url=index&do=index ) 
ERR: Db Error: Table 'jianglouzhen.hx_array' doesn't exist
SELECT * FROM hx_Array where pid=14 and status=1 and isdel=0 ORDER by rank asc 
[2020-07-13 01:54:59] /index.php ( url=index&do=index ) 
ERR: Db Error: Table 'jianglouzhen.hx_array' doesn't exist
SELECT * FROM hx_Array where pid=15 and status=1 and isdel=0 ORDER by rank asc 
[2020-07-13 01:55:12] /index.php ( url=index&do=index ) 
ERR: Db Error: Table 'jianglouzhen.hx_array' doesn't exist
SELECT * FROM hx_Array where pid=11 and status=1 and isdel=0 ORDER by rank asc 
[2020-07-13 01:55:12] /index.php ( url=index&do=index ) 
ERR: Db Error: Table 'jianglouzhen.hx_array' doesn't exist
SELECT * FROM hx_Array where pid=12 and status=1 and isdel=0 ORDER by rank asc 
[2020-07-13 01:55:12] /index.php ( url=index&do=index ) 
ERR: Db Error: Table 'jianglouzhen.hx_array' doesn't exist
SELECT * FROM hx_Array where pid=13 and status=1 and isdel=0 ORDER by rank asc 
[2020-07-13 01:55:12] /index.php ( url=index&do=index ) 
ERR: Db Error: Table 'jianglouzhen.hx_array' doesn't exist
SELECT * FROM hx_Array where pid=14 and status=1 and isdel=0 ORDER by rank asc 
[2020-07-13 01:55:12] /index.php ( url=index&do=index ) 
ERR: Db Error: Table 'jianglouzhen.hx_array' doesn't exist
SELECT * FROM hx_Array where pid=15 and status=1 and isdel=0 ORDER by rank asc 
[2020-07-13 01:55:40] /index.php ( url=index&do=index ) 
ERR: Db Error: Table 'jianglouzhen.hx_array' doesn't exist
SELECT * FROM hx_Array where pid=11 and status=1 and isdel=0 ORDER by rank asc 
[2020-07-13 01:55:40] /index.php ( url=index&do=index ) 
ERR: Db Error: Table 'jianglouzhen.hx_array' doesn't exist
SELECT * FROM hx_Array where pid=12 and status=1 and isdel=0 ORDER by rank asc 
[2020-07-13 01:55:40] /index.php ( url=index&do=index ) 
ERR: Db Error: Table 'jianglouzhen.hx_array' doesn't exist
SELECT * FROM hx_Array where pid=13 and status=1 and isdel=0 ORDER by rank asc 
[2020-07-13 01:55:40] /index.php ( url=index&do=index ) 
ERR: Db Error: Table 'jianglouzhen.hx_array' doesn't exist
SELECT * FROM hx_Array where pid=14 and status=1 and isdel=0 ORDER by rank asc 
[2020-07-13 01:55:40] /index.php ( url=index&do=index ) 
ERR: Db Error: Table 'jianglouzhen.hx_array' doesn't exist
SELECT * FROM hx_Array where pid=15 and status=1 and isdel=0 ORDER by rank asc 
[2020-07-13 01:58:19] /index.php ( url=index&do=index ) 
ERR: Db Error: Table 'jianglouzhen.hx_array' doesn't exist
SELECT * FROM hx_Array where pid=11 and status=1 and isdel=0 ORDER by rank asc 
[2020-07-13 01:58:19] /index.php ( url=index&do=index ) 
ERR: Db Error: Table 'jianglouzhen.hx_array' doesn't exist
SELECT * FROM hx_Array where pid=12 and status=1 and isdel=0 ORDER by rank asc 
[2020-07-13 01:58:19] /index.php ( url=index&do=index ) 
ERR: Db Error: Table 'jianglouzhen.hx_array' doesn't exist
SELECT * FROM hx_Array where pid=13 and status=1 and isdel=0 ORDER by rank asc 
[2020-07-13 01:58:19] /index.php ( url=index&do=index ) 
ERR: Db Error: Table 'jianglouzhen.hx_array' doesn't exist
SELECT * FROM hx_Array where pid=14 and status=1 and isdel=0 ORDER by rank asc 
[2020-07-13 01:58:19] /index.php ( url=index&do=index ) 
ERR: Db Error: Table 'jianglouzhen.hx_array' doesn't exist
SELECT * FROM hx_Array where pid=15 and status=1 and isdel=0 ORDER by rank asc 
[2020-07-13 01:58:21] /index.php ( url=index&do=index ) 
ERR: Db Error: Table 'jianglouzhen.hx_array' doesn't exist
SELECT * FROM hx_Array where pid=11 and status=1 and isdel=0 ORDER by rank asc 
[2020-07-13 01:58:21] /index.php ( url=index&do=index ) 
ERR: Db Error: Table 'jianglouzhen.hx_array' doesn't exist
SELECT * FROM hx_Array where pid=12 and status=1 and isdel=0 ORDER by rank asc 
[2020-07-13 01:58:21] /index.php ( url=index&do=index ) 
ERR: Db Error: Table 'jianglouzhen.hx_array' doesn't exist
SELECT * FROM hx_Array where pid=13 and status=1 and isdel=0 ORDER by rank asc 
[2020-07-13 01:58:21] /index.php ( url=index&do=index ) 
ERR: Db Error: Table 'jianglouzhen.hx_array' doesn't exist
SELECT * FROM hx_Array where pid=14 and status=1 and isdel=0 ORDER by rank asc 
[2020-07-13 01:58:21] /index.php ( url=index&do=index ) 
ERR: Db Error: Table 'jianglouzhen.hx_array' doesn't exist
SELECT * FROM hx_Array where pid=15 and status=1 and isdel=0 ORDER by rank asc 
[2020-07-13 01:58:22] /index.php ( url=index&do=index ) 
ERR: Db Error: Table 'jianglouzhen.hx_array' doesn't exist
SELECT * FROM hx_Array where pid=11 and status=1 and isdel=0 ORDER by rank asc 
[2020-07-13 01:58:22] /index.php ( url=index&do=index ) 
ERR: Db Error: Table 'jianglouzhen.hx_array' doesn't exist
SELECT * FROM hx_Array where pid=12 and status=1 and isdel=0 ORDER by rank asc 
[2020-07-13 01:58:22] /index.php ( url=index&do=index ) 
ERR: Db Error: Table 'jianglouzhen.hx_array' doesn't exist
SELECT * FROM hx_Array where pid=13 and status=1 and isdel=0 ORDER by rank asc 
[2020-07-13 01:58:22] /index.php ( url=index&do=index ) 
ERR: Db Error: Table 'jianglouzhen.hx_array' doesn't exist
SELECT * FROM hx_Array where pid=14 and status=1 and isdel=0 ORDER by rank asc 
[2020-07-13 01:58:22] /index.php ( url=index&do=index ) 
ERR: Db Error: Table 'jianglouzhen.hx_array' doesn't exist
SELECT * FROM hx_Array where pid=15 and status=1 and isdel=0 ORDER by rank asc 
[2020-07-13 01:58:30] /index.php ( url=index&do=index ) 
ERR: Db Error: Table 'jianglouzhen.hx_array' doesn't exist
SELECT * FROM hx_Array where pid=11 and status=1 and isdel=0 ORDER by rank asc 
[2020-07-13 01:58:30] /index.php ( url=index&do=index ) 
ERR: Db Error: Table 'jianglouzhen.hx_array' doesn't exist
SELECT * FROM hx_Array where pid=12 and status=1 and isdel=0 ORDER by rank asc 
[2020-07-13 01:58:30] /index.php ( url=index&do=index ) 
ERR: Db Error: Table 'jianglouzhen.hx_array' doesn't exist
SELECT * FROM hx_Array where pid=13 and status=1 and isdel=0 ORDER by rank asc 
[2020-07-13 01:58:30] /index.php ( url=index&do=index ) 
ERR: Db Error: Table 'jianglouzhen.hx_array' doesn't exist
SELECT * FROM hx_Array where pid=14 and status=1 and isdel=0 ORDER by rank asc 
[2020-07-13 01:58:30] /index.php ( url=index&do=index ) 
ERR: Db Error: Table 'jianglouzhen.hx_array' doesn't exist
SELECT * FROM hx_Array where pid=15 and status=1 and isdel=0 ORDER by rank asc 
[2020-07-13 01:59:00] /index.php ( url=index&do=index ) 
ERR: Db Error: Table 'jianglouzhen.hx_array' doesn't exist
SELECT * FROM hx_Array where pid=11 and status=1 and isdel=0 ORDER by rank asc 
[2020-07-13 01:59:00] /index.php ( url=index&do=index ) 
ERR: Db Error: Table 'jianglouzhen.hx_array' doesn't exist
SELECT * FROM hx_Array where pid=12 and status=1 and isdel=0 ORDER by rank asc 
[2020-07-13 01:59:00] /index.php ( url=index&do=index ) 
ERR: Db Error: Table 'jianglouzhen.hx_array' doesn't exist
SELECT * FROM hx_Array where pid=13 and status=1 and isdel=0 ORDER by rank asc 
[2020-07-13 01:59:00] /index.php ( url=index&do=index ) 
ERR: Db Error: Table 'jianglouzhen.hx_array' doesn't exist
SELECT * FROM hx_Array where pid=14 and status=1 and isdel=0 ORDER by rank asc 
[2020-07-13 01:59:00] /index.php ( url=index&do=index ) 
ERR: Db Error: Table 'jianglouzhen.hx_array' doesn't exist
SELECT * FROM hx_Array where pid=15 and status=1 and isdel=0 ORDER by rank asc 
[2020-07-13 01:59:02] /index.php ( url=index&do=index ) 
ERR: Db Error: Table 'jianglouzhen.hx_array' doesn't exist
SELECT * FROM hx_Array where pid=11 and status=1 and isdel=0 ORDER by rank asc 
[2020-07-13 01:59:02] /index.php ( url=index&do=index ) 
ERR: Db Error: Table 'jianglouzhen.hx_array' doesn't exist
SELECT * FROM hx_Array where pid=12 and status=1 and isdel=0 ORDER by rank asc 
[2020-07-13 01:59:02] /index.php ( url=index&do=index ) 
ERR: Db Error: Table 'jianglouzhen.hx_array' doesn't exist
SELECT * FROM hx_Array where pid=13 and status=1 and isdel=0 ORDER by rank asc 
[2020-07-13 01:59:02] /index.php ( url=index&do=index ) 
ERR: Db Error: Table 'jianglouzhen.hx_array' doesn't exist
SELECT * FROM hx_Array where pid=14 and status=1 and isdel=0 ORDER by rank asc 
[2020-07-13 01:59:02] /index.php ( url=index&do=index ) 
ERR: Db Error: Table 'jianglouzhen.hx_array' doesn't exist
SELECT * FROM hx_Array where pid=15 and status=1 and isdel=0 ORDER by rank asc 
[2020-07-13 02:00:20] /index.php ( url=index&do=index ) 
ERR: Db Error: Table 'jianglouzhen.hx_array' doesn't exist
SELECT * FROM hx_Array where pid=11 and status=1 and isdel=0 ORDER by rank asc 
[2020-07-13 02:00:20] /index.php ( url=index&do=index ) 
ERR: Db Error: Table 'jianglouzhen.hx_array' doesn't exist
SELECT * FROM hx_Array where pid=12 and status=1 and isdel=0 ORDER by rank asc 
[2020-07-13 02:00:20] /index.php ( url=index&do=index ) 
ERR: Db Error: Table 'jianglouzhen.hx_array' doesn't exist
SELECT * FROM hx_Array where pid=13 and status=1 and isdel=0 ORDER by rank asc 
[2020-07-13 02:00:20] /index.php ( url=index&do=index ) 
ERR: Db Error: Table 'jianglouzhen.hx_array' doesn't exist
SELECT * FROM hx_Array where pid=14 and status=1 and isdel=0 ORDER by rank asc 
[2020-07-13 02:00:20] /index.php ( url=index&do=index ) 
ERR: Db Error: Table 'jianglouzhen.hx_array' doesn't exist
SELECT * FROM hx_Array where pid=15 and status=1 and isdel=0 ORDER by rank asc 
[2020-07-13 02:00:51] /index.php ( url=index&do=index ) 
ERR: Db Error: Table 'jianglouzhen.hx_array' doesn't exist
SELECT * FROM hx_Array where pid=11 and status=1 and isdel=0 ORDER by rank asc 
[2020-07-13 02:00:51] /index.php ( url=index&do=index ) 
ERR: Db Error: Table 'jianglouzhen.hx_array' doesn't exist
SELECT * FROM hx_Array where pid=12 and status=1 and isdel=0 ORDER by rank asc 
[2020-07-13 02:00:51] /index.php ( url=index&do=index ) 
ERR: Db Error: Table 'jianglouzhen.hx_array' doesn't exist
SELECT * FROM hx_Array where pid=13 and status=1 and isdel=0 ORDER by rank asc 
[2020-07-13 02:00:51] /index.php ( url=index&do=index ) 
ERR: Db Error: Table 'jianglouzhen.hx_array' doesn't exist
SELECT * FROM hx_Array where pid=14 and status=1 and isdel=0 ORDER by rank asc 
[2020-07-13 02:00:51] /index.php ( url=index&do=index ) 
ERR: Db Error: Table 'jianglouzhen.hx_array' doesn't exist
SELECT * FROM hx_Array where pid=15 and status=1 and isdel=0 ORDER by rank asc 
[2020-07-13 02:00:53] /index.php ( url=index&do=index ) 
ERR: Db Error: Table 'jianglouzhen.hx_array' doesn't exist
SELECT * FROM hx_Array where pid=11 and status=1 and isdel=0 ORDER by rank asc 
[2020-07-13 02:00:53] /index.php ( url=index&do=index ) 
ERR: Db Error: Table 'jianglouzhen.hx_array' doesn't exist
SELECT * FROM hx_Array where pid=12 and status=1 and isdel=0 ORDER by rank asc 
[2020-07-13 02:00:53] /index.php ( url=index&do=index ) 
ERR: Db Error: Table 'jianglouzhen.hx_array' doesn't exist
SELECT * FROM hx_Array where pid=13 and status=1 and isdel=0 ORDER by rank asc 
[2020-07-13 02:00:53] /index.php ( url=index&do=index ) 
ERR: Db Error: Table 'jianglouzhen.hx_array' doesn't exist
SELECT * FROM hx_Array where pid=14 and status=1 and isdel=0 ORDER by rank asc 
[2020-07-13 02:00:53] /index.php ( url=index&do=index ) 
ERR: Db Error: Table 'jianglouzhen.hx_array' doesn't exist
SELECT * FROM hx_Array where pid=15 and status=1 and isdel=0 ORDER by rank asc 
[2020-07-13 02:01:00] /index.php ( url=index&do=index ) 
ERR: Db Error: Table 'jianglouzhen.hx_array' doesn't exist
SELECT * FROM hx_Array where pid=11 and status=1 and isdel=0 ORDER by rank asc 
[2020-07-13 02:01:00] /index.php ( url=index&do=index ) 
ERR: Db Error: Table 'jianglouzhen.hx_array' doesn't exist
SELECT * FROM hx_Array where pid=12 and status=1 and isdel=0 ORDER by rank asc 
[2020-07-13 02:01:00] /index.php ( url=index&do=index ) 
ERR: Db Error: Table 'jianglouzhen.hx_array' doesn't exist
SELECT * FROM hx_Array where pid=13 and status=1 and isdel=0 ORDER by rank asc 
[2020-07-13 02:01:00] /index.php ( url=index&do=index ) 
ERR: Db Error: Table 'jianglouzhen.hx_array' doesn't exist
SELECT * FROM hx_Array where pid=14 and status=1 and isdel=0 ORDER by rank asc 
[2020-07-13 02:01:00] /index.php ( url=index&do=index ) 
ERR: Db Error: Table 'jianglouzhen.hx_array' doesn't exist
SELECT * FROM hx_Array where pid=15 and status=1 and isdel=0 ORDER by rank asc 
[2020-07-13 02:01:01] /index.php ( url=index&do=index ) 
ERR: Db Error: Table 'jianglouzhen.hx_array' doesn't exist
SELECT * FROM hx_Array where pid=11 and status=1 and isdel=0 ORDER by rank asc 
[2020-07-13 02:01:01] /index.php ( url=index&do=index ) 
ERR: Db Error: Table 'jianglouzhen.hx_array' doesn't exist
SELECT * FROM hx_Array where pid=12 and status=1 and isdel=0 ORDER by rank asc 
[2020-07-13 02:01:01] /index.php ( url=index&do=index ) 
ERR: Db Error: Table 'jianglouzhen.hx_array' doesn't exist
SELECT * FROM hx_Array where pid=13 and status=1 and isdel=0 ORDER by rank asc 
[2020-07-13 02:01:01] /index.php ( url=index&do=index ) 
ERR: Db Error: Table 'jianglouzhen.hx_array' doesn't exist
SELECT * FROM hx_Array where pid=14 and status=1 and isdel=0 ORDER by rank asc 
[2020-07-13 02:01:01] /index.php ( url=index&do=index ) 
ERR: Db Error: Table 'jianglouzhen.hx_array' doesn't exist
SELECT * FROM hx_Array where pid=15 and status=1 and isdel=0 ORDER by rank asc 
[2020-07-13 02:01:25] /index.php ( url=index&do=index ) 
ERR: Db Error: Table 'jianglouzhen.hx_array' doesn't exist
SELECT * FROM hx_Array where pid=11 and status=1 and isdel=0 ORDER by rank asc 
[2020-07-13 02:01:25] /index.php ( url=index&do=index ) 
ERR: Db Error: Table 'jianglouzhen.hx_array' doesn't exist
SELECT * FROM hx_Array where pid=12 and status=1 and isdel=0 ORDER by rank asc 
[2020-07-13 02:01:25] /index.php ( url=index&do=index ) 
ERR: Db Error: Table 'jianglouzhen.hx_array' doesn't exist
SELECT * FROM hx_Array where pid=13 and status=1 and isdel=0 ORDER by rank asc 
[2020-07-13 02:01:25] /index.php ( url=index&do=index ) 
ERR: Db Error: Table 'jianglouzhen.hx_array' doesn't exist
SELECT * FROM hx_Array where pid=14 and status=1 and isdel=0 ORDER by rank asc 
[2020-07-13 02:01:25] /index.php ( url=index&do=index ) 
ERR: Db Error: Table 'jianglouzhen.hx_array' doesn't exist
SELECT * FROM hx_Array where pid=15 and status=1 and isdel=0 ORDER by rank asc 
[2020-07-13 02:01:54] /index.php ( url=index&do=index ) 
ERR: Db Error: Table 'jianglouzhen.hx_array' doesn't exist
SELECT * FROM hx_Array where pid=11 and status=1 and isdel=0 ORDER by rank asc 
[2020-07-13 02:01:54] /index.php ( url=index&do=index ) 
ERR: Db Error: Table 'jianglouzhen.hx_array' doesn't exist
SELECT * FROM hx_Array where pid=12 and status=1 and isdel=0 ORDER by rank asc 
[2020-07-13 02:01:54] /index.php ( url=index&do=index ) 
ERR: Db Error: Table 'jianglouzhen.hx_array' doesn't exist
SELECT * FROM hx_Array where pid=13 and status=1 and isdel=0 ORDER by rank asc 
[2020-07-13 02:01:54] /index.php ( url=index&do=index ) 
ERR: Db Error: Table 'jianglouzhen.hx_array' doesn't exist
SELECT * FROM hx_Array where pid=14 and status=1 and isdel=0 ORDER by rank asc 
[2020-07-13 02:01:54] /index.php ( url=index&do=index ) 
ERR: Db Error: Table 'jianglouzhen.hx_array' doesn't exist
SELECT * FROM hx_Array where pid=15 and status=1 and isdel=0 ORDER by rank asc 
[2020-07-13 02:01:55] /index.php ( url=index&do=index ) 
ERR: Db Error: Table 'jianglouzhen.hx_array' doesn't exist
SELECT * FROM hx_Array where pid=11 and status=1 and isdel=0 ORDER by rank asc 
[2020-07-13 02:01:55] /index.php ( url=index&do=index ) 
ERR: Db Error: Table 'jianglouzhen.hx_array' doesn't exist
SELECT * FROM hx_Array where pid=12 and status=1 and isdel=0 ORDER by rank asc 
[2020-07-13 02:01:55] /index.php ( url=index&do=index ) 
ERR: Db Error: Table 'jianglouzhen.hx_array' doesn't exist
SELECT * FROM hx_Array where pid=13 and status=1 and isdel=0 ORDER by rank asc 
[2020-07-13 02:01:55] /index.php ( url=index&do=index ) 
ERR: Db Error: Table 'jianglouzhen.hx_array' doesn't exist
SELECT * FROM hx_Array where pid=14 and status=1 and isdel=0 ORDER by rank asc 
[2020-07-13 02:01:55] /index.php ( url=index&do=index ) 
ERR: Db Error: Table 'jianglouzhen.hx_array' doesn't exist
SELECT * FROM hx_Array where pid=15 and status=1 and isdel=0 ORDER by rank asc 
[2020-07-13 02:02:21] /index.php ( url=index&do=index ) 
ERR: Db Error: Table 'jianglouzhen.hx_array' doesn't exist
SELECT * FROM hx_Array where pid=11 and status=1 and isdel=0 ORDER by rank asc 
[2020-07-13 02:02:21] /index.php ( url=index&do=index ) 
ERR: Db Error: Table 'jianglouzhen.hx_array' doesn't exist
SELECT * FROM hx_Array where pid=12 and status=1 and isdel=0 ORDER by rank asc 
[2020-07-13 02:02:21] /index.php ( url=index&do=index ) 
ERR: Db Error: Table 'jianglouzhen.hx_array' doesn't exist
SELECT * FROM hx_Array where pid=13 and status=1 and isdel=0 ORDER by rank asc 
[2020-07-13 02:02:21] /index.php ( url=index&do=index ) 
ERR: Db Error: Table 'jianglouzhen.hx_array' doesn't exist
SELECT * FROM hx_Array where pid=14 and status=1 and isdel=0 ORDER by rank asc 
[2020-07-13 02:02:21] /index.php ( url=index&do=index ) 
ERR: Db Error: Table 'jianglouzhen.hx_array' doesn't exist
SELECT * FROM hx_Array where pid=15 and status=1 and isdel=0 ORDER by rank asc 
[2020-07-13 02:02:23] /index.php ( url=index&do=index ) 
ERR: Db Error: Table 'jianglouzhen.hx_array' doesn't exist
SELECT * FROM hx_Array where pid=11 and status=1 and isdel=0 ORDER by rank asc 
[2020-07-13 02:02:23] /index.php ( url=index&do=index ) 
ERR: Db Error: Table 'jianglouzhen.hx_array' doesn't exist
SELECT * FROM hx_Array where pid=12 and status=1 and isdel=0 ORDER by rank asc 
[2020-07-13 02:02:23] /index.php ( url=index&do=index ) 
ERR: Db Error: Table 'jianglouzhen.hx_array' doesn't exist
SELECT * FROM hx_Array where pid=13 and status=1 and isdel=0 ORDER by rank asc 
[2020-07-13 02:02:23] /index.php ( url=index&do=index ) 
ERR: Db Error: Table 'jianglouzhen.hx_array' doesn't exist
SELECT * FROM hx_Array where pid=14 and status=1 and isdel=0 ORDER by rank asc 
[2020-07-13 02:02:23] /index.php ( url=index&do=index ) 
ERR: Db Error: Table 'jianglouzhen.hx_array' doesn't exist
SELECT * FROM hx_Array where pid=15 and status=1 and isdel=0 ORDER by rank asc 
[2020-07-13 02:02:30] /index.php ( url=index&do=index ) 
ERR: Db Error: Table 'jianglouzhen.hx_array' doesn't exist
SELECT * FROM hx_Array where pid=11 and status=1 and isdel=0 ORDER by rank asc 
[2020-07-13 02:02:30] /index.php ( url=index&do=index ) 
ERR: Db Error: Table 'jianglouzhen.hx_array' doesn't exist
SELECT * FROM hx_Array where pid=12 and status=1 and isdel=0 ORDER by rank asc 
[2020-07-13 02:02:30] /index.php ( url=index&do=index ) 
ERR: Db Error: Table 'jianglouzhen.hx_array' doesn't exist
SELECT * FROM hx_Array where pid=13 and status=1 and isdel=0 ORDER by rank asc 
[2020-07-13 02:02:30] /index.php ( url=index&do=index ) 
ERR: Db Error: Table 'jianglouzhen.hx_array' doesn't exist
SELECT * FROM hx_Array where pid=14 and status=1 and isdel=0 ORDER by rank asc 
[2020-07-13 02:02:30] /index.php ( url=index&do=index ) 
ERR: Db Error: Table 'jianglouzhen.hx_array' doesn't exist
SELECT * FROM hx_Array where pid=15 and status=1 and isdel=0 ORDER by rank asc 
[2020-07-13 02:02:50] /index.php ( url=index&do=index ) 
ERR: Db Error: Table 'jianglouzhen.hx_array' doesn't exist
SELECT * FROM hx_Array where pid=11 and status=1 and isdel=0 ORDER by rank asc 
[2020-07-13 02:02:50] /index.php ( url=index&do=index ) 
ERR: Db Error: Table 'jianglouzhen.hx_array' doesn't exist
SELECT * FROM hx_Array where pid=12 and status=1 and isdel=0 ORDER by rank asc 
[2020-07-13 02:02:50] /index.php ( url=index&do=index ) 
ERR: Db Error: Table 'jianglouzhen.hx_array' doesn't exist
SELECT * FROM hx_Array where pid=13 and status=1 and isdel=0 ORDER by rank asc 
[2020-07-13 02:02:50] /index.php ( url=index&do=index ) 
ERR: Db Error: Table 'jianglouzhen.hx_array' doesn't exist
SELECT * FROM hx_Array where pid=14 and status=1 and isdel=0 ORDER by rank asc 
[2020-07-13 02:02:50] /index.php ( url=index&do=index ) 
ERR: Db Error: Table 'jianglouzhen.hx_array' doesn't exist
SELECT * FROM hx_Array where pid=15 and status=1 and isdel=0 ORDER by rank asc 
[2020-07-13 02:03:26] /index.php ( url=index&do=index ) 
ERR: Db Error: Table 'jianglouzhen.hx_array' doesn't exist
SELECT * FROM hx_Array where pid=11 and status=1 and isdel=0 ORDER by rank asc 
[2020-07-13 02:03:26] /index.php ( url=index&do=index ) 
ERR: Db Error: Table 'jianglouzhen.hx_array' doesn't exist
SELECT * FROM hx_Array where pid=12 and status=1 and isdel=0 ORDER by rank asc 
[2020-07-13 02:03:26] /index.php ( url=index&do=index ) 
ERR: Db Error: Table 'jianglouzhen.hx_array' doesn't exist
SELECT * FROM hx_Array where pid=13 and status=1 and isdel=0 ORDER by rank asc 
[2020-07-13 02:03:26] /index.php ( url=index&do=index ) 
ERR: Db Error: Table 'jianglouzhen.hx_array' doesn't exist
SELECT * FROM hx_Array where pid=14 and status=1 and isdel=0 ORDER by rank asc 
[2020-07-13 02:03:26] /index.php ( url=index&do=index ) 
ERR: Db Error: Table 'jianglouzhen.hx_array' doesn't exist
SELECT * FROM hx_Array where pid=15 and status=1 and isdel=0 ORDER by rank asc 
[2020-07-13 02:04:18] /index.php ( url=index&do=index ) 
ERR: Db Error: Table 'jianglouzhen.hx_array' doesn't exist
SELECT * FROM hx_Array where pid=11 and status=1 and isdel=0 ORDER by rank asc 
[2020-07-13 02:04:18] /index.php ( url=index&do=index ) 
ERR: Db Error: Table 'jianglouzhen.hx_array' doesn't exist
SELECT * FROM hx_Array where pid=12 and status=1 and isdel=0 ORDER by rank asc 
[2020-07-13 02:04:18] /index.php ( url=index&do=index ) 
ERR: Db Error: Table 'jianglouzhen.hx_array' doesn't exist
SELECT * FROM hx_Array where pid=13 and status=1 and isdel=0 ORDER by rank asc 
[2020-07-13 02:04:18] /index.php ( url=index&do=index ) 
ERR: Db Error: Table 'jianglouzhen.hx_array' doesn't exist
SELECT * FROM hx_Array where pid=14 and status=1 and isdel=0 ORDER by rank asc 
[2020-07-13 02:04:18] /index.php ( url=index&do=index ) 
ERR: Db Error: Table 'jianglouzhen.hx_array' doesn't exist
SELECT * FROM hx_Array where pid=15 and status=1 and isdel=0 ORDER by rank asc 
[2020-07-13 02:10:26] /index.php ( url=index&do=index ) 
ERR: Db Error: Table 'jianglouzhen.hx_array' doesn't exist
SELECT * FROM hx_Array where pid=11 and status=1 and isdel=0 ORDER by rank asc 
[2020-07-13 02:10:26] /index.php ( url=index&do=index ) 
ERR: Db Error: Table 'jianglouzhen.hx_array' doesn't exist
SELECT * FROM hx_Array where pid=12 and status=1 and isdel=0 ORDER by rank asc 
[2020-07-13 02:10:26] /index.php ( url=index&do=index ) 
ERR: Db Error: Table 'jianglouzhen.hx_array' doesn't exist
SELECT * FROM hx_Array where pid=13 and status=1 and isdel=0 ORDER by rank asc 
[2020-07-13 02:10:26] /index.php ( url=index&do=index ) 
ERR: Db Error: Table 'jianglouzhen.hx_array' doesn't exist
SELECT * FROM hx_Array where pid=14 and status=1 and isdel=0 ORDER by rank asc 
[2020-07-13 02:10:26] /index.php ( url=index&do=index ) 
ERR: Db Error: Table 'jianglouzhen.hx_array' doesn't exist
SELECT * FROM hx_Array where pid=15 and status=1 and isdel=0 ORDER by rank asc 
[2020-07-13 02:15:04] /index.php?url=news&do=index&pid=2 ( url=news&do=index ) 
ERR: Db Error: Table 'jianglouzhen.hx_array' doesn't exist
SELECT * FROM hx_Array where pid=11 and status=1 and isdel=0 ORDER by rank asc 
[2020-07-13 02:15:04] /index.php?url=news&do=index&pid=2 ( url=news&do=index ) 
ERR: Db Error: Table 'jianglouzhen.hx_array' doesn't exist
SELECT * FROM hx_Array where pid=12 and status=1 and isdel=0 ORDER by rank asc 
[2020-07-13 02:15:04] /index.php?url=news&do=index&pid=2 ( url=news&do=index ) 
ERR: Db Error: Table 'jianglouzhen.hx_array' doesn't exist
SELECT * FROM hx_Array where pid=13 and status=1 and isdel=0 ORDER by rank asc 
[2020-07-13 02:15:04] /index.php?url=news&do=index&pid=2 ( url=news&do=index ) 
ERR: Db Error: Table 'jianglouzhen.hx_array' doesn't exist
SELECT * FROM hx_Array where pid=14 and status=1 and isdel=0 ORDER by rank asc 
[2020-07-13 02:15:04] /index.php?url=news&do=index&pid=2 ( url=news&do=index ) 
ERR: Db Error: Table 'jianglouzhen.hx_array' doesn't exist
SELECT * FROM hx_Array where pid=15 and status=1 and isdel=0 ORDER by rank asc 
[2020-07-13 02:15:13] /index.php?url=news&do=index&pid=9 ( url=news&do=index ) 
ERR: Db Error: Table 'jianglouzhen.hx_array' doesn't exist
SELECT * FROM hx_Array where pid=16 and status=1 and isdel=0 ORDER by rank asc 
[2020-07-13 02:15:13] /index.php?url=news&do=index&pid=9 ( url=news&do=index ) 
ERR: Db Error: Table 'jianglouzhen.hx_array' doesn't exist
SELECT * FROM hx_Array where pid=17 and status=1 and isdel=0 ORDER by rank asc 
[2020-07-13 02:24:25] /index.php?url=news&do=index&pid=2 ( url=news&do=index ) 
ERR: Db Error: Table 'jianglouzhen.hx_array' doesn't exist
SELECT * FROM hx_Array where pid=11 and status=1 and isdel=0 ORDER by rank asc 
[2020-07-13 02:24:25] /index.php?url=news&do=index&pid=2 ( url=news&do=index ) 
ERR: Db Error: Table 'jianglouzhen.hx_array' doesn't exist
SELECT * FROM hx_Array where pid=12 and status=1 and isdel=0 ORDER by rank asc 
[2020-07-13 02:24:25] /index.php?url=news&do=index&pid=2 ( url=news&do=index ) 
ERR: Db Error: Table 'jianglouzhen.hx_array' doesn't exist
SELECT * FROM hx_Array where pid=13 and status=1 and isdel=0 ORDER by rank asc 
[2020-07-13 02:24:25] /index.php?url=news&do=index&pid=2 ( url=news&do=index ) 
ERR: Db Error: Table 'jianglouzhen.hx_array' doesn't exist
SELECT * FROM hx_Array where pid=14 and status=1 and isdel=0 ORDER by rank asc 
[2020-07-13 02:24:25] /index.php?url=news&do=index&pid=2 ( url=news&do=index ) 
ERR: Db Error: Table 'jianglouzhen.hx_array' doesn't exist
SELECT * FROM hx_Array where pid=15 and status=1 and isdel=0 ORDER by rank asc 
[2020-07-13 11:58:37] /index.php ( url=index&do=index ) 
ERR: Db Error: Table 'jianglouzhen.hx_array' doesn't exist
SELECT * FROM hx_Array where pid=11 and status=1 and isdel=0 ORDER by rank asc 
[2020-07-13 11:58:37] /index.php ( url=index&do=index ) 
ERR: Db Error: Table 'jianglouzhen.hx_array' doesn't exist
SELECT * FROM hx_Array where pid=12 and status=1 and isdel=0 ORDER by rank asc 
[2020-07-13 11:58:37] /index.php ( url=index&do=index ) 
ERR: Db Error: Table 'jianglouzhen.hx_array' doesn't exist
SELECT * FROM hx_Array where pid=13 and status=1 and isdel=0 ORDER by rank asc 
[2020-07-13 11:58:37] /index.php ( url=index&do=index ) 
ERR: Db Error: Table 'jianglouzhen.hx_array' doesn't exist
SELECT * FROM hx_Array where pid=14 and status=1 and isdel=0 ORDER by rank asc 
[2020-07-13 11:58:37] /index.php ( url=index&do=index ) 
ERR: Db Error: Table 'jianglouzhen.hx_array' doesn't exist
SELECT * FROM hx_Array where pid=15 and status=1 and isdel=0 ORDER by rank asc 
[2020-07-13 12:39:05] /manage/modules/news/index.php?url=article_list&do=get_xml&pid= ( url=article_list&do=get_xml ) 
ERR: Db Error: Table 'jianglouzhen.hx_' doesn't exist
SELECT * FROM `hx_` WHERE ( admin_id = '1' ) LIMIT 1  
[2020-07-13 12:39:05] /manage/modules/news/index.php?url=article_list&do=get_xml&pid= ( url=article_list&do=get_xml ) 
ERR: Db Error: Table 'jianglouzhen.hx_' doesn't exist
SELECT * FROM `hx_` WHERE ( admin_id = '1' ) LIMIT 1  
[2020-07-13 12:39:05] /manage/modules/news/index.php?url=article_list&do=get_xml&pid= ( url=article_list&do=get_xml ) 
ERR: Db Error: Table 'jianglouzhen.hx_' doesn't exist
SELECT * FROM `hx_` WHERE ( admin_id = '1' ) LIMIT 1  
[2020-07-13 12:39:05] /manage/modules/news/index.php?url=article_list&do=get_xml&pid= ( url=article_list&do=get_xml ) 
ERR: Db Error: Table 'jianglouzhen.hx_' doesn't exist
SELECT * FROM `hx_` WHERE ( admin_id = '1' ) LIMIT 1  
[2020-07-13 12:39:05] /manage/modules/news/index.php?url=article_list&do=get_xml&pid= ( url=article_list&do=get_xml ) 
ERR: Db Error: Table 'jianglouzhen.hx_' doesn't exist
SELECT * FROM `hx_` WHERE ( admin_id = '1' ) LIMIT 1  
[2020-07-13 12:39:05] /manage/modules/news/index.php?url=article_list&do=get_xml&pid= ( url=article_list&do=get_xml ) 
ERR: Db Error: Table 'jianglouzhen.hx_' doesn't exist
SELECT * FROM `hx_` WHERE ( admin_id = '1' ) LIMIT 1  
[2020-07-13 12:39:05] /manage/modules/news/index.php?url=article_list&do=get_xml&pid= ( url=article_list&do=get_xml ) 
ERR: Db Error: Table 'jianglouzhen.hx_' doesn't exist
SELECT * FROM `hx_` WHERE ( admin_id = '1' ) LIMIT 1  
[2020-07-13 12:39:05] /manage/modules/news/index.php?url=article_list&do=get_xml&pid= ( url=article_list&do=get_xml ) 
ERR: Db Error: Table 'jianglouzhen.hx_' doesn't exist
SELECT * FROM `hx_` WHERE ( admin_id = '1' ) LIMIT 1  
[2020-07-13 12:39:05] /manage/modules/news/index.php?url=article_list&do=get_xml&pid= ( url=article_list&do=get_xml ) 
ERR: Db Error: Table 'jianglouzhen.hx_' doesn't exist
SELECT * FROM `hx_` WHERE ( admin_id = '1' ) LIMIT 1  
[2020-07-13 12:39:05] /manage/modules/news/index.php?url=article_list&do=get_xml&pid= ( url=article_list&do=get_xml ) 
ERR: Db Error: Table 'jianglouzhen.hx_' doesn't exist
SELECT * FROM `hx_` WHERE ( admin_id = '1' ) LIMIT 1  
[2020-07-13 12:39:05] /manage/modules/news/index.php?url=article_list&do=get_xml&pid= ( url=article_list&do=get_xml ) 
ERR: Db Error: Table 'jianglouzhen.hx_' doesn't exist
SELECT * FROM `hx_` WHERE ( admin_id = '1' ) LIMIT 1  
[2020-07-13 12:39:05] /manage/modules/news/index.php?url=article_list&do=get_xml&pid= ( url=article_list&do=get_xml ) 
ERR: Db Error: Table 'jianglouzhen.hx_' doesn't exist
SELECT * FROM `hx_` WHERE ( admin_id = '1' ) LIMIT 1  
[2020-07-13 12:39:05] /manage/modules/news/index.php?url=article_list&do=get_xml&pid= ( url=article_list&do=get_xml ) 
ERR: Db Error: Table 'jianglouzhen.hx_' doesn't exist
SELECT * FROM `hx_` WHERE ( admin_id = '1' ) LIMIT 1  
[2020-07-13 12:39:05] /manage/modules/news/index.php?url=article_list&do=get_xml&pid= ( url=article_list&do=get_xml ) 
ERR: Db Error: Table 'jianglouzhen.hx_' doesn't exist
SELECT * FROM `hx_` WHERE ( admin_id = '1' ) LIMIT 1  
[2020-07-13 12:39:05] /manage/modules/news/index.php?url=article_list&do=get_xml&pid= ( url=article_list&do=get_xml ) 
ERR: Db Error: Table 'jianglouzhen.hx_' doesn't exist
SELECT * FROM `hx_` WHERE ( admin_id = '1' ) LIMIT 1  
[2020-07-13 12:39:39] /manage/modules/news/index.php?url=article_list&do=get_xml&pid= ( url=article_list&do=get_xml ) 
ERR: Db Error: Table 'jianglouzhen.hx_' doesn't exist
SELECT * FROM `hx_` WHERE ( admin_id = '1' ) LIMIT 1  
[2020-07-13 12:39:39] /manage/modules/news/index.php?url=article_list&do=get_xml&pid= ( url=article_list&do=get_xml ) 
ERR: Db Error: Table 'jianglouzhen.hx_' doesn't exist
SELECT * FROM `hx_` WHERE ( admin_id = '1' ) LIMIT 1  
[2020-07-13 12:39:39] /manage/modules/news/index.php?url=article_list&do=get_xml&pid= ( url=article_list&do=get_xml ) 
ERR: Db Error: Table 'jianglouzhen.hx_' doesn't exist
SELECT * FROM `hx_` WHERE ( admin_id = '1' ) LIMIT 1  
[2020-07-13 12:39:39] /manage/modules/news/index.php?url=article_list&do=get_xml&pid= ( url=article_list&do=get_xml ) 
ERR: Db Error: Table 'jianglouzhen.hx_' doesn't exist
SELECT * FROM `hx_` WHERE ( admin_id = '1' ) LIMIT 1  
[2020-07-13 12:39:39] /manage/modules/news/index.php?url=article_list&do=get_xml&pid= ( url=article_list&do=get_xml ) 
ERR: Db Error: Table 'jianglouzhen.hx_' doesn't exist
SELECT * FROM `hx_` WHERE ( admin_id = '1' ) LIMIT 1  
[2020-07-13 12:39:39] /manage/modules/news/index.php?url=article_list&do=get_xml&pid= ( url=article_list&do=get_xml ) 
ERR: Db Error: Table 'jianglouzhen.hx_' doesn't exist
SELECT * FROM `hx_` WHERE ( admin_id = '1' ) LIMIT 1  
[2020-07-13 12:39:39] /manage/modules/news/index.php?url=article_list&do=get_xml&pid= ( url=article_list&do=get_xml ) 
ERR: Db Error: Table 'jianglouzhen.hx_' doesn't exist
SELECT * FROM `hx_` WHERE ( admin_id = '1' ) LIMIT 1  
[2020-07-13 12:39:39] /manage/modules/news/index.php?url=article_list&do=get_xml&pid= ( url=article_list&do=get_xml ) 
ERR: Db Error: Table 'jianglouzhen.hx_' doesn't exist
SELECT * FROM `hx_` WHERE ( admin_id = '1' ) LIMIT 1  
[2020-07-13 12:39:39] /manage/modules/news/index.php?url=article_list&do=get_xml&pid= ( url=article_list&do=get_xml ) 
ERR: Db Error: Table 'jianglouzhen.hx_' doesn't exist
SELECT * FROM `hx_` WHERE ( admin_id = '1' ) LIMIT 1  
[2020-07-13 12:39:39] /manage/modules/news/index.php?url=article_list&do=get_xml&pid= ( url=article_list&do=get_xml ) 
ERR: Db Error: Table 'jianglouzhen.hx_' doesn't exist
SELECT * FROM `hx_` WHERE ( admin_id = '1' ) LIMIT 1  
[2020-07-13 12:39:39] /manage/modules/news/index.php?url=article_list&do=get_xml&pid= ( url=article_list&do=get_xml ) 
ERR: Db Error: Table 'jianglouzhen.hx_' doesn't exist
SELECT * FROM `hx_` WHERE ( admin_id = '1' ) LIMIT 1  
[2020-07-13 12:39:39] /manage/modules/news/index.php?url=article_list&do=get_xml&pid= ( url=article_list&do=get_xml ) 
ERR: Db Error: Table 'jianglouzhen.hx_' doesn't exist
SELECT * FROM `hx_` WHERE ( admin_id = '1' ) LIMIT 1  
[2020-07-13 12:39:39] /manage/modules/news/index.php?url=article_list&do=get_xml&pid= ( url=article_list&do=get_xml ) 
ERR: Db Error: Table 'jianglouzhen.hx_' doesn't exist
SELECT * FROM `hx_` WHERE ( admin_id = '1' ) LIMIT 1  
[2020-07-13 12:39:39] /manage/modules/news/index.php?url=article_list&do=get_xml&pid= ( url=article_list&do=get_xml ) 
ERR: Db Error: Table 'jianglouzhen.hx_' doesn't exist
SELECT * FROM `hx_` WHERE ( admin_id = '1' ) LIMIT 1  
[2020-07-13 12:39:39] /manage/modules/news/index.php?url=article_list&do=get_xml&pid= ( url=article_list&do=get_xml ) 
ERR: Db Error: Table 'jianglouzhen.hx_' doesn't exist
SELECT * FROM `hx_` WHERE ( admin_id = '1' ) LIMIT 1  
