[2020-09-22 09:00:55] /index.php?url=news&do=index ( url=news&do=index ) 
ERR: Db Error: You have an error in your SQL syntax; check the manual that corresponds to your MySQL server version for the right syntax to use near 'and status=1 and isdel=0 ORDER by rank asc' at line 1
SELECT * FROM hx_article_class where pid= and status=1 and isdel=0 ORDER by rank asc 
[2020-09-22 09:25:07] /index.php?url=online&do=add&id=42 ( url=online&do=add ) 
ERR: Db Error: Unknown column 'toprevid' in 'field list'
UPDATE `hx_online_list` SET title='不同角色测试',name='魏',age='30',mobile='18634807763',intro='',pic='',video='',audio='',content='',village='魏',managid='8',addtime='1600737907',ip='118.78.189.46',istopreview='1',toprevtime='1600737907',toprevid='8',releaseid='8' WHERE ( id = '42' )
[2020-09-22 11:31:59] /index.php?url=task&do=myunquest&dodeal=0 ( url=task&do=myunquest ) 
ERR: Db Error: You have an error in your SQL syntax; check the manual that corresponds to your MySQL server version for the right syntax to use near 'and ( isreview=0 OR istopreview=0 ) 8 or mobile=18634807763 and (isreview=0 or i' at line 1
SELECT * FROM hx_online_list where releaseid= and ( isreview=0 OR istopreview=0 ) 8 or mobile=18634807763 and (isreview=0 or istopreview=0)  ORDER by id desc 
[2020-09-22 11:32:01] /index.php?url=task&do=myunquest&dodeal=0 ( url=task&do=myunquest ) 
ERR: Db Error: You have an error in your SQL syntax; check the manual that corresponds to your MySQL server version for the right syntax to use near 'and ( isreview=0 OR istopreview=0 ) 8 or mobile=18634807763 and (isreview=0 or i' at line 1
SELECT * FROM hx_online_list where releaseid= and ( isreview=0 OR istopreview=0 ) 8 or mobile=18634807763 and (isreview=0 or istopreview=0)  ORDER by id desc 
[2020-09-22 11:56:11] /manage/modules/organ/index.php?url=manager_list&do=add ( url=manager_list&do=add ) 
ERR: Db Error: Unknown column 'value' in 'where clause'
SELECT * FROM `hx_office_list` WHERE status=1 and value="office" LIMIT 1  
[2020-09-22 12:00:40] /manage/modules/organ/index.php?url=manager_list&do=get_xml&pid= ( url=manager_list&do=get_xml ) 
ERR: Db Error: You have an error in your SQL syntax; check the manual that corresponds to your MySQL server version for the right syntax to use near ''1')  ) ORDER BY id desc LIMIT 1' at line 1
SELECT COUNT(*) AS nc_count FROM `hx_member` WHERE ( isdel = '0' ) AND ( (identity  '1')  ) ORDER BY id desc LIMIT 1  
[2020-09-22 12:00:40] /manage/modules/organ/index.php?url=manager_list&do=get_xml&pid= ( url=manager_list&do=get_xml ) 
ERR: Db Error: You have an error in your SQL syntax; check the manual that corresponds to your MySQL server version for the right syntax to use near ''1')  ) ORDER BY id desc LIMIT 0,15' at line 1
SELECT * FROM `hx_member` WHERE ( isdel = '0' ) AND ( (identity  '1')  ) ORDER BY id desc LIMIT 0,15  
[2020-09-22 12:00:42] /manage/modules/organ/index.php?url=manager_list&do=get_xml&pid= ( url=manager_list&do=get_xml ) 
ERR: Db Error: You have an error in your SQL syntax; check the manual that corresponds to your MySQL server version for the right syntax to use near ''1')  ) ORDER BY id desc LIMIT 1' at line 1
SELECT COUNT(*) AS nc_count FROM `hx_member` WHERE ( isdel = '0' ) AND ( (identity  '1')  ) ORDER BY id desc LIMIT 1  
[2020-09-22 12:00:42] /manage/modules/organ/index.php?url=manager_list&do=get_xml&pid= ( url=manager_list&do=get_xml ) 
ERR: Db Error: You have an error in your SQL syntax; check the manual that corresponds to your MySQL server version for the right syntax to use near ''1')  ) ORDER BY id desc LIMIT 0,15' at line 1
SELECT * FROM `hx_member` WHERE ( isdel = '0' ) AND ( (identity  '1')  ) ORDER BY id desc LIMIT 0,15  
[2020-09-22 12:00:53] /manage/modules/organ/index.php?url=manager_list&do=get_xml&pid= ( url=manager_list&do=get_xml ) 
ERR: Db Error: You have an error in your SQL syntax; check the manual that corresponds to your MySQL server version for the right syntax to use near ''1')  ) ORDER BY id desc LIMIT 1' at line 1
SELECT COUNT(*) AS nc_count FROM `hx_member` WHERE ( isdel = '0' ) AND ( (identity  '1')  ) ORDER BY id desc LIMIT 1  
[2020-09-22 12:00:53] /manage/modules/organ/index.php?url=manager_list&do=get_xml&pid= ( url=manager_list&do=get_xml ) 
ERR: Db Error: You have an error in your SQL syntax; check the manual that corresponds to your MySQL server version for the right syntax to use near ''1')  ) ORDER BY id desc LIMIT 0,15' at line 1
SELECT * FROM `hx_member` WHERE ( isdel = '0' ) AND ( (identity  '1')  ) ORDER BY id desc LIMIT 0,15  
[2020-09-22 12:05:13] /index.php?url=news&do=index ( url=news&do=index ) 
ERR: Db Error: You have an error in your SQL syntax; check the manual that corresponds to your MySQL server version for the right syntax to use near 'and status=1 and isdel=0 ORDER by rank asc' at line 1
SELECT * FROM hx_article_class where pid= and status=1 and isdel=0 ORDER by rank asc 
[2020-09-22 12:09:35] /index.php?url=news&do=index ( url=news&do=index ) 
ERR: Db Error: You have an error in your SQL syntax; check the manual that corresponds to your MySQL server version for the right syntax to use near 'and status=1 and isdel=0 ORDER by rank asc' at line 1
SELECT * FROM hx_article_class where pid= and status=1 and isdel=0 ORDER by rank asc 
[2020-09-22 12:14:21] /index.php?url=news&do=index ( url=news&do=index ) 
ERR: Db Error: You have an error in your SQL syntax; check the manual that corresponds to your MySQL server version for the right syntax to use near 'and status=1 and isdel=0 ORDER by rank asc' at line 1
SELECT * FROM hx_article_class where pid= and status=1 and isdel=0 ORDER by rank asc 
[2020-09-22 13:24:54] /index.php?url=news&do=index ( url=news&do=index ) 
ERR: Db Error: You have an error in your SQL syntax; check the manual that corresponds to your MySQL server version for the right syntax to use near 'and status=1 and isdel=0 ORDER by rank asc' at line 1
SELECT * FROM hx_article_class where pid= and status=1 and isdel=0 ORDER by rank asc 
[2020-09-22 13:24:58] /index.php?url=news&do=index ( url=news&do=index ) 
ERR: Db Error: You have an error in your SQL syntax; check the manual that corresponds to your MySQL server version for the right syntax to use near 'and status=1 and isdel=0 ORDER by rank asc' at line 1
SELECT * FROM hx_article_class where pid= and status=1 and isdel=0 ORDER by rank asc 
[2020-09-22 13:25:20] /index.php?url=news&do=index ( url=news&do=index ) 
ERR: Db Error: You have an error in your SQL syntax; check the manual that corresponds to your MySQL server version for the right syntax to use near 'and status=1 and isdel=0 ORDER by rank asc' at line 1
SELECT * FROM hx_article_class where pid= and status=1 and isdel=0 ORDER by rank asc 
[2020-09-22 13:25:58] /index.php?url=news&do=index ( url=news&do=index ) 
ERR: Db Error: You have an error in your SQL syntax; check the manual that corresponds to your MySQL server version for the right syntax to use near 'and status=1 and isdel=0 ORDER by rank asc' at line 1
SELECT * FROM hx_article_class where pid= and status=1 and isdel=0 ORDER by rank asc 
[2020-09-22 13:36:17] /index.php?url=news&do=index ( url=news&do=index ) 
ERR: Db Error: You have an error in your SQL syntax; check the manual that corresponds to your MySQL server version for the right syntax to use near 'and status=1 and isdel=0 ORDER by rank asc' at line 1
SELECT * FROM hx_article_class where pid= and status=1 and isdel=0 ORDER by rank asc 
[2020-09-22 14:25:32] /index.php?url=news&do=index ( url=news&do=index ) 
ERR: Db Error: You have an error in your SQL syntax; check the manual that corresponds to your MySQL server version for the right syntax to use near 'and status=1 and isdel=0 ORDER by rank asc' at line 1
SELECT * FROM hx_article_class where pid= and status=1 and isdel=0 ORDER by rank asc 
[2020-09-22 14:25:52] /index.php?url=task&do=myunquest ( url=task&do=myunquest ) 
ERR: Db Error: You have an error in your SQL syntax; check the manual that corresponds to your MySQL server version for the right syntax to use near 'and (isreview=0 or istopreview=0)  ORDER by id desc' at line 1
SELECT * FROM hx_online_list where releaseid=5 and ( isreview=0 or istopreview=0 )  or mobile= and (isreview=0 or istopreview=0)  ORDER by id desc 
[2020-09-22 14:25:59] /index.php?url=news&do=index ( url=news&do=index ) 
ERR: Db Error: You have an error in your SQL syntax; check the manual that corresponds to your MySQL server version for the right syntax to use near 'and status=1 and isdel=0 ORDER by rank asc' at line 1
SELECT * FROM hx_article_class where pid= and status=1 and isdel=0 ORDER by rank asc 
[2020-09-22 14:26:10] /index.php?url=task&do=myunquest ( url=task&do=myunquest ) 
ERR: Db Error: You have an error in your SQL syntax; check the manual that corresponds to your MySQL server version for the right syntax to use near 'and (isreview=0 or istopreview=0)  ORDER by id desc' at line 1
SELECT * FROM hx_online_list where releaseid=5 and ( isreview=0 or istopreview=0 )  or mobile= and (isreview=0 or istopreview=0)  ORDER by id desc 
[2020-09-22 14:26:19] /index.php?url=member&do=profile ( url=member&do=profile ) 
ERR: Db Error: Unknown column 'value' in 'where clause'
SELECT * FROM `hx_office_list` WHERE status=1 and value="office" LIMIT 1  
[2020-09-22 14:27:05] /index.php?url=news&do=index ( url=news&do=index ) 
ERR: Db Error: You have an error in your SQL syntax; check the manual that corresponds to your MySQL server version for the right syntax to use near 'and status=1 and isdel=0 ORDER by rank asc' at line 1
SELECT * FROM hx_article_class where pid= and status=1 and isdel=0 ORDER by rank asc 
[2020-09-22 14:27:37] /index.php?url=news&do=index ( url=news&do=index ) 
ERR: Db Error: You have an error in your SQL syntax; check the manual that corresponds to your MySQL server version for the right syntax to use near 'and status=1 and isdel=0 ORDER by rank asc' at line 1
SELECT * FROM hx_article_class where pid= and status=1 and isdel=0 ORDER by rank asc 
[2020-09-22 14:27:42] /index.php?url=news&do=index ( url=news&do=index ) 
ERR: Db Error: You have an error in your SQL syntax; check the manual that corresponds to your MySQL server version for the right syntax to use near 'and status=1 and isdel=0 ORDER by rank asc' at line 1
SELECT * FROM hx_article_class where pid= and status=1 and isdel=0 ORDER by rank asc 
[2020-09-22 14:27:50] /index.php?url=news&do=index ( url=news&do=index ) 
ERR: Db Error: You have an error in your SQL syntax; check the manual that corresponds to your MySQL server version for the right syntax to use near 'and status=1 and isdel=0 ORDER by rank asc' at line 1
SELECT * FROM hx_article_class where pid= and status=1 and isdel=0 ORDER by rank asc 
[2020-09-22 14:34:46] /index.php?url=news&do=index ( url=news&do=index ) 
ERR: Db Error: You have an error in your SQL syntax; check the manual that corresponds to your MySQL server version for the right syntax to use near 'and status=1 and isdel=0 ORDER by rank asc' at line 1
SELECT * FROM hx_article_class where pid= and status=1 and isdel=0 ORDER by rank asc 
[2020-09-22 14:42:02] /index.php?url=news&do=index ( url=news&do=index ) 
ERR: Db Error: You have an error in your SQL syntax; check the manual that corresponds to your MySQL server version for the right syntax to use near 'and status=1 and isdel=0 ORDER by rank asc' at line 1
SELECT * FROM hx_article_class where pid= and status=1 and isdel=0 ORDER by rank asc 
[2020-09-22 14:42:13] /index.php?url=news&do=index ( url=news&do=index ) 
ERR: Db Error: You have an error in your SQL syntax; check the manual that corresponds to your MySQL server version for the right syntax to use near 'and status=1 and isdel=0 ORDER by rank asc' at line 1
SELECT * FROM hx_article_class where pid= and status=1 and isdel=0 ORDER by rank asc 
[2020-09-22 14:43:12] /index.php?url=news&do=index ( url=news&do=index ) 
ERR: Db Error: You have an error in your SQL syntax; check the manual that corresponds to your MySQL server version for the right syntax to use near 'and status=1 and isdel=0 ORDER by rank asc' at line 1
SELECT * FROM hx_article_class where pid= and status=1 and isdel=0 ORDER by rank asc 
[2020-09-22 14:43:14] /index.php?url=news&do=index ( url=news&do=index ) 
ERR: Db Error: You have an error in your SQL syntax; check the manual that corresponds to your MySQL server version for the right syntax to use near 'and status=1 and isdel=0 ORDER by rank asc' at line 1
SELECT * FROM hx_article_class where pid= and status=1 and isdel=0 ORDER by rank asc 
[2020-09-22 14:43:57] /index.php?url=news&do=index ( url=news&do=index ) 
ERR: Db Error: You have an error in your SQL syntax; check the manual that corresponds to your MySQL server version for the right syntax to use near 'and status=1 and isdel=0 ORDER by rank asc' at line 1
SELECT * FROM hx_article_class where pid= and status=1 and isdel=0 ORDER by rank asc 
[2020-09-22 14:44:19] /index.php?url=news&do=index ( url=news&do=index ) 
ERR: Db Error: You have an error in your SQL syntax; check the manual that corresponds to your MySQL server version for the right syntax to use near 'and status=1 and isdel=0 ORDER by rank asc' at line 1
SELECT * FROM hx_article_class where pid= and status=1 and isdel=0 ORDER by rank asc 
[2020-09-22 14:44:24] /index.php?url=news&do=index ( url=news&do=index ) 
ERR: Db Error: You have an error in your SQL syntax; check the manual that corresponds to your MySQL server version for the right syntax to use near 'and status=1 and isdel=0 ORDER by rank asc' at line 1
SELECT * FROM hx_article_class where pid= and status=1 and isdel=0 ORDER by rank asc 
[2020-09-22 14:44:25] /index.php?url=news&do=index ( url=news&do=index ) 
ERR: Db Error: You have an error in your SQL syntax; check the manual that corresponds to your MySQL server version for the right syntax to use near 'and status=1 and isdel=0 ORDER by rank asc' at line 1
SELECT * FROM hx_article_class where pid= and status=1 and isdel=0 ORDER by rank asc 
[2020-09-22 14:44:51] /index.php?url=news&do=index ( url=news&do=index ) 
ERR: Db Error: You have an error in your SQL syntax; check the manual that corresponds to your MySQL server version for the right syntax to use near 'and status=1 and isdel=0 ORDER by rank asc' at line 1
SELECT * FROM hx_article_class where pid= and status=1 and isdel=0 ORDER by rank asc 
[2020-09-22 14:45:31] /index.php?url=news&do=index ( url=news&do=index ) 
ERR: Db Error: You have an error in your SQL syntax; check the manual that corresponds to your MySQL server version for the right syntax to use near 'and status=1 and isdel=0 ORDER by rank asc' at line 1
SELECT * FROM hx_article_class where pid= and status=1 and isdel=0 ORDER by rank asc 
[2020-09-22 14:45:40] /index.php?url=news&do=index ( url=news&do=index ) 
ERR: Db Error: You have an error in your SQL syntax; check the manual that corresponds to your MySQL server version for the right syntax to use near 'and status=1 and isdel=0 ORDER by rank asc' at line 1
SELECT * FROM hx_article_class where pid= and status=1 and isdel=0 ORDER by rank asc 
[2020-09-22 14:49:57] /index.php?url=task&do=clock ( url=task&do=clock ) 
ERR: Db Error: Column 'admin_name' cannot be null
INSERT  INTO `hx_admin_log` (content,admin_name,createtime,admin_id,ip,url) VALUES ('打卡2020-09-22成功奖励5积分',NULL,'1600757397',NULL,'223.104.191.85','task&clock')
[2020-09-22 14:56:39] /index.php?url=member&do=profile ( url=member&do=profile ) 
ERR: Db Error: Unknown column 'value' in 'where clause'
SELECT * FROM `hx_office_list` WHERE status=1 and value="office" LIMIT 1  
[2020-09-22 15:51:28] /index.php?url=news&do=index ( url=news&do=index ) 
ERR: Db Error: You have an error in your SQL syntax; check the manual that corresponds to your MySQL server version for the right syntax to use near 'and status=1 and isdel=0 ORDER by rank asc' at line 1
SELECT * FROM hx_article_class where pid= and status=1 and isdel=0 ORDER by rank asc 
[2020-09-22 15:51:28] /index.php?url=news&do=index ( url=news&do=index ) 
ERR: Db Error: You have an error in your SQL syntax; check the manual that corresponds to your MySQL server version for the right syntax to use near 'and status=1 and isdel=0 ORDER by rank asc' at line 1
SELECT * FROM hx_article_class where pid= and status=1 and isdel=0 ORDER by rank asc 
[2020-09-22 15:51:29] /index.php?url=news&do=index ( url=news&do=index ) 
ERR: Db Error: You have an error in your SQL syntax; check the manual that corresponds to your MySQL server version for the right syntax to use near 'and status=1 and isdel=0 ORDER by rank asc' at line 1
SELECT * FROM hx_article_class where pid= and status=1 and isdel=0 ORDER by rank asc 
[2020-09-22 15:51:29] /index.php?url=news&do=index ( url=news&do=index ) 
ERR: Db Error: You have an error in your SQL syntax; check the manual that corresponds to your MySQL server version for the right syntax to use near 'and status=1 and isdel=0 ORDER by rank asc' at line 1
SELECT * FROM hx_article_class where pid= and status=1 and isdel=0 ORDER by rank asc 
[2020-09-22 15:51:53] /index.php?url=member&do=profile ( url=member&do=profile ) 
ERR: Db Error: Unknown column 'value' in 'where clause'
SELECT * FROM `hx_office_list` WHERE status=1 and value="office" LIMIT 1  
[2020-09-22 15:55:54] /manage/modules/organ/index.php?url=manager_list&do=add ( url=manager_list&do=add ) 
ERR: Db Error: Unknown column 'value' in 'where clause'
SELECT * FROM `hx_office_list` WHERE status=1 and value="office" LIMIT 1  
[2020-09-22 16:01:59] /index.php?url=member&do=profile ( url=member&do=profile ) 
ERR: Db Error: Unknown column 'value' in 'where clause'
SELECT * FROM `hx_office_list` WHERE status=1 and value="office" LIMIT 1  
[2020-09-22 16:02:49] /index.php?url=member&do=profile ( url=member&do=profile ) 
ERR: Db Error: Unknown column 'value' in 'where clause'
SELECT * FROM `hx_office_list` WHERE status=1 and value="office" LIMIT 1  
[2020-09-22 16:05:49] /index.php?url=member&do=profile ( url=member&do=profile ) 
ERR: Db Error: Unknown column 'value' in 'where clause'
SELECT * FROM `hx_office_list` WHERE status=1 and value="office" LIMIT 1  
[2020-09-22 16:08:17] /index.php?url=member&do=profile ( url=member&do=profile ) 
ERR: Db Error: Unknown column 'value' in 'where clause'
SELECT * FROM `hx_office_list` WHERE status=1 and value="office" LIMIT 1  
[2020-09-22 16:09:42] /index.php?url=member&do=profile ( url=member&do=profile ) 
ERR: Db Error: Unknown column 'value' in 'where clause'
SELECT * FROM `hx_office_list` WHERE status=1 and value="office" LIMIT 1  
[2020-09-22 16:12:31] /index.php?url=member&do=profile ( url=member&do=profile ) 
ERR: Db Error: Unknown column 'value' in 'where clause'
SELECT * FROM `hx_office_list` WHERE status=1 and value="office" LIMIT 1  
[2020-09-22 16:21:04] /index.php?url=member&do=profile ( url=member&do=profile ) 
ERR: Db Error: Unknown column 'value' in 'where clause'
SELECT * FROM `hx_office_list` WHERE status=1 and value="office" LIMIT 1  
[2020-09-22 16:33:03] /index.php?url=member&do=profile ( url=member&do=profile ) 
ERR: Db Error: Unknown column 'value' in 'where clause'
SELECT * FROM `hx_office_list` WHERE status=1 and value="office" LIMIT 1  
[2020-09-22 16:33:31] /index.php?url=member&do=profile ( url=member&do=profile ) 
ERR: Db Error: Unknown column 'value' in 'where clause'
SELECT * FROM `hx_office_list` WHERE status=1 and value="office" LIMIT 1  
[2020-09-22 16:35:43] /index.php?url=member&do=profile ( url=member&do=profile ) 
ERR: Db Error: Unknown column 'value' in 'where clause'
SELECT * FROM `hx_office_list` WHERE status=1 and value="office" LIMIT 1  
[2020-09-22 16:41:08] /index.php?url=member&do=profile ( url=member&do=profile ) 
ERR: Db Error: Unknown column 'value' in 'where clause'
SELECT * FROM `hx_office_list` WHERE status=1 and value="office" LIMIT 1  
[2020-09-22 16:49:03] /index.php?url=member&do=profile ( url=member&do=profile ) 
ERR: Db Error: Unknown column 'value' in 'where clause'
SELECT * FROM `hx_office_list` WHERE status=1 and value="office" LIMIT 1  
[2020-09-22 17:00:35] /index.php?url=member&do=profile ( url=member&do=profile ) 
ERR: Db Error: Unknown column 'value' in 'where clause'
SELECT * FROM `hx_office_list` WHERE status=1 and value="office" LIMIT 1  
[2020-09-22 17:01:22] /index.php?url=member&do=profile ( url=member&do=profile ) 
ERR: Db Error: Unknown column 'value' in 'where clause'
SELECT * FROM `hx_office_list` WHERE status=1 and value="office" LIMIT 1  
[2020-09-22 17:17:57] /index.php?url=news&do=index ( url=news&do=index ) 
ERR: Db Error: You have an error in your SQL syntax; check the manual that corresponds to your MySQL server version for the right syntax to use near 'and status=1 and isdel=0 ORDER by rank asc' at line 1
SELECT * FROM hx_article_class where pid= and status=1 and isdel=0 ORDER by rank asc 
[2020-09-22 17:18:18] /index.php?url=member&do=profile ( url=member&do=profile ) 
ERR: Db Error: Unknown column 'value' in 'where clause'
SELECT * FROM `hx_office_list` WHERE status=1 and value="office" LIMIT 1  
[2020-09-22 17:18:19] /index.php?url=member&do=profile ( url=member&do=profile ) 
ERR: Db Error: Unknown column 'value' in 'where clause'
SELECT * FROM `hx_office_list` WHERE status=1 and value="office" LIMIT 1  
[2020-09-22 17:18:52] /index.php?url=member&do=profile ( url=member&do=profile ) 
ERR: Db Error: Unknown column 'value' in 'where clause'
SELECT * FROM `hx_office_list` WHERE status=1 and value="office" LIMIT 1  
[2020-09-22 17:18:57] /index.php?url=member&do=profile ( url=member&do=profile ) 
ERR: Db Error: Unknown column 'value' in 'where clause'
SELECT * FROM `hx_office_list` WHERE status=1 and value="office" LIMIT 1  
[2020-09-22 17:18:58] /index.php?url=member&do=profile ( url=member&do=profile ) 
ERR: Db Error: Unknown column 'value' in 'where clause'
SELECT * FROM `hx_office_list` WHERE status=1 and value="office" LIMIT 1  
[2020-09-22 17:19:02] /index.php?url=member&do=profile ( url=member&do=profile ) 
ERR: Db Error: Unknown column 'value' in 'where clause'
SELECT * FROM `hx_office_list` WHERE status=1 and value="office" LIMIT 1  
[2020-09-22 17:19:36] /index.php?url=member&do=profile ( url=member&do=profile ) 
ERR: Db Error: Unknown column 'value' in 'where clause'
SELECT * FROM `hx_office_list` WHERE status=1 and value="office" LIMIT 1  
[2020-09-22 17:19:51] /index.php?url=member&do=profile ( url=member&do=profile ) 
ERR: Db Error: Unknown column 'value' in 'where clause'
SELECT * FROM `hx_office_list` WHERE status=1 and value="office" LIMIT 1  
[2020-09-22 17:43:32] /index.php?url=member&do=profile ( url=member&do=profile ) 
ERR: Db Error: Unknown column 'value' in 'where clause'
SELECT * FROM `hx_office_list` WHERE status=1 and value="office" LIMIT 1  
[2020-09-22 17:43:42] /index.php?url=member&do=profile ( url=member&do=profile ) 
ERR: Db Error: Unknown column 'value' in 'where clause'
SELECT * FROM `hx_office_list` WHERE status=1 and value="office" LIMIT 1  
[2020-09-22 17:49:41] /index.php?url=member&do=profile ( url=member&do=profile ) 
ERR: Db Error: Unknown column 'value' in 'where clause'
SELECT * FROM `hx_office_list` WHERE status=1 and value="office" LIMIT 1  
[2020-09-22 17:50:17] /index.php?url=member&do=profile ( url=member&do=profile ) 
ERR: Db Error: Unknown column 'value' in 'where clause'
SELECT * FROM `hx_office_list` WHERE status=1 and value="office" LIMIT 1  
[2020-09-22 18:13:49] /index.php?url=member&do=profile ( url=member&do=profile ) 
ERR: Db Error: Unknown column 'value' in 'where clause'
SELECT * FROM `hx_office_list` WHERE status=1 and value="office" LIMIT 1  
[2020-09-22 18:13:56] /index.php?url=member&do=profile ( url=member&do=profile ) 
ERR: Db Error: Unknown column 'value' in 'where clause'
SELECT * FROM `hx_office_list` WHERE status=1 and value="office" LIMIT 1  
[2020-09-22 18:14:23] /index.php?url=member&do=profile ( url=member&do=profile ) 
ERR: Db Error: Unknown column 'value' in 'where clause'
SELECT * FROM `hx_office_list` WHERE status=1 and value="office" LIMIT 1  
[2020-09-22 18:15:32] /index.php?url=member&do=profile ( url=member&do=profile ) 
ERR: Db Error: Unknown column 'value' in 'where clause'
SELECT * FROM `hx_office_list` WHERE status=1 and value="office" LIMIT 1  
[2020-09-22 18:16:36] /index.php?url=member&do=profile ( url=member&do=profile ) 
ERR: Db Error: Unknown column 'value' in 'where clause'
SELECT * FROM `hx_office_list` WHERE status=1 and value="office" LIMIT 1  
[2020-09-22 18:18:49] /index.php?url=member&do=profile ( url=member&do=profile ) 
ERR: Db Error: Unknown column 'value' in 'where clause'
SELECT * FROM `hx_office_list` WHERE status=1 and value="office" LIMIT 1  
[2020-09-22 18:19:13] /index.php?url=member&do=profile ( url=member&do=profile ) 
ERR: Db Error: Unknown column 'value' in 'where clause'
SELECT * FROM `hx_office_list` WHERE status=1 and value="office" LIMIT 1  
[2020-09-22 18:19:14] /index.php?url=member&do=profile ( url=member&do=profile ) 
ERR: Db Error: Unknown column 'value' in 'where clause'
SELECT * FROM `hx_office_list` WHERE status=1 and value="office" LIMIT 1  
[2020-09-22 18:23:42] /index.php?url=member&do=profile ( url=member&do=profile ) 
ERR: Db Error: Unknown column 'value' in 'where clause'
SELECT * FROM `hx_office_list` WHERE status=1 and value="office" LIMIT 1  
[2020-09-22 18:23:43] /index.php?url=member&do=profile ( url=member&do=profile ) 
ERR: Db Error: Unknown column 'value' in 'where clause'
SELECT * FROM `hx_office_list` WHERE status=1 and value="office" LIMIT 1  
[2020-09-22 18:24:52] /index.php?url=member&do=profile ( url=member&do=profile ) 
ERR: Db Error: Unknown column 'value' in 'where clause'
SELECT * FROM `hx_office_list` WHERE status=1 and value="office" LIMIT 1  
[2020-09-22 18:24:52] /index.php?url=member&do=profile ( url=member&do=profile ) 
ERR: Db Error: Unknown column 'value' in 'where clause'
SELECT * FROM `hx_office_list` WHERE status=1 and value="office" LIMIT 1  
[2020-09-22 18:25:23] /index.php?url=member&do=profile ( url=member&do=profile ) 
ERR: Db Error: Unknown column 'value' in 'where clause'
SELECT * FROM `hx_office_list` WHERE status=1 and value="office" LIMIT 1  
[2020-09-22 18:25:23] /index.php?url=member&do=profile ( url=member&do=profile ) 
ERR: Db Error: Unknown column 'value' in 'where clause'
SELECT * FROM `hx_office_list` WHERE status=1 and value="office" LIMIT 1  
[2020-09-22 18:26:19] /index.php?url=member&do=profile ( url=member&do=profile ) 
ERR: Db Error: Unknown column 'value' in 'where clause'
SELECT * FROM `hx_office_list` WHERE status=1 and value="office" LIMIT 1  
[2020-09-22 18:26:57] /index.php?url=member&do=profile ( url=member&do=profile ) 
ERR: Db Error: Unknown column 'value' in 'where clause'
SELECT * FROM `hx_office_list` WHERE status=1 and value="office" LIMIT 1  
[2020-09-22 18:31:25] /index.php?url=member&do=profile ( url=member&do=profile ) 
ERR: Db Error: Unknown column 'value' in 'where clause'
SELECT * FROM `hx_office_list` WHERE status=1 and value="office" LIMIT 1  
[2020-09-22 18:31:40] /index.php?url=member&do=profile ( url=member&do=profile ) 
ERR: Db Error: Unknown column 'value' in 'where clause'
SELECT * FROM `hx_office_list` WHERE status=1 and value="office" LIMIT 1  
[2020-09-22 18:31:41] /index.php?url=member&do=profile ( url=member&do=profile ) 
ERR: Db Error: Unknown column 'value' in 'where clause'
SELECT * FROM `hx_office_list` WHERE status=1 and value="office" LIMIT 1  
[2020-09-22 18:32:40] /index.php?url=member&do=profile ( url=member&do=profile ) 
ERR: Db Error: Unknown column 'value' in 'where clause'
SELECT * FROM `hx_office_list` WHERE status=1 and value="office" LIMIT 1  
[2020-09-22 18:32:40] /index.php?url=member&do=profile ( url=member&do=profile ) 
ERR: Db Error: Unknown column 'value' in 'where clause'
SELECT * FROM `hx_office_list` WHERE status=1 and value="office" LIMIT 1  
[2020-09-22 18:33:54] /index.php?url=member&do=profile ( url=member&do=profile ) 
ERR: Db Error: Unknown column 'value' in 'where clause'
SELECT * FROM `hx_office_list` WHERE status=1 and value="office" LIMIT 1  
[2020-09-22 18:34:28] /index.php?url=member&do=profile ( url=member&do=profile ) 
ERR: Db Error: Unknown column 'value' in 'where clause'
SELECT * FROM `hx_office_list` WHERE status=1 and value="office" LIMIT 1  
[2020-09-22 18:40:03] /index.php?url=member&do=profile ( url=member&do=profile ) 
ERR: Db Error: Unknown column 'value' in 'where clause'
SELECT * FROM `hx_office_list` WHERE status=1 and value="office" LIMIT 1  
[2020-09-22 18:40:04] /index.php?url=member&do=profile ( url=member&do=profile ) 
ERR: Db Error: Unknown column 'value' in 'where clause'
SELECT * FROM `hx_office_list` WHERE status=1 and value="office" LIMIT 1  
[2020-09-22 19:25:42] /index.php?url=news&do=index ( url=news&do=index ) 
ERR: Db Error: You have an error in your SQL syntax; check the manual that corresponds to your MySQL server version for the right syntax to use near 'and status=1 and isdel=0 ORDER by rank asc' at line 1
SELECT * FROM hx_article_class where pid= and status=1 and isdel=0 ORDER by rank asc 
