[2020-08-21 13:52:10] /index.php?url=news&do=index ( url=news&do=index ) 
ERR: Db Error: You have an error in your SQL syntax; check the manual that corresponds to your MySQL server version for the right syntax to use near 'and status=1 and isdel=0 ORDER by rank asc' at line 1
SELECT * FROM hx_article_class where pid= and status=1 and isdel=0 ORDER by rank asc 
[2020-08-21 13:52:14] /index.php?url=news&do=index&pid=9 ( url=news&do=index ) 
ERR: Db Error: Table 'jianglou.hx_Array' doesn't exist
SELECT * FROM hx_Array where pid=16 and status=1 and isdel=0 ORDER by rank asc 
[2020-08-21 13:52:14] /index.php?url=news&do=index&pid=9 ( url=news&do=index ) 
ERR: Db Error: Table 'jianglou.hx_Array' doesn't exist
SELECT * FROM hx_Array where pid=17 and status=1 and isdel=0 ORDER by rank asc 
[2020-08-21 13:52:53] /index.php?url=news&do=index ( url=news&do=index ) 
ERR: Db Error: You have an error in your SQL syntax; check the manual that corresponds to your MySQL server version for the right syntax to use near 'and status=1 and isdel=0 ORDER by rank asc' at line 1
SELECT * FROM hx_article_class where pid= and status=1 and isdel=0 ORDER by rank asc 
[2020-08-21 13:52:55] /index.php?url=news&do=index ( url=news&do=index ) 
ERR: Db Error: You have an error in your SQL syntax; check the manual that corresponds to your MySQL server version for the right syntax to use near 'and status=1 and isdel=0 ORDER by rank asc' at line 1
SELECT * FROM hx_article_class where pid= and status=1 and isdel=0 ORDER by rank asc 
[2020-08-21 13:53:03] /index.php?url=news&do=index ( url=news&do=index ) 
ERR: Db Error: You have an error in your SQL syntax; check the manual that corresponds to your MySQL server version for the right syntax to use near 'and status=1 and isdel=0 ORDER by rank asc' at line 1
SELECT * FROM hx_article_class where pid= and status=1 and isdel=0 ORDER by rank asc 
[2020-08-21 13:59:36] / ( url=index&do=index ) 
ERR: Db Error: Table 'jianglou.hx_Array' doesn't exist
SELECT * FROM hx_Array where pid=11 and status=1 and isdel=0 ORDER by rank asc 
[2020-08-21 13:59:36] / ( url=index&do=index ) 
ERR: Db Error: Table 'jianglou.hx_Array' doesn't exist
SELECT * FROM hx_Array where pid=12 and status=1 and isdel=0 ORDER by rank asc 
[2020-08-21 13:59:36] / ( url=index&do=index ) 
ERR: Db Error: Table 'jianglou.hx_Array' doesn't exist
SELECT * FROM hx_Array where pid=13 and status=1 and isdel=0 ORDER by rank asc 
[2020-08-21 13:59:36] / ( url=index&do=index ) 
ERR: Db Error: Table 'jianglou.hx_Array' doesn't exist
SELECT * FROM hx_Array where pid=14 and status=1 and isdel=0 ORDER by rank asc 
[2020-08-21 13:59:36] / ( url=index&do=index ) 
ERR: Db Error: Table 'jianglou.hx_Array' doesn't exist
SELECT * FROM hx_Array where pid=15 and status=1 and isdel=0 ORDER by rank asc 
[2020-08-21 13:59:36] / ( url=index&do=index ) 
ERR: Db Error: Table 'jianglou.hx_Array' doesn't exist
SELECT * FROM hx_Array where pid=16 and status=1 and isdel=0 ORDER by rank asc 
[2020-08-21 13:59:36] / ( url=index&do=index ) 
ERR: Db Error: Table 'jianglou.hx_Array' doesn't exist
SELECT * FROM hx_Array where pid=17 and status=1 and isdel=0 ORDER by rank asc 
[2020-08-21 14:02:50] /manage/modules/news/index.php?url=onlinehelp_list&do=get_xml&pid= ( url=onlinehelp_list&do=get_xml ) 
ERR: Db Error: Table 'jianglou.hx_onlinehelp_list' doesn't exist
SELECT COUNT(*) AS nc_count FROM `hx_onlinehelp_list` WHERE ( isdel = '0' ) ORDER BY id desc LIMIT 1  
[2020-08-21 14:02:50] /manage/modules/news/index.php?url=onlinehelp_list&do=get_xml&pid= ( url=onlinehelp_list&do=get_xml ) 
ERR: Db Error: Table 'jianglou.hx_onlinehelp_list' doesn't exist
SELECT * FROM `hx_onlinehelp_list` WHERE ( isdel = '0' ) ORDER BY id desc LIMIT 0,15  
[2020-08-21 14:04:01] /manage/modules/organ/index.php?url=manager_list&do=add ( url=manager_list&do=add ) 
ERR: Db Error: Unknown column 'value' in 'where clause'
SELECT * FROM `hx_office_list` WHERE status=1 and value="office" LIMIT 1  
[2020-08-21 14:05:08] /manage/modules/news/index.php?url=onlinehelp_list&do=get_xml&pid= ( url=onlinehelp_list&do=get_xml ) 
ERR: Db Error: Table 'jianglou.hx_onlinehelp_list' doesn't exist
SELECT COUNT(*) AS nc_count FROM `hx_onlinehelp_list` WHERE ( isdel = '0' ) ORDER BY id desc LIMIT 1  
[2020-08-21 14:05:08] /manage/modules/news/index.php?url=onlinehelp_list&do=get_xml&pid= ( url=onlinehelp_list&do=get_xml ) 
ERR: Db Error: Table 'jianglou.hx_onlinehelp_list' doesn't exist
SELECT * FROM `hx_onlinehelp_list` WHERE ( isdel = '0' ) ORDER BY id desc LIMIT 0,15  
[2020-08-21 14:05:21] /manage/modules/news/index.php?url=onlinehelp_list&do=get_xml&pid= ( url=onlinehelp_list&do=get_xml ) 
ERR: Db Error: Table 'jianglou.hx_onlinehelp_list' doesn't exist
SELECT COUNT(*) AS nc_count FROM `hx_onlinehelp_list` WHERE ( isdel = '0' ) ORDER BY id desc LIMIT 1  
[2020-08-21 14:05:21] /manage/modules/news/index.php?url=onlinehelp_list&do=get_xml&pid= ( url=onlinehelp_list&do=get_xml ) 
ERR: Db Error: Table 'jianglou.hx_onlinehelp_list' doesn't exist
SELECT * FROM `hx_onlinehelp_list` WHERE ( isdel = '0' ) ORDER BY id desc LIMIT 0,15  
[2020-08-21 14:05:49] / ( url=index&do=index ) 
ERR: Db Error: Table 'jianglou.hx_Array' doesn't exist
SELECT * FROM hx_Array where pid=11 and status=1 and isdel=0 ORDER by rank asc 
[2020-08-21 14:05:49] / ( url=index&do=index ) 
ERR: Db Error: Table 'jianglou.hx_Array' doesn't exist
SELECT * FROM hx_Array where pid=12 and status=1 and isdel=0 ORDER by rank asc 
[2020-08-21 14:05:49] / ( url=index&do=index ) 
ERR: Db Error: Table 'jianglou.hx_Array' doesn't exist
SELECT * FROM hx_Array where pid=13 and status=1 and isdel=0 ORDER by rank asc 
[2020-08-21 14:05:49] / ( url=index&do=index ) 
ERR: Db Error: Table 'jianglou.hx_Array' doesn't exist
SELECT * FROM hx_Array where pid=14 and status=1 and isdel=0 ORDER by rank asc 
[2020-08-21 14:05:49] / ( url=index&do=index ) 
ERR: Db Error: Table 'jianglou.hx_Array' doesn't exist
SELECT * FROM hx_Array where pid=15 and status=1 and isdel=0 ORDER by rank asc 
[2020-08-21 14:05:49] / ( url=index&do=index ) 
ERR: Db Error: Table 'jianglou.hx_Array' doesn't exist
SELECT * FROM hx_Array where pid=16 and status=1 and isdel=0 ORDER by rank asc 
[2020-08-21 14:05:49] / ( url=index&do=index ) 
ERR: Db Error: Table 'jianglou.hx_Array' doesn't exist
SELECT * FROM hx_Array where pid=17 and status=1 and isdel=0 ORDER by rank asc 
[2020-08-21 14:06:19] /manage/modules/organ/index.php?url=manager_list&do=add ( url=manager_list&do=add ) 
ERR: Db Error: Unknown column 'value' in 'where clause'
SELECT * FROM `hx_office_list` WHERE status=1 and value="office" LIMIT 1  
[2020-08-21 14:06:41] /manage/modules/news/index.php?url=onlinehelp_list&do=get_xml&pid= ( url=onlinehelp_list&do=get_xml ) 
ERR: Db Error: Table 'jianglou.hx_onlinehelp_list' doesn't exist
SELECT COUNT(*) AS nc_count FROM `hx_onlinehelp_list` WHERE ( isdel = '0' ) ORDER BY id desc LIMIT 1  
[2020-08-21 14:06:41] /manage/modules/news/index.php?url=onlinehelp_list&do=get_xml&pid= ( url=onlinehelp_list&do=get_xml ) 
ERR: Db Error: Table 'jianglou.hx_onlinehelp_list' doesn't exist
SELECT * FROM `hx_onlinehelp_list` WHERE ( isdel = '0' ) ORDER BY id desc LIMIT 0,15  
[2020-08-21 14:07:11] /index.php?url=news&do=index ( url=news&do=index ) 
ERR: Db Error: You have an error in your SQL syntax; check the manual that corresponds to your MySQL server version for the right syntax to use near 'and status=1 and isdel=0 ORDER by rank asc' at line 1
SELECT * FROM hx_article_class where pid= and status=1 and isdel=0 ORDER by rank asc 
[2020-08-21 14:08:45] /manage/modules/news/index.php?url=onlinehelp_list&do=get_xml&pid= ( url=onlinehelp_list&do=get_xml ) 
ERR: Db Error: Table 'jianglou.hx_onlinehelp_list' doesn't exist
SELECT COUNT(*) AS nc_count FROM `hx_onlinehelp_list` WHERE ( isdel = '0' ) ORDER BY id desc LIMIT 1  
[2020-08-21 14:08:45] /manage/modules/news/index.php?url=onlinehelp_list&do=get_xml&pid= ( url=onlinehelp_list&do=get_xml ) 
ERR: Db Error: Table 'jianglou.hx_onlinehelp_list' doesn't exist
SELECT * FROM `hx_onlinehelp_list` WHERE ( isdel = '0' ) ORDER BY id desc LIMIT 0,15  
[2020-08-21 14:08:59] / ( url=index&do=index ) 
ERR: Db Error: Table 'jianglou.hx_Array' doesn't exist
SELECT * FROM hx_Array where pid=11 and status=1 and isdel=0 ORDER by rank asc 
[2020-08-21 14:08:59] / ( url=index&do=index ) 
ERR: Db Error: Table 'jianglou.hx_Array' doesn't exist
SELECT * FROM hx_Array where pid=12 and status=1 and isdel=0 ORDER by rank asc 
[2020-08-21 14:08:59] / ( url=index&do=index ) 
ERR: Db Error: Table 'jianglou.hx_Array' doesn't exist
SELECT * FROM hx_Array where pid=13 and status=1 and isdel=0 ORDER by rank asc 
[2020-08-21 14:08:59] / ( url=index&do=index ) 
ERR: Db Error: Table 'jianglou.hx_Array' doesn't exist
SELECT * FROM hx_Array where pid=14 and status=1 and isdel=0 ORDER by rank asc 
[2020-08-21 14:08:59] / ( url=index&do=index ) 
ERR: Db Error: Table 'jianglou.hx_Array' doesn't exist
SELECT * FROM hx_Array where pid=15 and status=1 and isdel=0 ORDER by rank asc 
[2020-08-21 14:08:59] / ( url=index&do=index ) 
ERR: Db Error: Table 'jianglou.hx_Array' doesn't exist
SELECT * FROM hx_Array where pid=16 and status=1 and isdel=0 ORDER by rank asc 
[2020-08-21 14:08:59] / ( url=index&do=index ) 
ERR: Db Error: Table 'jianglou.hx_Array' doesn't exist
SELECT * FROM hx_Array where pid=17 and status=1 and isdel=0 ORDER by rank asc 
[2020-08-21 14:09:45] /manage/modules/news/index.php?url=onlinehelp_list&do=get_xml&pid= ( url=onlinehelp_list&do=get_xml ) 
ERR: Db Error: Table 'jianglou.hx_onlinehelp_list' doesn't exist
SELECT COUNT(*) AS nc_count FROM `hx_onlinehelp_list` WHERE ( isdel = '0' ) ORDER BY id desc LIMIT 1  
[2020-08-21 14:09:45] /manage/modules/news/index.php?url=onlinehelp_list&do=get_xml&pid= ( url=onlinehelp_list&do=get_xml ) 
ERR: Db Error: Table 'jianglou.hx_onlinehelp_list' doesn't exist
SELECT * FROM `hx_onlinehelp_list` WHERE ( isdel = '0' ) ORDER BY id desc LIMIT 0,15  
[2020-08-21 14:09:46] /manage/modules/news/index.php?url=onlinehelp_list&do=get_xml&pid= ( url=onlinehelp_list&do=get_xml ) 
ERR: Db Error: Table 'jianglou.hx_onlinehelp_list' doesn't exist
SELECT COUNT(*) AS nc_count FROM `hx_onlinehelp_list` WHERE ( isdel = '0' ) ORDER BY id desc LIMIT 1  
[2020-08-21 14:09:46] /manage/modules/news/index.php?url=onlinehelp_list&do=get_xml&pid= ( url=onlinehelp_list&do=get_xml ) 
ERR: Db Error: Table 'jianglou.hx_onlinehelp_list' doesn't exist
SELECT * FROM `hx_onlinehelp_list` WHERE ( isdel = '0' ) ORDER BY id desc LIMIT 0,15  
[2020-08-21 14:09:50] /manage/modules/news/index.php?url=onlinehelp_list&do=get_xml&pid= ( url=onlinehelp_list&do=get_xml ) 
ERR: Db Error: Table 'jianglou.hx_onlinehelp_list' doesn't exist
SELECT COUNT(*) AS nc_count FROM `hx_onlinehelp_list` WHERE ( isdel = '0' ) ORDER BY id desc LIMIT 1  
[2020-08-21 14:09:50] /manage/modules/news/index.php?url=onlinehelp_list&do=get_xml&pid= ( url=onlinehelp_list&do=get_xml ) 
ERR: Db Error: Table 'jianglou.hx_onlinehelp_list' doesn't exist
SELECT * FROM `hx_onlinehelp_list` WHERE ( isdel = '0' ) ORDER BY id desc LIMIT 0,15  
[2020-08-21 14:11:05] /manage/modules/organ/index.php?url=manager_list&do=add ( url=manager_list&do=add ) 
ERR: Db Error: Unknown column 'value' in 'where clause'
SELECT * FROM `hx_office_list` WHERE status=1 and value="office" LIMIT 1  
[2020-08-21 14:11:40] /manage/modules/organ/index.php?url=manager_list&do=add ( url=manager_list&do=add ) 
ERR: Db Error: Unknown column 'value' in 'where clause'
SELECT * FROM `hx_office_list` WHERE status=1 and value="office" LIMIT 1  
[2020-08-21 14:11:55] /manage/modules/organ/index.php?url=manager_list&do=add ( url=manager_list&do=add ) 
ERR: Db Error: Unknown column 'value' in 'where clause'
SELECT * FROM `hx_office_list` WHERE status=1 and value="office" LIMIT 1  
[2020-08-21 14:12:08] /manage/modules/organ/index.php?url=manager_list&do=add ( url=manager_list&do=add ) 
ERR: Db Error: Unknown column 'value' in 'where clause'
SELECT * FROM `hx_office_list` WHERE status=1 and value="office" LIMIT 1  
[2020-08-21 14:16:35] /manage/modules/organ/index.php?url=manager_list&do=edit&id=16 ( url=manager_list&do=edit ) 
ERR: Db Error: Unknown column 'value' in 'where clause'
SELECT * FROM `hx_office_list` WHERE status=1 and value="office" LIMIT 1  
[2020-08-21 14:18:45] /manage/modules/news/index.php?url=onlinehelp_list&do=get_xml&pid= ( url=onlinehelp_list&do=get_xml ) 
ERR: Db Error: Table 'jianglou.hx_onlinehelp_list' doesn't exist
SELECT COUNT(*) AS nc_count FROM `hx_onlinehelp_list` WHERE ( isdel = '0' ) ORDER BY id desc LIMIT 1  
[2020-08-21 14:18:45] /manage/modules/news/index.php?url=onlinehelp_list&do=get_xml&pid= ( url=onlinehelp_list&do=get_xml ) 
ERR: Db Error: Table 'jianglou.hx_onlinehelp_list' doesn't exist
SELECT * FROM `hx_onlinehelp_list` WHERE ( isdel = '0' ) ORDER BY id desc LIMIT 0,15  
[2020-08-21 14:19:00] /manage/modules/news/index.php?url=onlinehelp_list&do=add ( url=onlinehelp_list&do=add ) 
ERR: Db Error: Table 'jianglou.hx_onlinehelp_list' doesn't exist
INSERT  INTO `hx_onlinehelp_list` (title,intro,addtime,isreview,revtime,ip) VALUES ('测试','','1597990740','1','1597990740','111.192.96.188')
[2020-08-21 14:19:00] /manage/modules/news/index.php?url=onlinehelp_list&do=get_xml&pid= ( url=onlinehelp_list&do=get_xml ) 
ERR: Db Error: Table 'jianglou.hx_onlinehelp_list' doesn't exist
SELECT COUNT(*) AS nc_count FROM `hx_onlinehelp_list` WHERE ( isdel = '0' ) ORDER BY id desc LIMIT 1  
[2020-08-21 14:19:00] /manage/modules/news/index.php?url=onlinehelp_list&do=get_xml&pid= ( url=onlinehelp_list&do=get_xml ) 
ERR: Db Error: Table 'jianglou.hx_onlinehelp_list' doesn't exist
SELECT * FROM `hx_onlinehelp_list` WHERE ( isdel = '0' ) ORDER BY id desc LIMIT 0,15  
[2020-08-21 14:19:19] /index.php?url=news&do=index ( url=news&do=index ) 
ERR: Db Error: You have an error in your SQL syntax; check the manual that corresponds to your MySQL server version for the right syntax to use near 'and status=1 and isdel=0 ORDER by rank asc' at line 1
SELECT * FROM hx_article_class where pid= and status=1 and isdel=0 ORDER by rank asc 
[2020-08-21 14:20:59] /manage/modules/organ/index.php?url=manager_list&do=edit&id=15 ( url=manager_list&do=edit ) 
ERR: Db Error: Unknown column 'value' in 'where clause'
SELECT * FROM `hx_office_list` WHERE status=1 and value="office" LIMIT 1  
[2020-08-21 14:21:06] /manage/modules/organ/index.php?url=manager_list&do=edit&id=16 ( url=manager_list&do=edit ) 
ERR: Db Error: Unknown column 'value' in 'where clause'
SELECT * FROM `hx_office_list` WHERE status=1 and value="office" LIMIT 1  
[2020-08-21 14:22:56] /manage/modules/news/index.php?url=onlinehelp_list&do=get_xml&pid= ( url=onlinehelp_list&do=get_xml ) 
ERR: Db Error: Table 'jianglou.hx_onlinehelp_list' doesn't exist
SELECT COUNT(*) AS nc_count FROM `hx_onlinehelp_list` WHERE ( isdel = '0' ) ORDER BY id desc LIMIT 1  
[2020-08-21 14:22:56] /manage/modules/news/index.php?url=onlinehelp_list&do=get_xml&pid= ( url=onlinehelp_list&do=get_xml ) 
ERR: Db Error: Table 'jianglou.hx_onlinehelp_list' doesn't exist
SELECT * FROM `hx_onlinehelp_list` WHERE ( isdel = '0' ) ORDER BY id desc LIMIT 0,15  
[2020-08-21 14:23:04] /manage/modules/news/index.php?url=onlinehelp_list&do=add ( url=onlinehelp_list&do=add ) 
ERR: Db Error: Table 'jianglou.hx_onlinehelp_list' doesn't exist
INSERT  INTO `hx_onlinehelp_list` (title,intro,addtime,isreview,revtime,ip) VALUES ('问题','','1597990984','1','1597990984','183.229.189.56')
[2020-08-21 14:23:04] /manage/modules/news/index.php?url=onlinehelp_list&do=get_xml&pid= ( url=onlinehelp_list&do=get_xml ) 
ERR: Db Error: Table 'jianglou.hx_onlinehelp_list' doesn't exist
SELECT COUNT(*) AS nc_count FROM `hx_onlinehelp_list` WHERE ( isdel = '0' ) ORDER BY id desc LIMIT 1  
[2020-08-21 14:23:04] /manage/modules/news/index.php?url=onlinehelp_list&do=get_xml&pid= ( url=onlinehelp_list&do=get_xml ) 
ERR: Db Error: Table 'jianglou.hx_onlinehelp_list' doesn't exist
SELECT * FROM `hx_onlinehelp_list` WHERE ( isdel = '0' ) ORDER BY id desc LIMIT 0,15  
[2020-08-21 14:24:16] /manage/modules/news/index.php?url=onlinehelp_list&do=get_xml&pid= ( url=onlinehelp_list&do=get_xml ) 
ERR: Db Error: Table 'jianglou.hx_onlinehelp_list' doesn't exist
SELECT COUNT(*) AS nc_count FROM `hx_onlinehelp_list` WHERE ( isdel = '0' ) ORDER BY id desc LIMIT 1  
[2020-08-21 14:24:16] /manage/modules/news/index.php?url=onlinehelp_list&do=get_xml&pid= ( url=onlinehelp_list&do=get_xml ) 
ERR: Db Error: Table 'jianglou.hx_onlinehelp_list' doesn't exist
SELECT * FROM `hx_onlinehelp_list` WHERE ( isdel = '0' ) ORDER BY id desc LIMIT 0,15  
[2020-08-21 14:24:56] /manage/modules/news/index.php?url=onlinehelp_list&do=get_xml&pid= ( url=onlinehelp_list&do=get_xml ) 
ERR: Db Error: Table 'jianglou.hx_onlinehelp_list' doesn't exist
SELECT COUNT(*) AS nc_count FROM `hx_onlinehelp_list` WHERE ( isdel = '0' ) ORDER BY id desc LIMIT 1  
[2020-08-21 14:24:56] /manage/modules/news/index.php?url=onlinehelp_list&do=get_xml&pid= ( url=onlinehelp_list&do=get_xml ) 
ERR: Db Error: Table 'jianglou.hx_onlinehelp_list' doesn't exist
SELECT * FROM `hx_onlinehelp_list` WHERE ( isdel = '0' ) ORDER BY id desc LIMIT 0,15  
[2020-08-21 14:39:48] /manage/modules/organ/index.php?url=manager_list&do=edit&id=14 ( url=manager_list&do=edit ) 
ERR: Db Error: Unknown column 'value' in 'where clause'
SELECT * FROM `hx_office_list` WHERE status=1 and value="office" LIMIT 1  
[2020-08-21 14:50:49] /manage/modules/organ/index.php?url=clock_list&do=get_xml&pid= ( url=clock_list&do=get_xml ) 
ERR: Db Error: Table 'jianglou.hx_clock_list' doesn't exist
SELECT COUNT(*) AS nc_count FROM `hx_clock_list` ORDER BY id desc LIMIT 1  
[2020-08-21 14:50:49] /manage/modules/organ/index.php?url=clock_list&do=get_xml&pid= ( url=clock_list&do=get_xml ) 
ERR: Db Error: Table 'jianglou.hx_clock_list' doesn't exist
SELECT * FROM `hx_clock_list` ORDER BY id desc LIMIT 0,15  
[2020-08-21 14:51:40] /manage/modules/organ/index.php?url=clock_list&do=get_xml&pid= ( url=clock_list&do=get_xml ) 
ERR: Db Error: Table 'jianglou.hx_clock_list' doesn't exist
SELECT COUNT(*) AS nc_count FROM `hx_clock_list` ORDER BY id desc LIMIT 1  
[2020-08-21 14:51:40] /manage/modules/organ/index.php?url=clock_list&do=get_xml&pid= ( url=clock_list&do=get_xml ) 
ERR: Db Error: Table 'jianglou.hx_clock_list' doesn't exist
SELECT * FROM `hx_clock_list` ORDER BY id desc LIMIT 0,15  
[2020-08-21 14:57:44] /manage/modules/organ/index.php?url=clock_list&do=get_xml&pid= ( url=clock_list&do=get_xml ) 
ERR: Db Error: Table 'jianglou.hx_clock_list' doesn't exist
SELECT COUNT(*) AS nc_count FROM `hx_clock_list` ORDER BY id desc LIMIT 1  
[2020-08-21 14:57:44] /manage/modules/organ/index.php?url=clock_list&do=get_xml&pid= ( url=clock_list&do=get_xml ) 
ERR: Db Error: Table 'jianglou.hx_clock_list' doesn't exist
SELECT * FROM `hx_clock_list` ORDER BY id desc LIMIT 0,15  
[2020-08-21 15:02:18] /manage/modules/organ/index.php?url=clock_list&do=get_xml&pid= ( url=clock_list&do=get_xml ) 
ERR: Db Error: Table 'jianglou.hx_clock_list' doesn't exist
SELECT COUNT(*) AS nc_count FROM `hx_clock_list` ORDER BY id desc LIMIT 1  
[2020-08-21 15:02:18] /manage/modules/organ/index.php?url=clock_list&do=get_xml&pid= ( url=clock_list&do=get_xml ) 
ERR: Db Error: Table 'jianglou.hx_clock_list' doesn't exist
SELECT * FROM `hx_clock_list` ORDER BY id desc LIMIT 0,15  
[2020-08-21 15:03:47] /manage/modules/organ/index.php?url=clock_list&do=get_xml&pid= ( url=clock_list&do=get_xml ) 
ERR: Db Error: Table 'jianglou.hx_clock_list' doesn't exist
SELECT COUNT(*) AS nc_count FROM `hx_clock_list` ORDER BY id desc LIMIT 1  
[2020-08-21 15:03:47] /manage/modules/organ/index.php?url=clock_list&do=get_xml&pid= ( url=clock_list&do=get_xml ) 
ERR: Db Error: Table 'jianglou.hx_clock_list' doesn't exist
SELECT * FROM `hx_clock_list` ORDER BY id desc LIMIT 0,15  
[2020-08-21 15:04:06] /manage/modules/organ/index.php?url=clock_list&do=get_xml&pid= ( url=clock_list&do=get_xml ) 
ERR: Db Error: Table 'jianglou.hx_clock_list' doesn't exist
SELECT COUNT(*) AS nc_count FROM `hx_clock_list` ORDER BY id desc LIMIT 1  
[2020-08-21 15:04:06] /manage/modules/organ/index.php?url=clock_list&do=get_xml&pid= ( url=clock_list&do=get_xml ) 
ERR: Db Error: Table 'jianglou.hx_clock_list' doesn't exist
SELECT * FROM `hx_clock_list` ORDER BY id desc LIMIT 0,15  
[2020-08-21 15:04:56] /manage/modules/organ/index.php?url=clock_list&do=add ( url=clock_list&do=add ) 
ERR: Db Error: Table 'jianglou.hx_clock_list' doesn't exist
INSERT  INTO `hx_clock_list` (number,turename,position,depart,clocktime,clockaddress,addtime) VALUES ('0010','','政治部','党支部','2020-08-21 15:04:29','陕西省西安市雁塔区翠华路创客大街','1597993496')
[2020-08-21 15:04:56] /manage/modules/organ/index.php?url=clock_list&do=get_xml&pid= ( url=clock_list&do=get_xml ) 
ERR: Db Error: Table 'jianglou.hx_clock_list' doesn't exist
SELECT COUNT(*) AS nc_count FROM `hx_clock_list` ORDER BY id desc LIMIT 1  
[2020-08-21 15:04:56] /manage/modules/organ/index.php?url=clock_list&do=get_xml&pid= ( url=clock_list&do=get_xml ) 
ERR: Db Error: Table 'jianglou.hx_clock_list' doesn't exist
SELECT * FROM `hx_clock_list` ORDER BY id desc LIMIT 0,15  
[2020-08-21 15:06:09] /manage/modules/organ/index.php?url=clock_list&do=get_xml&pid= ( url=clock_list&do=get_xml ) 
ERR: Db Error: Table 'jianglou.hx_clock_list' doesn't exist
SELECT COUNT(*) AS nc_count FROM `hx_clock_list` ORDER BY id desc LIMIT 1  
[2020-08-21 15:06:09] /manage/modules/organ/index.php?url=clock_list&do=get_xml&pid= ( url=clock_list&do=get_xml ) 
ERR: Db Error: Table 'jianglou.hx_clock_list' doesn't exist
SELECT * FROM `hx_clock_list` ORDER BY id desc LIMIT 0,15  
[2020-08-21 15:07:00] /manage/modules/organ/index.php?url=clock_list&do=add ( url=clock_list&do=add ) 
ERR: Db Error: Table 'jianglou.hx_clock_list' doesn't exist
INSERT  INTO `hx_clock_list` (number,turename,position,depart,clocktime,clockaddress,addtime) VALUES ('0010','','政治部','党支部','2020-08-21 15:06:45','陕西省西安市','1597993620')
[2020-08-21 15:07:00] /manage/modules/organ/index.php?url=clock_list&do=get_xml&pid= ( url=clock_list&do=get_xml ) 
ERR: Db Error: Table 'jianglou.hx_clock_list' doesn't exist
SELECT COUNT(*) AS nc_count FROM `hx_clock_list` ORDER BY id desc LIMIT 1  
[2020-08-21 15:07:00] /manage/modules/organ/index.php?url=clock_list&do=get_xml&pid= ( url=clock_list&do=get_xml ) 
ERR: Db Error: Table 'jianglou.hx_clock_list' doesn't exist
SELECT * FROM `hx_clock_list` ORDER BY id desc LIMIT 0,15  
[2020-08-21 15:12:32] / ( url=index&do=index ) 
ERR: Db Error: Table 'jianglou.hx_Array' doesn't exist
SELECT * FROM hx_Array where pid=11 and status=1 and isdel=0 ORDER by rank asc 
[2020-08-21 15:12:32] / ( url=index&do=index ) 
ERR: Db Error: Table 'jianglou.hx_Array' doesn't exist
SELECT * FROM hx_Array where pid=12 and status=1 and isdel=0 ORDER by rank asc 
[2020-08-21 15:12:32] / ( url=index&do=index ) 
ERR: Db Error: Table 'jianglou.hx_Array' doesn't exist
SELECT * FROM hx_Array where pid=13 and status=1 and isdel=0 ORDER by rank asc 
[2020-08-21 15:12:32] / ( url=index&do=index ) 
ERR: Db Error: Table 'jianglou.hx_Array' doesn't exist
SELECT * FROM hx_Array where pid=14 and status=1 and isdel=0 ORDER by rank asc 
[2020-08-21 15:12:32] / ( url=index&do=index ) 
ERR: Db Error: Table 'jianglou.hx_Array' doesn't exist
SELECT * FROM hx_Array where pid=15 and status=1 and isdel=0 ORDER by rank asc 
[2020-08-21 15:12:32] / ( url=index&do=index ) 
ERR: Db Error: Table 'jianglou.hx_Array' doesn't exist
SELECT * FROM hx_Array where pid=16 and status=1 and isdel=0 ORDER by rank asc 
[2020-08-21 15:12:32] / ( url=index&do=index ) 
ERR: Db Error: Table 'jianglou.hx_Array' doesn't exist
SELECT * FROM hx_Array where pid=17 and status=1 and isdel=0 ORDER by rank asc 
[2020-08-21 15:14:33] /manage/modules/organ/index.php?url=clock_list&do=get_xml&pid= ( url=clock_list&do=get_xml ) 
ERR: Db Error: Table 'jianglou.hx_clock_list' doesn't exist
SELECT COUNT(*) AS nc_count FROM `hx_clock_list` ORDER BY id desc LIMIT 1  
[2020-08-21 15:14:33] /manage/modules/organ/index.php?url=clock_list&do=get_xml&pid= ( url=clock_list&do=get_xml ) 
ERR: Db Error: Table 'jianglou.hx_clock_list' doesn't exist
SELECT * FROM `hx_clock_list` ORDER BY id desc LIMIT 0,15  
[2020-08-21 15:15:17] /manage/modules/organ/index.php?url=clock_list&do=add ( url=clock_list&do=add ) 
ERR: Db Error: Table 'jianglou.hx_clock_list' doesn't exist
INSERT  INTO `hx_clock_list` (number,turename,position,depart,clocktime,clockaddress,addtime) VALUES ('0010','','政治部','党支部','2020-08-21 15:15:01','陕西省西安市','1597994117')
[2020-08-21 15:16:23] /manage/modules/organ/index.php?url=clock_list&do=add ( url=clock_list&do=add ) 
ERR: Db Error: Table 'jianglou.hx_clock_list' doesn't exist
INSERT  INTO `hx_clock_list` (number,turename,position,depart,clocktime,clockaddress,addtime) VALUES ('0010','','政治部','党支部','2020-08-21 15:16:14','陕西省西安市','1597994183')
[2020-08-21 15:16:23] /manage/modules/organ/index.php?url=clock_list&do=get_xml&pid= ( url=clock_list&do=get_xml ) 
ERR: Db Error: Table 'jianglou.hx_clock_list' doesn't exist
SELECT COUNT(*) AS nc_count FROM `hx_clock_list` ORDER BY id desc LIMIT 1  
[2020-08-21 15:16:23] /manage/modules/organ/index.php?url=clock_list&do=get_xml&pid= ( url=clock_list&do=get_xml ) 
ERR: Db Error: Table 'jianglou.hx_clock_list' doesn't exist
SELECT * FROM `hx_clock_list` ORDER BY id desc LIMIT 0,15  
[2020-08-21 15:21:27] /manage/modules/organ/index.php?url=clock_list&do=add ( url=clock_list&do=add ) 
ERR: Db Error: Table 'jianglou.hx_clock_list' doesn't exist
INSERT  INTO `hx_clock_list` (number,turename,position,depart,clocktime,clockaddress,addtime) VALUES ('0010','','政治部','党支部','2020-08-21 15:21:16','陕西省西安市','1597994487')
[2020-08-21 15:23:23] /manage/modules/organ/index.php?url=clock_list&do=add ( url=clock_list&do=add ) 
ERR: Db Error: Table 'jianglou.hx_clock_list' doesn't exist
INSERT  INTO `hx_clock_list` (number,turename,position,depart,clocktime,clockaddress,addtime) VALUES ('0010','','政治部','党支部','2020-08-21 15:23:15','陕西省西安市','1597994603')
[2020-08-21 15:23:23] /manage/modules/organ/index.php?url=clock_list&do=get_xml&pid= ( url=clock_list&do=get_xml ) 
ERR: Db Error: Table 'jianglou.hx_clock_list' doesn't exist
SELECT COUNT(*) AS nc_count FROM `hx_clock_list` ORDER BY id desc LIMIT 1  
[2020-08-21 15:23:23] /manage/modules/organ/index.php?url=clock_list&do=get_xml&pid= ( url=clock_list&do=get_xml ) 
ERR: Db Error: Table 'jianglou.hx_clock_list' doesn't exist
SELECT * FROM `hx_clock_list` ORDER BY id desc LIMIT 0,15  
[2020-08-21 15:23:53] /manage/modules/organ/index.php?url=clock_list&do=get_xml&pid= ( url=clock_list&do=get_xml ) 
ERR: Db Error: Table 'jianglou.hx_clock_list' doesn't exist
SELECT COUNT(*) AS nc_count FROM `hx_clock_list` ORDER BY id desc LIMIT 1  
[2020-08-21 15:23:53] /manage/modules/organ/index.php?url=clock_list&do=get_xml&pid= ( url=clock_list&do=get_xml ) 
ERR: Db Error: Table 'jianglou.hx_clock_list' doesn't exist
SELECT * FROM `hx_clock_list` ORDER BY id desc LIMIT 0,15  
[2020-08-21 15:24:19] /manage/modules/organ/index.php?url=clock_list&do=add ( url=clock_list&do=add ) 
ERR: Db Error: Table 'jianglou.hx_clock_list' doesn't exist
INSERT  INTO `hx_clock_list` (number,turename,position,depart,clocktime,clockaddress,addtime) VALUES ('0010','','政治部','党支部','2020-08-21 15:24:12','陕西省西安市','1597994659')
[2020-08-21 15:24:19] /manage/modules/organ/index.php?url=clock_list&do=get_xml&pid= ( url=clock_list&do=get_xml ) 
ERR: Db Error: Table 'jianglou.hx_clock_list' doesn't exist
SELECT COUNT(*) AS nc_count FROM `hx_clock_list` ORDER BY id desc LIMIT 1  
[2020-08-21 15:24:19] /manage/modules/organ/index.php?url=clock_list&do=get_xml&pid= ( url=clock_list&do=get_xml ) 
ERR: Db Error: Table 'jianglou.hx_clock_list' doesn't exist
SELECT * FROM `hx_clock_list` ORDER BY id desc LIMIT 0,15  
[2020-08-21 15:26:39] /manage/modules/organ/index.php?url=clock_list&do=get_xml&pid= ( url=clock_list&do=get_xml ) 
ERR: Db Error: Table 'jianglou.hx_clock_list' doesn't exist
SELECT COUNT(*) AS nc_count FROM `hx_clock_list` ORDER BY id desc LIMIT 1  
[2020-08-21 15:26:39] /manage/modules/organ/index.php?url=clock_list&do=get_xml&pid= ( url=clock_list&do=get_xml ) 
ERR: Db Error: Table 'jianglou.hx_clock_list' doesn't exist
SELECT * FROM `hx_clock_list` ORDER BY id desc LIMIT 0,15  
[2020-08-21 15:27:06] /manage/modules/organ/index.php?url=clock_list&do=add ( url=clock_list&do=add ) 
ERR: Db Error: Table 'jianglou.hx_clock_list' doesn't exist
INSERT  INTO `hx_clock_list` (number,turename,title,position,depart,clocktime,clockaddress,addtime) VALUES ('0010','','','政治部','党支部','2020-08-21 15:26:56','陕西省西安市','1597994826')
[2020-08-21 15:27:06] /manage/modules/organ/index.php?url=clock_list&do=get_xml&pid= ( url=clock_list&do=get_xml ) 
ERR: Db Error: Table 'jianglou.hx_clock_list' doesn't exist
SELECT COUNT(*) AS nc_count FROM `hx_clock_list` ORDER BY id desc LIMIT 1  
[2020-08-21 15:27:06] /manage/modules/organ/index.php?url=clock_list&do=get_xml&pid= ( url=clock_list&do=get_xml ) 
ERR: Db Error: Table 'jianglou.hx_clock_list' doesn't exist
SELECT * FROM `hx_clock_list` ORDER BY id desc LIMIT 0,15  
[2020-08-21 15:30:39] /manage/modules/organ/index.php?url=clock_list&do=get_xml&pid= ( url=clock_list&do=get_xml ) 
ERR: Db Error: Table 'jianglou.hx_clock_list' doesn't exist
SELECT COUNT(*) AS nc_count FROM `hx_clock_list` ORDER BY id desc LIMIT 1  
[2020-08-21 15:30:39] /manage/modules/organ/index.php?url=clock_list&do=get_xml&pid= ( url=clock_list&do=get_xml ) 
ERR: Db Error: Table 'jianglou.hx_clock_list' doesn't exist
SELECT * FROM `hx_clock_list` ORDER BY id desc LIMIT 0,15  
[2020-08-21 15:40:47] /manage/modules/organ/index.php?url=clock_list&do=get_xml&pid= ( url=clock_list&do=get_xml ) 
ERR: Db Error: Table 'jianglou.hx_clock_list' doesn't exist
SELECT COUNT(*) AS nc_count FROM `hx_clock_list` ORDER BY id desc LIMIT 1  
[2020-08-21 15:40:47] /manage/modules/organ/index.php?url=clock_list&do=get_xml&pid= ( url=clock_list&do=get_xml ) 
ERR: Db Error: Table 'jianglou.hx_clock_list' doesn't exist
SELECT * FROM `hx_clock_list` ORDER BY id desc LIMIT 0,15  
[2020-08-21 15:40:53] /manage/modules/organ/index.php?url=clock_list&do=get_xml&pid= ( url=clock_list&do=get_xml ) 
ERR: Db Error: Table 'jianglou.hx_clock_list' doesn't exist
SELECT COUNT(*) AS nc_count FROM `hx_clock_list` ORDER BY id desc LIMIT 1  
[2020-08-21 15:40:53] /manage/modules/organ/index.php?url=clock_list&do=get_xml&pid= ( url=clock_list&do=get_xml ) 
ERR: Db Error: Table 'jianglou.hx_clock_list' doesn't exist
SELECT * FROM `hx_clock_list` ORDER BY id desc LIMIT 0,15  
[2020-08-21 15:41:26] /manage/modules/organ/index.php?url=clock_list&do=get_xml&pid= ( url=clock_list&do=get_xml ) 
ERR: Db Error: Table 'jianglou.hx_clock_list' doesn't exist
SELECT COUNT(*) AS nc_count FROM `hx_clock_list` ORDER BY id desc LIMIT 1  
[2020-08-21 15:41:26] /manage/modules/organ/index.php?url=clock_list&do=get_xml&pid= ( url=clock_list&do=get_xml ) 
ERR: Db Error: Table 'jianglou.hx_clock_list' doesn't exist
SELECT * FROM `hx_clock_list` ORDER BY id desc LIMIT 0,15  
[2020-08-21 15:41:27] /manage/modules/organ/index.php?url=clock_list&do=get_xml&pid= ( url=clock_list&do=get_xml ) 
ERR: Db Error: Table 'jianglou.hx_clock_list' doesn't exist
SELECT COUNT(*) AS nc_count FROM `hx_clock_list` ORDER BY id desc LIMIT 1  
[2020-08-21 15:41:27] /manage/modules/organ/index.php?url=clock_list&do=get_xml&pid= ( url=clock_list&do=get_xml ) 
ERR: Db Error: Table 'jianglou.hx_clock_list' doesn't exist
SELECT * FROM `hx_clock_list` ORDER BY id desc LIMIT 0,15  
[2020-08-21 15:41:28] /manage/modules/organ/index.php?url=clock_list&do=get_xml&pid= ( url=clock_list&do=get_xml ) 
ERR: Db Error: Table 'jianglou.hx_clock_list' doesn't exist
SELECT COUNT(*) AS nc_count FROM `hx_clock_list` ORDER BY id desc LIMIT 1  
[2020-08-21 15:41:28] /manage/modules/organ/index.php?url=clock_list&do=get_xml&pid= ( url=clock_list&do=get_xml ) 
ERR: Db Error: Table 'jianglou.hx_clock_list' doesn't exist
SELECT * FROM `hx_clock_list` ORDER BY id desc LIMIT 0,15  
[2020-08-21 15:42:45] /manage/modules/organ/index.php?url=clock_list&do=get_xml&pid= ( url=clock_list&do=get_xml ) 
ERR: Db Error: Table 'jianglou.hx_clock_list' doesn't exist
SELECT COUNT(*) AS nc_count FROM `hx_clock_list` ORDER BY id desc LIMIT 1  
[2020-08-21 15:42:45] /manage/modules/organ/index.php?url=clock_list&do=get_xml&pid= ( url=clock_list&do=get_xml ) 
ERR: Db Error: Table 'jianglou.hx_clock_list' doesn't exist
SELECT * FROM `hx_clock_list` ORDER BY id desc LIMIT 0,15  
[2020-08-21 15:49:54] /manage/modules/organ/index.php?url=clock_list&do=get_xml&pid= ( url=clock_list&do=get_xml ) 
ERR: Db Error: Table 'jianglou.hx_clock_list' doesn't exist
SELECT COUNT(*) AS nc_count FROM `hx_clock_list` ORDER BY id desc LIMIT 1  
[2020-08-21 15:49:54] /manage/modules/organ/index.php?url=clock_list&do=get_xml&pid= ( url=clock_list&do=get_xml ) 
ERR: Db Error: Table 'jianglou.hx_clock_list' doesn't exist
SELECT * FROM `hx_clock_list` ORDER BY id desc LIMIT 0,15  
[2020-08-21 16:06:27] /manage/modules/organ/index.php?url=clock_list&do=add ( url=clock_list&do=add ) 
ERR: Db Error: Table 'jianglou.hx_clock_list' doesn't exist
INSERT  INTO `hx_clock_list` (number,turename,position,depart,clocktime,clockaddress,addtime) VALUES ('0010','','政治部','党支部','2020-08-21 16:06:16','陕西省西安市','1597997187')
[2020-08-21 16:06:27] /manage/modules/organ/index.php?url=clock_list&do=get_xml&pid= ( url=clock_list&do=get_xml ) 
ERR: Db Error: Table 'jianglou.hx_clock_list' doesn't exist
SELECT COUNT(*) AS nc_count FROM `hx_clock_list` ORDER BY id desc LIMIT 1  
[2020-08-21 16:06:27] /manage/modules/organ/index.php?url=clock_list&do=get_xml&pid= ( url=clock_list&do=get_xml ) 
ERR: Db Error: Table 'jianglou.hx_clock_list' doesn't exist
SELECT * FROM `hx_clock_list` ORDER BY id desc LIMIT 0,15  
[2020-08-21 16:31:27] /manage/modules/organ/index.php?url=clock_list&do=get_xml&pid= ( url=clock_list&do=get_xml ) 
ERR: Db Error: Table 'jianglou.hx_clock_list' doesn't exist
SELECT COUNT(*) AS nc_count FROM `hx_clock_list` ORDER BY id desc LIMIT 1  
[2020-08-21 16:31:27] /manage/modules/organ/index.php?url=clock_list&do=get_xml&pid= ( url=clock_list&do=get_xml ) 
ERR: Db Error: Table 'jianglou.hx_clock_list' doesn't exist
SELECT * FROM `hx_clock_list` ORDER BY id desc LIMIT 0,15  
[2020-08-21 17:13:44] / ( url=index&do=index ) 
ERR: Db Error: Table 'jianglou.hx_Array' doesn't exist
SELECT * FROM hx_Array where pid=11 and status=1 and isdel=0 ORDER by rank asc 
[2020-08-21 17:13:44] / ( url=index&do=index ) 
ERR: Db Error: Table 'jianglou.hx_Array' doesn't exist
SELECT * FROM hx_Array where pid=12 and status=1 and isdel=0 ORDER by rank asc 
[2020-08-21 17:13:44] / ( url=index&do=index ) 
ERR: Db Error: Table 'jianglou.hx_Array' doesn't exist
SELECT * FROM hx_Array where pid=13 and status=1 and isdel=0 ORDER by rank asc 
[2020-08-21 17:13:44] / ( url=index&do=index ) 
ERR: Db Error: Table 'jianglou.hx_Array' doesn't exist
SELECT * FROM hx_Array where pid=14 and status=1 and isdel=0 ORDER by rank asc 
[2020-08-21 17:13:44] / ( url=index&do=index ) 
ERR: Db Error: Table 'jianglou.hx_Array' doesn't exist
SELECT * FROM hx_Array where pid=15 and status=1 and isdel=0 ORDER by rank asc 
[2020-08-21 17:13:44] / ( url=index&do=index ) 
ERR: Db Error: Table 'jianglou.hx_Array' doesn't exist
SELECT * FROM hx_Array where pid=16 and status=1 and isdel=0 ORDER by rank asc 
[2020-08-21 17:13:44] / ( url=index&do=index ) 
ERR: Db Error: Table 'jianglou.hx_Array' doesn't exist
SELECT * FROM hx_Array where pid=17 and status=1 and isdel=0 ORDER by rank asc 
[2020-08-21 17:15:22] / ( url=index&do=index ) 
ERR: Db Error: Table 'jianglou.hx_Array' doesn't exist
SELECT * FROM hx_Array where pid=11 and status=1 and isdel=0 ORDER by rank asc 
[2020-08-21 17:15:22] / ( url=index&do=index ) 
ERR: Db Error: Table 'jianglou.hx_Array' doesn't exist
SELECT * FROM hx_Array where pid=12 and status=1 and isdel=0 ORDER by rank asc 
[2020-08-21 17:15:22] / ( url=index&do=index ) 
ERR: Db Error: Table 'jianglou.hx_Array' doesn't exist
SELECT * FROM hx_Array where pid=13 and status=1 and isdel=0 ORDER by rank asc 
[2020-08-21 17:15:22] / ( url=index&do=index ) 
ERR: Db Error: Table 'jianglou.hx_Array' doesn't exist
SELECT * FROM hx_Array where pid=14 and status=1 and isdel=0 ORDER by rank asc 
[2020-08-21 17:15:22] / ( url=index&do=index ) 
ERR: Db Error: Table 'jianglou.hx_Array' doesn't exist
SELECT * FROM hx_Array where pid=15 and status=1 and isdel=0 ORDER by rank asc 
[2020-08-21 17:15:22] / ( url=index&do=index ) 
ERR: Db Error: Table 'jianglou.hx_Array' doesn't exist
SELECT * FROM hx_Array where pid=16 and status=1 and isdel=0 ORDER by rank asc 
[2020-08-21 17:15:22] / ( url=index&do=index ) 
ERR: Db Error: Table 'jianglou.hx_Array' doesn't exist
SELECT * FROM hx_Array where pid=17 and status=1 and isdel=0 ORDER by rank asc 
[2020-08-21 17:16:46] /manage/modules/organ/index.php?url=clock_list&do=get_xml&pid= ( url=clock_list&do=get_xml ) 
ERR: Db Error: Table 'jianglou.hx_clock_list' doesn't exist
SELECT COUNT(*) AS nc_count FROM `hx_clock_list` ORDER BY id desc LIMIT 1  
[2020-08-21 17:16:46] /manage/modules/organ/index.php?url=clock_list&do=get_xml&pid= ( url=clock_list&do=get_xml ) 
ERR: Db Error: Table 'jianglou.hx_clock_list' doesn't exist
SELECT * FROM `hx_clock_list` ORDER BY id desc LIMIT 0,15  
[2020-08-21 17:19:14] /index.php?url=news&do=index ( url=news&do=index ) 
ERR: Db Error: You have an error in your SQL syntax; check the manual that corresponds to your MySQL server version for the right syntax to use near 'and status=1 and isdel=0 ORDER by rank asc' at line 1
SELECT * FROM hx_article_class where pid= and status=1 and isdel=0 ORDER by rank asc 
[2020-08-21 17:21:41] /manage/modules/organ/index.php?url=clock_list&do=get_xml&pid= ( url=clock_list&do=get_xml ) 
ERR: Db Error: Table 'jianglou.hx_clock_list' doesn't exist
SELECT COUNT(*) AS nc_count FROM `hx_clock_list` ORDER BY id desc LIMIT 1  
[2020-08-21 17:21:41] /manage/modules/organ/index.php?url=clock_list&do=get_xml&pid= ( url=clock_list&do=get_xml ) 
ERR: Db Error: Table 'jianglou.hx_clock_list' doesn't exist
SELECT * FROM `hx_clock_list` ORDER BY id desc LIMIT 0,15  
[2020-08-21 17:21:54] /manage/modules/organ/index.php?url=clock_list&do=get_xml&pid= ( url=clock_list&do=get_xml ) 
ERR: Db Error: Table 'jianglou.hx_clock_list' doesn't exist
SELECT COUNT(*) AS nc_count FROM `hx_clock_list` ORDER BY id desc LIMIT 1  
[2020-08-21 17:21:54] /manage/modules/organ/index.php?url=clock_list&do=get_xml&pid= ( url=clock_list&do=get_xml ) 
ERR: Db Error: Table 'jianglou.hx_clock_list' doesn't exist
SELECT * FROM `hx_clock_list` ORDER BY id desc LIMIT 0,15  
[2020-08-21 17:22:02] /manage/modules/organ/index.php?url=clock_list&do=get_xml&pid= ( url=clock_list&do=get_xml ) 
ERR: Db Error: Table 'jianglou.hx_clock_list' doesn't exist
SELECT COUNT(*) AS nc_count FROM `hx_clock_list` ORDER BY id desc LIMIT 1  
[2020-08-21 17:22:02] /manage/modules/organ/index.php?url=clock_list&do=get_xml&pid= ( url=clock_list&do=get_xml ) 
ERR: Db Error: Table 'jianglou.hx_clock_list' doesn't exist
SELECT * FROM `hx_clock_list` ORDER BY id desc LIMIT 0,15  
[2020-08-21 17:22:04] /manage/modules/organ/index.php?url=clock_list&do=get_xml&pid= ( url=clock_list&do=get_xml ) 
ERR: Db Error: Table 'jianglou.hx_clock_list' doesn't exist
SELECT COUNT(*) AS nc_count FROM `hx_clock_list` ORDER BY id desc LIMIT 1  
[2020-08-21 17:22:04] /manage/modules/organ/index.php?url=clock_list&do=get_xml&pid= ( url=clock_list&do=get_xml ) 
ERR: Db Error: Table 'jianglou.hx_clock_list' doesn't exist
SELECT * FROM `hx_clock_list` ORDER BY id desc LIMIT 0,15  
[2020-08-21 17:22:05] /manage/modules/organ/index.php?url=clock_list&do=get_xml&pid= ( url=clock_list&do=get_xml ) 
ERR: Db Error: Table 'jianglou.hx_clock_list' doesn't exist
SELECT COUNT(*) AS nc_count FROM `hx_clock_list` ORDER BY id desc LIMIT 1  
[2020-08-21 17:22:05] /manage/modules/organ/index.php?url=clock_list&do=get_xml&pid= ( url=clock_list&do=get_xml ) 
ERR: Db Error: Table 'jianglou.hx_clock_list' doesn't exist
SELECT * FROM `hx_clock_list` ORDER BY id desc LIMIT 0,15  
[2020-08-21 17:22:09] /manage/modules/organ/index.php?url=clock_list&do=get_xml&pid= ( url=clock_list&do=get_xml ) 
ERR: Db Error: Table 'jianglou.hx_clock_list' doesn't exist
SELECT COUNT(*) AS nc_count FROM `hx_clock_list` ORDER BY id desc LIMIT 1  
[2020-08-21 17:22:09] /manage/modules/organ/index.php?url=clock_list&do=get_xml&pid= ( url=clock_list&do=get_xml ) 
ERR: Db Error: Table 'jianglou.hx_clock_list' doesn't exist
SELECT * FROM `hx_clock_list` ORDER BY id desc LIMIT 0,15  
[2020-08-21 17:22:10] /manage/modules/organ/index.php?url=clock_list&do=get_xml&pid= ( url=clock_list&do=get_xml ) 
ERR: Db Error: Table 'jianglou.hx_clock_list' doesn't exist
SELECT COUNT(*) AS nc_count FROM `hx_clock_list` ORDER BY id desc LIMIT 1  
[2020-08-21 17:22:10] /manage/modules/organ/index.php?url=clock_list&do=get_xml&pid= ( url=clock_list&do=get_xml ) 
ERR: Db Error: Table 'jianglou.hx_clock_list' doesn't exist
SELECT * FROM `hx_clock_list` ORDER BY id desc LIMIT 0,15  
[2020-08-21 17:22:11] /manage/modules/organ/index.php?url=clock_list&do=get_xml&pid= ( url=clock_list&do=get_xml ) 
ERR: Db Error: Table 'jianglou.hx_clock_list' doesn't exist
SELECT COUNT(*) AS nc_count FROM `hx_clock_list` ORDER BY id desc LIMIT 1  
[2020-08-21 17:22:11] /manage/modules/organ/index.php?url=clock_list&do=get_xml&pid= ( url=clock_list&do=get_xml ) 
ERR: Db Error: Table 'jianglou.hx_clock_list' doesn't exist
SELECT * FROM `hx_clock_list` ORDER BY id desc LIMIT 0,15  
[2020-08-21 17:23:58] /manage/modules/news/index.php?url=onlinehelp_list&do=get_xml&pid= ( url=onlinehelp_list&do=get_xml ) 
ERR: Db Error: Table 'jianglou.hx_onlinehelp_list' doesn't exist
SELECT COUNT(*) AS nc_count FROM `hx_onlinehelp_list` WHERE ( isdel = '0' ) ORDER BY id desc LIMIT 1  
[2020-08-21 17:23:58] /manage/modules/news/index.php?url=onlinehelp_list&do=get_xml&pid= ( url=onlinehelp_list&do=get_xml ) 
ERR: Db Error: Table 'jianglou.hx_onlinehelp_list' doesn't exist
SELECT * FROM `hx_onlinehelp_list` WHERE ( isdel = '0' ) ORDER BY id desc LIMIT 0,15  
[2020-08-21 17:24:16] /index.php?url=news&do=index ( url=news&do=index ) 
ERR: Db Error: You have an error in your SQL syntax; check the manual that corresponds to your MySQL server version for the right syntax to use near 'and status=1 and isdel=0 ORDER by rank asc' at line 1
SELECT * FROM hx_article_class where pid= and status=1 and isdel=0 ORDER by rank asc 
[2020-08-21 17:25:08] /manage/modules/news/index.php?url=onlinehelp_list&do=get_xml&pid= ( url=onlinehelp_list&do=get_xml ) 
ERR: Db Error: Table 'jianglou.hx_onlinehelp_list' doesn't exist
SELECT COUNT(*) AS nc_count FROM `hx_onlinehelp_list` WHERE ( isdel = '0' ) ORDER BY id desc LIMIT 1  
[2020-08-21 17:25:08] /manage/modules/news/index.php?url=onlinehelp_list&do=get_xml&pid= ( url=onlinehelp_list&do=get_xml ) 
ERR: Db Error: Table 'jianglou.hx_onlinehelp_list' doesn't exist
SELECT * FROM `hx_onlinehelp_list` WHERE ( isdel = '0' ) ORDER BY id desc LIMIT 0,15  
[2020-08-21 17:26:10] /index.php?url=news&do=index ( url=news&do=index ) 
ERR: Db Error: You have an error in your SQL syntax; check the manual that corresponds to your MySQL server version for the right syntax to use near 'and status=1 and isdel=0 ORDER by rank asc' at line 1
SELECT * FROM hx_article_class where pid= and status=1 and isdel=0 ORDER by rank asc 
[2020-08-21 17:32:17] /manage/modules/organ/index.php?url=manager_list&do=add ( url=manager_list&do=add ) 
ERR: Db Error: Unknown column 'value' in 'where clause'
SELECT * FROM `hx_office_list` WHERE status=1 and value="office" LIMIT 1  
[2020-08-21 17:34:08] /manage/modules/organ/index.php?url=manager_list&do=add ( url=manager_list&do=add ) 
ERR: Db Error: Unknown column 'value' in 'where clause'
SELECT * FROM `hx_office_list` WHERE status=1 and value="office" LIMIT 1  
[2020-08-21 17:37:35] /manage/modules/organ/index.php?url=clock_list&do=get_xml&pid= ( url=clock_list&do=get_xml ) 
ERR: Db Error: Table 'jianglou.hx_clock_list' doesn't exist
SELECT COUNT(*) AS nc_count FROM `hx_clock_list` ORDER BY id desc LIMIT 1  
[2020-08-21 17:37:35] /manage/modules/organ/index.php?url=clock_list&do=get_xml&pid= ( url=clock_list&do=get_xml ) 
ERR: Db Error: Table 'jianglou.hx_clock_list' doesn't exist
SELECT * FROM `hx_clock_list` ORDER BY id desc LIMIT 0,15  
[2020-08-21 17:37:54] /manage/modules/organ/index.php?url=manager_list&do=add ( url=manager_list&do=add ) 
ERR: Db Error: Unknown column 'value' in 'where clause'
SELECT * FROM `hx_office_list` WHERE status=1 and value="office" LIMIT 1  
[2020-08-21 17:41:15] /manage/modules/organ/index.php?url=manager_list&do=edit&id=18 ( url=manager_list&do=edit ) 
ERR: Db Error: Unknown column 'value' in 'where clause'
SELECT * FROM `hx_office_list` WHERE status=1 and value="office" LIMIT 1  
[2020-08-21 17:43:59] /manage/modules/organ/index.php?url=clock_list&do=get_xml&pid= ( url=clock_list&do=get_xml ) 
ERR: Db Error: Table 'jianglou.hx_clock_list' doesn't exist
SELECT COUNT(*) AS nc_count FROM `hx_clock_list` ORDER BY id desc LIMIT 1  
[2020-08-21 17:43:59] /manage/modules/organ/index.php?url=clock_list&do=get_xml&pid= ( url=clock_list&do=get_xml ) 
ERR: Db Error: Table 'jianglou.hx_clock_list' doesn't exist
SELECT * FROM `hx_clock_list` ORDER BY id desc LIMIT 0,15  
[2020-08-21 17:44:02] /manage/modules/organ/index.php?url=clock_list&do=get_xml&pid= ( url=clock_list&do=get_xml ) 
ERR: Db Error: Table 'jianglou.hx_clock_list' doesn't exist
SELECT COUNT(*) AS nc_count FROM `hx_clock_list` ORDER BY id desc LIMIT 1  
[2020-08-21 17:44:02] /manage/modules/organ/index.php?url=clock_list&do=get_xml&pid= ( url=clock_list&do=get_xml ) 
ERR: Db Error: Table 'jianglou.hx_clock_list' doesn't exist
SELECT * FROM `hx_clock_list` ORDER BY id desc LIMIT 0,15  
[2020-08-21 17:44:03] /manage/modules/organ/index.php?url=clock_list&do=get_xml&pid= ( url=clock_list&do=get_xml ) 
ERR: Db Error: Table 'jianglou.hx_clock_list' doesn't exist
SELECT COUNT(*) AS nc_count FROM `hx_clock_list` ORDER BY id desc LIMIT 1  
[2020-08-21 17:44:03] /manage/modules/organ/index.php?url=clock_list&do=get_xml&pid= ( url=clock_list&do=get_xml ) 
ERR: Db Error: Table 'jianglou.hx_clock_list' doesn't exist
SELECT * FROM `hx_clock_list` ORDER BY id desc LIMIT 0,15  
[2020-08-21 17:44:08] /manage/modules/organ/index.php?url=clock_list&do=get_xml&pid= ( url=clock_list&do=get_xml ) 
ERR: Db Error: Table 'jianglou.hx_clock_list' doesn't exist
SELECT COUNT(*) AS nc_count FROM `hx_clock_list` ORDER BY id desc LIMIT 1  
[2020-08-21 17:44:08] /manage/modules/organ/index.php?url=clock_list&do=get_xml&pid= ( url=clock_list&do=get_xml ) 
ERR: Db Error: Table 'jianglou.hx_clock_list' doesn't exist
SELECT * FROM `hx_clock_list` ORDER BY id desc LIMIT 0,15  
[2020-08-21 17:44:44] /manage/modules/organ/index.php?url=clock_list&do=get_xml&pid= ( url=clock_list&do=get_xml ) 
ERR: Db Error: Table 'jianglou.hx_clock_list' doesn't exist
SELECT COUNT(*) AS nc_count FROM `hx_clock_list` ORDER BY id desc LIMIT 1  
[2020-08-21 17:44:44] /manage/modules/organ/index.php?url=clock_list&do=get_xml&pid= ( url=clock_list&do=get_xml ) 
ERR: Db Error: Table 'jianglou.hx_clock_list' doesn't exist
SELECT * FROM `hx_clock_list` ORDER BY id desc LIMIT 0,15  
[2020-08-21 17:44:46] /manage/modules/organ/index.php?url=clock_list&do=get_xml&pid= ( url=clock_list&do=get_xml ) 
ERR: Db Error: Table 'jianglou.hx_clock_list' doesn't exist
SELECT COUNT(*) AS nc_count FROM `hx_clock_list` ORDER BY id desc LIMIT 1  
[2020-08-21 17:44:46] /manage/modules/organ/index.php?url=clock_list&do=get_xml&pid= ( url=clock_list&do=get_xml ) 
ERR: Db Error: Table 'jianglou.hx_clock_list' doesn't exist
SELECT * FROM `hx_clock_list` ORDER BY id desc LIMIT 0,15  
[2020-08-21 17:44:52] /manage/modules/organ/index.php?url=clock_list&do=get_xml&pid=&kaishi=2020-08-21&jieshu=2020-08-21&keywords= ( url=clock_list&do=get_xml ) 
ERR: Db Error: Table 'jianglou.hx_clock_list' doesn't exist
SELECT COUNT(*) AS nc_count FROM `hx_clock_list` WHERE (  (edittime BETWEEN '1597939200' AND '1598025599' ) ) ORDER BY id desc LIMIT 1  
[2020-08-21 17:44:52] /manage/modules/organ/index.php?url=clock_list&do=get_xml&pid=&kaishi=2020-08-21&jieshu=2020-08-21&keywords= ( url=clock_list&do=get_xml ) 
ERR: Db Error: Table 'jianglou.hx_clock_list' doesn't exist
SELECT * FROM `hx_clock_list` WHERE (  (edittime BETWEEN '1597939200' AND '1598025599' ) ) ORDER BY id desc LIMIT 0,15  
[2020-08-21 17:44:53] /manage/modules/organ/index.php?url=clock_list&do=get_xml&pid=&kaishi=2020-08-21&jieshu=2020-08-21&keywords= ( url=clock_list&do=get_xml ) 
ERR: Db Error: Table 'jianglou.hx_clock_list' doesn't exist
SELECT COUNT(*) AS nc_count FROM `hx_clock_list` WHERE (  (edittime BETWEEN '1597939200' AND '1598025599' ) ) ORDER BY id desc LIMIT 1  
[2020-08-21 17:44:53] /manage/modules/organ/index.php?url=clock_list&do=get_xml&pid=&kaishi=2020-08-21&jieshu=2020-08-21&keywords= ( url=clock_list&do=get_xml ) 
ERR: Db Error: Table 'jianglou.hx_clock_list' doesn't exist
SELECT * FROM `hx_clock_list` WHERE (  (edittime BETWEEN '1597939200' AND '1598025599' ) ) ORDER BY id desc LIMIT 0,15  
[2020-08-21 17:45:07] /manage/modules/organ/index.php?url=manager_list&do=edit&id=18 ( url=manager_list&do=edit ) 
ERR: Db Error: Unknown column 'value' in 'where clause'
SELECT * FROM `hx_office_list` WHERE status=1 and value="office" LIMIT 1  
[2020-08-21 17:46:05] /index.php?url=news&do=index ( url=news&do=index ) 
ERR: Db Error: You have an error in your SQL syntax; check the manual that corresponds to your MySQL server version for the right syntax to use near 'and status=1 and isdel=0 ORDER by rank asc' at line 1
SELECT * FROM hx_article_class where pid= and status=1 and isdel=0 ORDER by rank asc 
[2020-08-21 17:46:54] /manage/modules/news/index.php?url=onlinehelp_list&do=get_xml&pid= ( url=onlinehelp_list&do=get_xml ) 
ERR: Db Error: Table 'jianglou.hx_onlinehelp_list' doesn't exist
SELECT COUNT(*) AS nc_count FROM `hx_onlinehelp_list` WHERE ( isdel = '0' ) ORDER BY id desc LIMIT 1  
[2020-08-21 17:46:54] /manage/modules/news/index.php?url=onlinehelp_list&do=get_xml&pid= ( url=onlinehelp_list&do=get_xml ) 
ERR: Db Error: Table 'jianglou.hx_onlinehelp_list' doesn't exist
SELECT * FROM `hx_onlinehelp_list` WHERE ( isdel = '0' ) ORDER BY id desc LIMIT 0,15  
[2020-08-21 17:50:20] /index.php?url=news&do=index ( url=news&do=index ) 
ERR: Db Error: You have an error in your SQL syntax; check the manual that corresponds to your MySQL server version for the right syntax to use near 'and status=1 and isdel=0 ORDER by rank asc' at line 1
SELECT * FROM hx_article_class where pid= and status=1 and isdel=0 ORDER by rank asc 
[2020-08-21 17:50:27] /index.php?url=news&do=index&curpage=2 ( url=news&do=index ) 
ERR: Db Error: You have an error in your SQL syntax; check the manual that corresponds to your MySQL server version for the right syntax to use near 'and status=1 and isdel=0 ORDER by rank asc' at line 1
SELECT * FROM hx_article_class where pid= and status=1 and isdel=0 ORDER by rank asc 
[2020-08-21 17:50:30] /index.php?url=news&do=index&curpage=5 ( url=news&do=index ) 
ERR: Db Error: You have an error in your SQL syntax; check the manual that corresponds to your MySQL server version for the right syntax to use near 'and status=1 and isdel=0 ORDER by rank asc' at line 1
SELECT * FROM hx_article_class where pid= and status=1 and isdel=0 ORDER by rank asc 
[2020-08-21 17:52:04] /manage/modules/organ/index.php?url=clock_list&do=get_xml&pid= ( url=clock_list&do=get_xml ) 
ERR: Db Error: Table 'jianglou.hx_clock_list' doesn't exist
SELECT COUNT(*) AS nc_count FROM `hx_clock_list` ORDER BY id desc LIMIT 1  
[2020-08-21 17:52:04] /manage/modules/organ/index.php?url=clock_list&do=get_xml&pid= ( url=clock_list&do=get_xml ) 
ERR: Db Error: Table 'jianglou.hx_clock_list' doesn't exist
SELECT * FROM `hx_clock_list` ORDER BY id desc LIMIT 0,15  
[2020-08-21 17:52:32] /manage/modules/organ/index.php?url=clock_list&do=get_xml&pid= ( url=clock_list&do=get_xml ) 
ERR: Db Error: Table 'jianglou.hx_clock_list' doesn't exist
SELECT COUNT(*) AS nc_count FROM `hx_clock_list` ORDER BY id desc LIMIT 1  
[2020-08-21 17:52:32] /manage/modules/organ/index.php?url=clock_list&do=get_xml&pid= ( url=clock_list&do=get_xml ) 
ERR: Db Error: Table 'jianglou.hx_clock_list' doesn't exist
SELECT * FROM `hx_clock_list` ORDER BY id desc LIMIT 0,15  
[2020-08-21 17:52:33] /manage/modules/organ/index.php?url=clock_list&do=get_xml&pid= ( url=clock_list&do=get_xml ) 
ERR: Db Error: Table 'jianglou.hx_clock_list' doesn't exist
SELECT COUNT(*) AS nc_count FROM `hx_clock_list` ORDER BY id desc LIMIT 1  
[2020-08-21 17:52:33] /manage/modules/organ/index.php?url=clock_list&do=get_xml&pid= ( url=clock_list&do=get_xml ) 
ERR: Db Error: Table 'jianglou.hx_clock_list' doesn't exist
SELECT * FROM `hx_clock_list` ORDER BY id desc LIMIT 0,15  
[2020-08-21 17:52:33] /manage/modules/organ/index.php?url=clock_list&do=get_xml&pid= ( url=clock_list&do=get_xml ) 
ERR: Db Error: Table 'jianglou.hx_clock_list' doesn't exist
SELECT COUNT(*) AS nc_count FROM `hx_clock_list` ORDER BY id desc LIMIT 1  
[2020-08-21 17:52:33] /manage/modules/organ/index.php?url=clock_list&do=get_xml&pid= ( url=clock_list&do=get_xml ) 
ERR: Db Error: Table 'jianglou.hx_clock_list' doesn't exist
SELECT * FROM `hx_clock_list` ORDER BY id desc LIMIT 0,15  
[2020-08-21 17:52:34] /manage/modules/organ/index.php?url=clock_list&do=get_xml&pid= ( url=clock_list&do=get_xml ) 
ERR: Db Error: Table 'jianglou.hx_clock_list' doesn't exist
SELECT COUNT(*) AS nc_count FROM `hx_clock_list` ORDER BY id desc LIMIT 1  
[2020-08-21 17:52:34] /manage/modules/organ/index.php?url=clock_list&do=get_xml&pid= ( url=clock_list&do=get_xml ) 
ERR: Db Error: Table 'jianglou.hx_clock_list' doesn't exist
SELECT * FROM `hx_clock_list` ORDER BY id desc LIMIT 0,15  
[2020-08-21 17:57:24] / ( url=index&do=index ) 
ERR: Db Error: Table 'jianglou.hx_Array' doesn't exist
SELECT * FROM hx_Array where pid=11 and status=1 and isdel=0 ORDER by rank asc 
[2020-08-21 17:57:24] / ( url=index&do=index ) 
ERR: Db Error: Table 'jianglou.hx_Array' doesn't exist
SELECT * FROM hx_Array where pid=12 and status=1 and isdel=0 ORDER by rank asc 
[2020-08-21 17:57:24] / ( url=index&do=index ) 
ERR: Db Error: Table 'jianglou.hx_Array' doesn't exist
SELECT * FROM hx_Array where pid=13 and status=1 and isdel=0 ORDER by rank asc 
[2020-08-21 17:57:24] / ( url=index&do=index ) 
ERR: Db Error: Table 'jianglou.hx_Array' doesn't exist
SELECT * FROM hx_Array where pid=14 and status=1 and isdel=0 ORDER by rank asc 
[2020-08-21 17:57:24] / ( url=index&do=index ) 
ERR: Db Error: Table 'jianglou.hx_Array' doesn't exist
SELECT * FROM hx_Array where pid=15 and status=1 and isdel=0 ORDER by rank asc 
[2020-08-21 17:57:24] / ( url=index&do=index ) 
ERR: Db Error: Table 'jianglou.hx_Array' doesn't exist
SELECT * FROM hx_Array where pid=16 and status=1 and isdel=0 ORDER by rank asc 
[2020-08-21 17:57:24] / ( url=index&do=index ) 
ERR: Db Error: Table 'jianglou.hx_Array' doesn't exist
SELECT * FROM hx_Array where pid=17 and status=1 and isdel=0 ORDER by rank asc 
[2020-08-21 17:58:18] /manage/modules/organ/index.php?url=clock_list&do=get_xml&pid= ( url=clock_list&do=get_xml ) 
ERR: Db Error: Table 'jianglou.hx_clock_list' doesn't exist
SELECT COUNT(*) AS nc_count FROM `hx_clock_list` ORDER BY id desc LIMIT 1  
[2020-08-21 17:58:18] /manage/modules/organ/index.php?url=clock_list&do=get_xml&pid= ( url=clock_list&do=get_xml ) 
ERR: Db Error: Table 'jianglou.hx_clock_list' doesn't exist
SELECT * FROM `hx_clock_list` ORDER BY id desc LIMIT 0,15  
[2020-08-21 17:58:48] /manage/modules/organ/index.php?url=clock_list&do=get_xml&pid= ( url=clock_list&do=get_xml ) 
ERR: Db Error: Table 'jianglou.hx_clock_list' doesn't exist
SELECT COUNT(*) AS nc_count FROM `hx_clock_list` ORDER BY id desc LIMIT 1  
[2020-08-21 17:58:48] /manage/modules/organ/index.php?url=clock_list&do=get_xml&pid= ( url=clock_list&do=get_xml ) 
ERR: Db Error: Table 'jianglou.hx_clock_list' doesn't exist
SELECT * FROM `hx_clock_list` ORDER BY id desc LIMIT 0,15  
[2020-08-21 17:58:49] /manage/modules/organ/index.php?url=clock_list&do=get_xml&pid= ( url=clock_list&do=get_xml ) 
ERR: Db Error: Table 'jianglou.hx_clock_list' doesn't exist
SELECT COUNT(*) AS nc_count FROM `hx_clock_list` ORDER BY id desc LIMIT 1  
[2020-08-21 17:58:49] /manage/modules/organ/index.php?url=clock_list&do=get_xml&pid= ( url=clock_list&do=get_xml ) 
ERR: Db Error: Table 'jianglou.hx_clock_list' doesn't exist
SELECT * FROM `hx_clock_list` ORDER BY id desc LIMIT 0,15  
[2020-08-21 17:58:50] /manage/modules/organ/index.php?url=clock_list&do=get_xml&pid= ( url=clock_list&do=get_xml ) 
ERR: Db Error: Table 'jianglou.hx_clock_list' doesn't exist
SELECT COUNT(*) AS nc_count FROM `hx_clock_list` ORDER BY id desc LIMIT 1  
[2020-08-21 17:58:50] /manage/modules/organ/index.php?url=clock_list&do=get_xml&pid= ( url=clock_list&do=get_xml ) 
ERR: Db Error: Table 'jianglou.hx_clock_list' doesn't exist
SELECT * FROM `hx_clock_list` ORDER BY id desc LIMIT 0,15  
[2020-08-21 17:59:44] /manage/modules/organ/index.php?url=clock_list&do=get_xml&pid= ( url=clock_list&do=get_xml ) 
ERR: Db Error: Table 'jianglou.hx_clock_list' doesn't exist
SELECT COUNT(*) AS nc_count FROM `hx_clock_list` ORDER BY id desc LIMIT 1  
[2020-08-21 17:59:44] /manage/modules/organ/index.php?url=clock_list&do=get_xml&pid= ( url=clock_list&do=get_xml ) 
ERR: Db Error: Table 'jianglou.hx_clock_list' doesn't exist
SELECT * FROM `hx_clock_list` ORDER BY id desc LIMIT 0,15  
[2020-08-21 18:06:30] /index.php?url=news&do=index ( url=news&do=index ) 
ERR: Db Error: You have an error in your SQL syntax; check the manual that corresponds to your MySQL server version for the right syntax to use near 'and status=1 and isdel=0 ORDER by rank asc' at line 1
SELECT * FROM hx_article_class where pid= and status=1 and isdel=0 ORDER by rank asc 
[2020-08-21 18:06:33] /index.php?url=news&do=index ( url=news&do=index ) 
ERR: Db Error: You have an error in your SQL syntax; check the manual that corresponds to your MySQL server version for the right syntax to use near 'and status=1 and isdel=0 ORDER by rank asc' at line 1
SELECT * FROM hx_article_class where pid= and status=1 and isdel=0 ORDER by rank asc 
