[2020-08-12 01:51:01] /index.php ( url=index&do=index ) 
ERR: Db Error: Table 'jianglou.hx_Array' doesn't exist
SELECT * FROM hx_Array where pid=11 and status=1 and isdel=0 ORDER by rank asc 
[2020-08-12 01:51:01] /index.php ( url=index&do=index ) 
ERR: Db Error: Table 'jianglou.hx_Array' doesn't exist
SELECT * FROM hx_Array where pid=12 and status=1 and isdel=0 ORDER by rank asc 
[2020-08-12 01:51:01] /index.php ( url=index&do=index ) 
ERR: Db Error: Table 'jianglou.hx_Array' doesn't exist
SELECT * FROM hx_Array where pid=13 and status=1 and isdel=0 ORDER by rank asc 
[2020-08-12 01:51:01] /index.php ( url=index&do=index ) 
ERR: Db Error: Table 'jianglou.hx_Array' doesn't exist
SELECT * FROM hx_Array where pid=14 and status=1 and isdel=0 ORDER by rank asc 
[2020-08-12 01:51:01] /index.php ( url=index&do=index ) 
ERR: Db Error: Table 'jianglou.hx_Array' doesn't exist
SELECT * FROM hx_Array where pid=15 and status=1 and isdel=0 ORDER by rank asc 
[2020-08-12 01:51:01] /index.php ( url=index&do=index ) 
ERR: Db Error: Table 'jianglou.hx_Array' doesn't exist
SELECT * FROM hx_Array where pid=16 and status=1 and isdel=0 ORDER by rank asc 
[2020-08-12 01:51:01] /index.php ( url=index&do=index ) 
ERR: Db Error: Table 'jianglou.hx_Array' doesn't exist
SELECT * FROM hx_Array where pid=17 and status=1 and isdel=0 ORDER by rank asc 
[2020-08-12 09:51:11] / ( url=index&do=index ) 
ERR: Db Error: Table 'jianglou.hx_Array' doesn't exist
SELECT * FROM hx_Array where pid=11 and status=1 and isdel=0 ORDER by rank asc 
[2020-08-12 09:51:11] / ( url=index&do=index ) 
ERR: Db Error: Table 'jianglou.hx_Array' doesn't exist
SELECT * FROM hx_Array where pid=12 and status=1 and isdel=0 ORDER by rank asc 
[2020-08-12 09:51:11] / ( url=index&do=index ) 
ERR: Db Error: Table 'jianglou.hx_Array' doesn't exist
SELECT * FROM hx_Array where pid=13 and status=1 and isdel=0 ORDER by rank asc 
[2020-08-12 09:51:11] / ( url=index&do=index ) 
ERR: Db Error: Table 'jianglou.hx_Array' doesn't exist
SELECT * FROM hx_Array where pid=14 and status=1 and isdel=0 ORDER by rank asc 
[2020-08-12 09:51:11] / ( url=index&do=index ) 
ERR: Db Error: Table 'jianglou.hx_Array' doesn't exist
SELECT * FROM hx_Array where pid=15 and status=1 and isdel=0 ORDER by rank asc 
[2020-08-12 09:51:11] / ( url=index&do=index ) 
ERR: Db Error: Table 'jianglou.hx_Array' doesn't exist
SELECT * FROM hx_Array where pid=16 and status=1 and isdel=0 ORDER by rank asc 
[2020-08-12 09:51:11] / ( url=index&do=index ) 
ERR: Db Error: Table 'jianglou.hx_Array' doesn't exist
SELECT * FROM hx_Array where pid=17 and status=1 and isdel=0 ORDER by rank asc 
[2020-08-12 10:04:54] /index.php ( url=index&do=index ) 
ERR: Db Error: Table 'jianglou.hx_Array' doesn't exist
SELECT * FROM hx_Array where pid=11 and status=1 and isdel=0 ORDER by rank asc 
[2020-08-12 10:04:54] /index.php ( url=index&do=index ) 
ERR: Db Error: Table 'jianglou.hx_Array' doesn't exist
SELECT * FROM hx_Array where pid=12 and status=1 and isdel=0 ORDER by rank asc 
[2020-08-12 10:04:54] /index.php ( url=index&do=index ) 
ERR: Db Error: Table 'jianglou.hx_Array' doesn't exist
SELECT * FROM hx_Array where pid=13 and status=1 and isdel=0 ORDER by rank asc 
[2020-08-12 10:04:54] /index.php ( url=index&do=index ) 
ERR: Db Error: Table 'jianglou.hx_Array' doesn't exist
SELECT * FROM hx_Array where pid=14 and status=1 and isdel=0 ORDER by rank asc 
[2020-08-12 10:04:54] /index.php ( url=index&do=index ) 
ERR: Db Error: Table 'jianglou.hx_Array' doesn't exist
SELECT * FROM hx_Array where pid=15 and status=1 and isdel=0 ORDER by rank asc 
[2020-08-12 10:04:54] /index.php ( url=index&do=index ) 
ERR: Db Error: Table 'jianglou.hx_Array' doesn't exist
SELECT * FROM hx_Array where pid=16 and status=1 and isdel=0 ORDER by rank asc 
[2020-08-12 10:04:54] /index.php ( url=index&do=index ) 
ERR: Db Error: Table 'jianglou.hx_Array' doesn't exist
SELECT * FROM hx_Array where pid=17 and status=1 and isdel=0 ORDER by rank asc 
[2020-08-12 10:05:00] /index.php ( url=index&do=index ) 
ERR: Db Error: Table 'jianglou.hx_Array' doesn't exist
SELECT * FROM hx_Array where pid=11 and status=1 and isdel=0 ORDER by rank asc 
[2020-08-12 10:05:00] /index.php ( url=index&do=index ) 
ERR: Db Error: Table 'jianglou.hx_Array' doesn't exist
SELECT * FROM hx_Array where pid=12 and status=1 and isdel=0 ORDER by rank asc 
[2020-08-12 10:05:00] /index.php ( url=index&do=index ) 
ERR: Db Error: Table 'jianglou.hx_Array' doesn't exist
SELECT * FROM hx_Array where pid=13 and status=1 and isdel=0 ORDER by rank asc 
[2020-08-12 10:05:00] /index.php ( url=index&do=index ) 
ERR: Db Error: Table 'jianglou.hx_Array' doesn't exist
SELECT * FROM hx_Array where pid=14 and status=1 and isdel=0 ORDER by rank asc 
[2020-08-12 10:05:00] /index.php ( url=index&do=index ) 
ERR: Db Error: Table 'jianglou.hx_Array' doesn't exist
SELECT * FROM hx_Array where pid=15 and status=1 and isdel=0 ORDER by rank asc 
[2020-08-12 10:05:00] /index.php ( url=index&do=index ) 
ERR: Db Error: Table 'jianglou.hx_Array' doesn't exist
SELECT * FROM hx_Array where pid=16 and status=1 and isdel=0 ORDER by rank asc 
[2020-08-12 10:05:00] /index.php ( url=index&do=index ) 
ERR: Db Error: Table 'jianglou.hx_Array' doesn't exist
SELECT * FROM hx_Array where pid=17 and status=1 and isdel=0 ORDER by rank asc 
[2020-08-12 10:05:25] /manage/modules/organ/index.php?url=depart_list&do=get_xml&pid= ( url=depart_list&do=get_xml ) 
ERR: Db Error: Table 'jianglou.hx_depart_list' doesn't exist
SELECT COUNT(*) AS nc_count FROM `hx_depart_list` WHERE ( pid = '0' ) AND ( isdel = '0' ) ORDER BY id desc LIMIT 1  
[2020-08-12 10:05:25] /manage/modules/organ/index.php?url=depart_list&do=get_xml&pid= ( url=depart_list&do=get_xml ) 
ERR: Db Error: Table 'jianglou.hx_depart_list' doesn't exist
SELECT * FROM `hx_depart_list` WHERE ( pid = '0' ) AND ( isdel = '0' ) ORDER BY id desc LIMIT 0,15  
[2020-08-12 10:09:45] / ( url=index&do=index ) 
ERR: Db Error: Table 'jianglou.hx_Array' doesn't exist
SELECT * FROM hx_Array where pid=11 and status=1 and isdel=0 ORDER by rank asc 
[2020-08-12 10:09:45] / ( url=index&do=index ) 
ERR: Db Error: Table 'jianglou.hx_Array' doesn't exist
SELECT * FROM hx_Array where pid=12 and status=1 and isdel=0 ORDER by rank asc 
[2020-08-12 10:09:45] / ( url=index&do=index ) 
ERR: Db Error: Table 'jianglou.hx_Array' doesn't exist
SELECT * FROM hx_Array where pid=13 and status=1 and isdel=0 ORDER by rank asc 
[2020-08-12 10:09:45] / ( url=index&do=index ) 
ERR: Db Error: Table 'jianglou.hx_Array' doesn't exist
SELECT * FROM hx_Array where pid=14 and status=1 and isdel=0 ORDER by rank asc 
[2020-08-12 10:09:45] / ( url=index&do=index ) 
ERR: Db Error: Table 'jianglou.hx_Array' doesn't exist
SELECT * FROM hx_Array where pid=15 and status=1 and isdel=0 ORDER by rank asc 
[2020-08-12 10:09:45] / ( url=index&do=index ) 
ERR: Db Error: Table 'jianglou.hx_Array' doesn't exist
SELECT * FROM hx_Array where pid=16 and status=1 and isdel=0 ORDER by rank asc 
[2020-08-12 10:09:45] / ( url=index&do=index ) 
ERR: Db Error: Table 'jianglou.hx_Array' doesn't exist
SELECT * FROM hx_Array where pid=17 and status=1 and isdel=0 ORDER by rank asc 
[2020-08-12 10:16:37] / ( url=index&do=index ) 
ERR: Db Error: Table 'jianglou.hx_Array' doesn't exist
SELECT * FROM hx_Array where pid=11 and status=1 and isdel=0 ORDER by rank asc 
[2020-08-12 10:16:37] / ( url=index&do=index ) 
ERR: Db Error: Table 'jianglou.hx_Array' doesn't exist
SELECT * FROM hx_Array where pid=12 and status=1 and isdel=0 ORDER by rank asc 
[2020-08-12 10:16:37] / ( url=index&do=index ) 
ERR: Db Error: Table 'jianglou.hx_Array' doesn't exist
SELECT * FROM hx_Array where pid=13 and status=1 and isdel=0 ORDER by rank asc 
[2020-08-12 10:16:37] / ( url=index&do=index ) 
ERR: Db Error: Table 'jianglou.hx_Array' doesn't exist
SELECT * FROM hx_Array where pid=14 and status=1 and isdel=0 ORDER by rank asc 
[2020-08-12 10:16:37] / ( url=index&do=index ) 
ERR: Db Error: Table 'jianglou.hx_Array' doesn't exist
SELECT * FROM hx_Array where pid=15 and status=1 and isdel=0 ORDER by rank asc 
[2020-08-12 10:16:37] / ( url=index&do=index ) 
ERR: Db Error: Table 'jianglou.hx_Array' doesn't exist
SELECT * FROM hx_Array where pid=16 and status=1 and isdel=0 ORDER by rank asc 
[2020-08-12 10:16:37] / ( url=index&do=index ) 
ERR: Db Error: Table 'jianglou.hx_Array' doesn't exist
SELECT * FROM hx_Array where pid=17 and status=1 and isdel=0 ORDER by rank asc 
[2020-08-12 10:16:50] /index.php?url=news&do=index ( url=news&do=index ) 
ERR: Db Error: You have an error in your SQL syntax; check the manual that corresponds to your MySQL server version for the right syntax to use near 'and status=1 and isdel=0 ORDER by rank asc' at line 1
SELECT * FROM hx_article_class where pid= and status=1 and isdel=0 ORDER by rank asc 
[2020-08-12 10:37:51] /manage/modules/organ/index.php?url=depart_list&do=get_xml&pid= ( url=depart_list&do=get_xml ) 
ERR: Db Error: Table 'jianglou.hx_depart_list' doesn't exist
SELECT COUNT(*) AS nc_count FROM `hx_depart_list` WHERE ( pid = '0' ) AND ( isdel = '0' ) ORDER BY id desc LIMIT 1  
[2020-08-12 10:37:51] /manage/modules/organ/index.php?url=depart_list&do=get_xml&pid= ( url=depart_list&do=get_xml ) 
ERR: Db Error: Table 'jianglou.hx_depart_list' doesn't exist
SELECT * FROM `hx_depart_list` WHERE ( pid = '0' ) AND ( isdel = '0' ) ORDER BY id desc LIMIT 0,15  
[2020-08-12 10:38:58] /manage/modules/organ/index.php?url=depart_list&do=get_xml&pid= ( url=depart_list&do=get_xml ) 
ERR: Db Error: Table 'jianglou.hx_depart_list' doesn't exist
SELECT COUNT(*) AS nc_count FROM `hx_depart_list` WHERE ( pid = '0' ) AND ( isdel = '0' ) ORDER BY id desc LIMIT 1  
[2020-08-12 10:38:58] /manage/modules/organ/index.php?url=depart_list&do=get_xml&pid= ( url=depart_list&do=get_xml ) 
ERR: Db Error: Table 'jianglou.hx_depart_list' doesn't exist
SELECT * FROM `hx_depart_list` WHERE ( pid = '0' ) AND ( isdel = '0' ) ORDER BY id desc LIMIT 0,15  
[2020-08-12 10:45:38] /manage/modules/organ/index.php?url=manager_list&do=get_xml&pid= ( url=manager_list&do=get_xml ) 
ERR: Db Error: Table 'jianglou.hx_manager_list' doesn't exist
SELECT COUNT(*) AS nc_count FROM `hx_manager_list` WHERE ( isdel = '0' ) ORDER BY id desc LIMIT 1  
[2020-08-12 10:45:38] /manage/modules/organ/index.php?url=manager_list&do=get_xml&pid= ( url=manager_list&do=get_xml ) 
ERR: Db Error: Table 'jianglou.hx_manager_list' doesn't exist
SELECT * FROM `hx_manager_list` WHERE ( isdel = '0' ) ORDER BY id desc LIMIT 0,15  
[2020-08-12 10:45:41] /manage/modules/organ/index.php?url=depart_list&do=get_xml&pid= ( url=depart_list&do=get_xml ) 
ERR: Db Error: Table 'jianglou.hx_depart_list' doesn't exist
SELECT COUNT(*) AS nc_count FROM `hx_depart_list` WHERE ( pid = '0' ) AND ( isdel = '0' ) ORDER BY id desc LIMIT 1  
[2020-08-12 10:45:41] /manage/modules/organ/index.php?url=depart_list&do=get_xml&pid= ( url=depart_list&do=get_xml ) 
ERR: Db Error: Table 'jianglou.hx_depart_list' doesn't exist
SELECT * FROM `hx_depart_list` WHERE ( pid = '0' ) AND ( isdel = '0' ) ORDER BY id desc LIMIT 0,15  
[2020-08-12 10:48:25] /manage/modules/organ/index.php?url=depart_list&do=get_xml&pid= ( url=depart_list&do=get_xml ) 
ERR: Db Error: Table 'jianglou.hx_depart_list' doesn't exist
SELECT COUNT(*) AS nc_count FROM `hx_depart_list` WHERE ( pid = '0' ) AND ( isdel = '0' ) ORDER BY id desc LIMIT 1  
[2020-08-12 10:48:25] /manage/modules/organ/index.php?url=depart_list&do=get_xml&pid= ( url=depart_list&do=get_xml ) 
ERR: Db Error: Table 'jianglou.hx_depart_list' doesn't exist
SELECT * FROM `hx_depart_list` WHERE ( pid = '0' ) AND ( isdel = '0' ) ORDER BY id desc LIMIT 0,15  
[2020-08-12 10:50:35] /manage/modules/organ/index.php?url=depart_list&do=get_xml&pid= ( url=depart_list&do=get_xml ) 
ERR: Db Error: Table 'jianglou.hx_depart_list' doesn't exist
SELECT COUNT(*) AS nc_count FROM `hx_depart_list` WHERE ( pid = '0' ) AND ( isdel = '0' ) ORDER BY id desc LIMIT 1  
[2020-08-12 10:50:35] /manage/modules/organ/index.php?url=depart_list&do=get_xml&pid= ( url=depart_list&do=get_xml ) 
ERR: Db Error: Table 'jianglou.hx_depart_list' doesn't exist
SELECT * FROM `hx_depart_list` WHERE ( pid = '0' ) AND ( isdel = '0' ) ORDER BY id desc LIMIT 0,15  
[2020-08-12 10:51:53] /manage/modules/organ/index.php?url=depart_list&do=get_xml&pid= ( url=depart_list&do=get_xml ) 
ERR: Db Error: Table 'jianglou.hx_depart_list' doesn't exist
SELECT COUNT(*) AS nc_count FROM `hx_depart_list` WHERE ( pid = '0' ) AND ( isdel = '0' ) ORDER BY id desc LIMIT 1  
[2020-08-12 10:51:53] /manage/modules/organ/index.php?url=depart_list&do=get_xml&pid= ( url=depart_list&do=get_xml ) 
ERR: Db Error: Table 'jianglou.hx_depart_list' doesn't exist
SELECT * FROM `hx_depart_list` WHERE ( pid = '0' ) AND ( isdel = '0' ) ORDER BY id desc LIMIT 0,15  
[2020-08-12 10:52:25] /manage/modules/organ/index.php?url=depart_list&do=get_xml&pid= ( url=depart_list&do=get_xml ) 
ERR: Db Error: Table 'jianglou.hx_depart_list' doesn't exist
SELECT COUNT(*) AS nc_count FROM `hx_depart_list` WHERE ( pid = '0' ) AND ( isdel = '0' ) ORDER BY id desc LIMIT 1  
[2020-08-12 10:52:25] /manage/modules/organ/index.php?url=depart_list&do=get_xml&pid= ( url=depart_list&do=get_xml ) 
ERR: Db Error: Table 'jianglou.hx_depart_list' doesn't exist
SELECT * FROM `hx_depart_list` WHERE ( pid = '0' ) AND ( isdel = '0' ) ORDER BY id desc LIMIT 0,15  
[2020-08-12 10:52:42] /manage/modules/organ/index.php?url=depart_list&do=get_xml&pid= ( url=depart_list&do=get_xml ) 
ERR: Db Error: Table 'jianglou.hx_depart_list' doesn't exist
SELECT COUNT(*) AS nc_count FROM `hx_depart_list` WHERE ( pid = '0' ) AND ( isdel = '0' ) ORDER BY id desc LIMIT 1  
[2020-08-12 10:52:42] /manage/modules/organ/index.php?url=depart_list&do=get_xml&pid= ( url=depart_list&do=get_xml ) 
ERR: Db Error: Table 'jianglou.hx_depart_list' doesn't exist
SELECT * FROM `hx_depart_list` WHERE ( pid = '0' ) AND ( isdel = '0' ) ORDER BY id desc LIMIT 0,15  
[2020-08-12 10:59:22] /manage/modules/organ/index.php?url=manager_list&do=get_xml&pid= ( url=manager_list&do=get_xml ) 
ERR: Db Error: Table 'jianglou.hx_manager_list' doesn't exist
SELECT COUNT(*) AS nc_count FROM `hx_manager_list` WHERE ( isdel = '0' ) ORDER BY id desc LIMIT 1  
[2020-08-12 10:59:22] /manage/modules/organ/index.php?url=manager_list&do=get_xml&pid= ( url=manager_list&do=get_xml ) 
ERR: Db Error: Table 'jianglou.hx_manager_list' doesn't exist
SELECT * FROM `hx_manager_list` WHERE ( isdel = '0' ) ORDER BY id desc LIMIT 0,15  
[2020-08-12 10:59:45] /manage/modules/organ/index.php?url=manager_list&do=get_xml&pid= ( url=manager_list&do=get_xml ) 
ERR: Db Error: Table 'jianglou.hx_manager_list' doesn't exist
SELECT COUNT(*) AS nc_count FROM `hx_manager_list` WHERE ( isdel = '0' ) ORDER BY id desc LIMIT 1  
[2020-08-12 10:59:45] /manage/modules/organ/index.php?url=manager_list&do=get_xml&pid= ( url=manager_list&do=get_xml ) 
ERR: Db Error: Table 'jianglou.hx_manager_list' doesn't exist
SELECT * FROM `hx_manager_list` WHERE ( isdel = '0' ) ORDER BY id desc LIMIT 0,15  
[2020-08-12 11:01:00] /manage/modules/organ/index.php?url=depart_list&do=get_xml&pid= ( url=depart_list&do=get_xml ) 
ERR: Db Error: Unknown column 'pid' in 'where clause'
SELECT COUNT(*) AS nc_count FROM `hx_depart_list` WHERE ( pid = '0' ) AND ( isdel = '0' ) ORDER BY id desc LIMIT 1  
[2020-08-12 11:01:00] /manage/modules/organ/index.php?url=depart_list&do=get_xml&pid= ( url=depart_list&do=get_xml ) 
ERR: Db Error: Unknown column 'pid' in 'where clause'
SELECT * FROM `hx_depart_list` WHERE ( pid = '0' ) AND ( isdel = '0' ) ORDER BY id desc LIMIT 0,15  
[2020-08-12 11:02:25] /manage/modules/organ/index.php?url=depart_list&do=get_xml&pid= ( url=depart_list&do=get_xml ) 
ERR: Db Error: Unknown column 'pid' in 'where clause'
SELECT COUNT(*) AS nc_count FROM `hx_depart_list` WHERE ( pid = '0' ) AND ( isdel = '0' ) ORDER BY id desc LIMIT 1  
[2020-08-12 11:02:25] /manage/modules/organ/index.php?url=depart_list&do=get_xml&pid= ( url=depart_list&do=get_xml ) 
ERR: Db Error: Unknown column 'pid' in 'where clause'
SELECT * FROM `hx_depart_list` WHERE ( pid = '0' ) AND ( isdel = '0' ) ORDER BY id desc LIMIT 0,15  
[2020-08-12 11:02:27] /manage/modules/organ/index.php?url=depart_list&do=get_xml&pid= ( url=depart_list&do=get_xml ) 
ERR: Db Error: Unknown column 'pid' in 'where clause'
SELECT COUNT(*) AS nc_count FROM `hx_depart_list` WHERE ( pid = '0' ) AND ( isdel = '0' ) ORDER BY id desc LIMIT 1  
[2020-08-12 11:02:27] /manage/modules/organ/index.php?url=depart_list&do=get_xml&pid= ( url=depart_list&do=get_xml ) 
ERR: Db Error: Unknown column 'pid' in 'where clause'
SELECT * FROM `hx_depart_list` WHERE ( pid = '0' ) AND ( isdel = '0' ) ORDER BY id desc LIMIT 0,15  
[2020-08-12 11:02:28] /manage/modules/organ/index.php?url=depart_list&do=get_xml&pid= ( url=depart_list&do=get_xml ) 
ERR: Db Error: Unknown column 'pid' in 'where clause'
SELECT COUNT(*) AS nc_count FROM `hx_depart_list` WHERE ( pid = '0' ) AND ( isdel = '0' ) ORDER BY id desc LIMIT 1  
[2020-08-12 11:02:28] /manage/modules/organ/index.php?url=depart_list&do=get_xml&pid= ( url=depart_list&do=get_xml ) 
ERR: Db Error: Unknown column 'pid' in 'where clause'
SELECT * FROM `hx_depart_list` WHERE ( pid = '0' ) AND ( isdel = '0' ) ORDER BY id desc LIMIT 0,15  
[2020-08-12 11:02:28] /manage/modules/organ/index.php?url=depart_list&do=get_xml&pid= ( url=depart_list&do=get_xml ) 
ERR: Db Error: Unknown column 'pid' in 'where clause'
SELECT COUNT(*) AS nc_count FROM `hx_depart_list` WHERE ( pid = '0' ) AND ( isdel = '0' ) ORDER BY id desc LIMIT 1  
[2020-08-12 11:02:28] /manage/modules/organ/index.php?url=depart_list&do=get_xml&pid= ( url=depart_list&do=get_xml ) 
ERR: Db Error: Unknown column 'pid' in 'where clause'
SELECT * FROM `hx_depart_list` WHERE ( pid = '0' ) AND ( isdel = '0' ) ORDER BY id desc LIMIT 0,15  
[2020-08-12 11:02:39] /manage/modules/organ/index.php?url=depart_list&do=get_xml&pid= ( url=depart_list&do=get_xml ) 
ERR: Db Error: Unknown column 'pid' in 'where clause'
SELECT COUNT(*) AS nc_count FROM `hx_depart_list` WHERE ( pid = '0' ) AND ( isdel = '0' ) ORDER BY id desc LIMIT 1  
[2020-08-12 11:02:39] /manage/modules/organ/index.php?url=depart_list&do=get_xml&pid= ( url=depart_list&do=get_xml ) 
ERR: Db Error: Unknown column 'pid' in 'where clause'
SELECT * FROM `hx_depart_list` WHERE ( pid = '0' ) AND ( isdel = '0' ) ORDER BY id desc LIMIT 0,15  
[2020-08-12 11:04:38] /manage/modules/organ/index.php?url=office_list&do=get_xml&pid= ( url=office_list&do=get_xml ) 
ERR: Db Error: Table 'jianglou.hx_office_list' doesn't exist
SELECT COUNT(*) AS nc_count FROM `hx_office_list` WHERE ( isdel = '0' ) ORDER BY rank asc LIMIT 1  
[2020-08-12 11:04:38] /manage/modules/organ/index.php?url=office_list&do=get_xml&pid= ( url=office_list&do=get_xml ) 
ERR: Db Error: Table 'jianglou.hx_office_list' doesn't exist
SELECT * FROM `hx_office_list` WHERE ( isdel = '0' ) ORDER BY rank asc LIMIT 0,15  
[2020-08-12 11:04:40] /manage/modules/organ/index.php?url=manager_list&do=get_xml&pid= ( url=manager_list&do=get_xml ) 
ERR: Db Error: Table 'jianglou.hx_manager_list' doesn't exist
SELECT COUNT(*) AS nc_count FROM `hx_manager_list` WHERE ( isdel = '0' ) ORDER BY id desc LIMIT 1  
[2020-08-12 11:04:40] /manage/modules/organ/index.php?url=manager_list&do=get_xml&pid= ( url=manager_list&do=get_xml ) 
ERR: Db Error: Table 'jianglou.hx_manager_list' doesn't exist
SELECT * FROM `hx_manager_list` WHERE ( isdel = '0' ) ORDER BY id desc LIMIT 0,15  
[2020-08-12 11:06:46] /manage/modules/organ/index.php?url=manager_list&do=get_xml&pid= ( url=manager_list&do=get_xml ) 
ERR: Db Error: Table 'jianglou.hx_manager_list' doesn't exist
SELECT COUNT(*) AS nc_count FROM `hx_manager_list` WHERE ( isdel = '0' ) ORDER BY id desc LIMIT 1  
[2020-08-12 11:06:46] /manage/modules/organ/index.php?url=manager_list&do=get_xml&pid= ( url=manager_list&do=get_xml ) 
ERR: Db Error: Table 'jianglou.hx_manager_list' doesn't exist
SELECT * FROM `hx_manager_list` WHERE ( isdel = '0' ) ORDER BY id desc LIMIT 0,15  
[2020-08-12 11:07:14] /manage/modules/organ/index.php?url=manager_list&do=get_xml&pid= ( url=manager_list&do=get_xml ) 
ERR: Db Error: Table 'jianglou.hx_manager_list' doesn't exist
SELECT COUNT(*) AS nc_count FROM `hx_manager_list` WHERE ( isdel = '0' ) ORDER BY id desc LIMIT 1  
[2020-08-12 11:07:14] /manage/modules/organ/index.php?url=manager_list&do=get_xml&pid= ( url=manager_list&do=get_xml ) 
ERR: Db Error: Table 'jianglou.hx_manager_list' doesn't exist
SELECT * FROM `hx_manager_list` WHERE ( isdel = '0' ) ORDER BY id desc LIMIT 0,15  
[2020-08-12 11:07:17] /manage/modules/organ/index.php?url=manager_list&do=get_xml&pid= ( url=manager_list&do=get_xml ) 
ERR: Db Error: Table 'jianglou.hx_manager_list' doesn't exist
SELECT COUNT(*) AS nc_count FROM `hx_manager_list` WHERE ( isdel = '0' ) ORDER BY id desc LIMIT 1  
[2020-08-12 11:07:17] /manage/modules/organ/index.php?url=manager_list&do=get_xml&pid= ( url=manager_list&do=get_xml ) 
ERR: Db Error: Table 'jianglou.hx_manager_list' doesn't exist
SELECT * FROM `hx_manager_list` WHERE ( isdel = '0' ) ORDER BY id desc LIMIT 0,15  
[2020-08-12 11:07:55] /manage/modules/organ/index.php?url=manager_list&do=get_xml&pid= ( url=manager_list&do=get_xml ) 
ERR: Db Error: Table 'jianglou.hx_manager_list' doesn't exist
SELECT COUNT(*) AS nc_count FROM `hx_manager_list` WHERE ( isdel = '0' ) ORDER BY id desc LIMIT 1  
[2020-08-12 11:07:55] /manage/modules/organ/index.php?url=manager_list&do=get_xml&pid= ( url=manager_list&do=get_xml ) 
ERR: Db Error: Table 'jianglou.hx_manager_list' doesn't exist
SELECT * FROM `hx_manager_list` WHERE ( isdel = '0' ) ORDER BY id desc LIMIT 0,15  
[2020-08-12 11:50:29] /manage/modules/organ/index.php?url=depart_list&do=add ( url=depart_list&do=add ) 
ERR: Db Error: Unknown column 'pid' in 'field list'
INSERT  INTO `hx_depart_list` (pid,rank,title,pic,status,edittime) VALUES ('0','2','综合部','/data/upload/article/20200812/5720004.jpg','1','1597204229')
[2020-08-12 11:50:47] /manage/modules/organ/index.php?url=depart_list&do=add ( url=depart_list&do=add ) 
ERR: Db Error: Unknown column 'pid' in 'field list'
INSERT  INTO `hx_depart_list` (pid,rank,title,pic,status,edittime) VALUES ('0','2','综合部','/data/upload/article/20200812/4237293.jpg','1','1597204247')
[2020-08-12 11:56:35] /manage/modules/organ/index.php?url=office_list&do=get_xml&pid= ( url=office_list&do=get_xml ) 
ERR: Db Error: Table 'jianglou.hx_office_list' doesn't exist
SELECT COUNT(*) AS nc_count FROM `hx_office_list` WHERE ( isdel = '0' ) ORDER BY rank asc LIMIT 1  
[2020-08-12 11:56:35] /manage/modules/organ/index.php?url=office_list&do=get_xml&pid= ( url=office_list&do=get_xml ) 
ERR: Db Error: Table 'jianglou.hx_office_list' doesn't exist
SELECT * FROM `hx_office_list` WHERE ( isdel = '0' ) ORDER BY rank asc LIMIT 0,15  
[2020-08-12 13:32:33] /index.php?url=index&do=index& ( url=index&do=index ) 
ERR: Db Error: Table 'jianglou.hx_Array' doesn't exist
SELECT * FROM hx_Array where pid=11 and status=1 and isdel=0 ORDER by rank asc 
[2020-08-12 13:32:33] /index.php?url=index&do=index& ( url=index&do=index ) 
ERR: Db Error: Table 'jianglou.hx_Array' doesn't exist
SELECT * FROM hx_Array where pid=12 and status=1 and isdel=0 ORDER by rank asc 
[2020-08-12 13:32:33] /index.php?url=index&do=index& ( url=index&do=index ) 
ERR: Db Error: Table 'jianglou.hx_Array' doesn't exist
SELECT * FROM hx_Array where pid=13 and status=1 and isdel=0 ORDER by rank asc 
[2020-08-12 13:32:33] /index.php?url=index&do=index& ( url=index&do=index ) 
ERR: Db Error: Table 'jianglou.hx_Array' doesn't exist
SELECT * FROM hx_Array where pid=14 and status=1 and isdel=0 ORDER by rank asc 
[2020-08-12 13:32:33] /index.php?url=index&do=index& ( url=index&do=index ) 
ERR: Db Error: Table 'jianglou.hx_Array' doesn't exist
SELECT * FROM hx_Array where pid=15 and status=1 and isdel=0 ORDER by rank asc 
[2020-08-12 13:32:33] /index.php?url=index&do=index& ( url=index&do=index ) 
ERR: Db Error: Table 'jianglou.hx_Array' doesn't exist
SELECT * FROM hx_Array where pid=16 and status=1 and isdel=0 ORDER by rank asc 
[2020-08-12 13:32:33] /index.php?url=index&do=index& ( url=index&do=index ) 
ERR: Db Error: Table 'jianglou.hx_Array' doesn't exist
SELECT * FROM hx_Array where pid=17 and status=1 and isdel=0 ORDER by rank asc 
[2020-08-12 13:32:59] /index.php?url=index&do=index& ( url=index&do=index ) 
ERR: Db Error: Table 'jianglou.hx_Array' doesn't exist
SELECT * FROM hx_Array where pid=11 and status=1 and isdel=0 ORDER by rank asc 
[2020-08-12 13:32:59] /index.php?url=index&do=index& ( url=index&do=index ) 
ERR: Db Error: Table 'jianglou.hx_Array' doesn't exist
SELECT * FROM hx_Array where pid=12 and status=1 and isdel=0 ORDER by rank asc 
[2020-08-12 13:32:59] /index.php?url=index&do=index& ( url=index&do=index ) 
ERR: Db Error: Table 'jianglou.hx_Array' doesn't exist
SELECT * FROM hx_Array where pid=13 and status=1 and isdel=0 ORDER by rank asc 
[2020-08-12 13:32:59] /index.php?url=index&do=index& ( url=index&do=index ) 
ERR: Db Error: Table 'jianglou.hx_Array' doesn't exist
SELECT * FROM hx_Array where pid=14 and status=1 and isdel=0 ORDER by rank asc 
[2020-08-12 13:32:59] /index.php?url=index&do=index& ( url=index&do=index ) 
ERR: Db Error: Table 'jianglou.hx_Array' doesn't exist
SELECT * FROM hx_Array where pid=15 and status=1 and isdel=0 ORDER by rank asc 
[2020-08-12 13:32:59] /index.php?url=index&do=index& ( url=index&do=index ) 
ERR: Db Error: Table 'jianglou.hx_Array' doesn't exist
SELECT * FROM hx_Array where pid=16 and status=1 and isdel=0 ORDER by rank asc 
[2020-08-12 13:32:59] /index.php?url=index&do=index& ( url=index&do=index ) 
ERR: Db Error: Table 'jianglou.hx_Array' doesn't exist
SELECT * FROM hx_Array where pid=17 and status=1 and isdel=0 ORDER by rank asc 
[2020-08-12 13:33:26] /index.php?url=index&do=index& ( url=index&do=index ) 
ERR: Db Error: Table 'jianglou.hx_Array' doesn't exist
SELECT * FROM hx_Array where pid=11 and status=1 and isdel=0 ORDER by rank asc 
[2020-08-12 13:33:26] /index.php?url=index&do=index& ( url=index&do=index ) 
ERR: Db Error: Table 'jianglou.hx_Array' doesn't exist
SELECT * FROM hx_Array where pid=12 and status=1 and isdel=0 ORDER by rank asc 
[2020-08-12 13:33:26] /index.php?url=index&do=index& ( url=index&do=index ) 
ERR: Db Error: Table 'jianglou.hx_Array' doesn't exist
SELECT * FROM hx_Array where pid=13 and status=1 and isdel=0 ORDER by rank asc 
[2020-08-12 13:33:26] /index.php?url=index&do=index& ( url=index&do=index ) 
ERR: Db Error: Table 'jianglou.hx_Array' doesn't exist
SELECT * FROM hx_Array where pid=14 and status=1 and isdel=0 ORDER by rank asc 
[2020-08-12 13:33:26] /index.php?url=index&do=index& ( url=index&do=index ) 
ERR: Db Error: Table 'jianglou.hx_Array' doesn't exist
SELECT * FROM hx_Array where pid=15 and status=1 and isdel=0 ORDER by rank asc 
[2020-08-12 13:33:26] /index.php?url=index&do=index& ( url=index&do=index ) 
ERR: Db Error: Table 'jianglou.hx_Array' doesn't exist
SELECT * FROM hx_Array where pid=16 and status=1 and isdel=0 ORDER by rank asc 
[2020-08-12 13:33:26] /index.php?url=index&do=index& ( url=index&do=index ) 
ERR: Db Error: Table 'jianglou.hx_Array' doesn't exist
SELECT * FROM hx_Array where pid=17 and status=1 and isdel=0 ORDER by rank asc 
[2020-08-12 13:58:43] /manage/modules/organ/index.php?url=office_list&do=get_xml&pid= ( url=office_list&do=get_xml ) 
ERR: Db Error: Table 'jianglou.hx_office_list' doesn't exist
SELECT COUNT(*) AS nc_count FROM `hx_office_list` WHERE ( isdel = '0' ) ORDER BY rank asc LIMIT 1  
[2020-08-12 13:58:43] /manage/modules/organ/index.php?url=office_list&do=get_xml&pid= ( url=office_list&do=get_xml ) 
ERR: Db Error: Table 'jianglou.hx_office_list' doesn't exist
SELECT * FROM `hx_office_list` WHERE ( isdel = '0' ) ORDER BY rank asc LIMIT 0,15  
[2020-08-12 14:00:32] /manage/modules/organ/index.php?url=office_list&do=get_xml&pid= ( url=office_list&do=get_xml ) 
ERR: Db Error: Table 'jianglou.hx_office_list' doesn't exist
SELECT COUNT(*) AS nc_count FROM `hx_office_list` WHERE ( isdel = '0' ) ORDER BY rank asc LIMIT 1  
[2020-08-12 14:00:32] /manage/modules/organ/index.php?url=office_list&do=get_xml&pid= ( url=office_list&do=get_xml ) 
ERR: Db Error: Table 'jianglou.hx_office_list' doesn't exist
SELECT * FROM `hx_office_list` WHERE ( isdel = '0' ) ORDER BY rank asc LIMIT 0,15  
[2020-08-12 14:01:01] /manage/modules/organ/index.php?url=office_list&do=get_xml&pid= ( url=office_list&do=get_xml ) 
ERR: Db Error: Table 'jianglou.hx_office_list' doesn't exist
SELECT COUNT(*) AS nc_count FROM `hx_office_list` WHERE ( isdel = '0' ) ORDER BY rank asc LIMIT 1  
[2020-08-12 14:01:01] /manage/modules/organ/index.php?url=office_list&do=get_xml&pid= ( url=office_list&do=get_xml ) 
ERR: Db Error: Table 'jianglou.hx_office_list' doesn't exist
SELECT * FROM `hx_office_list` WHERE ( isdel = '0' ) ORDER BY rank asc LIMIT 0,15  
[2020-08-12 14:01:03] /manage/modules/organ/index.php?url=office_list&do=get_xml&pid= ( url=office_list&do=get_xml ) 
ERR: Db Error: Table 'jianglou.hx_office_list' doesn't exist
SELECT COUNT(*) AS nc_count FROM `hx_office_list` WHERE ( isdel = '0' ) ORDER BY rank asc LIMIT 1  
[2020-08-12 14:01:03] /manage/modules/organ/index.php?url=office_list&do=get_xml&pid= ( url=office_list&do=get_xml ) 
ERR: Db Error: Table 'jianglou.hx_office_list' doesn't exist
SELECT * FROM `hx_office_list` WHERE ( isdel = '0' ) ORDER BY rank asc LIMIT 0,15  
[2020-08-12 14:02:44] /manage/modules/organ/index.php?url=office_list&do=get_xml&pid= ( url=office_list&do=get_xml ) 
ERR: Db Error: Table 'jianglou.hx_office_list' doesn't exist
SELECT COUNT(*) AS nc_count FROM `hx_office_list` WHERE ( isdel = '0' ) ORDER BY rank asc LIMIT 1  
[2020-08-12 14:02:44] /manage/modules/organ/index.php?url=office_list&do=get_xml&pid= ( url=office_list&do=get_xml ) 
ERR: Db Error: Table 'jianglou.hx_office_list' doesn't exist
SELECT * FROM `hx_office_list` WHERE ( isdel = '0' ) ORDER BY rank asc LIMIT 0,15  
[2020-08-12 14:05:41] /manage/modules/organ/index.php?url=office_list&do=get_xml&pid= ( url=office_list&do=get_xml ) 
ERR: Db Error: Table 'jianglou.hx_office_list' doesn't exist
SELECT COUNT(*) AS nc_count FROM `hx_office_list` WHERE ( isdel = '0' ) ORDER BY rank asc LIMIT 1  
[2020-08-12 14:05:41] /manage/modules/organ/index.php?url=office_list&do=get_xml&pid= ( url=office_list&do=get_xml ) 
ERR: Db Error: Table 'jianglou.hx_office_list' doesn't exist
SELECT * FROM `hx_office_list` WHERE ( isdel = '0' ) ORDER BY rank asc LIMIT 0,15  
[2020-08-12 14:05:44] /manage/modules/organ/index.php?url=office_list&do=add ( url=office_list&do=add ) 
ERR: Db Error: Unknown column 'pid' in 'where clause'
SELECT * FROM hx_depart_list where pid=0 and isdel=0 ORDER by rank asc 
[2020-08-12 14:06:54] /manage/modules/organ/index.php?url=office_list&do=add ( url=office_list&do=add ) 
ERR: Db Error: Unknown column 'pid' in 'where clause'
SELECT * FROM hx_depart_list where pid=0 and isdel=0 ORDER by rank asc 
[2020-08-12 14:08:29] /manage/modules/organ/index.php?url=office_list&do=get_xml&pid= ( url=office_list&do=get_xml ) 
ERR: Db Error: Table 'jianglou.hx_office_list' doesn't exist
SELECT COUNT(*) AS nc_count FROM `hx_office_list` WHERE ( isdel = '0' ) ORDER BY rank asc LIMIT 1  
[2020-08-12 14:08:29] /manage/modules/organ/index.php?url=office_list&do=get_xml&pid= ( url=office_list&do=get_xml ) 
ERR: Db Error: Table 'jianglou.hx_office_list' doesn't exist
SELECT * FROM `hx_office_list` WHERE ( isdel = '0' ) ORDER BY rank asc LIMIT 0,15  
[2020-08-12 14:08:53] /manage/modules/organ/index.php?url=office_list&do=get_xml&pid= ( url=office_list&do=get_xml ) 
ERR: Db Error: Table 'jianglou.hx_office_list' doesn't exist
SELECT COUNT(*) AS nc_count FROM `hx_office_list` WHERE ( isdel = '0' ) ORDER BY rank asc LIMIT 1  
[2020-08-12 14:08:53] /manage/modules/organ/index.php?url=office_list&do=get_xml&pid= ( url=office_list&do=get_xml ) 
ERR: Db Error: Table 'jianglou.hx_office_list' doesn't exist
SELECT * FROM `hx_office_list` WHERE ( isdel = '0' ) ORDER BY rank asc LIMIT 0,15  
[2020-08-12 14:09:59] /manage/modules/organ/index.php?url=office_list&do=get_xml&pid= ( url=office_list&do=get_xml ) 
ERR: Db Error: Table 'jianglou.hx_office_list' doesn't exist
SELECT COUNT(*) AS nc_count FROM `hx_office_list` WHERE ( isdel = '0' ) ORDER BY rank asc LIMIT 1  
[2020-08-12 14:09:59] /manage/modules/organ/index.php?url=office_list&do=get_xml&pid= ( url=office_list&do=get_xml ) 
ERR: Db Error: Table 'jianglou.hx_office_list' doesn't exist
SELECT * FROM `hx_office_list` WHERE ( isdel = '0' ) ORDER BY rank asc LIMIT 0,15  
[2020-08-12 14:12:38] /manage/modules/organ/index.php?url=office_list&do=add ( url=office_list&do=add ) 
ERR: Db Error: Unknown column 'shorttile' in 'field list'
INSERT  INTO `hx_office_list` (pid,rank,title,shorttile,intro,content,pic,url,addtime,mid,edittime,editor,status,isreview,revtime,clicks,ip) VALUES ('1','0','党支部','','党支部简介','','/data/upload/article/20200812/7592755.jpg','','1597212758','1','1597212758','1','1','1','1597212758','0','222.90.196.194')
[2020-08-12 14:16:45] /manage/modules/organ/index.php?url=manager_list&do=get_xml&pid= ( url=manager_list&do=get_xml ) 
ERR: Db Error: Table 'jianglou.hx_manager_list' doesn't exist
SELECT COUNT(*) AS nc_count FROM `hx_manager_list` WHERE ( isdel = '0' ) ORDER BY id desc LIMIT 1  
[2020-08-12 14:16:45] /manage/modules/organ/index.php?url=manager_list&do=get_xml&pid= ( url=manager_list&do=get_xml ) 
ERR: Db Error: Table 'jianglou.hx_manager_list' doesn't exist
SELECT * FROM `hx_manager_list` WHERE ( isdel = '0' ) ORDER BY id desc LIMIT 0,15  
[2020-08-12 14:18:02] /index.php?url=index&do=index& ( url=index&do=index ) 
ERR: Db Error: Table 'jianglou.hx_Array' doesn't exist
SELECT * FROM hx_Array where pid=11 and status=1 and isdel=0 ORDER by rank asc 
[2020-08-12 14:18:02] /index.php?url=index&do=index& ( url=index&do=index ) 
ERR: Db Error: Table 'jianglou.hx_Array' doesn't exist
SELECT * FROM hx_Array where pid=12 and status=1 and isdel=0 ORDER by rank asc 
[2020-08-12 14:18:02] /index.php?url=index&do=index& ( url=index&do=index ) 
ERR: Db Error: Table 'jianglou.hx_Array' doesn't exist
SELECT * FROM hx_Array where pid=13 and status=1 and isdel=0 ORDER by rank asc 
[2020-08-12 14:18:02] /index.php?url=index&do=index& ( url=index&do=index ) 
ERR: Db Error: Table 'jianglou.hx_Array' doesn't exist
SELECT * FROM hx_Array where pid=14 and status=1 and isdel=0 ORDER by rank asc 
[2020-08-12 14:18:02] /index.php?url=index&do=index& ( url=index&do=index ) 
ERR: Db Error: Table 'jianglou.hx_Array' doesn't exist
SELECT * FROM hx_Array where pid=15 and status=1 and isdel=0 ORDER by rank asc 
[2020-08-12 14:18:02] /index.php?url=index&do=index& ( url=index&do=index ) 
ERR: Db Error: Table 'jianglou.hx_Array' doesn't exist
SELECT * FROM hx_Array where pid=16 and status=1 and isdel=0 ORDER by rank asc 
[2020-08-12 14:18:02] /index.php?url=index&do=index& ( url=index&do=index ) 
ERR: Db Error: Table 'jianglou.hx_Array' doesn't exist
SELECT * FROM hx_Array where pid=17 and status=1 and isdel=0 ORDER by rank asc 
[2020-08-12 14:18:16] /manage/modules/organ/index.php?url=office_list&do=add ( url=office_list&do=add ) 
ERR: Db Error: Unknown column 'isreview' in 'field list'
INSERT  INTO `hx_office_list` (pid,rank,title,intro,pic,url,addtime,mid,edittime,editor,status,isreview,revtime,ip) VALUES ('1','0','政治部1','政治部1','/data/upload/article/20200812/9817168.jpg','','1597213096','1','1597213096','1','1','1','1597213096','222.90.196.194')
[2020-08-12 14:34:45] /manage/modules/organ/index.php?url=manager_list&do=get_xml&pid= ( url=manager_list&do=get_xml ) 
ERR: Db Error: Table 'jianglou.hx_manager_list' doesn't exist
SELECT COUNT(*) AS nc_count FROM `hx_manager_list` WHERE ( isdel = '0' ) ORDER BY id desc LIMIT 1  
[2020-08-12 14:34:45] /manage/modules/organ/index.php?url=manager_list&do=get_xml&pid= ( url=manager_list&do=get_xml ) 
ERR: Db Error: Table 'jianglou.hx_manager_list' doesn't exist
SELECT * FROM `hx_manager_list` WHERE ( isdel = '0' ) ORDER BY id desc LIMIT 0,15  
[2020-08-12 14:34:53] /manage/modules/organ/index.php?url=manager_list&do=get_xml&pid= ( url=manager_list&do=get_xml ) 
ERR: Db Error: Table 'jianglou.hx_manager_list' doesn't exist
SELECT COUNT(*) AS nc_count FROM `hx_manager_list` WHERE ( isdel = '0' ) ORDER BY id desc LIMIT 1  
[2020-08-12 14:34:53] /manage/modules/organ/index.php?url=manager_list&do=get_xml&pid= ( url=manager_list&do=get_xml ) 
ERR: Db Error: Table 'jianglou.hx_manager_list' doesn't exist
SELECT * FROM `hx_manager_list` WHERE ( isdel = '0' ) ORDER BY id desc LIMIT 0,15  
[2020-08-12 14:36:45] /manage/modules/organ/index.php?url=manager_list&do=get_xml&pid= ( url=manager_list&do=get_xml ) 
ERR: Db Error: Table 'jianglou.hx_manager_list' doesn't exist
SELECT COUNT(*) AS nc_count FROM `hx_manager_list` WHERE ( isdel = '0' ) ORDER BY id desc LIMIT 1  
[2020-08-12 14:36:45] /manage/modules/organ/index.php?url=manager_list&do=get_xml&pid= ( url=manager_list&do=get_xml ) 
ERR: Db Error: Table 'jianglou.hx_manager_list' doesn't exist
SELECT * FROM `hx_manager_list` WHERE ( isdel = '0' ) ORDER BY id desc LIMIT 0,15  
[2020-08-12 14:36:53] /manage/modules/organ/index.php?url=manager_list&do=get_xml&pid= ( url=manager_list&do=get_xml ) 
ERR: Db Error: Table 'jianglou.hx_manager_list' doesn't exist
SELECT COUNT(*) AS nc_count FROM `hx_manager_list` WHERE ( isdel = '0' ) ORDER BY id desc LIMIT 1  
[2020-08-12 14:36:53] /manage/modules/organ/index.php?url=manager_list&do=get_xml&pid= ( url=manager_list&do=get_xml ) 
ERR: Db Error: Table 'jianglou.hx_manager_list' doesn't exist
SELECT * FROM `hx_manager_list` WHERE ( isdel = '0' ) ORDER BY id desc LIMIT 0,15  
[2020-08-12 14:38:34] /manage/modules/organ/index.php?url=manager_list&do=get_xml&pid= ( url=manager_list&do=get_xml ) 
ERR: Db Error: Table 'jianglou.hx_manager_list' doesn't exist
SELECT COUNT(*) AS nc_count FROM `hx_manager_list` WHERE ( isdel = '0' ) ORDER BY id desc LIMIT 1  
[2020-08-12 14:38:34] /manage/modules/organ/index.php?url=manager_list&do=get_xml&pid= ( url=manager_list&do=get_xml ) 
ERR: Db Error: Table 'jianglou.hx_manager_list' doesn't exist
SELECT * FROM `hx_manager_list` WHERE ( isdel = '0' ) ORDER BY id desc LIMIT 0,15  
[2020-08-12 14:38:49] /manage/modules/organ/index.php?url=manager_list&do=get_xml&pid= ( url=manager_list&do=get_xml ) 
ERR: Db Error: Table 'jianglou.hx_manager_list' doesn't exist
SELECT COUNT(*) AS nc_count FROM `hx_manager_list` WHERE ( isdel = '0' ) ORDER BY id desc LIMIT 1  
[2020-08-12 14:38:49] /manage/modules/organ/index.php?url=manager_list&do=get_xml&pid= ( url=manager_list&do=get_xml ) 
ERR: Db Error: Table 'jianglou.hx_manager_list' doesn't exist
SELECT * FROM `hx_manager_list` WHERE ( isdel = '0' ) ORDER BY id desc LIMIT 0,15  
[2020-08-12 14:47:15] /manage/modules/organ/index.php?url=manager_list&do=get_xml&pid= ( url=manager_list&do=get_xml ) 
ERR: Db Error: Table 'jianglou.hx_manager_list' doesn't exist
SELECT COUNT(*) AS nc_count FROM `hx_manager_list` WHERE ( isdel = '0' ) ORDER BY id desc LIMIT 1  
[2020-08-12 14:47:15] /manage/modules/organ/index.php?url=manager_list&do=get_xml&pid= ( url=manager_list&do=get_xml ) 
ERR: Db Error: Table 'jianglou.hx_manager_list' doesn't exist
SELECT * FROM `hx_manager_list` WHERE ( isdel = '0' ) ORDER BY id desc LIMIT 0,15  
[2020-08-12 14:47:18] /manage/modules/organ/index.php?url=manager_list&do=add ( url=manager_list&do=add ) 
ERR: Db Error: Table 'jianglou.hx_office' doesn't exist
SELECT * FROM `hx_office` WHERE status=1 and value="office" LIMIT 1  
[2020-08-12 14:47:18] /manage/modules/organ/index.php?url=manager_list&do=add ( url=manager_list&do=add ) 
ERR: Db Error: Table 'jianglou.hx_office' doesn't exist
SELECT * FROM `hx_office` WHERE status=1 ORDER BY rank asc LIMIT 1000  
[2020-08-12 14:48:15] /manage/modules/organ/index.php?url=manager_list&do=get_xml&pid= ( url=manager_list&do=get_xml ) 
ERR: Db Error: Table 'jianglou.hx_manager_list' doesn't exist
SELECT COUNT(*) AS nc_count FROM `hx_manager_list` WHERE ( isdel = '0' ) ORDER BY id desc LIMIT 1  
[2020-08-12 14:48:15] /manage/modules/organ/index.php?url=manager_list&do=get_xml&pid= ( url=manager_list&do=get_xml ) 
ERR: Db Error: Table 'jianglou.hx_manager_list' doesn't exist
SELECT * FROM `hx_manager_list` WHERE ( isdel = '0' ) ORDER BY id desc LIMIT 0,15  
[2020-08-12 14:48:16] /manage/modules/organ/index.php?url=manager_list&do=add ( url=manager_list&do=add ) 
ERR: Db Error: Unknown column 'value' in 'where clause'
SELECT * FROM `hx_office_list` WHERE status=1 and value="office" LIMIT 1  
[2020-08-12 14:52:47] /manage/modules/organ/index.php?url=manager_list&do=get_xml&pid= ( url=manager_list&do=get_xml ) 
ERR: Db Error: Table 'jianglou.hx_manager_list' doesn't exist
SELECT COUNT(*) AS nc_count FROM `hx_manager_list` WHERE ( isdel = '0' ) ORDER BY id desc LIMIT 1  
[2020-08-12 14:52:47] /manage/modules/organ/index.php?url=manager_list&do=get_xml&pid= ( url=manager_list&do=get_xml ) 
ERR: Db Error: Table 'jianglou.hx_manager_list' doesn't exist
SELECT * FROM `hx_manager_list` WHERE ( isdel = '0' ) ORDER BY id desc LIMIT 0,15  
[2020-08-12 14:52:48] /manage/modules/organ/index.php?url=manager_list&do=add ( url=manager_list&do=add ) 
ERR: Db Error: Unknown column 'value' in 'where clause'
SELECT * FROM `hx_office_list` WHERE status=1 and value="office" LIMIT 1  
[2020-08-12 14:53:48] /manage/modules/organ/index.php?url=manager_list&do=add ( url=manager_list&do=add ) 
ERR: Db Error: Unknown column 'value' in 'where clause'
SELECT * FROM `hx_office_list` WHERE status=1 and value="office" LIMIT 1  
[2020-08-12 14:54:58] /manage/modules/organ/index.php?url=manager_list&do=get_xml&pid= ( url=manager_list&do=get_xml ) 
ERR: Db Error: Table 'jianglou.hx_manager_list' doesn't exist
SELECT COUNT(*) AS nc_count FROM `hx_manager_list` WHERE ( isdel = '0' ) ORDER BY id desc LIMIT 1  
[2020-08-12 14:54:58] /manage/modules/organ/index.php?url=manager_list&do=get_xml&pid= ( url=manager_list&do=get_xml ) 
ERR: Db Error: Table 'jianglou.hx_manager_list' doesn't exist
SELECT * FROM `hx_manager_list` WHERE ( isdel = '0' ) ORDER BY id desc LIMIT 0,15  
[2020-08-12 14:56:07] /manage/modules/organ/index.php?url=manager_list&do=get_xml&pid= ( url=manager_list&do=get_xml ) 
ERR: Db Error: Table 'jianglou.hx_manager_list' doesn't exist
SELECT COUNT(*) AS nc_count FROM `hx_manager_list` WHERE ( isdel = '0' ) ORDER BY id desc LIMIT 1  
[2020-08-12 14:56:07] /manage/modules/organ/index.php?url=manager_list&do=get_xml&pid= ( url=manager_list&do=get_xml ) 
ERR: Db Error: Table 'jianglou.hx_manager_list' doesn't exist
SELECT * FROM `hx_manager_list` WHERE ( isdel = '0' ) ORDER BY id desc LIMIT 0,15  
[2020-08-12 14:56:12] /manage/modules/organ/index.php?url=manager_list&do=add ( url=manager_list&do=add ) 
ERR: Db Error: Unknown column 'value' in 'where clause'
SELECT * FROM `hx_office_list` WHERE status=1 and value="office" LIMIT 1  
[2020-08-12 14:58:51] /manage/modules/organ/index.php?url=manager_list&do=add ( url=manager_list&do=add ) 
ERR: Db Error: Unknown column 'value' in 'where clause'
SELECT * FROM `hx_office_list` WHERE status=1 and value="office" LIMIT 1  
[2020-08-12 15:00:22] /manage/modules/organ/index.php?url=depart_list&do=edit&id=2 ( url=depart_list&do=edit ) 
ERR: Db Error: Unknown column 'pid' in 'field list'
UPDATE `hx_depart_list` SET pid='0',rank='2',title='综合部1',en_title='',templist='0',pic='/data/upload/article/20200812/7699011.jpg',edittime='1597215622' WHERE ( id = '2' )
[2020-08-12 15:00:24] /manage/modules/organ/index.php?url=manager_list&do=add ( url=manager_list&do=add ) 
ERR: Db Error: Unknown column 'value' in 'where clause'
SELECT * FROM `hx_office_list` WHERE status=1 and value="office" LIMIT 1  
[2020-08-12 15:01:34] /manage/modules/organ/index.php?url=depart_list&do=edit&id=2 ( url=depart_list&do=edit ) 
ERR: Db Error: Unknown column 'pid' in 'field list'
UPDATE `hx_depart_list` SET pid='0',rank='2',title='综合部1111',pic='/data/upload/article/20200812/7699011.jpg',edittime='1597215694' WHERE ( id = '2' )
[2020-08-12 15:09:34] /manage/modules/organ/index.php?url=manager_list&do=get_xml&pid= ( url=manager_list&do=get_xml ) 
ERR: Db Error: Table 'jianglou.hx_manager_list' doesn't exist
SELECT COUNT(*) AS nc_count FROM `hx_manager_list` WHERE ( isdel = '0' ) ORDER BY id desc LIMIT 1  
[2020-08-12 15:09:34] /manage/modules/organ/index.php?url=manager_list&do=get_xml&pid= ( url=manager_list&do=get_xml ) 
ERR: Db Error: Table 'jianglou.hx_manager_list' doesn't exist
SELECT * FROM `hx_manager_list` WHERE ( isdel = '0' ) ORDER BY id desc LIMIT 0,15  
[2020-08-12 15:09:36] /manage/modules/organ/index.php?url=manager_list&do=add ( url=manager_list&do=add ) 
ERR: Db Error: Unknown column 'value' in 'where clause'
SELECT * FROM `hx_office_list` WHERE status=1 and value="office" LIMIT 1  
[2020-08-12 15:12:51] /manage/modules/organ/index.php?url=manager_list&do=get_xml&pid= ( url=manager_list&do=get_xml ) 
ERR: Db Error: Table 'jianglou.hx_manager_list' doesn't exist
SELECT COUNT(*) AS nc_count FROM `hx_manager_list` WHERE ( isdel = '0' ) ORDER BY id desc LIMIT 1  
[2020-08-12 15:12:51] /manage/modules/organ/index.php?url=manager_list&do=get_xml&pid= ( url=manager_list&do=get_xml ) 
ERR: Db Error: Table 'jianglou.hx_manager_list' doesn't exist
SELECT * FROM `hx_manager_list` WHERE ( isdel = '0' ) ORDER BY id desc LIMIT 0,15  
[2020-08-12 15:12:53] /manage/modules/organ/index.php?url=manager_list&do=add ( url=manager_list&do=add ) 
ERR: Db Error: Unknown column 'value' in 'where clause'
SELECT * FROM `hx_office_list` WHERE status=1 and value="office" LIMIT 1  
[2020-08-12 15:13:33] /manage/modules/organ/index.php?url=manager_list&do=get_xml&pid= ( url=manager_list&do=get_xml ) 
ERR: Db Error: Table 'jianglou.hx_manager_list' doesn't exist
SELECT COUNT(*) AS nc_count FROM `hx_manager_list` WHERE ( isdel = '0' ) ORDER BY id desc LIMIT 1  
[2020-08-12 15:13:33] /manage/modules/organ/index.php?url=manager_list&do=get_xml&pid= ( url=manager_list&do=get_xml ) 
ERR: Db Error: Table 'jianglou.hx_manager_list' doesn't exist
SELECT * FROM `hx_manager_list` WHERE ( isdel = '0' ) ORDER BY id desc LIMIT 0,15  
[2020-08-12 15:13:35] /manage/modules/organ/index.php?url=manager_list&do=add ( url=manager_list&do=add ) 
ERR: Db Error: Unknown column 'value' in 'where clause'
SELECT * FROM `hx_office_list` WHERE status=1 and value="office" LIMIT 1  
[2020-08-12 15:15:01] /manage/modules/organ/index.php?url=manager_list&do=get_xml&pid= ( url=manager_list&do=get_xml ) 
ERR: Db Error: Table 'jianglou.hx_manager_list' doesn't exist
SELECT COUNT(*) AS nc_count FROM `hx_manager_list` WHERE ( isdel = '0' ) ORDER BY id desc LIMIT 1  
[2020-08-12 15:15:01] /manage/modules/organ/index.php?url=manager_list&do=get_xml&pid= ( url=manager_list&do=get_xml ) 
ERR: Db Error: Table 'jianglou.hx_manager_list' doesn't exist
SELECT * FROM `hx_manager_list` WHERE ( isdel = '0' ) ORDER BY id desc LIMIT 0,15  
[2020-08-12 15:15:03] /manage/modules/organ/index.php?url=manager_list&do=add ( url=manager_list&do=add ) 
ERR: Db Error: Unknown column 'value' in 'where clause'
SELECT * FROM `hx_office_list` WHERE status=1 and value="office" LIMIT 1  
[2020-08-12 15:15:27] /manage/modules/organ/index.php?url=manager_list&do=get_xml&pid= ( url=manager_list&do=get_xml ) 
ERR: Db Error: Table 'jianglou.hx_manager_list' doesn't exist
SELECT COUNT(*) AS nc_count FROM `hx_manager_list` WHERE ( isdel = '0' ) ORDER BY id desc LIMIT 1  
[2020-08-12 15:15:27] /manage/modules/organ/index.php?url=manager_list&do=get_xml&pid= ( url=manager_list&do=get_xml ) 
ERR: Db Error: Table 'jianglou.hx_manager_list' doesn't exist
SELECT * FROM `hx_manager_list` WHERE ( isdel = '0' ) ORDER BY id desc LIMIT 0,15  
[2020-08-12 15:15:28] /manage/modules/organ/index.php?url=manager_list&do=add ( url=manager_list&do=add ) 
ERR: Db Error: Unknown column 'value' in 'where clause'
SELECT * FROM `hx_office_list` WHERE status=1 and value="office" LIMIT 1  
[2020-08-12 15:19:38] /index.php?url=index&do=index& ( url=index&do=index ) 
ERR: Db Error: Table 'jianglou.hx_Array' doesn't exist
SELECT * FROM hx_Array where pid=11 and status=1 and isdel=0 ORDER by rank asc 
[2020-08-12 15:19:38] /index.php?url=index&do=index& ( url=index&do=index ) 
ERR: Db Error: Table 'jianglou.hx_Array' doesn't exist
SELECT * FROM hx_Array where pid=12 and status=1 and isdel=0 ORDER by rank asc 
[2020-08-12 15:19:38] /index.php?url=index&do=index& ( url=index&do=index ) 
ERR: Db Error: Table 'jianglou.hx_Array' doesn't exist
SELECT * FROM hx_Array where pid=13 and status=1 and isdel=0 ORDER by rank asc 
[2020-08-12 15:19:38] /index.php?url=index&do=index& ( url=index&do=index ) 
ERR: Db Error: Table 'jianglou.hx_Array' doesn't exist
SELECT * FROM hx_Array where pid=14 and status=1 and isdel=0 ORDER by rank asc 
[2020-08-12 15:19:38] /index.php?url=index&do=index& ( url=index&do=index ) 
ERR: Db Error: Table 'jianglou.hx_Array' doesn't exist
SELECT * FROM hx_Array where pid=15 and status=1 and isdel=0 ORDER by rank asc 
[2020-08-12 15:19:38] /index.php?url=index&do=index& ( url=index&do=index ) 
ERR: Db Error: Table 'jianglou.hx_Array' doesn't exist
SELECT * FROM hx_Array where pid=16 and status=1 and isdel=0 ORDER by rank asc 
[2020-08-12 15:19:38] /index.php?url=index&do=index& ( url=index&do=index ) 
ERR: Db Error: Table 'jianglou.hx_Array' doesn't exist
SELECT * FROM hx_Array where pid=17 and status=1 and isdel=0 ORDER by rank asc 
[2020-08-12 15:30:56] / ( url=index&do=index ) 
ERR: Db Error: Table 'jianglou.hx_Array' doesn't exist
SELECT * FROM hx_Array where pid=11 and status=1 and isdel=0 ORDER by rank asc 
[2020-08-12 15:30:56] / ( url=index&do=index ) 
ERR: Db Error: Table 'jianglou.hx_Array' doesn't exist
SELECT * FROM hx_Array where pid=12 and status=1 and isdel=0 ORDER by rank asc 
[2020-08-12 15:30:56] / ( url=index&do=index ) 
ERR: Db Error: Table 'jianglou.hx_Array' doesn't exist
SELECT * FROM hx_Array where pid=13 and status=1 and isdel=0 ORDER by rank asc 
[2020-08-12 15:30:56] / ( url=index&do=index ) 
ERR: Db Error: Table 'jianglou.hx_Array' doesn't exist
SELECT * FROM hx_Array where pid=14 and status=1 and isdel=0 ORDER by rank asc 
[2020-08-12 15:30:56] / ( url=index&do=index ) 
ERR: Db Error: Table 'jianglou.hx_Array' doesn't exist
SELECT * FROM hx_Array where pid=15 and status=1 and isdel=0 ORDER by rank asc 
[2020-08-12 15:30:56] / ( url=index&do=index ) 
ERR: Db Error: Table 'jianglou.hx_Array' doesn't exist
SELECT * FROM hx_Array where pid=16 and status=1 and isdel=0 ORDER by rank asc 
[2020-08-12 15:30:56] / ( url=index&do=index ) 
ERR: Db Error: Table 'jianglou.hx_Array' doesn't exist
SELECT * FROM hx_Array where pid=17 and status=1 and isdel=0 ORDER by rank asc 
[2020-08-12 15:30:56] / ( url=index&do=index ) 
ERR: Db Error: Table 'jianglou.hx_Array' doesn't exist
SELECT * FROM hx_Array where pid=11 and status=1 and isdel=0 ORDER by rank asc 
[2020-08-12 15:30:56] / ( url=index&do=index ) 
ERR: Db Error: Table 'jianglou.hx_Array' doesn't exist
SELECT * FROM hx_Array where pid=12 and status=1 and isdel=0 ORDER by rank asc 
[2020-08-12 15:30:56] / ( url=index&do=index ) 
ERR: Db Error: Table 'jianglou.hx_Array' doesn't exist
SELECT * FROM hx_Array where pid=13 and status=1 and isdel=0 ORDER by rank asc 
[2020-08-12 15:30:56] / ( url=index&do=index ) 
ERR: Db Error: Table 'jianglou.hx_Array' doesn't exist
SELECT * FROM hx_Array where pid=14 and status=1 and isdel=0 ORDER by rank asc 
[2020-08-12 15:30:56] / ( url=index&do=index ) 
ERR: Db Error: Table 'jianglou.hx_Array' doesn't exist
SELECT * FROM hx_Array where pid=15 and status=1 and isdel=0 ORDER by rank asc 
[2020-08-12 15:30:56] / ( url=index&do=index ) 
ERR: Db Error: Table 'jianglou.hx_Array' doesn't exist
SELECT * FROM hx_Array where pid=16 and status=1 and isdel=0 ORDER by rank asc 
[2020-08-12 15:30:56] / ( url=index&do=index ) 
ERR: Db Error: Table 'jianglou.hx_Array' doesn't exist
SELECT * FROM hx_Array where pid=17 and status=1 and isdel=0 ORDER by rank asc 
[2020-08-12 15:31:47] /manage/modules/organ/index.php?url=manager_list&do=get_xml&pid= ( url=manager_list&do=get_xml ) 
ERR: Db Error: Table 'jianglou.hx_manager_list' doesn't exist
SELECT COUNT(*) AS nc_count FROM `hx_manager_list` WHERE ( isdel = '0' ) ORDER BY id desc LIMIT 1  
[2020-08-12 15:31:47] /manage/modules/organ/index.php?url=manager_list&do=get_xml&pid= ( url=manager_list&do=get_xml ) 
ERR: Db Error: Table 'jianglou.hx_manager_list' doesn't exist
SELECT * FROM `hx_manager_list` WHERE ( isdel = '0' ) ORDER BY id desc LIMIT 0,15  
[2020-08-12 15:31:49] /manage/modules/organ/index.php?url=manager_list&do=add ( url=manager_list&do=add ) 
ERR: Db Error: Unknown column 'value' in 'where clause'
SELECT * FROM `hx_office_list` WHERE status=1 and value="office" LIMIT 1  
[2020-08-12 15:32:54] /manage/modules/organ/index.php?url=manager_list&do=get_xml&pid= ( url=manager_list&do=get_xml ) 
ERR: Db Error: Table 'jianglou.hx_manager_list' doesn't exist
SELECT COUNT(*) AS nc_count FROM `hx_manager_list` WHERE ( isdel = '0' ) ORDER BY id desc LIMIT 1  
[2020-08-12 15:32:54] /manage/modules/organ/index.php?url=manager_list&do=get_xml&pid= ( url=manager_list&do=get_xml ) 
ERR: Db Error: Table 'jianglou.hx_manager_list' doesn't exist
SELECT * FROM `hx_manager_list` WHERE ( isdel = '0' ) ORDER BY id desc LIMIT 0,15  
[2020-08-12 15:32:55] /manage/modules/organ/index.php?url=manager_list&do=add ( url=manager_list&do=add ) 
ERR: Db Error: Unknown column 'value' in 'where clause'
SELECT * FROM `hx_office_list` WHERE status=1 and value="office" LIMIT 1  
[2020-08-12 15:33:57] /manage/modules/organ/index.php?url=manager_list&do=get_xml&pid= ( url=manager_list&do=get_xml ) 
ERR: Db Error: Table 'jianglou.hx_manager_list' doesn't exist
SELECT COUNT(*) AS nc_count FROM `hx_manager_list` WHERE ( isdel = '0' ) ORDER BY id desc LIMIT 1  
[2020-08-12 15:33:57] /manage/modules/organ/index.php?url=manager_list&do=get_xml&pid= ( url=manager_list&do=get_xml ) 
ERR: Db Error: Table 'jianglou.hx_manager_list' doesn't exist
SELECT * FROM `hx_manager_list` WHERE ( isdel = '0' ) ORDER BY id desc LIMIT 0,15  
[2020-08-12 15:33:58] /manage/modules/organ/index.php?url=manager_list&do=add ( url=manager_list&do=add ) 
ERR: Db Error: Unknown column 'value' in 'where clause'
SELECT * FROM `hx_office_list` WHERE status=1 and value="office" LIMIT 1  
[2020-08-12 15:36:11] /index.php?url=news&do=index ( url=news&do=index ) 
ERR: Db Error: You have an error in your SQL syntax; check the manual that corresponds to your MySQL server version for the right syntax to use near 'and status=1 and isdel=0 ORDER by rank asc' at line 1
SELECT * FROM hx_article_class where pid= and status=1 and isdel=0 ORDER by rank asc 
[2020-08-12 15:36:13] /index.php?url=news&do=index ( url=news&do=index ) 
ERR: Db Error: You have an error in your SQL syntax; check the manual that corresponds to your MySQL server version for the right syntax to use near 'and status=1 and isdel=0 ORDER by rank asc' at line 1
SELECT * FROM hx_article_class where pid= and status=1 and isdel=0 ORDER by rank asc 
[2020-08-12 15:39:02] /manage/modules/organ/index.php?url=manager_list&do=add ( url=manager_list&do=add ) 
ERR: Db Error: Unknown column 'value' in 'where clause'
SELECT * FROM `hx_office_list` WHERE status=1 and value="office" LIMIT 1  
[2020-08-12 15:53:27] /manage/modules/organ/index.php?url=manager_list&do=add ( url=manager_list&do=add ) 
ERR: Db Error: Unknown column 'value' in 'where clause'
SELECT * FROM `hx_office_list` WHERE status=1 and value="office" LIMIT 1  
[2020-08-12 15:54:25] /manage/modules/organ/index.php?url=manager_list&do=add ( url=manager_list&do=add ) 
ERR: Db Error: Unknown column 'ip' in 'field list'
INSERT  INTO `hx_member` (username,password,servicenum,truename,avatar,sex,age,education,politicsstatus,position,mobile,addtime,isreview,ip) VALUES ('zzg1','54ffc1d5fca62709ad6d11bca591f712','0001','政治员工1','/data/upload/article/20200812/1170661.png','2','44','本科','中共党员','会计','18888888888','1597218865','1','222.90.196.194')
[2020-08-12 15:55:18] /manage/modules/organ/index.php?url=manager_list&do=add ( url=manager_list&do=add ) 
ERR: Db Error: Unknown column 'value' in 'where clause'
SELECT * FROM `hx_office_list` WHERE status=1 and value="office" LIMIT 1  
[2020-08-12 15:58:54] /manage/modules/organ/index.php?url=manager_list&do=add ( url=manager_list&do=add ) 
ERR: Db Error: Unknown column 'value' in 'where clause'
SELECT * FROM `hx_office_list` WHERE status=1 and value="office" LIMIT 1  
[2020-08-12 16:01:33] /manage/modules/organ/index.php?url=manager_list&do=add ( url=manager_list&do=add ) 
ERR: Db Error: Unknown column 'value' in 'where clause'
SELECT * FROM `hx_office_list` WHERE status=1 and value="office" LIMIT 1  
[2020-08-12 16:02:50] /manage/modules/organ/index.php?url=manager_list&do=add ( url=manager_list&do=add ) 
ERR: Db Error: Unknown column 'value' in 'where clause'
SELECT * FROM `hx_office_list` WHERE status=1 and value="office" LIMIT 1  
[2020-08-12 16:04:59] /manage/modules/organ/index.php?url=manager_list&do=add ( url=manager_list&do=add ) 
ERR: Db Error: Unknown column 'value' in 'where clause'
SELECT * FROM `hx_office_list` WHERE status=1 and value="office" LIMIT 1  
[2020-08-12 16:08:21] /manage/modules/organ/index.php?url=manager_list&do=add ( url=manager_list&do=add ) 
ERR: Db Error: Unknown column 'value' in 'where clause'
SELECT * FROM `hx_office_list` WHERE status=1 and value="office" LIMIT 1  
[2020-08-12 16:26:34] /manage/modules/news/index.php?url=onlinehelp_list&do=get_xml&pid= ( url=onlinehelp_list&do=get_xml ) 
ERR: Db Error: Table 'jianglou.hx_onlinehelp_list' doesn't exist
SELECT COUNT(*) AS nc_count FROM `hx_onlinehelp_list` WHERE ( isdel = '0' ) ORDER BY id desc LIMIT 1  
[2020-08-12 16:26:34] /manage/modules/news/index.php?url=onlinehelp_list&do=get_xml&pid= ( url=onlinehelp_list&do=get_xml ) 
ERR: Db Error: Table 'jianglou.hx_onlinehelp_list' doesn't exist
SELECT * FROM `hx_onlinehelp_list` WHERE ( isdel = '0' ) ORDER BY id desc LIMIT 0,15  
[2020-08-12 16:27:03] /manage/modules/news/index.php?url=onlinehelp_list&do=get_xml&pid= ( url=onlinehelp_list&do=get_xml ) 
ERR: Db Error: Table 'jianglou.hx_onlinehelp_list' doesn't exist
SELECT COUNT(*) AS nc_count FROM `hx_onlinehelp_list` WHERE ( isdel = '0' ) ORDER BY id desc LIMIT 1  
[2020-08-12 16:27:03] /manage/modules/news/index.php?url=onlinehelp_list&do=get_xml&pid= ( url=onlinehelp_list&do=get_xml ) 
ERR: Db Error: Table 'jianglou.hx_onlinehelp_list' doesn't exist
SELECT * FROM `hx_onlinehelp_list` WHERE ( isdel = '0' ) ORDER BY id desc LIMIT 0,15  
[2020-08-12 17:26:28] /manage/modules/organ/index.php?url=visit_list&do=get_xml&pid= ( url=visit_list&do=get_xml ) 
ERR: Db Error: Unknown column 'rank' in 'order clause'
SELECT COUNT(*) AS nc_count FROM `hx_member` WHERE ( isdel = '0' ) AND ( isorgan = '1' ) ORDER BY rank asc LIMIT 1  
[2020-08-12 17:26:28] /manage/modules/organ/index.php?url=visit_list&do=get_xml&pid= ( url=visit_list&do=get_xml ) 
ERR: Db Error: Unknown column 'rank' in 'order clause'
SELECT * FROM `hx_member` WHERE ( isdel = '0' ) AND ( isorgan = '1' ) ORDER BY rank asc LIMIT 0,15  
[2020-08-12 17:26:53] /manage/modules/organ/index.php?url=visit_list&do=get_xml&pid= ( url=visit_list&do=get_xml ) 
ERR: Db Error: Unknown column 'rank' in 'order clause'
SELECT COUNT(*) AS nc_count FROM `hx_member` WHERE ( isdel = '0' ) AND ( isorgan = '1' ) ORDER BY rank asc LIMIT 1  
[2020-08-12 17:26:53] /manage/modules/organ/index.php?url=visit_list&do=get_xml&pid= ( url=visit_list&do=get_xml ) 
ERR: Db Error: Unknown column 'rank' in 'order clause'
SELECT * FROM `hx_member` WHERE ( isdel = '0' ) AND ( isorgan = '1' ) ORDER BY rank asc LIMIT 0,15  
[2020-08-12 17:27:50] /manage/modules/organ/index.php?url=visit_list&do=get_xml&pid= ( url=visit_list&do=get_xml ) 
ERR: Db Error: Unknown column 'rank' in 'order clause'
SELECT COUNT(*) AS nc_count FROM `hx_member` WHERE ( isdel = '0' ) AND ( isorgan = '1' ) ORDER BY rank asc LIMIT 1  
[2020-08-12 17:27:50] /manage/modules/organ/index.php?url=visit_list&do=get_xml&pid= ( url=visit_list&do=get_xml ) 
ERR: Db Error: Unknown column 'rank' in 'order clause'
SELECT * FROM `hx_member` WHERE ( isdel = '0' ) AND ( isorgan = '1' ) ORDER BY rank asc LIMIT 0,15  
[2020-08-12 17:29:01] /manage/modules/organ/index.php?url=visit_list&do=get_xml&pid= ( url=visit_list&do=get_xml ) 
ERR: Db Error: Unknown column 'rank' in 'order clause'
SELECT COUNT(*) AS nc_count FROM `hx_member` WHERE ( isdel = '0' ) AND ( isorgan = '1' ) ORDER BY rank asc LIMIT 1  
[2020-08-12 17:29:01] /manage/modules/organ/index.php?url=visit_list&do=get_xml&pid= ( url=visit_list&do=get_xml ) 
ERR: Db Error: Unknown column 'rank' in 'order clause'
SELECT * FROM `hx_member` WHERE ( isdel = '0' ) AND ( isorgan = '1' ) ORDER BY rank asc LIMIT 0,15  
[2020-08-12 17:29:35] /manage/modules/organ/index.php?url=visit_list&do=get_xml&pid= ( url=visit_list&do=get_xml ) 
ERR: Db Error: Unknown column 'rank' in 'order clause'
SELECT COUNT(*) AS nc_count FROM `hx_member` WHERE ( isdel = '0' ) AND ( isorgan = '1' ) ORDER BY rank asc LIMIT 1  
[2020-08-12 17:29:35] /manage/modules/organ/index.php?url=visit_list&do=get_xml&pid= ( url=visit_list&do=get_xml ) 
ERR: Db Error: Unknown column 'rank' in 'order clause'
SELECT * FROM `hx_member` WHERE ( isdel = '0' ) AND ( isorgan = '1' ) ORDER BY rank asc LIMIT 0,15  
[2020-08-12 17:30:47] /manage/modules/organ/index.php?url=visit_list&do=get_xml&pid= ( url=visit_list&do=get_xml ) 
ERR: Db Error: Unknown column 'rank' in 'order clause'
SELECT COUNT(*) AS nc_count FROM `hx_member` WHERE ( isdel = '0' ) AND ( isorgan = '1' ) ORDER BY rank asc LIMIT 1  
[2020-08-12 17:30:47] /manage/modules/organ/index.php?url=visit_list&do=get_xml&pid= ( url=visit_list&do=get_xml ) 
ERR: Db Error: Unknown column 'rank' in 'order clause'
SELECT * FROM `hx_member` WHERE ( isdel = '0' ) AND ( isorgan = '1' ) ORDER BY rank asc LIMIT 0,15  
[2020-08-12 17:30:54] /manage/modules/organ/index.php?url=visit_list&do=add ( url=visit_list&do=add ) 
ERR: Db Error: Unknown column 'value' in 'where clause'
SELECT * FROM `hx_office_list` WHERE status=1 and value="office" LIMIT 1  
[2020-08-12 17:36:59] /manage/modules/organ/index.php?url=visit_list&do=get_xml&pid= ( url=visit_list&do=get_xml ) 
ERR: Db Error: Unknown column 'rank' in 'order clause'
SELECT COUNT(*) AS nc_count FROM `hx_member` WHERE ( isdel = '0' ) AND ( isorgan = '1' ) ORDER BY rank asc LIMIT 1  
[2020-08-12 17:36:59] /manage/modules/organ/index.php?url=visit_list&do=get_xml&pid= ( url=visit_list&do=get_xml ) 
ERR: Db Error: Unknown column 'rank' in 'order clause'
SELECT * FROM `hx_member` WHERE ( isdel = '0' ) AND ( isorgan = '1' ) ORDER BY rank asc LIMIT 0,15  
[2020-08-12 17:46:09] /manage/modules/organ/index.php?url=visit_list&do=get_xml&pid= ( url=visit_list&do=get_xml ) 
ERR: Db Error: Unknown column 'rank' in 'order clause'
SELECT COUNT(*) AS nc_count FROM `hx_member` WHERE ( isdel = '0' ) AND ( isorgan = '1' ) ORDER BY rank asc LIMIT 1  
[2020-08-12 17:46:09] /manage/modules/organ/index.php?url=visit_list&do=get_xml&pid= ( url=visit_list&do=get_xml ) 
ERR: Db Error: Unknown column 'rank' in 'order clause'
SELECT * FROM `hx_member` WHERE ( isdel = '0' ) AND ( isorgan = '1' ) ORDER BY rank asc LIMIT 0,15  
[2020-08-12 17:46:12] /manage/modules/organ/index.php?url=visit_list&do=get_xml&pid= ( url=visit_list&do=get_xml ) 
ERR: Db Error: Unknown column 'rank' in 'order clause'
SELECT COUNT(*) AS nc_count FROM `hx_member` WHERE ( isdel = '0' ) AND ( isorgan = '1' ) ORDER BY rank asc LIMIT 1  
[2020-08-12 17:46:12] /manage/modules/organ/index.php?url=visit_list&do=get_xml&pid= ( url=visit_list&do=get_xml ) 
ERR: Db Error: Unknown column 'rank' in 'order clause'
SELECT * FROM `hx_member` WHERE ( isdel = '0' ) AND ( isorgan = '1' ) ORDER BY rank asc LIMIT 0,15  
[2020-08-12 17:47:09] /manage/modules/organ/index.php?url=visit_list&do=get_xml&pid= ( url=visit_list&do=get_xml ) 
ERR: Db Error: Unknown column 'rank' in 'order clause'
SELECT COUNT(*) AS nc_count FROM `hx_member` WHERE ( isdel = '0' ) AND ( isorgan = '1' ) ORDER BY rank asc LIMIT 1  
[2020-08-12 17:47:09] /manage/modules/organ/index.php?url=visit_list&do=get_xml&pid= ( url=visit_list&do=get_xml ) 
ERR: Db Error: Unknown column 'rank' in 'order clause'
SELECT * FROM `hx_member` WHERE ( isdel = '0' ) AND ( isorgan = '1' ) ORDER BY rank asc LIMIT 0,15  
[2020-08-12 17:48:38] /manage/modules/organ/index.php?url=visit_list&do=get_xml&pid= ( url=visit_list&do=get_xml ) 
ERR: Db Error: Unknown column 'rank' in 'order clause'
SELECT COUNT(*) AS nc_count FROM `hx_member` WHERE ( isdel = '0' ) AND ( isorgan = '1' ) ORDER BY rank asc LIMIT 1  
[2020-08-12 17:48:38] /manage/modules/organ/index.php?url=visit_list&do=get_xml&pid= ( url=visit_list&do=get_xml ) 
ERR: Db Error: Unknown column 'rank' in 'order clause'
SELECT * FROM `hx_member` WHERE ( isdel = '0' ) AND ( isorgan = '1' ) ORDER BY rank asc LIMIT 0,15  
[2020-08-12 17:54:12] /manage/modules/organ/index.php?url=visit_list&do=get_xml&pid= ( url=visit_list&do=get_xml ) 
ERR: Db Error: Unknown column 'rank' in 'order clause'
SELECT COUNT(*) AS nc_count FROM `hx_member` WHERE ( isdel = '0' ) AND ( isorgan = '1' ) ORDER BY rank asc LIMIT 1  
[2020-08-12 17:54:12] /manage/modules/organ/index.php?url=visit_list&do=get_xml&pid= ( url=visit_list&do=get_xml ) 
ERR: Db Error: Unknown column 'rank' in 'order clause'
SELECT * FROM `hx_member` WHERE ( isdel = '0' ) AND ( isorgan = '1' ) ORDER BY rank asc LIMIT 0,15  
[2020-08-12 18:07:44] /manage/modules/organ/index.php?url=visit_list&do=get_xml&pid= ( url=visit_list&do=get_xml ) 
ERR: Db Error: Unknown column 'rank' in 'order clause'
SELECT COUNT(*) AS nc_count FROM `hx_member` WHERE ( isdel = '0' ) AND ( isorgan = '1' ) ORDER BY rank asc LIMIT 1  
[2020-08-12 18:07:44] /manage/modules/organ/index.php?url=visit_list&do=get_xml&pid= ( url=visit_list&do=get_xml ) 
ERR: Db Error: Unknown column 'rank' in 'order clause'
SELECT * FROM `hx_member` WHERE ( isdel = '0' ) AND ( isorgan = '1' ) ORDER BY rank asc LIMIT 0,15  
[2020-08-12 18:07:47] /manage/modules/organ/index.php?url=visit_list&do=get_xml&pid= ( url=visit_list&do=get_xml ) 
ERR: Db Error: Unknown column 'rank' in 'order clause'
SELECT COUNT(*) AS nc_count FROM `hx_member` WHERE ( isdel = '0' ) AND ( isorgan = '1' ) ORDER BY rank asc LIMIT 1  
[2020-08-12 18:07:47] /manage/modules/organ/index.php?url=visit_list&do=get_xml&pid= ( url=visit_list&do=get_xml ) 
ERR: Db Error: Unknown column 'rank' in 'order clause'
SELECT * FROM `hx_member` WHERE ( isdel = '0' ) AND ( isorgan = '1' ) ORDER BY rank asc LIMIT 0,15  
[2020-08-12 18:08:25] /manage/modules/organ/index.php?url=visit_list&do=get_xml&pid= ( url=visit_list&do=get_xml ) 
ERR: Db Error: Unknown column 'rank' in 'order clause'
SELECT COUNT(*) AS nc_count FROM `hx_member` WHERE ( isdel = '0' ) AND ( isorgan = '1' ) ORDER BY rank asc LIMIT 1  
[2020-08-12 18:08:25] /manage/modules/organ/index.php?url=visit_list&do=get_xml&pid= ( url=visit_list&do=get_xml ) 
ERR: Db Error: Unknown column 'rank' in 'order clause'
SELECT * FROM `hx_member` WHERE ( isdel = '0' ) AND ( isorgan = '1' ) ORDER BY rank asc LIMIT 0,15  
[2020-08-12 18:08:27] /manage/modules/organ/index.php?url=visit_list&do=get_xml&pid= ( url=visit_list&do=get_xml ) 
ERR: Db Error: Unknown column 'rank' in 'order clause'
SELECT COUNT(*) AS nc_count FROM `hx_member` WHERE ( isdel = '0' ) AND ( isorgan = '1' ) ORDER BY rank asc LIMIT 1  
[2020-08-12 18:08:27] /manage/modules/organ/index.php?url=visit_list&do=get_xml&pid= ( url=visit_list&do=get_xml ) 
ERR: Db Error: Unknown column 'rank' in 'order clause'
SELECT * FROM `hx_member` WHERE ( isdel = '0' ) AND ( isorgan = '1' ) ORDER BY rank asc LIMIT 0,15  
[2020-08-12 18:08:30] /manage/modules/organ/index.php?url=visit_list&do=get_xml&pid= ( url=visit_list&do=get_xml ) 
ERR: Db Error: Unknown column 'rank' in 'order clause'
SELECT COUNT(*) AS nc_count FROM `hx_member` WHERE ( isdel = '0' ) AND ( isorgan = '1' ) ORDER BY rank asc LIMIT 1  
[2020-08-12 18:08:30] /manage/modules/organ/index.php?url=visit_list&do=get_xml&pid= ( url=visit_list&do=get_xml ) 
ERR: Db Error: Unknown column 'rank' in 'order clause'
SELECT * FROM `hx_member` WHERE ( isdel = '0' ) AND ( isorgan = '1' ) ORDER BY rank asc LIMIT 0,15  
[2020-08-12 18:08:31] /manage/modules/organ/index.php?url=visit_list&do=get_xml&pid= ( url=visit_list&do=get_xml ) 
ERR: Db Error: Unknown column 'rank' in 'order clause'
SELECT COUNT(*) AS nc_count FROM `hx_member` WHERE ( isdel = '0' ) AND ( isorgan = '1' ) ORDER BY rank asc LIMIT 1  
[2020-08-12 18:08:31] /manage/modules/organ/index.php?url=visit_list&do=get_xml&pid= ( url=visit_list&do=get_xml ) 
ERR: Db Error: Unknown column 'rank' in 'order clause'
SELECT * FROM `hx_member` WHERE ( isdel = '0' ) AND ( isorgan = '1' ) ORDER BY rank asc LIMIT 0,15  
[2020-08-12 18:08:53] /manage/modules/organ/index.php?url=visit_list&do=get_xml&pid= ( url=visit_list&do=get_xml ) 
ERR: Db Error: Unknown column 'rank' in 'order clause'
SELECT COUNT(*) AS nc_count FROM `hx_member` WHERE ( isdel = '0' ) AND ( isorgan = '1' ) ORDER BY rank asc LIMIT 1  
[2020-08-12 18:08:53] /manage/modules/organ/index.php?url=visit_list&do=get_xml&pid= ( url=visit_list&do=get_xml ) 
ERR: Db Error: Unknown column 'rank' in 'order clause'
SELECT * FROM `hx_member` WHERE ( isdel = '0' ) AND ( isorgan = '1' ) ORDER BY rank asc LIMIT 0,15  
[2020-08-12 18:08:56] /manage/modules/organ/index.php?url=visit_list&do=get_xml&pid= ( url=visit_list&do=get_xml ) 
ERR: Db Error: Unknown column 'rank' in 'order clause'
SELECT COUNT(*) AS nc_count FROM `hx_member` WHERE ( isdel = '0' ) AND ( isorgan = '1' ) ORDER BY rank asc LIMIT 1  
[2020-08-12 18:08:56] /manage/modules/organ/index.php?url=visit_list&do=get_xml&pid= ( url=visit_list&do=get_xml ) 
ERR: Db Error: Unknown column 'rank' in 'order clause'
SELECT * FROM `hx_member` WHERE ( isdel = '0' ) AND ( isorgan = '1' ) ORDER BY rank asc LIMIT 0,15  
[2020-08-12 18:10:39] /manage/modules/organ/index.php?url=visit_list&do=get_xml&pid= ( url=visit_list&do=get_xml ) 
ERR: Db Error: Unknown column 'rank' in 'order clause'
SELECT COUNT(*) AS nc_count FROM `hx_member` WHERE ( isdel = '0' ) AND ( isorgan = '1' ) ORDER BY rank asc LIMIT 1  
[2020-08-12 18:10:39] /manage/modules/organ/index.php?url=visit_list&do=get_xml&pid= ( url=visit_list&do=get_xml ) 
ERR: Db Error: Unknown column 'rank' in 'order clause'
SELECT * FROM `hx_member` WHERE ( isdel = '0' ) AND ( isorgan = '1' ) ORDER BY rank asc LIMIT 0,15  
[2020-08-12 18:11:03] /manage/modules/organ/index.php?url=visit_list&do=get_xml&pid= ( url=visit_list&do=get_xml ) 
ERR: Db Error: Unknown column 'rank' in 'order clause'
SELECT COUNT(*) AS nc_count FROM `hx_member` WHERE ( isdel = '0' ) AND ( isorgan = '1' ) ORDER BY rank asc LIMIT 1  
[2020-08-12 18:11:03] /manage/modules/organ/index.php?url=visit_list&do=get_xml&pid= ( url=visit_list&do=get_xml ) 
ERR: Db Error: Unknown column 'rank' in 'order clause'
SELECT * FROM `hx_member` WHERE ( isdel = '0' ) AND ( isorgan = '1' ) ORDER BY rank asc LIMIT 0,15  
[2020-08-12 18:18:22] /manage/modules/organ/index.php?url=visit_list&do=get_xml&pid= ( url=visit_list&do=get_xml ) 
ERR: Db Error: Unknown column 'rank' in 'order clause'
SELECT COUNT(*) AS nc_count FROM `hx_member` WHERE ( isdel = '0' ) AND ( isorgan = '1' ) ORDER BY rank asc LIMIT 1  
[2020-08-12 18:18:22] /manage/modules/organ/index.php?url=visit_list&do=get_xml&pid= ( url=visit_list&do=get_xml ) 
ERR: Db Error: Unknown column 'rank' in 'order clause'
SELECT * FROM `hx_member` WHERE ( isdel = '0' ) AND ( isorgan = '1' ) ORDER BY rank asc LIMIT 0,15  
[2020-08-12 18:18:59] /manage/modules/organ/index.php?url=visit_list&do=get_xml&pid= ( url=visit_list&do=get_xml ) 
ERR: Db Error: Unknown column 'rank' in 'order clause'
SELECT COUNT(*) AS nc_count FROM `hx_member` WHERE ( isdel = '0' ) AND ( isorgan = '1' ) ORDER BY rank asc LIMIT 1  
[2020-08-12 18:18:59] /manage/modules/organ/index.php?url=visit_list&do=get_xml&pid= ( url=visit_list&do=get_xml ) 
ERR: Db Error: Unknown column 'rank' in 'order clause'
SELECT * FROM `hx_member` WHERE ( isdel = '0' ) AND ( isorgan = '1' ) ORDER BY rank asc LIMIT 0,15  
[2020-08-12 18:19:49] /manage/modules/organ/index.php?url=visit_list&do=get_xml&pid= ( url=visit_list&do=get_xml ) 
ERR: Db Error: Unknown column 'rank' in 'order clause'
SELECT COUNT(*) AS nc_count FROM `hx_member` WHERE ( isdel = '0' ) AND ( isorgan = '1' ) ORDER BY rank asc LIMIT 1  
[2020-08-12 18:19:49] /manage/modules/organ/index.php?url=visit_list&do=get_xml&pid= ( url=visit_list&do=get_xml ) 
ERR: Db Error: Unknown column 'rank' in 'order clause'
SELECT * FROM `hx_member` WHERE ( isdel = '0' ) AND ( isorgan = '1' ) ORDER BY rank asc LIMIT 0,15  
[2020-08-12 18:20:07] /manage/modules/organ/index.php?url=visit_list&do=get_xml&pid= ( url=visit_list&do=get_xml ) 
ERR: Db Error: Unknown column 'rank' in 'order clause'
SELECT COUNT(*) AS nc_count FROM `hx_member` WHERE ( isdel = '0' ) AND ( isorgan = '1' ) ORDER BY rank asc LIMIT 1  
[2020-08-12 18:20:07] /manage/modules/organ/index.php?url=visit_list&do=get_xml&pid= ( url=visit_list&do=get_xml ) 
ERR: Db Error: Unknown column 'rank' in 'order clause'
SELECT * FROM `hx_member` WHERE ( isdel = '0' ) AND ( isorgan = '1' ) ORDER BY rank asc LIMIT 0,15  
[2020-08-12 18:20:31] /manage/modules/organ/index.php?url=visit_list&do=edit&id=11 ( url=visit_list&do=edit ) 
ERR: Db Error: Table 'jianglou.hx_visit_list' doesn't exist
SELECT * FROM `hx_visit_list` WHERE ( id = '11' ) LIMIT 1  
[2020-08-12 18:21:22] /manage/modules/organ/index.php?url=visit_list&do=edit&id=11 ( url=visit_list&do=edit ) 
ERR: Db Error: Table 'jianglou.hx_visit_list' doesn't exist
SELECT * FROM `hx_visit_list` WHERE ( id = '11' ) LIMIT 1  
[2020-08-12 18:21:24] /manage/modules/organ/index.php?url=visit_list&do=edit&id=11 ( url=visit_list&do=edit ) 
ERR: Db Error: Table 'jianglou.hx_visit_list' doesn't exist
SELECT * FROM `hx_visit_list` WHERE ( id = '11' ) LIMIT 1  
[2020-08-12 18:21:25] /manage/modules/organ/index.php?url=visit_list&do=edit&id=10 ( url=visit_list&do=edit ) 
ERR: Db Error: Table 'jianglou.hx_visit_list' doesn't exist
SELECT * FROM `hx_visit_list` WHERE ( id = '10' ) LIMIT 1  
[2020-08-12 18:21:28] /manage/modules/organ/index.php?url=visit_list&do=review&id=11 ( url=visit_list&do=review ) 
ERR: Db Error: Table 'jianglou.hx_visit_list' doesn't exist
SELECT * FROM `hx_visit_list` WHERE ( id = '11' ) LIMIT 1  
[2020-08-12 18:21:30] /manage/modules/organ/index.php?url=visit_list&do=review&id=10 ( url=visit_list&do=review ) 
ERR: Db Error: Table 'jianglou.hx_visit_list' doesn't exist
SELECT * FROM `hx_visit_list` WHERE ( id = '10' ) LIMIT 1  
[2020-08-12 18:21:43] /manage/modules/organ/index.php?url=visit_list&do=edit&id=11 ( url=visit_list&do=edit ) 
ERR: Db Error: Table 'jianglou.hx_visit_list' doesn't exist
SELECT * FROM `hx_visit_list` WHERE ( id = '11' ) LIMIT 1  
[2020-08-12 21:05:23] /manage/modules/organ/index.php?url=visit_list&do=edit&id=11 ( url=visit_list&do=edit ) 
ERR: Db Error: Table 'jianglou.hx_visit_list' doesn't exist
SELECT * FROM `hx_visit_list` WHERE ( id = '11' ) LIMIT 1  
[2020-08-12 21:32:17] /index.php?url=news&do=index ( url=news&do=index ) 
ERR: Db Error: You have an error in your SQL syntax; check the manual that corresponds to your MySQL server version for the right syntax to use near 'and status=1 and isdel=0 ORDER by rank asc' at line 1
SELECT * FROM hx_article_class where pid= and status=1 and isdel=0 ORDER by rank asc 
