[2020-07-15 01:58:25] /manage/modules/users/index.php?url=member_list&do=review&id=2 ( url=member_list&do=review ) 
ERR: Db Error: Table 'jianglouzhen.hx_member_list' doesn't exist
SELECT * FROM `hx_member_list` WHERE ( id = '2' ) LIMIT 1  
[2020-07-15 02:11:34] /index.php ( url=index&do=index ) 
ERR: Db Error: Table 'jianglouzhen.hx_array' doesn't exist
SELECT * FROM hx_Array where pid=11 and status=1 and isdel=0 ORDER by rank asc 
[2020-07-15 02:11:34] /index.php ( url=index&do=index ) 
ERR: Db Error: Table 'jianglouzhen.hx_array' doesn't exist
SELECT * FROM hx_Array where pid=12 and status=1 and isdel=0 ORDER by rank asc 
[2020-07-15 02:11:34] /index.php ( url=index&do=index ) 
ERR: Db Error: Table 'jianglouzhen.hx_array' doesn't exist
SELECT * FROM hx_Array where pid=13 and status=1 and isdel=0 ORDER by rank asc 
[2020-07-15 02:11:34] /index.php ( url=index&do=index ) 
ERR: Db Error: Table 'jianglouzhen.hx_array' doesn't exist
SELECT * FROM hx_Array where pid=14 and status=1 and isdel=0 ORDER by rank asc 
[2020-07-15 02:11:34] /index.php ( url=index&do=index ) 
ERR: Db Error: Table 'jianglouzhen.hx_array' doesn't exist
SELECT * FROM hx_Array where pid=15 and status=1 and isdel=0 ORDER by rank asc 
[2020-07-15 03:13:42] /index.php?url=member&do=addviews ( url=member&do=addviews ) 
ERR: Db Error: Table 'jianglouzhen.hx_tutorial_class' doesn't exist
SELECT * FROM hx_tutorial_class where pid=0 and isdel=0 ORDER by rank asc 
[2020-07-15 03:14:01] /index.php?url=member&do=addviews ( url=member&do=addviews ) 
ERR: Db Error: Table 'jianglouzhen.hx_tutorial_class' doesn't exist
SELECT * FROM hx_tutorial_class where pid=0 and isdel=0 ORDER by rank asc 
[2020-07-15 03:14:22] /index.php?url=member&do=addviews ( url=member&do=addviews ) 
ERR: Db Error: Table 'jianglouzhen.hx_tutorial_class' doesn't exist
SELECT * FROM hx_tutorial_class where pid=0 and isdel=0 ORDER by rank asc 
[2020-07-15 03:15:29] /index.php?url=member&do=addviews ( url=member&do=addviews ) 
ERR: Db Error: Table 'jianglouzhen.hx_tutorial_class' doesn't exist
SELECT * FROM hx_tutorial_class where pid=0 and isdel=0 ORDER by rank asc 
[2020-07-15 03:16:35] /index.php?url=member&do=addviews ( url=member&do=addviews ) 
ERR: Db Error: Table 'jianglouzhen.hx_tutorial_class' doesn't exist
SELECT * FROM hx_tutorial_class where pid=0 and isdel=0 ORDER by rank asc 
[2020-07-15 03:17:10] /index.php?url=member&do=addviews ( url=member&do=addviews ) 
ERR: Db Error: Table 'jianglouzhen.hx_tutorial_class' doesn't exist
SELECT * FROM hx_tutorial_class where pid=0 and isdel=0 ORDER by rank asc 
[2020-07-15 03:17:30] /index.php?url=member&do=addviews ( url=member&do=addviews ) 
ERR: Db Error: Table 'jianglouzhen.hx_tutorial_class' doesn't exist
SELECT * FROM hx_tutorial_class where pid=0 and isdel=0 ORDER by rank asc 
[2020-07-15 03:17:45] /index.php?url=member&do=addviews ( url=member&do=addviews ) 
ERR: Db Error: Table 'jianglouzhen.hx_tutorial_class' doesn't exist
SELECT * FROM hx_tutorial_class where pid=0 and isdel=0 ORDER by rank asc 
[2020-07-15 03:18:29] /index.php?url=member&do=addviews ( url=member&do=addviews ) 
ERR: Db Error: Table 'jianglouzhen.hx_tutorial_class' doesn't exist
SELECT * FROM hx_tutorial_class where pid=7 and isdel=0 ORDER by rank asc 
[2020-07-15 03:18:29] /index.php?url=member&do=addviews ( url=member&do=addviews ) 
ERR: Db Error: Table 'jianglouzhen.hx_tutorial_class' doesn't exist
SELECT * FROM hx_tutorial_class where pid=9 and isdel=0 ORDER by rank asc 
[2020-07-15 03:19:03] /index.php?url=member&do=addviews ( url=member&do=addviews ) 
ERR: Db Error: Table 'jianglouzhen.hx_tutorial_class' doesn't exist
SELECT * FROM hx_tutorial_class where pid=7 and isdel=0 ORDER by rank asc 
[2020-07-15 03:19:03] /index.php?url=member&do=addviews ( url=member&do=addviews ) 
ERR: Db Error: Table 'jianglouzhen.hx_tutorial_class' doesn't exist
SELECT * FROM hx_tutorial_class where pid=9 and isdel=0 ORDER by rank asc 
[2020-07-15 03:19:37] /index.php?url=member&do=addviews ( url=member&do=addviews ) 
ERR: Db Error: Table 'jianglouzhen.hx_tutorial_class' doesn't exist
SELECT * FROM hx_tutorial_class where pid=7 and isdel=0 ORDER by rank asc 
[2020-07-15 03:19:37] /index.php?url=member&do=addviews ( url=member&do=addviews ) 
ERR: Db Error: Table 'jianglouzhen.hx_tutorial_class' doesn't exist
SELECT * FROM hx_tutorial_class where pid=9 and isdel=0 ORDER by rank asc 
[2020-07-15 03:20:43] /index.php?url=member&do=addviews ( url=member&do=addviews ) 
ERR: Db Error: Table 'jianglouzhen.hx_tutorial_class' doesn't exist
SELECT * FROM hx_tutorial_class where pid=7 and isdel=0 ORDER by rank asc 
[2020-07-15 03:20:43] /index.php?url=member&do=addviews ( url=member&do=addviews ) 
ERR: Db Error: Table 'jianglouzhen.hx_tutorial_class' doesn't exist
SELECT * FROM hx_tutorial_class where pid=9 and isdel=0 ORDER by rank asc 
[2020-07-15 03:21:12] /index.php?url=member&do=addviews ( url=member&do=addviews ) 
ERR: Db Error: Table 'jianglouzhen.hx_tutorial_class' doesn't exist
SELECT * FROM hx_tutorial_class where pid=7 and isdel=0 ORDER by rank asc 
[2020-07-15 03:21:12] /index.php?url=member&do=addviews ( url=member&do=addviews ) 
ERR: Db Error: Table 'jianglouzhen.hx_tutorial_class' doesn't exist
SELECT * FROM hx_tutorial_class where pid=9 and isdel=0 ORDER by rank asc 
[2020-07-15 03:45:40] /index.php?url=member&do=editviews&id=86 ( url=member&do=editviews ) 
ERR: Db Error: Table 'jianglouzhen.hx_tutorial_class' doesn't exist
SELECT * FROM hx_tutorial_class where pid=7 and isdel=0 ORDER by rank asc 
[2020-07-15 03:45:40] /index.php?url=member&do=editviews&id=86 ( url=member&do=editviews ) 
ERR: Db Error: Table 'jianglouzhen.hx_tutorial_class' doesn't exist
SELECT * FROM hx_tutorial_class where pid=9 and isdel=0 ORDER by rank asc 
[2020-07-15 11:44:01] /index.php?url=member&do=views ( url=member&do=views ) 
ERR: Db Error: Unknown column 'idel' in 'where clause'
SELECT * FROM `hx_member` WHERE ( idel = '0' ) AND ( isreview = '1' ) AND ( state = '1' ) LIMIT 1000  
[2020-07-15 11:44:54] /index.php?url=member&do=views ( url=member&do=views ) 
ERR: Db Error: Unknown column 'idel' in 'where clause'
SELECT * FROM `hx_member` WHERE ( idel = '0' ) AND ( isreview = '1' ) AND ( state = '1' ) LIMIT 1000  
[2020-07-15 12:42:34] /index.php?url=online&do=add ( url=online&do=add ) 
ERR: Db Error: Duplicate entry '0' for key 'PRIMARY'
INSERT  INTO `hx_online_list` (title,intro,addtime,ip,releaseid) VALUES ('三水再次提问','问题要描述清楚','1594788154','127.0.0.1',NULL)
[2020-07-15 12:44:17] /index.php?url=online&do=add ( url=online&do=add ) 
ERR: Db Error: Duplicate entry '0' for key 'PRIMARY'
INSERT  INTO `hx_online_list` (title,intro,addtime,ip,releaseid) VALUES ('三水的是寒山寺','随你随你的','1594788257','127.0.0.1',NULL)
[2020-07-15 12:47:01] /index.php?url=online&do=add ( url=online&do=add ) 
ERR: Db Error: Duplicate entry '0' for key 'PRIMARY'
INSERT  INTO `hx_online_list` (title,intro,addtime,ip,releaseid) VALUES ('钱钱钱','哇哇哇哇','1594788421','127.0.0.1',NULL)
[2020-07-15 12:47:50] /index.php?url=online&do=add ( url=online&do=add ) 
ERR: Db Error: Duplicate entry '0' for key 'PRIMARY'
INSERT  INTO `hx_online_list` (title,intro,addtime,ip,releaseid) VALUES ('钱钱钱','哇哇哇哇','1594788470','127.0.0.1','0')
[2020-07-15 13:41:19] / ( url=index&do=index ) 
ERR: Db Error: Table 'jianglouzhen.hx_array' doesn't exist
SELECT * FROM hx_Array where pid=11 and status=1 and isdel=0 ORDER by rank asc 
[2020-07-15 13:41:19] / ( url=index&do=index ) 
ERR: Db Error: Table 'jianglouzhen.hx_array' doesn't exist
SELECT * FROM hx_Array where pid=12 and status=1 and isdel=0 ORDER by rank asc 
[2020-07-15 13:41:19] / ( url=index&do=index ) 
ERR: Db Error: Table 'jianglouzhen.hx_array' doesn't exist
SELECT * FROM hx_Array where pid=13 and status=1 and isdel=0 ORDER by rank asc 
[2020-07-15 13:41:19] / ( url=index&do=index ) 
ERR: Db Error: Table 'jianglouzhen.hx_array' doesn't exist
SELECT * FROM hx_Array where pid=14 and status=1 and isdel=0 ORDER by rank asc 
[2020-07-15 13:41:19] / ( url=index&do=index ) 
ERR: Db Error: Table 'jianglouzhen.hx_array' doesn't exist
SELECT * FROM hx_Array where pid=15 and status=1 and isdel=0 ORDER by rank asc 
[2020-07-15 13:48:17] / ( url=index&do=index ) 
ERR: Db Error: Table 'jianglouzhen_czw.hx_Array' doesn't exist
SELECT * FROM hx_Array where pid=11 and status=1 and isdel=0 ORDER by rank asc 
[2020-07-15 13:48:17] / ( url=index&do=index ) 
ERR: Db Error: Table 'jianglouzhen_czw.hx_Array' doesn't exist
SELECT * FROM hx_Array where pid=12 and status=1 and isdel=0 ORDER by rank asc 
[2020-07-15 13:48:17] / ( url=index&do=index ) 
ERR: Db Error: Table 'jianglouzhen_czw.hx_Array' doesn't exist
SELECT * FROM hx_Array where pid=13 and status=1 and isdel=0 ORDER by rank asc 
[2020-07-15 13:48:17] / ( url=index&do=index ) 
ERR: Db Error: Table 'jianglouzhen_czw.hx_Array' doesn't exist
SELECT * FROM hx_Array where pid=14 and status=1 and isdel=0 ORDER by rank asc 
[2020-07-15 13:48:17] / ( url=index&do=index ) 
ERR: Db Error: Table 'jianglouzhen_czw.hx_Array' doesn't exist
SELECT * FROM hx_Array where pid=15 and status=1 and isdel=0 ORDER by rank asc 
[2020-07-15 13:49:17] / ( url=index&do=index ) 
ERR: Db Error: Table 'jianglouzhen_czw.hx_Array' doesn't exist
SELECT * FROM hx_Array where pid=11 and status=1 and isdel=0 ORDER by rank asc 
[2020-07-15 13:49:17] / ( url=index&do=index ) 
ERR: Db Error: Table 'jianglouzhen_czw.hx_Array' doesn't exist
SELECT * FROM hx_Array where pid=12 and status=1 and isdel=0 ORDER by rank asc 
[2020-07-15 13:49:17] / ( url=index&do=index ) 
ERR: Db Error: Table 'jianglouzhen_czw.hx_Array' doesn't exist
SELECT * FROM hx_Array where pid=13 and status=1 and isdel=0 ORDER by rank asc 
[2020-07-15 13:49:17] / ( url=index&do=index ) 
ERR: Db Error: Table 'jianglouzhen_czw.hx_Array' doesn't exist
SELECT * FROM hx_Array where pid=14 and status=1 and isdel=0 ORDER by rank asc 
[2020-07-15 13:49:17] / ( url=index&do=index ) 
ERR: Db Error: Table 'jianglouzhen_czw.hx_Array' doesn't exist
SELECT * FROM hx_Array where pid=15 and status=1 and isdel=0 ORDER by rank asc 
[2020-07-15 13:49:18] / ( url=index&do=index ) 
ERR: Db Error: Table 'jianglouzhen_czw.hx_Array' doesn't exist
SELECT * FROM hx_Array where pid=11 and status=1 and isdel=0 ORDER by rank asc 
[2020-07-15 13:49:18] / ( url=index&do=index ) 
ERR: Db Error: Table 'jianglouzhen_czw.hx_Array' doesn't exist
SELECT * FROM hx_Array where pid=12 and status=1 and isdel=0 ORDER by rank asc 
[2020-07-15 13:49:18] / ( url=index&do=index ) 
ERR: Db Error: Table 'jianglouzhen_czw.hx_Array' doesn't exist
SELECT * FROM hx_Array where pid=13 and status=1 and isdel=0 ORDER by rank asc 
[2020-07-15 13:49:18] / ( url=index&do=index ) 
ERR: Db Error: Table 'jianglouzhen_czw.hx_Array' doesn't exist
SELECT * FROM hx_Array where pid=14 and status=1 and isdel=0 ORDER by rank asc 
[2020-07-15 13:49:18] / ( url=index&do=index ) 
ERR: Db Error: Table 'jianglouzhen_czw.hx_Array' doesn't exist
SELECT * FROM hx_Array where pid=15 and status=1 and isdel=0 ORDER by rank asc 
[2020-07-15 13:49:18] / ( url=index&do=index ) 
ERR: Db Error: Table 'jianglouzhen_czw.hx_Array' doesn't exist
SELECT * FROM hx_Array where pid=11 and status=1 and isdel=0 ORDER by rank asc 
[2020-07-15 13:49:18] / ( url=index&do=index ) 
ERR: Db Error: Table 'jianglouzhen_czw.hx_Array' doesn't exist
SELECT * FROM hx_Array where pid=12 and status=1 and isdel=0 ORDER by rank asc 
[2020-07-15 13:49:18] / ( url=index&do=index ) 
ERR: Db Error: Table 'jianglouzhen_czw.hx_Array' doesn't exist
SELECT * FROM hx_Array where pid=13 and status=1 and isdel=0 ORDER by rank asc 
[2020-07-15 13:49:18] / ( url=index&do=index ) 
ERR: Db Error: Table 'jianglouzhen_czw.hx_Array' doesn't exist
SELECT * FROM hx_Array where pid=14 and status=1 and isdel=0 ORDER by rank asc 
[2020-07-15 13:49:18] / ( url=index&do=index ) 
ERR: Db Error: Table 'jianglouzhen_czw.hx_Array' doesn't exist
SELECT * FROM hx_Array where pid=15 and status=1 and isdel=0 ORDER by rank asc 
[2020-07-15 13:49:26] / ( url=index&do=index ) 
ERR: Db Error: Table 'jianglouzhen_czw.hx_Array' doesn't exist
SELECT * FROM hx_Array where pid=11 and status=1 and isdel=0 ORDER by rank asc 
[2020-07-15 13:49:26] / ( url=index&do=index ) 
ERR: Db Error: Table 'jianglouzhen_czw.hx_Array' doesn't exist
SELECT * FROM hx_Array where pid=12 and status=1 and isdel=0 ORDER by rank asc 
[2020-07-15 13:49:26] / ( url=index&do=index ) 
ERR: Db Error: Table 'jianglouzhen_czw.hx_Array' doesn't exist
SELECT * FROM hx_Array where pid=13 and status=1 and isdel=0 ORDER by rank asc 
[2020-07-15 13:49:26] / ( url=index&do=index ) 
ERR: Db Error: Table 'jianglouzhen_czw.hx_Array' doesn't exist
SELECT * FROM hx_Array where pid=14 and status=1 and isdel=0 ORDER by rank asc 
[2020-07-15 13:49:26] / ( url=index&do=index ) 
ERR: Db Error: Table 'jianglouzhen_czw.hx_Array' doesn't exist
SELECT * FROM hx_Array where pid=15 and status=1 and isdel=0 ORDER by rank asc 
[2020-07-15 13:49:36] /index.php ( url=index&do=index ) 
ERR: Db Error: Table 'jianglouzhen_czw.hx_Array' doesn't exist
SELECT * FROM hx_Array where pid=11 and status=1 and isdel=0 ORDER by rank asc 
[2020-07-15 13:49:36] /index.php ( url=index&do=index ) 
ERR: Db Error: Table 'jianglouzhen_czw.hx_Array' doesn't exist
SELECT * FROM hx_Array where pid=12 and status=1 and isdel=0 ORDER by rank asc 
[2020-07-15 13:49:36] /index.php ( url=index&do=index ) 
ERR: Db Error: Table 'jianglouzhen_czw.hx_Array' doesn't exist
SELECT * FROM hx_Array where pid=13 and status=1 and isdel=0 ORDER by rank asc 
[2020-07-15 13:49:36] /index.php ( url=index&do=index ) 
ERR: Db Error: Table 'jianglouzhen_czw.hx_Array' doesn't exist
SELECT * FROM hx_Array where pid=14 and status=1 and isdel=0 ORDER by rank asc 
[2020-07-15 13:49:36] /index.php ( url=index&do=index ) 
ERR: Db Error: Table 'jianglouzhen_czw.hx_Array' doesn't exist
SELECT * FROM hx_Array where pid=15 and status=1 and isdel=0 ORDER by rank asc 
[2020-07-15 13:49:37] /index.php ( url=index&do=index ) 
ERR: Db Error: Table 'jianglouzhen_czw.hx_Array' doesn't exist
SELECT * FROM hx_Array where pid=11 and status=1 and isdel=0 ORDER by rank asc 
[2020-07-15 13:49:37] /index.php ( url=index&do=index ) 
ERR: Db Error: Table 'jianglouzhen_czw.hx_Array' doesn't exist
SELECT * FROM hx_Array where pid=12 and status=1 and isdel=0 ORDER by rank asc 
[2020-07-15 13:49:37] /index.php ( url=index&do=index ) 
ERR: Db Error: Table 'jianglouzhen_czw.hx_Array' doesn't exist
SELECT * FROM hx_Array where pid=13 and status=1 and isdel=0 ORDER by rank asc 
[2020-07-15 13:49:37] /index.php ( url=index&do=index ) 
ERR: Db Error: Table 'jianglouzhen_czw.hx_Array' doesn't exist
SELECT * FROM hx_Array where pid=14 and status=1 and isdel=0 ORDER by rank asc 
[2020-07-15 13:49:37] /index.php ( url=index&do=index ) 
ERR: Db Error: Table 'jianglouzhen_czw.hx_Array' doesn't exist
SELECT * FROM hx_Array where pid=15 and status=1 and isdel=0 ORDER by rank asc 
[2020-07-15 13:49:46] / ( url=index&do=index ) 
ERR: Db Error: Table 'jianglouzhen_czw.hx_Array' doesn't exist
SELECT * FROM hx_Array where pid=11 and status=1 and isdel=0 ORDER by rank asc 
[2020-07-15 13:49:46] / ( url=index&do=index ) 
ERR: Db Error: Table 'jianglouzhen_czw.hx_Array' doesn't exist
SELECT * FROM hx_Array where pid=12 and status=1 and isdel=0 ORDER by rank asc 
[2020-07-15 13:49:46] / ( url=index&do=index ) 
ERR: Db Error: Table 'jianglouzhen_czw.hx_Array' doesn't exist
SELECT * FROM hx_Array where pid=13 and status=1 and isdel=0 ORDER by rank asc 
[2020-07-15 13:49:46] / ( url=index&do=index ) 
ERR: Db Error: Table 'jianglouzhen_czw.hx_Array' doesn't exist
SELECT * FROM hx_Array where pid=14 and status=1 and isdel=0 ORDER by rank asc 
[2020-07-15 13:49:46] / ( url=index&do=index ) 
ERR: Db Error: Table 'jianglouzhen_czw.hx_Array' doesn't exist
SELECT * FROM hx_Array where pid=15 and status=1 and isdel=0 ORDER by rank asc 
[2020-07-15 13:49:51] / ( url=index&do=index ) 
ERR: Db Error: Table 'jianglouzhen_czw.hx_Array' doesn't exist
SELECT * FROM hx_Array where pid=11 and status=1 and isdel=0 ORDER by rank asc 
[2020-07-15 13:49:51] / ( url=index&do=index ) 
ERR: Db Error: Table 'jianglouzhen_czw.hx_Array' doesn't exist
SELECT * FROM hx_Array where pid=12 and status=1 and isdel=0 ORDER by rank asc 
[2020-07-15 13:49:51] / ( url=index&do=index ) 
ERR: Db Error: Table 'jianglouzhen_czw.hx_Array' doesn't exist
SELECT * FROM hx_Array where pid=13 and status=1 and isdel=0 ORDER by rank asc 
[2020-07-15 13:49:51] / ( url=index&do=index ) 
ERR: Db Error: Table 'jianglouzhen_czw.hx_Array' doesn't exist
SELECT * FROM hx_Array where pid=14 and status=1 and isdel=0 ORDER by rank asc 
[2020-07-15 13:49:51] / ( url=index&do=index ) 
ERR: Db Error: Table 'jianglouzhen_czw.hx_Array' doesn't exist
SELECT * FROM hx_Array where pid=15 and status=1 and isdel=0 ORDER by rank asc 
[2020-07-15 13:50:01] / ( url=index&do=index ) 
ERR: Db Error: Table 'jianglouzhen_czw.hx_Array' doesn't exist
SELECT * FROM hx_Array where pid=11 and status=1 and isdel=0 ORDER by rank asc 
[2020-07-15 13:50:01] / ( url=index&do=index ) 
ERR: Db Error: Table 'jianglouzhen_czw.hx_Array' doesn't exist
SELECT * FROM hx_Array where pid=12 and status=1 and isdel=0 ORDER by rank asc 
[2020-07-15 13:50:01] / ( url=index&do=index ) 
ERR: Db Error: Table 'jianglouzhen_czw.hx_Array' doesn't exist
SELECT * FROM hx_Array where pid=13 and status=1 and isdel=0 ORDER by rank asc 
[2020-07-15 13:50:01] / ( url=index&do=index ) 
ERR: Db Error: Table 'jianglouzhen_czw.hx_Array' doesn't exist
SELECT * FROM hx_Array where pid=14 and status=1 and isdel=0 ORDER by rank asc 
[2020-07-15 13:50:01] / ( url=index&do=index ) 
ERR: Db Error: Table 'jianglouzhen_czw.hx_Array' doesn't exist
SELECT * FROM hx_Array where pid=15 and status=1 and isdel=0 ORDER by rank asc 
[2020-07-15 13:50:11] /index.php?url=news&do=index&pid=9 ( url=news&do=index ) 
ERR: Db Error: Table 'jianglouzhen_czw.hx_Array' doesn't exist
SELECT * FROM hx_Array where pid=16 and status=1 and isdel=0 ORDER by rank asc 
[2020-07-15 13:50:11] /index.php?url=news&do=index&pid=9 ( url=news&do=index ) 
ERR: Db Error: Table 'jianglouzhen_czw.hx_Array' doesn't exist
SELECT * FROM hx_Array where pid=17 and status=1 and isdel=0 ORDER by rank asc 
[2020-07-15 13:50:16] /index.php?url=news&do=index&pid=9 ( url=news&do=index ) 
ERR: Db Error: Table 'jianglouzhen_czw.hx_Array' doesn't exist
SELECT * FROM hx_Array where pid=16 and status=1 and isdel=0 ORDER by rank asc 
[2020-07-15 13:50:16] /index.php?url=news&do=index&pid=9 ( url=news&do=index ) 
ERR: Db Error: Table 'jianglouzhen_czw.hx_Array' doesn't exist
SELECT * FROM hx_Array where pid=17 and status=1 and isdel=0 ORDER by rank asc 
[2020-07-15 13:50:17] /index.php ( url=index&do=index ) 
ERR: Db Error: Table 'jianglouzhen_czw.hx_Array' doesn't exist
SELECT * FROM hx_Array where pid=11 and status=1 and isdel=0 ORDER by rank asc 
[2020-07-15 13:50:17] /index.php ( url=index&do=index ) 
ERR: Db Error: Table 'jianglouzhen_czw.hx_Array' doesn't exist
SELECT * FROM hx_Array where pid=12 and status=1 and isdel=0 ORDER by rank asc 
[2020-07-15 13:50:17] /index.php ( url=index&do=index ) 
ERR: Db Error: Table 'jianglouzhen_czw.hx_Array' doesn't exist
SELECT * FROM hx_Array where pid=13 and status=1 and isdel=0 ORDER by rank asc 
[2020-07-15 13:50:17] /index.php ( url=index&do=index ) 
ERR: Db Error: Table 'jianglouzhen_czw.hx_Array' doesn't exist
SELECT * FROM hx_Array where pid=14 and status=1 and isdel=0 ORDER by rank asc 
[2020-07-15 13:50:17] /index.php ( url=index&do=index ) 
ERR: Db Error: Table 'jianglouzhen_czw.hx_Array' doesn't exist
SELECT * FROM hx_Array where pid=15 and status=1 and isdel=0 ORDER by rank asc 
[2020-07-15 13:50:22] /index.php ( url=index&do=index ) 
ERR: Db Error: Table 'jianglouzhen_czw.hx_Array' doesn't exist
SELECT * FROM hx_Array where pid=11 and status=1 and isdel=0 ORDER by rank asc 
[2020-07-15 13:50:22] /index.php ( url=index&do=index ) 
ERR: Db Error: Table 'jianglouzhen_czw.hx_Array' doesn't exist
SELECT * FROM hx_Array where pid=12 and status=1 and isdel=0 ORDER by rank asc 
[2020-07-15 13:50:22] /index.php ( url=index&do=index ) 
ERR: Db Error: Table 'jianglouzhen_czw.hx_Array' doesn't exist
SELECT * FROM hx_Array where pid=13 and status=1 and isdel=0 ORDER by rank asc 
[2020-07-15 13:50:22] /index.php ( url=index&do=index ) 
ERR: Db Error: Table 'jianglouzhen_czw.hx_Array' doesn't exist
SELECT * FROM hx_Array where pid=14 and status=1 and isdel=0 ORDER by rank asc 
[2020-07-15 13:50:22] /index.php ( url=index&do=index ) 
ERR: Db Error: Table 'jianglouzhen_czw.hx_Array' doesn't exist
SELECT * FROM hx_Array where pid=15 and status=1 and isdel=0 ORDER by rank asc 
[2020-07-15 13:50:54] /index.php ( url=index&do=index ) 
ERR: Db Error: Table 'jianglouzhen_czw.hx_Array' doesn't exist
SELECT * FROM hx_Array where pid=11 and status=1 and isdel=0 ORDER by rank asc 
[2020-07-15 13:50:54] /index.php ( url=index&do=index ) 
ERR: Db Error: Table 'jianglouzhen_czw.hx_Array' doesn't exist
SELECT * FROM hx_Array where pid=12 and status=1 and isdel=0 ORDER by rank asc 
[2020-07-15 13:50:54] /index.php ( url=index&do=index ) 
ERR: Db Error: Table 'jianglouzhen_czw.hx_Array' doesn't exist
SELECT * FROM hx_Array where pid=13 and status=1 and isdel=0 ORDER by rank asc 
[2020-07-15 13:50:54] /index.php ( url=index&do=index ) 
ERR: Db Error: Table 'jianglouzhen_czw.hx_Array' doesn't exist
SELECT * FROM hx_Array where pid=14 and status=1 and isdel=0 ORDER by rank asc 
[2020-07-15 13:50:54] /index.php ( url=index&do=index ) 
ERR: Db Error: Table 'jianglouzhen_czw.hx_Array' doesn't exist
SELECT * FROM hx_Array where pid=15 and status=1 and isdel=0 ORDER by rank asc 
[2020-07-15 13:51:03] /index.php ( url=index&do=index ) 
ERR: Db Error: Table 'jianglouzhen_czw.hx_Array' doesn't exist
SELECT * FROM hx_Array where pid=11 and status=1 and isdel=0 ORDER by rank asc 
[2020-07-15 13:51:03] /index.php ( url=index&do=index ) 
ERR: Db Error: Table 'jianglouzhen_czw.hx_Array' doesn't exist
SELECT * FROM hx_Array where pid=12 and status=1 and isdel=0 ORDER by rank asc 
[2020-07-15 13:51:03] /index.php ( url=index&do=index ) 
ERR: Db Error: Table 'jianglouzhen_czw.hx_Array' doesn't exist
SELECT * FROM hx_Array where pid=13 and status=1 and isdel=0 ORDER by rank asc 
[2020-07-15 13:51:03] /index.php ( url=index&do=index ) 
ERR: Db Error: Table 'jianglouzhen_czw.hx_Array' doesn't exist
SELECT * FROM hx_Array where pid=14 and status=1 and isdel=0 ORDER by rank asc 
[2020-07-15 13:51:03] /index.php ( url=index&do=index ) 
ERR: Db Error: Table 'jianglouzhen_czw.hx_Array' doesn't exist
SELECT * FROM hx_Array where pid=15 and status=1 and isdel=0 ORDER by rank asc 
[2020-07-15 13:51:03] / ( url=index&do=index ) 
ERR: Db Error: Table 'jianglouzhen_czw.hx_Array' doesn't exist
SELECT * FROM hx_Array where pid=11 and status=1 and isdel=0 ORDER by rank asc 
[2020-07-15 13:51:03] / ( url=index&do=index ) 
ERR: Db Error: Table 'jianglouzhen_czw.hx_Array' doesn't exist
SELECT * FROM hx_Array where pid=12 and status=1 and isdel=0 ORDER by rank asc 
[2020-07-15 13:51:03] / ( url=index&do=index ) 
ERR: Db Error: Table 'jianglouzhen_czw.hx_Array' doesn't exist
SELECT * FROM hx_Array where pid=13 and status=1 and isdel=0 ORDER by rank asc 
[2020-07-15 13:51:03] / ( url=index&do=index ) 
ERR: Db Error: Table 'jianglouzhen_czw.hx_Array' doesn't exist
SELECT * FROM hx_Array where pid=14 and status=1 and isdel=0 ORDER by rank asc 
[2020-07-15 13:51:03] / ( url=index&do=index ) 
ERR: Db Error: Table 'jianglouzhen_czw.hx_Array' doesn't exist
SELECT * FROM hx_Array where pid=15 and status=1 and isdel=0 ORDER by rank asc 
[2020-07-15 13:51:10] / ( url=index&do=index ) 
ERR: Db Error: Table 'jianglouzhen_czw.hx_Array' doesn't exist
SELECT * FROM hx_Array where pid=11 and status=1 and isdel=0 ORDER by rank asc 
[2020-07-15 13:51:10] / ( url=index&do=index ) 
ERR: Db Error: Table 'jianglouzhen_czw.hx_Array' doesn't exist
SELECT * FROM hx_Array where pid=12 and status=1 and isdel=0 ORDER by rank asc 
[2020-07-15 13:51:10] / ( url=index&do=index ) 
ERR: Db Error: Table 'jianglouzhen_czw.hx_Array' doesn't exist
SELECT * FROM hx_Array where pid=13 and status=1 and isdel=0 ORDER by rank asc 
[2020-07-15 13:51:10] / ( url=index&do=index ) 
ERR: Db Error: Table 'jianglouzhen_czw.hx_Array' doesn't exist
SELECT * FROM hx_Array where pid=14 and status=1 and isdel=0 ORDER by rank asc 
[2020-07-15 13:51:10] / ( url=index&do=index ) 
ERR: Db Error: Table 'jianglouzhen_czw.hx_Array' doesn't exist
SELECT * FROM hx_Array where pid=15 and status=1 and isdel=0 ORDER by rank asc 
[2020-07-15 13:51:13] /index.php?url=news&do=index&pid=9 ( url=news&do=index ) 
ERR: Db Error: Table 'jianglouzhen_czw.hx_Array' doesn't exist
SELECT * FROM hx_Array where pid=16 and status=1 and isdel=0 ORDER by rank asc 
[2020-07-15 13:51:13] /index.php?url=news&do=index&pid=9 ( url=news&do=index ) 
ERR: Db Error: Table 'jianglouzhen_czw.hx_Array' doesn't exist
SELECT * FROM hx_Array where pid=17 and status=1 and isdel=0 ORDER by rank asc 
[2020-07-15 13:51:16] /index.php?url=news&do=index&pid=2 ( url=news&do=index ) 
ERR: Db Error: Table 'jianglouzhen_czw.hx_Array' doesn't exist
SELECT * FROM hx_Array where pid=11 and status=1 and isdel=0 ORDER by rank asc 
[2020-07-15 13:51:16] /index.php?url=news&do=index&pid=2 ( url=news&do=index ) 
ERR: Db Error: Table 'jianglouzhen_czw.hx_Array' doesn't exist
SELECT * FROM hx_Array where pid=12 and status=1 and isdel=0 ORDER by rank asc 
[2020-07-15 13:51:16] /index.php?url=news&do=index&pid=2 ( url=news&do=index ) 
ERR: Db Error: Table 'jianglouzhen_czw.hx_Array' doesn't exist
SELECT * FROM hx_Array where pid=13 and status=1 and isdel=0 ORDER by rank asc 
[2020-07-15 13:51:16] /index.php?url=news&do=index&pid=2 ( url=news&do=index ) 
ERR: Db Error: Table 'jianglouzhen_czw.hx_Array' doesn't exist
SELECT * FROM hx_Array where pid=14 and status=1 and isdel=0 ORDER by rank asc 
[2020-07-15 13:51:16] /index.php?url=news&do=index&pid=2 ( url=news&do=index ) 
ERR: Db Error: Table 'jianglouzhen_czw.hx_Array' doesn't exist
SELECT * FROM hx_Array where pid=15 and status=1 and isdel=0 ORDER by rank asc 
[2020-07-15 13:51:22] /index.php ( url=index&do=index ) 
ERR: Db Error: Table 'jianglouzhen_czw.hx_Array' doesn't exist
SELECT * FROM hx_Array where pid=11 and status=1 and isdel=0 ORDER by rank asc 
[2020-07-15 13:51:22] /index.php ( url=index&do=index ) 
ERR: Db Error: Table 'jianglouzhen_czw.hx_Array' doesn't exist
SELECT * FROM hx_Array where pid=12 and status=1 and isdel=0 ORDER by rank asc 
[2020-07-15 13:51:22] /index.php ( url=index&do=index ) 
ERR: Db Error: Table 'jianglouzhen_czw.hx_Array' doesn't exist
SELECT * FROM hx_Array where pid=13 and status=1 and isdel=0 ORDER by rank asc 
[2020-07-15 13:51:22] /index.php ( url=index&do=index ) 
ERR: Db Error: Table 'jianglouzhen_czw.hx_Array' doesn't exist
SELECT * FROM hx_Array where pid=14 and status=1 and isdel=0 ORDER by rank asc 
[2020-07-15 13:51:22] /index.php ( url=index&do=index ) 
ERR: Db Error: Table 'jianglouzhen_czw.hx_Array' doesn't exist
SELECT * FROM hx_Array where pid=15 and status=1 and isdel=0 ORDER by rank asc 
[2020-07-15 13:51:23] / ( url=index&do=index ) 
ERR: Db Error: Table 'jianglouzhen_czw.hx_Array' doesn't exist
SELECT * FROM hx_Array where pid=11 and status=1 and isdel=0 ORDER by rank asc 
[2020-07-15 13:51:23] / ( url=index&do=index ) 
ERR: Db Error: Table 'jianglouzhen_czw.hx_Array' doesn't exist
SELECT * FROM hx_Array where pid=12 and status=1 and isdel=0 ORDER by rank asc 
[2020-07-15 13:51:23] / ( url=index&do=index ) 
ERR: Db Error: Table 'jianglouzhen_czw.hx_Array' doesn't exist
SELECT * FROM hx_Array where pid=13 and status=1 and isdel=0 ORDER by rank asc 
[2020-07-15 13:51:23] / ( url=index&do=index ) 
ERR: Db Error: Table 'jianglouzhen_czw.hx_Array' doesn't exist
SELECT * FROM hx_Array where pid=14 and status=1 and isdel=0 ORDER by rank asc 
[2020-07-15 13:51:23] / ( url=index&do=index ) 
ERR: Db Error: Table 'jianglouzhen_czw.hx_Array' doesn't exist
SELECT * FROM hx_Array where pid=15 and status=1 and isdel=0 ORDER by rank asc 
[2020-07-15 13:52:09] /index.php ( url=index&do=index ) 
ERR: Db Error: Table 'jianglouzhen_czw.hx_Array' doesn't exist
SELECT * FROM hx_Array where pid=11 and status=1 and isdel=0 ORDER by rank asc 
[2020-07-15 13:52:09] /index.php ( url=index&do=index ) 
ERR: Db Error: Table 'jianglouzhen_czw.hx_Array' doesn't exist
SELECT * FROM hx_Array where pid=12 and status=1 and isdel=0 ORDER by rank asc 
[2020-07-15 13:52:09] /index.php ( url=index&do=index ) 
ERR: Db Error: Table 'jianglouzhen_czw.hx_Array' doesn't exist
SELECT * FROM hx_Array where pid=13 and status=1 and isdel=0 ORDER by rank asc 
[2020-07-15 13:52:09] /index.php ( url=index&do=index ) 
ERR: Db Error: Table 'jianglouzhen_czw.hx_Array' doesn't exist
SELECT * FROM hx_Array where pid=14 and status=1 and isdel=0 ORDER by rank asc 
[2020-07-15 13:52:09] /index.php ( url=index&do=index ) 
ERR: Db Error: Table 'jianglouzhen_czw.hx_Array' doesn't exist
SELECT * FROM hx_Array where pid=15 and status=1 and isdel=0 ORDER by rank asc 
[2020-07-15 13:52:19] /index.php?url=news&do=index&pid=2 ( url=news&do=index ) 
ERR: Db Error: Table 'jianglouzhen_czw.hx_Array' doesn't exist
SELECT * FROM hx_Array where pid=11 and status=1 and isdel=0 ORDER by rank asc 
[2020-07-15 13:52:19] /index.php?url=news&do=index&pid=2 ( url=news&do=index ) 
ERR: Db Error: Table 'jianglouzhen_czw.hx_Array' doesn't exist
SELECT * FROM hx_Array where pid=12 and status=1 and isdel=0 ORDER by rank asc 
[2020-07-15 13:52:19] /index.php?url=news&do=index&pid=2 ( url=news&do=index ) 
ERR: Db Error: Table 'jianglouzhen_czw.hx_Array' doesn't exist
SELECT * FROM hx_Array where pid=13 and status=1 and isdel=0 ORDER by rank asc 
[2020-07-15 13:52:19] /index.php?url=news&do=index&pid=2 ( url=news&do=index ) 
ERR: Db Error: Table 'jianglouzhen_czw.hx_Array' doesn't exist
SELECT * FROM hx_Array where pid=14 and status=1 and isdel=0 ORDER by rank asc 
[2020-07-15 13:52:19] /index.php?url=news&do=index&pid=2 ( url=news&do=index ) 
ERR: Db Error: Table 'jianglouzhen_czw.hx_Array' doesn't exist
SELECT * FROM hx_Array where pid=15 and status=1 and isdel=0 ORDER by rank asc 
[2020-07-15 13:52:21] /index.php?url=news&do=index&pid=9 ( url=news&do=index ) 
ERR: Db Error: Table 'jianglouzhen_czw.hx_Array' doesn't exist
SELECT * FROM hx_Array where pid=16 and status=1 and isdel=0 ORDER by rank asc 
[2020-07-15 13:52:21] /index.php?url=news&do=index&pid=9 ( url=news&do=index ) 
ERR: Db Error: Table 'jianglouzhen_czw.hx_Array' doesn't exist
SELECT * FROM hx_Array where pid=17 and status=1 and isdel=0 ORDER by rank asc 
[2020-07-15 13:52:23] /index.php ( url=index&do=index ) 
ERR: Db Error: Table 'jianglouzhen_czw.hx_Array' doesn't exist
SELECT * FROM hx_Array where pid=11 and status=1 and isdel=0 ORDER by rank asc 
[2020-07-15 13:52:23] /index.php ( url=index&do=index ) 
ERR: Db Error: Table 'jianglouzhen_czw.hx_Array' doesn't exist
SELECT * FROM hx_Array where pid=12 and status=1 and isdel=0 ORDER by rank asc 
[2020-07-15 13:52:23] /index.php ( url=index&do=index ) 
ERR: Db Error: Table 'jianglouzhen_czw.hx_Array' doesn't exist
SELECT * FROM hx_Array where pid=13 and status=1 and isdel=0 ORDER by rank asc 
[2020-07-15 13:52:23] /index.php ( url=index&do=index ) 
ERR: Db Error: Table 'jianglouzhen_czw.hx_Array' doesn't exist
SELECT * FROM hx_Array where pid=14 and status=1 and isdel=0 ORDER by rank asc 
[2020-07-15 13:52:23] /index.php ( url=index&do=index ) 
ERR: Db Error: Table 'jianglouzhen_czw.hx_Array' doesn't exist
SELECT * FROM hx_Array where pid=15 and status=1 and isdel=0 ORDER by rank asc 
[2020-07-15 13:53:01] /index.php ( url=index&do=index ) 
ERR: Db Error: Table 'jianglouzhen_czw.hx_Array' doesn't exist
SELECT * FROM hx_Array where pid=11 and status=1 and isdel=0 ORDER by rank asc 
[2020-07-15 13:53:01] /index.php ( url=index&do=index ) 
ERR: Db Error: Table 'jianglouzhen_czw.hx_Array' doesn't exist
SELECT * FROM hx_Array where pid=12 and status=1 and isdel=0 ORDER by rank asc 
[2020-07-15 13:53:01] /index.php ( url=index&do=index ) 
ERR: Db Error: Table 'jianglouzhen_czw.hx_Array' doesn't exist
SELECT * FROM hx_Array where pid=13 and status=1 and isdel=0 ORDER by rank asc 
[2020-07-15 13:53:01] /index.php ( url=index&do=index ) 
ERR: Db Error: Table 'jianglouzhen_czw.hx_Array' doesn't exist
SELECT * FROM hx_Array where pid=14 and status=1 and isdel=0 ORDER by rank asc 
[2020-07-15 13:53:01] /index.php ( url=index&do=index ) 
ERR: Db Error: Table 'jianglouzhen_czw.hx_Array' doesn't exist
SELECT * FROM hx_Array where pid=15 and status=1 and isdel=0 ORDER by rank asc 
[2020-07-15 13:53:10] / ( url=index&do=index ) 
ERR: Db Error: Table 'jianglouzhen_czw.hx_Array' doesn't exist
SELECT * FROM hx_Array where pid=11 and status=1 and isdel=0 ORDER by rank asc 
[2020-07-15 13:53:10] / ( url=index&do=index ) 
ERR: Db Error: Table 'jianglouzhen_czw.hx_Array' doesn't exist
SELECT * FROM hx_Array where pid=12 and status=1 and isdel=0 ORDER by rank asc 
[2020-07-15 13:53:10] / ( url=index&do=index ) 
ERR: Db Error: Table 'jianglouzhen_czw.hx_Array' doesn't exist
SELECT * FROM hx_Array where pid=13 and status=1 and isdel=0 ORDER by rank asc 
[2020-07-15 13:53:10] / ( url=index&do=index ) 
ERR: Db Error: Table 'jianglouzhen_czw.hx_Array' doesn't exist
SELECT * FROM hx_Array where pid=14 and status=1 and isdel=0 ORDER by rank asc 
[2020-07-15 13:53:10] / ( url=index&do=index ) 
ERR: Db Error: Table 'jianglouzhen_czw.hx_Array' doesn't exist
SELECT * FROM hx_Array where pid=15 and status=1 and isdel=0 ORDER by rank asc 
[2020-07-15 13:53:26] /index.php?url=news&do=index&pid=9 ( url=news&do=index ) 
ERR: Db Error: Table 'jianglouzhen_czw.hx_Array' doesn't exist
SELECT * FROM hx_Array where pid=16 and status=1 and isdel=0 ORDER by rank asc 
[2020-07-15 13:53:26] /index.php?url=news&do=index&pid=9 ( url=news&do=index ) 
ERR: Db Error: Table 'jianglouzhen_czw.hx_Array' doesn't exist
SELECT * FROM hx_Array where pid=17 and status=1 and isdel=0 ORDER by rank asc 
[2020-07-15 13:53:47] /index.php ( url=index&do=index ) 
ERR: Db Error: Table 'jianglouzhen_czw.hx_Array' doesn't exist
SELECT * FROM hx_Array where pid=11 and status=1 and isdel=0 ORDER by rank asc 
[2020-07-15 13:53:47] /index.php ( url=index&do=index ) 
ERR: Db Error: Table 'jianglouzhen_czw.hx_Array' doesn't exist
SELECT * FROM hx_Array where pid=12 and status=1 and isdel=0 ORDER by rank asc 
[2020-07-15 13:53:47] /index.php ( url=index&do=index ) 
ERR: Db Error: Table 'jianglouzhen_czw.hx_Array' doesn't exist
SELECT * FROM hx_Array where pid=13 and status=1 and isdel=0 ORDER by rank asc 
[2020-07-15 13:53:47] /index.php ( url=index&do=index ) 
ERR: Db Error: Table 'jianglouzhen_czw.hx_Array' doesn't exist
SELECT * FROM hx_Array where pid=14 and status=1 and isdel=0 ORDER by rank asc 
[2020-07-15 13:53:47] /index.php ( url=index&do=index ) 
ERR: Db Error: Table 'jianglouzhen_czw.hx_Array' doesn't exist
SELECT * FROM hx_Array where pid=15 and status=1 and isdel=0 ORDER by rank asc 
[2020-07-15 13:54:05] /index.php ( url=index&do=index ) 
ERR: Db Error: Table 'jianglouzhen_czw.hx_Array' doesn't exist
SELECT * FROM hx_Array where pid=11 and status=1 and isdel=0 ORDER by rank asc 
[2020-07-15 13:54:05] /index.php ( url=index&do=index ) 
ERR: Db Error: Table 'jianglouzhen_czw.hx_Array' doesn't exist
SELECT * FROM hx_Array where pid=12 and status=1 and isdel=0 ORDER by rank asc 
[2020-07-15 13:54:05] /index.php ( url=index&do=index ) 
ERR: Db Error: Table 'jianglouzhen_czw.hx_Array' doesn't exist
SELECT * FROM hx_Array where pid=13 and status=1 and isdel=0 ORDER by rank asc 
[2020-07-15 13:54:05] /index.php ( url=index&do=index ) 
ERR: Db Error: Table 'jianglouzhen_czw.hx_Array' doesn't exist
SELECT * FROM hx_Array where pid=14 and status=1 and isdel=0 ORDER by rank asc 
[2020-07-15 13:54:05] /index.php ( url=index&do=index ) 
ERR: Db Error: Table 'jianglouzhen_czw.hx_Array' doesn't exist
SELECT * FROM hx_Array where pid=15 and status=1 and isdel=0 ORDER by rank asc 
[2020-07-15 14:20:30] /index.php?url=news&do=index&pid=2 ( url=news&do=index ) 
ERR: Db Error: Table 'jianglouzhen_czw.hx_Array' doesn't exist
SELECT * FROM hx_Array where pid=11 and status=1 and isdel=0 ORDER by rank asc 
[2020-07-15 14:20:30] /index.php?url=news&do=index&pid=2 ( url=news&do=index ) 
ERR: Db Error: Table 'jianglouzhen_czw.hx_Array' doesn't exist
SELECT * FROM hx_Array where pid=12 and status=1 and isdel=0 ORDER by rank asc 
[2020-07-15 14:20:30] /index.php?url=news&do=index&pid=2 ( url=news&do=index ) 
ERR: Db Error: Table 'jianglouzhen_czw.hx_Array' doesn't exist
SELECT * FROM hx_Array where pid=13 and status=1 and isdel=0 ORDER by rank asc 
[2020-07-15 14:20:30] /index.php?url=news&do=index&pid=2 ( url=news&do=index ) 
ERR: Db Error: Table 'jianglouzhen_czw.hx_Array' doesn't exist
SELECT * FROM hx_Array where pid=14 and status=1 and isdel=0 ORDER by rank asc 
[2020-07-15 14:20:30] /index.php?url=news&do=index&pid=2 ( url=news&do=index ) 
ERR: Db Error: Table 'jianglouzhen_czw.hx_Array' doesn't exist
SELECT * FROM hx_Array where pid=15 and status=1 and isdel=0 ORDER by rank asc 
[2020-07-15 14:22:01] / ( url=index&do=index ) 
ERR: Db Error: Table 'jianglouzhen_czw.hx_Array' doesn't exist
SELECT * FROM hx_Array where pid=11 and status=1 and isdel=0 ORDER by rank asc 
[2020-07-15 14:22:01] / ( url=index&do=index ) 
ERR: Db Error: Table 'jianglouzhen_czw.hx_Array' doesn't exist
SELECT * FROM hx_Array where pid=12 and status=1 and isdel=0 ORDER by rank asc 
[2020-07-15 14:22:01] / ( url=index&do=index ) 
ERR: Db Error: Table 'jianglouzhen_czw.hx_Array' doesn't exist
SELECT * FROM hx_Array where pid=13 and status=1 and isdel=0 ORDER by rank asc 
[2020-07-15 14:22:01] / ( url=index&do=index ) 
ERR: Db Error: Table 'jianglouzhen_czw.hx_Array' doesn't exist
SELECT * FROM hx_Array where pid=14 and status=1 and isdel=0 ORDER by rank asc 
[2020-07-15 14:22:01] / ( url=index&do=index ) 
ERR: Db Error: Table 'jianglouzhen_czw.hx_Array' doesn't exist
SELECT * FROM hx_Array where pid=15 and status=1 and isdel=0 ORDER by rank asc 
[2020-07-15 14:22:01] / ( url=index&do=index ) 
ERR: Db Error: Table 'jianglouzhen_czw.hx_Array' doesn't exist
SELECT * FROM hx_Array where pid=11 and status=1 and isdel=0 ORDER by rank asc 
[2020-07-15 14:22:01] / ( url=index&do=index ) 
ERR: Db Error: Table 'jianglouzhen_czw.hx_Array' doesn't exist
SELECT * FROM hx_Array where pid=12 and status=1 and isdel=0 ORDER by rank asc 
[2020-07-15 14:22:01] / ( url=index&do=index ) 
ERR: Db Error: Table 'jianglouzhen_czw.hx_Array' doesn't exist
SELECT * FROM hx_Array where pid=13 and status=1 and isdel=0 ORDER by rank asc 
[2020-07-15 14:22:01] / ( url=index&do=index ) 
ERR: Db Error: Table 'jianglouzhen_czw.hx_Array' doesn't exist
SELECT * FROM hx_Array where pid=14 and status=1 and isdel=0 ORDER by rank asc 
[2020-07-15 14:22:01] / ( url=index&do=index ) 
ERR: Db Error: Table 'jianglouzhen_czw.hx_Array' doesn't exist
SELECT * FROM hx_Array where pid=15 and status=1 and isdel=0 ORDER by rank asc 
[2020-07-15 15:12:17] / ( url=index&do=index ) 
ERR: Db Error: Table 'jianglouzhen_czw.hx_Array' doesn't exist
SELECT * FROM hx_Array where pid=11 and status=1 and isdel=0 ORDER by rank asc 
[2020-07-15 15:12:17] / ( url=index&do=index ) 
ERR: Db Error: Table 'jianglouzhen_czw.hx_Array' doesn't exist
SELECT * FROM hx_Array where pid=12 and status=1 and isdel=0 ORDER by rank asc 
[2020-07-15 15:12:17] / ( url=index&do=index ) 
ERR: Db Error: Table 'jianglouzhen_czw.hx_Array' doesn't exist
SELECT * FROM hx_Array where pid=13 and status=1 and isdel=0 ORDER by rank asc 
[2020-07-15 15:12:17] / ( url=index&do=index ) 
ERR: Db Error: Table 'jianglouzhen_czw.hx_Array' doesn't exist
SELECT * FROM hx_Array where pid=14 and status=1 and isdel=0 ORDER by rank asc 
[2020-07-15 15:12:17] / ( url=index&do=index ) 
ERR: Db Error: Table 'jianglouzhen_czw.hx_Array' doesn't exist
SELECT * FROM hx_Array where pid=15 and status=1 and isdel=0 ORDER by rank asc 
[2020-07-15 16:42:22] /index.php ( url=index&do=index ) 
ERR: Db Error: Table 'jianglouzhen_czw.hx_Array' doesn't exist
SELECT * FROM hx_Array where pid=11 and status=1 and isdel=0 ORDER by rank asc 
[2020-07-15 16:42:22] /index.php ( url=index&do=index ) 
ERR: Db Error: Table 'jianglouzhen_czw.hx_Array' doesn't exist
SELECT * FROM hx_Array where pid=12 and status=1 and isdel=0 ORDER by rank asc 
[2020-07-15 16:42:22] /index.php ( url=index&do=index ) 
ERR: Db Error: Table 'jianglouzhen_czw.hx_Array' doesn't exist
SELECT * FROM hx_Array where pid=13 and status=1 and isdel=0 ORDER by rank asc 
[2020-07-15 16:42:22] /index.php ( url=index&do=index ) 
ERR: Db Error: Table 'jianglouzhen_czw.hx_Array' doesn't exist
SELECT * FROM hx_Array where pid=14 and status=1 and isdel=0 ORDER by rank asc 
[2020-07-15 16:42:22] /index.php ( url=index&do=index ) 
ERR: Db Error: Table 'jianglouzhen_czw.hx_Array' doesn't exist
SELECT * FROM hx_Array where pid=15 and status=1 and isdel=0 ORDER by rank asc 
[2020-07-15 16:43:24] /index.php ( url=index&do=index ) 
ERR: Db Error: Table 'jianglouzhen_czw.hx_Array' doesn't exist
SELECT * FROM hx_Array where pid=11 and status=1 and isdel=0 ORDER by rank asc 
[2020-07-15 16:43:24] /index.php ( url=index&do=index ) 
ERR: Db Error: Table 'jianglouzhen_czw.hx_Array' doesn't exist
SELECT * FROM hx_Array where pid=12 and status=1 and isdel=0 ORDER by rank asc 
[2020-07-15 16:43:24] /index.php ( url=index&do=index ) 
ERR: Db Error: Table 'jianglouzhen_czw.hx_Array' doesn't exist
SELECT * FROM hx_Array where pid=13 and status=1 and isdel=0 ORDER by rank asc 
[2020-07-15 16:43:24] /index.php ( url=index&do=index ) 
ERR: Db Error: Table 'jianglouzhen_czw.hx_Array' doesn't exist
SELECT * FROM hx_Array where pid=14 and status=1 and isdel=0 ORDER by rank asc 
[2020-07-15 16:43:24] /index.php ( url=index&do=index ) 
ERR: Db Error: Table 'jianglouzhen_czw.hx_Array' doesn't exist
SELECT * FROM hx_Array where pid=15 and status=1 and isdel=0 ORDER by rank asc 
[2020-07-15 16:46:07] /index.php ( url=index&do=index ) 
ERR: Db Error: Table 'jianglouzhen_czw.hx_Array' doesn't exist
SELECT * FROM hx_Array where pid=11 and status=1 and isdel=0 ORDER by rank asc 
[2020-07-15 16:46:07] /index.php ( url=index&do=index ) 
ERR: Db Error: Table 'jianglouzhen_czw.hx_Array' doesn't exist
SELECT * FROM hx_Array where pid=12 and status=1 and isdel=0 ORDER by rank asc 
[2020-07-15 16:46:07] /index.php ( url=index&do=index ) 
ERR: Db Error: Table 'jianglouzhen_czw.hx_Array' doesn't exist
SELECT * FROM hx_Array where pid=13 and status=1 and isdel=0 ORDER by rank asc 
[2020-07-15 16:46:07] /index.php ( url=index&do=index ) 
ERR: Db Error: Table 'jianglouzhen_czw.hx_Array' doesn't exist
SELECT * FROM hx_Array where pid=14 and status=1 and isdel=0 ORDER by rank asc 
[2020-07-15 16:46:07] /index.php ( url=index&do=index ) 
ERR: Db Error: Table 'jianglouzhen_czw.hx_Array' doesn't exist
SELECT * FROM hx_Array where pid=15 and status=1 and isdel=0 ORDER by rank asc 
[2020-07-15 16:46:50] /index.php ( url=index&do=index ) 
ERR: Db Error: Table 'jianglouzhen_czw.hx_Array' doesn't exist
SELECT * FROM hx_Array where pid=11 and status=1 and isdel=0 ORDER by rank asc 
[2020-07-15 16:46:50] /index.php ( url=index&do=index ) 
ERR: Db Error: Table 'jianglouzhen_czw.hx_Array' doesn't exist
SELECT * FROM hx_Array where pid=12 and status=1 and isdel=0 ORDER by rank asc 
[2020-07-15 16:46:50] /index.php ( url=index&do=index ) 
ERR: Db Error: Table 'jianglouzhen_czw.hx_Array' doesn't exist
SELECT * FROM hx_Array where pid=13 and status=1 and isdel=0 ORDER by rank asc 
[2020-07-15 16:46:50] /index.php ( url=index&do=index ) 
ERR: Db Error: Table 'jianglouzhen_czw.hx_Array' doesn't exist
SELECT * FROM hx_Array where pid=14 and status=1 and isdel=0 ORDER by rank asc 
[2020-07-15 16:46:50] /index.php ( url=index&do=index ) 
ERR: Db Error: Table 'jianglouzhen_czw.hx_Array' doesn't exist
SELECT * FROM hx_Array where pid=15 and status=1 and isdel=0 ORDER by rank asc 
[2020-07-15 16:47:02] / ( url=index&do=index ) 
ERR: Db Error: Table 'jianglouzhen_czw.hx_Array' doesn't exist
SELECT * FROM hx_Array where pid=11 and status=1 and isdel=0 ORDER by rank asc 
[2020-07-15 16:47:02] / ( url=index&do=index ) 
ERR: Db Error: Table 'jianglouzhen_czw.hx_Array' doesn't exist
SELECT * FROM hx_Array where pid=12 and status=1 and isdel=0 ORDER by rank asc 
[2020-07-15 16:47:02] / ( url=index&do=index ) 
ERR: Db Error: Table 'jianglouzhen_czw.hx_Array' doesn't exist
SELECT * FROM hx_Array where pid=13 and status=1 and isdel=0 ORDER by rank asc 
[2020-07-15 16:47:02] / ( url=index&do=index ) 
ERR: Db Error: Table 'jianglouzhen_czw.hx_Array' doesn't exist
SELECT * FROM hx_Array where pid=14 and status=1 and isdel=0 ORDER by rank asc 
[2020-07-15 16:47:02] / ( url=index&do=index ) 
ERR: Db Error: Table 'jianglouzhen_czw.hx_Array' doesn't exist
SELECT * FROM hx_Array where pid=15 and status=1 and isdel=0 ORDER by rank asc 
[2020-07-15 16:47:08] /index.php ( url=index&do=index ) 
ERR: Db Error: Table 'jianglouzhen_czw.hx_Array' doesn't exist
SELECT * FROM hx_Array where pid=11 and status=1 and isdel=0 ORDER by rank asc 
[2020-07-15 16:47:08] /index.php ( url=index&do=index ) 
ERR: Db Error: Table 'jianglouzhen_czw.hx_Array' doesn't exist
SELECT * FROM hx_Array where pid=12 and status=1 and isdel=0 ORDER by rank asc 
[2020-07-15 16:47:08] /index.php ( url=index&do=index ) 
ERR: Db Error: Table 'jianglouzhen_czw.hx_Array' doesn't exist
SELECT * FROM hx_Array where pid=13 and status=1 and isdel=0 ORDER by rank asc 
[2020-07-15 16:47:08] /index.php ( url=index&do=index ) 
ERR: Db Error: Table 'jianglouzhen_czw.hx_Array' doesn't exist
SELECT * FROM hx_Array where pid=14 and status=1 and isdel=0 ORDER by rank asc 
[2020-07-15 16:47:08] /index.php ( url=index&do=index ) 
ERR: Db Error: Table 'jianglouzhen_czw.hx_Array' doesn't exist
SELECT * FROM hx_Array where pid=15 and status=1 and isdel=0 ORDER by rank asc 
