[2020-08-11 00:02:01] / ( url=index&do=index ) 
ERR: Db Error: Table 'jianglou.hx_Array' doesn't exist
SELECT * FROM hx_Array where pid=11 and status=1 and isdel=0 ORDER by rank asc 
[2020-08-11 00:02:01] / ( url=index&do=index ) 
ERR: Db Error: Table 'jianglou.hx_Array' doesn't exist
SELECT * FROM hx_Array where pid=12 and status=1 and isdel=0 ORDER by rank asc 
[2020-08-11 00:02:01] / ( url=index&do=index ) 
ERR: Db Error: Table 'jianglou.hx_Array' doesn't exist
SELECT * FROM hx_Array where pid=13 and status=1 and isdel=0 ORDER by rank asc 
[2020-08-11 00:02:01] / ( url=index&do=index ) 
ERR: Db Error: Table 'jianglou.hx_Array' doesn't exist
SELECT * FROM hx_Array where pid=14 and status=1 and isdel=0 ORDER by rank asc 
[2020-08-11 00:02:01] / ( url=index&do=index ) 
ERR: Db Error: Table 'jianglou.hx_Array' doesn't exist
SELECT * FROM hx_Array where pid=15 and status=1 and isdel=0 ORDER by rank asc 
[2020-08-11 00:02:01] / ( url=index&do=index ) 
ERR: Db Error: Table 'jianglou.hx_Array' doesn't exist
SELECT * FROM hx_Array where pid=16 and status=1 and isdel=0 ORDER by rank asc 
[2020-08-11 00:02:01] / ( url=index&do=index ) 
ERR: Db Error: Table 'jianglou.hx_Array' doesn't exist
SELECT * FROM hx_Array where pid=17 and status=1 and isdel=0 ORDER by rank asc 
[2020-08-11 09:42:35] /manage/modules/organ/index.php?url=office_list&do=get_xml&pid= ( url=office_list&do=get_xml ) 
ERR: Db Error: Table 'jianglou.hx_office_list' doesn't exist
SELECT COUNT(*) AS nc_count FROM `hx_office_list` WHERE ( isdel = '0' ) ORDER BY rank asc LIMIT 1  
[2020-08-11 09:42:35] /manage/modules/organ/index.php?url=office_list&do=get_xml&pid= ( url=office_list&do=get_xml ) 
ERR: Db Error: Table 'jianglou.hx_office_list' doesn't exist
SELECT * FROM `hx_office_list` WHERE ( isdel = '0' ) ORDER BY rank asc LIMIT 0,15  
[2020-08-11 09:44:18] /manage/modules/organ/index.php?url=office_list&do=get_xml&pid= ( url=office_list&do=get_xml ) 
ERR: Db Error: Table 'jianglou.hx_office_list' doesn't exist
SELECT COUNT(*) AS nc_count FROM `hx_office_list` WHERE ( isdel = '0' ) ORDER BY rank asc LIMIT 1  
[2020-08-11 09:44:18] /manage/modules/organ/index.php?url=office_list&do=get_xml&pid= ( url=office_list&do=get_xml ) 
ERR: Db Error: Table 'jianglou.hx_office_list' doesn't exist
SELECT * FROM `hx_office_list` WHERE ( isdel = '0' ) ORDER BY rank asc LIMIT 0,15  
[2020-08-11 09:44:28] /manage/modules/organ/index.php?url=depart_list&do=get_xml&pid= ( url=depart_list&do=get_xml ) 
ERR: Db Error: Table 'jianglou.hx_depart_list' doesn't exist
SELECT COUNT(*) AS nc_count FROM `hx_depart_list` WHERE ( pid = '0' ) AND ( isdel = '0' ) ORDER BY id desc LIMIT 1  
[2020-08-11 09:44:28] /manage/modules/organ/index.php?url=depart_list&do=get_xml&pid= ( url=depart_list&do=get_xml ) 
ERR: Db Error: Table 'jianglou.hx_depart_list' doesn't exist
SELECT * FROM `hx_depart_list` WHERE ( pid = '0' ) AND ( isdel = '0' ) ORDER BY id desc LIMIT 0,15  
[2020-08-11 09:48:43] /manage/modules/organ/index.php?url=office_list&do=get_xml&pid= ( url=office_list&do=get_xml ) 
ERR: Db Error: Table 'jianglou.hx_office_list' doesn't exist
SELECT COUNT(*) AS nc_count FROM `hx_office_list` WHERE ( isdel = '0' ) ORDER BY rank asc LIMIT 1  
[2020-08-11 09:48:43] /manage/modules/organ/index.php?url=office_list&do=get_xml&pid= ( url=office_list&do=get_xml ) 
ERR: Db Error: Table 'jianglou.hx_office_list' doesn't exist
SELECT * FROM `hx_office_list` WHERE ( isdel = '0' ) ORDER BY rank asc LIMIT 0,15  
[2020-08-11 09:48:49] /manage/modules/organ/index.php?url=depart_list&do=get_xml&pid= ( url=depart_list&do=get_xml ) 
ERR: Db Error: Table 'jianglou.hx_depart_list' doesn't exist
SELECT COUNT(*) AS nc_count FROM `hx_depart_list` WHERE ( pid = '0' ) AND ( isdel = '0' ) ORDER BY id desc LIMIT 1  
[2020-08-11 09:48:49] /manage/modules/organ/index.php?url=depart_list&do=get_xml&pid= ( url=depart_list&do=get_xml ) 
ERR: Db Error: Table 'jianglou.hx_depart_list' doesn't exist
SELECT * FROM `hx_depart_list` WHERE ( pid = '0' ) AND ( isdel = '0' ) ORDER BY id desc LIMIT 0,15  
[2020-08-11 09:49:15] /manage/modules/organ/index.php?url=office_list&do=get_xml&pid= ( url=office_list&do=get_xml ) 
ERR: Db Error: Table 'jianglou.hx_office_list' doesn't exist
SELECT COUNT(*) AS nc_count FROM `hx_office_list` WHERE ( isdel = '0' ) ORDER BY rank asc LIMIT 1  
[2020-08-11 09:49:15] /manage/modules/organ/index.php?url=office_list&do=get_xml&pid= ( url=office_list&do=get_xml ) 
ERR: Db Error: Table 'jianglou.hx_office_list' doesn't exist
SELECT * FROM `hx_office_list` WHERE ( isdel = '0' ) ORDER BY rank asc LIMIT 0,15  
[2020-08-11 09:49:55] /manage/modules/organ/index.php?url=depart_list&do=get_xml&pid= ( url=depart_list&do=get_xml ) 
ERR: Db Error: Table 'jianglou.hx_depart_list' doesn't exist
SELECT COUNT(*) AS nc_count FROM `hx_depart_list` WHERE ( pid = '0' ) AND ( isdel = '0' ) ORDER BY id desc LIMIT 1  
[2020-08-11 09:49:55] /manage/modules/organ/index.php?url=depart_list&do=get_xml&pid= ( url=depart_list&do=get_xml ) 
ERR: Db Error: Table 'jianglou.hx_depart_list' doesn't exist
SELECT * FROM `hx_depart_list` WHERE ( pid = '0' ) AND ( isdel = '0' ) ORDER BY id desc LIMIT 0,15  
[2020-08-11 09:49:56] /manage/modules/organ/index.php?url=office_list&do=get_xml&pid= ( url=office_list&do=get_xml ) 
ERR: Db Error: Table 'jianglou.hx_office_list' doesn't exist
SELECT COUNT(*) AS nc_count FROM `hx_office_list` WHERE ( isdel = '0' ) ORDER BY rank asc LIMIT 1  
[2020-08-11 09:49:56] /manage/modules/organ/index.php?url=office_list&do=get_xml&pid= ( url=office_list&do=get_xml ) 
ERR: Db Error: Table 'jianglou.hx_office_list' doesn't exist
SELECT * FROM `hx_office_list` WHERE ( isdel = '0' ) ORDER BY rank asc LIMIT 0,15  
[2020-08-11 09:51:50] /manage/modules/organ/index.php?url=office_list&do=get_xml&pid= ( url=office_list&do=get_xml ) 
ERR: Db Error: Table 'jianglou.hx_office_list' doesn't exist
SELECT COUNT(*) AS nc_count FROM `hx_office_list` WHERE ( isdel = '0' ) ORDER BY rank asc LIMIT 1  
[2020-08-11 09:51:50] /manage/modules/organ/index.php?url=office_list&do=get_xml&pid= ( url=office_list&do=get_xml ) 
ERR: Db Error: Table 'jianglou.hx_office_list' doesn't exist
SELECT * FROM `hx_office_list` WHERE ( isdel = '0' ) ORDER BY rank asc LIMIT 0,15  
[2020-08-11 09:53:12] /manage/modules/organ/index.php?url=depart_list&do=get_xml&pid= ( url=depart_list&do=get_xml ) 
ERR: Db Error: Table 'jianglou.hx_depart_list' doesn't exist
SELECT COUNT(*) AS nc_count FROM `hx_depart_list` WHERE ( pid = '0' ) AND ( isdel = '0' ) ORDER BY id desc LIMIT 1  
[2020-08-11 09:53:12] /manage/modules/organ/index.php?url=depart_list&do=get_xml&pid= ( url=depart_list&do=get_xml ) 
ERR: Db Error: Table 'jianglou.hx_depart_list' doesn't exist
SELECT * FROM `hx_depart_list` WHERE ( pid = '0' ) AND ( isdel = '0' ) ORDER BY id desc LIMIT 0,15  
[2020-08-11 09:53:43] /manage/modules/organ/index.php?url=office_list&do=get_xml&pid= ( url=office_list&do=get_xml ) 
ERR: Db Error: Table 'jianglou.hx_office_list' doesn't exist
SELECT COUNT(*) AS nc_count FROM `hx_office_list` WHERE ( isdel = '0' ) ORDER BY rank asc LIMIT 1  
[2020-08-11 09:53:43] /manage/modules/organ/index.php?url=office_list&do=get_xml&pid= ( url=office_list&do=get_xml ) 
ERR: Db Error: Table 'jianglou.hx_office_list' doesn't exist
SELECT * FROM `hx_office_list` WHERE ( isdel = '0' ) ORDER BY rank asc LIMIT 0,15  
[2020-08-11 09:53:45] /manage/modules/organ/index.php?url=depart_list&do=get_xml&pid= ( url=depart_list&do=get_xml ) 
ERR: Db Error: Table 'jianglou.hx_depart_list' doesn't exist
SELECT COUNT(*) AS nc_count FROM `hx_depart_list` WHERE ( pid = '0' ) AND ( isdel = '0' ) ORDER BY id desc LIMIT 1  
[2020-08-11 09:53:45] /manage/modules/organ/index.php?url=depart_list&do=get_xml&pid= ( url=depart_list&do=get_xml ) 
ERR: Db Error: Table 'jianglou.hx_depart_list' doesn't exist
SELECT * FROM `hx_depart_list` WHERE ( pid = '0' ) AND ( isdel = '0' ) ORDER BY id desc LIMIT 0,15  
[2020-08-11 10:03:09] /manage/modules/organ/index.php?url=depart_list&do=get_xml&pid= ( url=depart_list&do=get_xml ) 
ERR: Db Error: Table 'jianglou.hx_depart_list' doesn't exist
SELECT COUNT(*) AS nc_count FROM `hx_depart_list` WHERE ( pid = '0' ) AND ( isdel = '0' ) ORDER BY id desc LIMIT 1  
[2020-08-11 10:03:09] /manage/modules/organ/index.php?url=depart_list&do=get_xml&pid= ( url=depart_list&do=get_xml ) 
ERR: Db Error: Table 'jianglou.hx_depart_list' doesn't exist
SELECT * FROM `hx_depart_list` WHERE ( pid = '0' ) AND ( isdel = '0' ) ORDER BY id desc LIMIT 0,15  
[2020-08-11 10:18:19] /manage/modules/organ/index.php?url=office_list&do=get_xml&pid= ( url=office_list&do=get_xml ) 
ERR: Db Error: Table 'jianglou.hx_office_list' doesn't exist
SELECT COUNT(*) AS nc_count FROM `hx_office_list` WHERE ( isdel = '0' ) ORDER BY rank asc LIMIT 1  
[2020-08-11 10:18:19] /manage/modules/organ/index.php?url=office_list&do=get_xml&pid= ( url=office_list&do=get_xml ) 
ERR: Db Error: Table 'jianglou.hx_office_list' doesn't exist
SELECT * FROM `hx_office_list` WHERE ( isdel = '0' ) ORDER BY rank asc LIMIT 0,15  
[2020-08-11 10:18:39] /manage/modules/organ/index.php?url=depart_list&do=get_xml&pid= ( url=depart_list&do=get_xml ) 
ERR: Db Error: Table 'jianglou.hx_depart_list' doesn't exist
SELECT COUNT(*) AS nc_count FROM `hx_depart_list` WHERE ( pid = '0' ) AND ( isdel = '0' ) ORDER BY id desc LIMIT 1  
[2020-08-11 10:18:39] /manage/modules/organ/index.php?url=depart_list&do=get_xml&pid= ( url=depart_list&do=get_xml ) 
ERR: Db Error: Table 'jianglou.hx_depart_list' doesn't exist
SELECT * FROM `hx_depart_list` WHERE ( pid = '0' ) AND ( isdel = '0' ) ORDER BY id desc LIMIT 0,15  
[2020-08-11 10:19:01] /manage/modules/organ/index.php?url=depart_list&do=get_xml&pid= ( url=depart_list&do=get_xml ) 
ERR: Db Error: Table 'jianglou.hx_depart_list' doesn't exist
SELECT COUNT(*) AS nc_count FROM `hx_depart_list` WHERE ( pid = '0' ) AND ( isdel = '0' ) ORDER BY id desc LIMIT 1  
[2020-08-11 10:19:01] /manage/modules/organ/index.php?url=depart_list&do=get_xml&pid= ( url=depart_list&do=get_xml ) 
ERR: Db Error: Table 'jianglou.hx_depart_list' doesn't exist
SELECT * FROM `hx_depart_list` WHERE ( pid = '0' ) AND ( isdel = '0' ) ORDER BY id desc LIMIT 0,15  
[2020-08-11 10:19:03] /manage/modules/organ/index.php?url=office_list&do=get_xml&pid= ( url=office_list&do=get_xml ) 
ERR: Db Error: Table 'jianglou.hx_office_list' doesn't exist
SELECT COUNT(*) AS nc_count FROM `hx_office_list` WHERE ( isdel = '0' ) ORDER BY rank asc LIMIT 1  
[2020-08-11 10:19:03] /manage/modules/organ/index.php?url=office_list&do=get_xml&pid= ( url=office_list&do=get_xml ) 
ERR: Db Error: Table 'jianglou.hx_office_list' doesn't exist
SELECT * FROM `hx_office_list` WHERE ( isdel = '0' ) ORDER BY rank asc LIMIT 0,15  
[2020-08-11 10:19:04] /manage/modules/organ/index.php?url=depart_list&do=get_xml&pid= ( url=depart_list&do=get_xml ) 
ERR: Db Error: Table 'jianglou.hx_depart_list' doesn't exist
SELECT COUNT(*) AS nc_count FROM `hx_depart_list` WHERE ( pid = '0' ) AND ( isdel = '0' ) ORDER BY id desc LIMIT 1  
[2020-08-11 10:19:04] /manage/modules/organ/index.php?url=depart_list&do=get_xml&pid= ( url=depart_list&do=get_xml ) 
ERR: Db Error: Table 'jianglou.hx_depart_list' doesn't exist
SELECT * FROM `hx_depart_list` WHERE ( pid = '0' ) AND ( isdel = '0' ) ORDER BY id desc LIMIT 0,15  
[2020-08-11 10:19:07] /manage/modules/organ/index.php?url=office_list&do=get_xml&pid= ( url=office_list&do=get_xml ) 
ERR: Db Error: Table 'jianglou.hx_office_list' doesn't exist
SELECT COUNT(*) AS nc_count FROM `hx_office_list` WHERE ( isdel = '0' ) ORDER BY rank asc LIMIT 1  
[2020-08-11 10:19:07] /manage/modules/organ/index.php?url=office_list&do=get_xml&pid= ( url=office_list&do=get_xml ) 
ERR: Db Error: Table 'jianglou.hx_office_list' doesn't exist
SELECT * FROM `hx_office_list` WHERE ( isdel = '0' ) ORDER BY rank asc LIMIT 0,15  
[2020-08-11 10:19:08] /manage/modules/organ/index.php?url=depart_list&do=get_xml&pid= ( url=depart_list&do=get_xml ) 
ERR: Db Error: Table 'jianglou.hx_depart_list' doesn't exist
SELECT COUNT(*) AS nc_count FROM `hx_depart_list` WHERE ( pid = '0' ) AND ( isdel = '0' ) ORDER BY id desc LIMIT 1  
[2020-08-11 10:19:08] /manage/modules/organ/index.php?url=depart_list&do=get_xml&pid= ( url=depart_list&do=get_xml ) 
ERR: Db Error: Table 'jianglou.hx_depart_list' doesn't exist
SELECT * FROM `hx_depart_list` WHERE ( pid = '0' ) AND ( isdel = '0' ) ORDER BY id desc LIMIT 0,15  
[2020-08-11 10:19:09] /manage/modules/organ/index.php?url=office_list&do=get_xml&pid= ( url=office_list&do=get_xml ) 
ERR: Db Error: Table 'jianglou.hx_office_list' doesn't exist
SELECT COUNT(*) AS nc_count FROM `hx_office_list` WHERE ( isdel = '0' ) ORDER BY rank asc LIMIT 1  
[2020-08-11 10:19:09] /manage/modules/organ/index.php?url=office_list&do=get_xml&pid= ( url=office_list&do=get_xml ) 
ERR: Db Error: Table 'jianglou.hx_office_list' doesn't exist
SELECT * FROM `hx_office_list` WHERE ( isdel = '0' ) ORDER BY rank asc LIMIT 0,15  
[2020-08-11 10:19:10] /manage/modules/organ/index.php?url=depart_list&do=get_xml&pid= ( url=depart_list&do=get_xml ) 
ERR: Db Error: Table 'jianglou.hx_depart_list' doesn't exist
SELECT COUNT(*) AS nc_count FROM `hx_depart_list` WHERE ( pid = '0' ) AND ( isdel = '0' ) ORDER BY id desc LIMIT 1  
[2020-08-11 10:19:10] /manage/modules/organ/index.php?url=depart_list&do=get_xml&pid= ( url=depart_list&do=get_xml ) 
ERR: Db Error: Table 'jianglou.hx_depart_list' doesn't exist
SELECT * FROM `hx_depart_list` WHERE ( pid = '0' ) AND ( isdel = '0' ) ORDER BY id desc LIMIT 0,15  
[2020-08-11 10:19:10] /manage/modules/organ/index.php?url=office_list&do=get_xml&pid= ( url=office_list&do=get_xml ) 
ERR: Db Error: Table 'jianglou.hx_office_list' doesn't exist
SELECT COUNT(*) AS nc_count FROM `hx_office_list` WHERE ( isdel = '0' ) ORDER BY rank asc LIMIT 1  
[2020-08-11 10:19:10] /manage/modules/organ/index.php?url=office_list&do=get_xml&pid= ( url=office_list&do=get_xml ) 
ERR: Db Error: Table 'jianglou.hx_office_list' doesn't exist
SELECT * FROM `hx_office_list` WHERE ( isdel = '0' ) ORDER BY rank asc LIMIT 0,15  
[2020-08-11 10:19:11] /manage/modules/organ/index.php?url=depart_list&do=get_xml&pid= ( url=depart_list&do=get_xml ) 
ERR: Db Error: Table 'jianglou.hx_depart_list' doesn't exist
SELECT COUNT(*) AS nc_count FROM `hx_depart_list` WHERE ( pid = '0' ) AND ( isdel = '0' ) ORDER BY id desc LIMIT 1  
[2020-08-11 10:19:11] /manage/modules/organ/index.php?url=depart_list&do=get_xml&pid= ( url=depart_list&do=get_xml ) 
ERR: Db Error: Table 'jianglou.hx_depart_list' doesn't exist
SELECT * FROM `hx_depart_list` WHERE ( pid = '0' ) AND ( isdel = '0' ) ORDER BY id desc LIMIT 0,15  
[2020-08-11 10:19:13] /manage/modules/organ/index.php?url=office_list&do=get_xml&pid= ( url=office_list&do=get_xml ) 
ERR: Db Error: Table 'jianglou.hx_office_list' doesn't exist
SELECT COUNT(*) AS nc_count FROM `hx_office_list` WHERE ( isdel = '0' ) ORDER BY rank asc LIMIT 1  
[2020-08-11 10:19:13] /manage/modules/organ/index.php?url=office_list&do=get_xml&pid= ( url=office_list&do=get_xml ) 
ERR: Db Error: Table 'jianglou.hx_office_list' doesn't exist
SELECT * FROM `hx_office_list` WHERE ( isdel = '0' ) ORDER BY rank asc LIMIT 0,15  
[2020-08-11 10:19:16] /manage/modules/organ/index.php?url=depart_list&do=get_xml&pid= ( url=depart_list&do=get_xml ) 
ERR: Db Error: Table 'jianglou.hx_depart_list' doesn't exist
SELECT COUNT(*) AS nc_count FROM `hx_depart_list` WHERE ( pid = '0' ) AND ( isdel = '0' ) ORDER BY id desc LIMIT 1  
[2020-08-11 10:19:16] /manage/modules/organ/index.php?url=depart_list&do=get_xml&pid= ( url=depart_list&do=get_xml ) 
ERR: Db Error: Table 'jianglou.hx_depart_list' doesn't exist
SELECT * FROM `hx_depart_list` WHERE ( pid = '0' ) AND ( isdel = '0' ) ORDER BY id desc LIMIT 0,15  
[2020-08-11 10:19:17] /manage/modules/organ/index.php?url=office_list&do=get_xml&pid= ( url=office_list&do=get_xml ) 
ERR: Db Error: Table 'jianglou.hx_office_list' doesn't exist
SELECT COUNT(*) AS nc_count FROM `hx_office_list` WHERE ( isdel = '0' ) ORDER BY rank asc LIMIT 1  
[2020-08-11 10:19:17] /manage/modules/organ/index.php?url=office_list&do=get_xml&pid= ( url=office_list&do=get_xml ) 
ERR: Db Error: Table 'jianglou.hx_office_list' doesn't exist
SELECT * FROM `hx_office_list` WHERE ( isdel = '0' ) ORDER BY rank asc LIMIT 0,15  
[2020-08-11 10:19:18] /manage/modules/organ/index.php?url=depart_list&do=get_xml&pid= ( url=depart_list&do=get_xml ) 
ERR: Db Error: Table 'jianglou.hx_depart_list' doesn't exist
SELECT COUNT(*) AS nc_count FROM `hx_depart_list` WHERE ( pid = '0' ) AND ( isdel = '0' ) ORDER BY id desc LIMIT 1  
[2020-08-11 10:19:18] /manage/modules/organ/index.php?url=depart_list&do=get_xml&pid= ( url=depart_list&do=get_xml ) 
ERR: Db Error: Table 'jianglou.hx_depart_list' doesn't exist
SELECT * FROM `hx_depart_list` WHERE ( pid = '0' ) AND ( isdel = '0' ) ORDER BY id desc LIMIT 0,15  
[2020-08-11 10:19:18] /manage/modules/organ/index.php?url=office_list&do=get_xml&pid= ( url=office_list&do=get_xml ) 
ERR: Db Error: Table 'jianglou.hx_office_list' doesn't exist
SELECT COUNT(*) AS nc_count FROM `hx_office_list` WHERE ( isdel = '0' ) ORDER BY rank asc LIMIT 1  
[2020-08-11 10:19:18] /manage/modules/organ/index.php?url=office_list&do=get_xml&pid= ( url=office_list&do=get_xml ) 
ERR: Db Error: Table 'jianglou.hx_office_list' doesn't exist
SELECT * FROM `hx_office_list` WHERE ( isdel = '0' ) ORDER BY rank asc LIMIT 0,15  
[2020-08-11 10:19:19] /manage/modules/organ/index.php?url=depart_list&do=get_xml&pid= ( url=depart_list&do=get_xml ) 
ERR: Db Error: Table 'jianglou.hx_depart_list' doesn't exist
SELECT COUNT(*) AS nc_count FROM `hx_depart_list` WHERE ( pid = '0' ) AND ( isdel = '0' ) ORDER BY id desc LIMIT 1  
[2020-08-11 10:19:19] /manage/modules/organ/index.php?url=depart_list&do=get_xml&pid= ( url=depart_list&do=get_xml ) 
ERR: Db Error: Table 'jianglou.hx_depart_list' doesn't exist
SELECT * FROM `hx_depart_list` WHERE ( pid = '0' ) AND ( isdel = '0' ) ORDER BY id desc LIMIT 0,15  
[2020-08-11 10:19:21] /manage/modules/organ/index.php?url=depart_list&do=get_xml&pid= ( url=depart_list&do=get_xml ) 
ERR: Db Error: Table 'jianglou.hx_depart_list' doesn't exist
SELECT COUNT(*) AS nc_count FROM `hx_depart_list` WHERE ( pid = '0' ) AND ( isdel = '0' ) ORDER BY id desc LIMIT 1  
[2020-08-11 10:19:21] /manage/modules/organ/index.php?url=depart_list&do=get_xml&pid= ( url=depart_list&do=get_xml ) 
ERR: Db Error: Table 'jianglou.hx_depart_list' doesn't exist
SELECT * FROM `hx_depart_list` WHERE ( pid = '0' ) AND ( isdel = '0' ) ORDER BY id desc LIMIT 0,15  
[2020-08-11 10:19:35] / ( url=index&do=index ) 
ERR: Db Error: Table 'jianglou.hx_Array' doesn't exist
SELECT * FROM hx_Array where pid=11 and status=1 and isdel=0 ORDER by rank asc 
[2020-08-11 10:19:35] / ( url=index&do=index ) 
ERR: Db Error: Table 'jianglou.hx_Array' doesn't exist
SELECT * FROM hx_Array where pid=12 and status=1 and isdel=0 ORDER by rank asc 
[2020-08-11 10:19:35] / ( url=index&do=index ) 
ERR: Db Error: Table 'jianglou.hx_Array' doesn't exist
SELECT * FROM hx_Array where pid=13 and status=1 and isdel=0 ORDER by rank asc 
[2020-08-11 10:19:35] / ( url=index&do=index ) 
ERR: Db Error: Table 'jianglou.hx_Array' doesn't exist
SELECT * FROM hx_Array where pid=14 and status=1 and isdel=0 ORDER by rank asc 
[2020-08-11 10:19:35] / ( url=index&do=index ) 
ERR: Db Error: Table 'jianglou.hx_Array' doesn't exist
SELECT * FROM hx_Array where pid=15 and status=1 and isdel=0 ORDER by rank asc 
[2020-08-11 10:19:35] / ( url=index&do=index ) 
ERR: Db Error: Table 'jianglou.hx_Array' doesn't exist
SELECT * FROM hx_Array where pid=16 and status=1 and isdel=0 ORDER by rank asc 
[2020-08-11 10:19:35] / ( url=index&do=index ) 
ERR: Db Error: Table 'jianglou.hx_Array' doesn't exist
SELECT * FROM hx_Array where pid=17 and status=1 and isdel=0 ORDER by rank asc 
[2020-08-11 10:19:41] /manage/modules/organ/index.php?url=depart_list&do=get_xml&pid= ( url=depart_list&do=get_xml ) 
ERR: Db Error: Table 'jianglou.hx_depart_list' doesn't exist
SELECT COUNT(*) AS nc_count FROM `hx_depart_list` WHERE ( pid = '0' ) AND ( isdel = '0' ) ORDER BY id desc LIMIT 1  
[2020-08-11 10:19:41] /manage/modules/organ/index.php?url=depart_list&do=get_xml&pid= ( url=depart_list&do=get_xml ) 
ERR: Db Error: Table 'jianglou.hx_depart_list' doesn't exist
SELECT * FROM `hx_depart_list` WHERE ( pid = '0' ) AND ( isdel = '0' ) ORDER BY id desc LIMIT 0,15  
[2020-08-11 10:20:23] /manage/modules/organ/index.php?url=depart_list&do=get_xml&pid= ( url=depart_list&do=get_xml ) 
ERR: Db Error: Table 'jianglou.hx_depart_list' doesn't exist
SELECT COUNT(*) AS nc_count FROM `hx_depart_list` WHERE ( pid = '0' ) AND ( isdel = '0' ) ORDER BY id desc LIMIT 1  
[2020-08-11 10:20:23] /manage/modules/organ/index.php?url=depart_list&do=get_xml&pid= ( url=depart_list&do=get_xml ) 
ERR: Db Error: Table 'jianglou.hx_depart_list' doesn't exist
SELECT * FROM `hx_depart_list` WHERE ( pid = '0' ) AND ( isdel = '0' ) ORDER BY id desc LIMIT 0,15  
[2020-08-11 10:20:29] /manage/modules/organ/index.php?url=office_list&do=get_xml&pid= ( url=office_list&do=get_xml ) 
ERR: Db Error: Table 'jianglou.hx_office_list' doesn't exist
SELECT COUNT(*) AS nc_count FROM `hx_office_list` WHERE ( isdel = '0' ) ORDER BY rank asc LIMIT 1  
[2020-08-11 10:20:29] /manage/modules/organ/index.php?url=office_list&do=get_xml&pid= ( url=office_list&do=get_xml ) 
ERR: Db Error: Table 'jianglou.hx_office_list' doesn't exist
SELECT * FROM `hx_office_list` WHERE ( isdel = '0' ) ORDER BY rank asc LIMIT 0,15  
[2020-08-11 10:38:16] / ( url=index&do=index ) 
ERR: Db Error: Table 'jianglou.hx_Array' doesn't exist
SELECT * FROM hx_Array where pid=11 and status=1 and isdel=0 ORDER by rank asc 
[2020-08-11 10:38:16] / ( url=index&do=index ) 
ERR: Db Error: Table 'jianglou.hx_Array' doesn't exist
SELECT * FROM hx_Array where pid=12 and status=1 and isdel=0 ORDER by rank asc 
[2020-08-11 10:38:16] / ( url=index&do=index ) 
ERR: Db Error: Table 'jianglou.hx_Array' doesn't exist
SELECT * FROM hx_Array where pid=13 and status=1 and isdel=0 ORDER by rank asc 
[2020-08-11 10:38:16] / ( url=index&do=index ) 
ERR: Db Error: Table 'jianglou.hx_Array' doesn't exist
SELECT * FROM hx_Array where pid=14 and status=1 and isdel=0 ORDER by rank asc 
[2020-08-11 10:38:16] / ( url=index&do=index ) 
ERR: Db Error: Table 'jianglou.hx_Array' doesn't exist
SELECT * FROM hx_Array where pid=15 and status=1 and isdel=0 ORDER by rank asc 
[2020-08-11 10:38:16] / ( url=index&do=index ) 
ERR: Db Error: Table 'jianglou.hx_Array' doesn't exist
SELECT * FROM hx_Array where pid=16 and status=1 and isdel=0 ORDER by rank asc 
[2020-08-11 10:38:16] / ( url=index&do=index ) 
ERR: Db Error: Table 'jianglou.hx_Array' doesn't exist
SELECT * FROM hx_Array where pid=17 and status=1 and isdel=0 ORDER by rank asc 
[2020-08-11 10:39:33] /index.php ( url=index&do=index ) 
ERR: Db Error: Table 'jianglou.hx_Array' doesn't exist
SELECT * FROM hx_Array where pid=11 and status=1 and isdel=0 ORDER by rank asc 
[2020-08-11 10:39:33] /index.php ( url=index&do=index ) 
ERR: Db Error: Table 'jianglou.hx_Array' doesn't exist
SELECT * FROM hx_Array where pid=12 and status=1 and isdel=0 ORDER by rank asc 
[2020-08-11 10:39:33] /index.php ( url=index&do=index ) 
ERR: Db Error: Table 'jianglou.hx_Array' doesn't exist
SELECT * FROM hx_Array where pid=13 and status=1 and isdel=0 ORDER by rank asc 
[2020-08-11 10:39:33] /index.php ( url=index&do=index ) 
ERR: Db Error: Table 'jianglou.hx_Array' doesn't exist
SELECT * FROM hx_Array where pid=14 and status=1 and isdel=0 ORDER by rank asc 
[2020-08-11 10:39:33] /index.php ( url=index&do=index ) 
ERR: Db Error: Table 'jianglou.hx_Array' doesn't exist
SELECT * FROM hx_Array where pid=15 and status=1 and isdel=0 ORDER by rank asc 
[2020-08-11 10:39:33] /index.php ( url=index&do=index ) 
ERR: Db Error: Table 'jianglou.hx_Array' doesn't exist
SELECT * FROM hx_Array where pid=16 and status=1 and isdel=0 ORDER by rank asc 
[2020-08-11 10:39:33] /index.php ( url=index&do=index ) 
ERR: Db Error: Table 'jianglou.hx_Array' doesn't exist
SELECT * FROM hx_Array where pid=17 and status=1 and isdel=0 ORDER by rank asc 
[2020-08-11 10:42:37] / ( url=index&do=index ) 
ERR: Db Error: Table 'jianglou.hx_Array' doesn't exist
SELECT * FROM hx_Array where pid=11 and status=1 and isdel=0 ORDER by rank asc 
[2020-08-11 10:42:37] / ( url=index&do=index ) 
ERR: Db Error: Table 'jianglou.hx_Array' doesn't exist
SELECT * FROM hx_Array where pid=12 and status=1 and isdel=0 ORDER by rank asc 
[2020-08-11 10:42:37] / ( url=index&do=index ) 
ERR: Db Error: Table 'jianglou.hx_Array' doesn't exist
SELECT * FROM hx_Array where pid=13 and status=1 and isdel=0 ORDER by rank asc 
[2020-08-11 10:42:37] / ( url=index&do=index ) 
ERR: Db Error: Table 'jianglou.hx_Array' doesn't exist
SELECT * FROM hx_Array where pid=14 and status=1 and isdel=0 ORDER by rank asc 
[2020-08-11 10:42:37] / ( url=index&do=index ) 
ERR: Db Error: Table 'jianglou.hx_Array' doesn't exist
SELECT * FROM hx_Array where pid=15 and status=1 and isdel=0 ORDER by rank asc 
[2020-08-11 10:42:37] / ( url=index&do=index ) 
ERR: Db Error: Table 'jianglou.hx_Array' doesn't exist
SELECT * FROM hx_Array where pid=16 and status=1 and isdel=0 ORDER by rank asc 
[2020-08-11 10:42:37] / ( url=index&do=index ) 
ERR: Db Error: Table 'jianglou.hx_Array' doesn't exist
SELECT * FROM hx_Array where pid=17 and status=1 and isdel=0 ORDER by rank asc 
[2020-08-11 10:59:43] /index.php?url=news&do=index ( url=news&do=index ) 
ERR: Db Error: You have an error in your SQL syntax; check the manual that corresponds to your MySQL server version for the right syntax to use near 'and status=1 and isdel=0 ORDER by rank asc' at line 1
SELECT * FROM hx_article_class where pid= and status=1 and isdel=0 ORDER by rank asc 
[2020-08-11 11:01:40] /index.php?url=news&do=index ( url=news&do=index ) 
ERR: Db Error: You have an error in your SQL syntax; check the manual that corresponds to your MySQL server version for the right syntax to use near 'and status=1 and isdel=0 ORDER by rank asc' at line 1
SELECT * FROM hx_article_class where pid= and status=1 and isdel=0 ORDER by rank asc 
[2020-08-11 11:01:52] /index.php?url=news&do=index ( url=news&do=index ) 
ERR: Db Error: You have an error in your SQL syntax; check the manual that corresponds to your MySQL server version for the right syntax to use near 'and status=1 and isdel=0 ORDER by rank asc' at line 1
SELECT * FROM hx_article_class where pid= and status=1 and isdel=0 ORDER by rank asc 
[2020-08-11 11:02:24] /index.php?url=news&do=index ( url=news&do=index ) 
ERR: Db Error: You have an error in your SQL syntax; check the manual that corresponds to your MySQL server version for the right syntax to use near 'and status=1 and isdel=0 ORDER by rank asc' at line 1
SELECT * FROM hx_article_class where pid= and status=1 and isdel=0 ORDER by rank asc 
[2020-08-11 11:16:21] /index.php?url=news&do=index ( url=news&do=index ) 
ERR: Db Error: You have an error in your SQL syntax; check the manual that corresponds to your MySQL server version for the right syntax to use near 'and status=1 and isdel=0 ORDER by rank asc' at line 1
SELECT * FROM hx_article_class where pid= and status=1 and isdel=0 ORDER by rank asc 
[2020-08-11 11:17:51] /index.php?url=news&do=index ( url=news&do=index ) 
ERR: Db Error: You have an error in your SQL syntax; check the manual that corresponds to your MySQL server version for the right syntax to use near 'and status=1 and isdel=0 ORDER by rank asc' at line 1
SELECT * FROM hx_article_class where pid= and status=1 and isdel=0 ORDER by rank asc 
[2020-08-11 11:17:55] /index.php?url=news&do=index&pid=9 ( url=news&do=index ) 
ERR: Db Error: Table 'jianglou.hx_Array' doesn't exist
SELECT * FROM hx_Array where pid=16 and status=1 and isdel=0 ORDER by rank asc 
[2020-08-11 11:17:55] /index.php?url=news&do=index&pid=9 ( url=news&do=index ) 
ERR: Db Error: Table 'jianglou.hx_Array' doesn't exist
SELECT * FROM hx_Array where pid=17 and status=1 and isdel=0 ORDER by rank asc 
[2020-08-11 11:20:31] / ( url=index&do=index ) 
ERR: Db Error: Table 'jianglou.hx_Array' doesn't exist
SELECT * FROM hx_Array where pid=11 and status=1 and isdel=0 ORDER by rank asc 
[2020-08-11 11:20:31] / ( url=index&do=index ) 
ERR: Db Error: Table 'jianglou.hx_Array' doesn't exist
SELECT * FROM hx_Array where pid=12 and status=1 and isdel=0 ORDER by rank asc 
[2020-08-11 11:20:31] / ( url=index&do=index ) 
ERR: Db Error: Table 'jianglou.hx_Array' doesn't exist
SELECT * FROM hx_Array where pid=13 and status=1 and isdel=0 ORDER by rank asc 
[2020-08-11 11:20:31] / ( url=index&do=index ) 
ERR: Db Error: Table 'jianglou.hx_Array' doesn't exist
SELECT * FROM hx_Array where pid=14 and status=1 and isdel=0 ORDER by rank asc 
[2020-08-11 11:20:31] / ( url=index&do=index ) 
ERR: Db Error: Table 'jianglou.hx_Array' doesn't exist
SELECT * FROM hx_Array where pid=15 and status=1 and isdel=0 ORDER by rank asc 
[2020-08-11 11:20:31] / ( url=index&do=index ) 
ERR: Db Error: Table 'jianglou.hx_Array' doesn't exist
SELECT * FROM hx_Array where pid=16 and status=1 and isdel=0 ORDER by rank asc 
[2020-08-11 11:20:31] / ( url=index&do=index ) 
ERR: Db Error: Table 'jianglou.hx_Array' doesn't exist
SELECT * FROM hx_Array where pid=17 and status=1 and isdel=0 ORDER by rank asc 
[2020-08-11 11:30:08] /index.php?url=news&do=index&pid=2 ( url=news&do=index ) 
ERR: Db Error: Table 'jianglou.hx_Array' doesn't exist
SELECT * FROM hx_Array where pid=11 and status=1 and isdel=0 ORDER by rank asc 
[2020-08-11 11:30:08] /index.php?url=news&do=index&pid=2 ( url=news&do=index ) 
ERR: Db Error: Table 'jianglou.hx_Array' doesn't exist
SELECT * FROM hx_Array where pid=12 and status=1 and isdel=0 ORDER by rank asc 
[2020-08-11 11:30:08] /index.php?url=news&do=index&pid=2 ( url=news&do=index ) 
ERR: Db Error: Table 'jianglou.hx_Array' doesn't exist
SELECT * FROM hx_Array where pid=13 and status=1 and isdel=0 ORDER by rank asc 
[2020-08-11 11:30:08] /index.php?url=news&do=index&pid=2 ( url=news&do=index ) 
ERR: Db Error: Table 'jianglou.hx_Array' doesn't exist
SELECT * FROM hx_Array where pid=14 and status=1 and isdel=0 ORDER by rank asc 
[2020-08-11 11:30:08] /index.php?url=news&do=index&pid=2 ( url=news&do=index ) 
ERR: Db Error: Table 'jianglou.hx_Array' doesn't exist
SELECT * FROM hx_Array where pid=15 and status=1 and isdel=0 ORDER by rank asc 
[2020-08-11 11:30:24] /index.php?url=news&do=index&pid=9 ( url=news&do=index ) 
ERR: Db Error: Table 'jianglou.hx_Array' doesn't exist
SELECT * FROM hx_Array where pid=16 and status=1 and isdel=0 ORDER by rank asc 
[2020-08-11 11:30:24] /index.php?url=news&do=index&pid=9 ( url=news&do=index ) 
ERR: Db Error: Table 'jianglou.hx_Array' doesn't exist
SELECT * FROM hx_Array where pid=17 and status=1 and isdel=0 ORDER by rank asc 
[2020-08-11 11:32:54] / ( url=index&do=index ) 
ERR: Db Error: Table 'jianglou.hx_Array' doesn't exist
SELECT * FROM hx_Array where pid=11 and status=1 and isdel=0 ORDER by rank asc 
[2020-08-11 11:32:54] / ( url=index&do=index ) 
ERR: Db Error: Table 'jianglou.hx_Array' doesn't exist
SELECT * FROM hx_Array where pid=12 and status=1 and isdel=0 ORDER by rank asc 
[2020-08-11 11:32:54] / ( url=index&do=index ) 
ERR: Db Error: Table 'jianglou.hx_Array' doesn't exist
SELECT * FROM hx_Array where pid=13 and status=1 and isdel=0 ORDER by rank asc 
[2020-08-11 11:32:54] / ( url=index&do=index ) 
ERR: Db Error: Table 'jianglou.hx_Array' doesn't exist
SELECT * FROM hx_Array where pid=14 and status=1 and isdel=0 ORDER by rank asc 
[2020-08-11 11:32:54] / ( url=index&do=index ) 
ERR: Db Error: Table 'jianglou.hx_Array' doesn't exist
SELECT * FROM hx_Array where pid=15 and status=1 and isdel=0 ORDER by rank asc 
[2020-08-11 11:32:54] / ( url=index&do=index ) 
ERR: Db Error: Table 'jianglou.hx_Array' doesn't exist
SELECT * FROM hx_Array where pid=16 and status=1 and isdel=0 ORDER by rank asc 
[2020-08-11 11:32:54] / ( url=index&do=index ) 
ERR: Db Error: Table 'jianglou.hx_Array' doesn't exist
SELECT * FROM hx_Array where pid=17 and status=1 and isdel=0 ORDER by rank asc 
[2020-08-11 11:34:15] / ( url=index&do=index ) 
ERR: Db Error: Table 'jianglou.hx_Array' doesn't exist
SELECT * FROM hx_Array where pid=11 and status=1 and isdel=0 ORDER by rank asc 
[2020-08-11 11:34:15] / ( url=index&do=index ) 
ERR: Db Error: Table 'jianglou.hx_Array' doesn't exist
SELECT * FROM hx_Array where pid=12 and status=1 and isdel=0 ORDER by rank asc 
[2020-08-11 11:34:15] / ( url=index&do=index ) 
ERR: Db Error: Table 'jianglou.hx_Array' doesn't exist
SELECT * FROM hx_Array where pid=13 and status=1 and isdel=0 ORDER by rank asc 
[2020-08-11 11:34:15] / ( url=index&do=index ) 
ERR: Db Error: Table 'jianglou.hx_Array' doesn't exist
SELECT * FROM hx_Array where pid=14 and status=1 and isdel=0 ORDER by rank asc 
[2020-08-11 11:34:15] / ( url=index&do=index ) 
ERR: Db Error: Table 'jianglou.hx_Array' doesn't exist
SELECT * FROM hx_Array where pid=15 and status=1 and isdel=0 ORDER by rank asc 
[2020-08-11 11:34:15] / ( url=index&do=index ) 
ERR: Db Error: Table 'jianglou.hx_Array' doesn't exist
SELECT * FROM hx_Array where pid=16 and status=1 and isdel=0 ORDER by rank asc 
[2020-08-11 11:34:15] / ( url=index&do=index ) 
ERR: Db Error: Table 'jianglou.hx_Array' doesn't exist
SELECT * FROM hx_Array where pid=17 and status=1 and isdel=0 ORDER by rank asc 
[2020-08-11 12:01:35] / ( url=index&do=index ) 
ERR: Db Error: Table 'jianglou.hx_Array' doesn't exist
SELECT * FROM hx_Array where pid=11 and status=1 and isdel=0 ORDER by rank asc 
[2020-08-11 12:01:35] / ( url=index&do=index ) 
ERR: Db Error: Table 'jianglou.hx_Array' doesn't exist
SELECT * FROM hx_Array where pid=12 and status=1 and isdel=0 ORDER by rank asc 
[2020-08-11 12:01:35] / ( url=index&do=index ) 
ERR: Db Error: Table 'jianglou.hx_Array' doesn't exist
SELECT * FROM hx_Array where pid=13 and status=1 and isdel=0 ORDER by rank asc 
[2020-08-11 12:01:35] / ( url=index&do=index ) 
ERR: Db Error: Table 'jianglou.hx_Array' doesn't exist
SELECT * FROM hx_Array where pid=14 and status=1 and isdel=0 ORDER by rank asc 
[2020-08-11 12:01:35] / ( url=index&do=index ) 
ERR: Db Error: Table 'jianglou.hx_Array' doesn't exist
SELECT * FROM hx_Array where pid=15 and status=1 and isdel=0 ORDER by rank asc 
[2020-08-11 12:01:35] / ( url=index&do=index ) 
ERR: Db Error: Table 'jianglou.hx_Array' doesn't exist
SELECT * FROM hx_Array where pid=16 and status=1 and isdel=0 ORDER by rank asc 
[2020-08-11 12:01:35] / ( url=index&do=index ) 
ERR: Db Error: Table 'jianglou.hx_Array' doesn't exist
SELECT * FROM hx_Array where pid=17 and status=1 and isdel=0 ORDER by rank asc 
[2020-08-11 14:10:05] /manage/modules/organ/index.php?url=depart_list&do=get_xml&pid= ( url=depart_list&do=get_xml ) 
ERR: Db Error: Table 'jianglou.hx_depart_list' doesn't exist
SELECT COUNT(*) AS nc_count FROM `hx_depart_list` WHERE ( pid = '0' ) AND ( isdel = '0' ) ORDER BY id desc LIMIT 1  
[2020-08-11 14:10:05] /manage/modules/organ/index.php?url=depart_list&do=get_xml&pid= ( url=depart_list&do=get_xml ) 
ERR: Db Error: Table 'jianglou.hx_depart_list' doesn't exist
SELECT * FROM `hx_depart_list` WHERE ( pid = '0' ) AND ( isdel = '0' ) ORDER BY id desc LIMIT 0,15  
[2020-08-11 14:10:10] / ( url=index&do=index ) 
ERR: Db Error: Table 'jianglou.hx_Array' doesn't exist
SELECT * FROM hx_Array where pid=11 and status=1 and isdel=0 ORDER by rank asc 
[2020-08-11 14:10:10] / ( url=index&do=index ) 
ERR: Db Error: Table 'jianglou.hx_Array' doesn't exist
SELECT * FROM hx_Array where pid=12 and status=1 and isdel=0 ORDER by rank asc 
[2020-08-11 14:10:10] / ( url=index&do=index ) 
ERR: Db Error: Table 'jianglou.hx_Array' doesn't exist
SELECT * FROM hx_Array where pid=13 and status=1 and isdel=0 ORDER by rank asc 
[2020-08-11 14:10:10] / ( url=index&do=index ) 
ERR: Db Error: Table 'jianglou.hx_Array' doesn't exist
SELECT * FROM hx_Array where pid=14 and status=1 and isdel=0 ORDER by rank asc 
[2020-08-11 14:10:10] / ( url=index&do=index ) 
ERR: Db Error: Table 'jianglou.hx_Array' doesn't exist
SELECT * FROM hx_Array where pid=15 and status=1 and isdel=0 ORDER by rank asc 
[2020-08-11 14:10:10] / ( url=index&do=index ) 
ERR: Db Error: Table 'jianglou.hx_Array' doesn't exist
SELECT * FROM hx_Array where pid=16 and status=1 and isdel=0 ORDER by rank asc 
[2020-08-11 14:10:10] / ( url=index&do=index ) 
ERR: Db Error: Table 'jianglou.hx_Array' doesn't exist
SELECT * FROM hx_Array where pid=17 and status=1 and isdel=0 ORDER by rank asc 
[2020-08-11 14:32:50] / ( url=index&do=index ) 
ERR: Db Error: Table 'jianglou.hx_Array' doesn't exist
SELECT * FROM hx_Array where pid=11 and status=1 and isdel=0 ORDER by rank asc 
[2020-08-11 14:32:50] / ( url=index&do=index ) 
ERR: Db Error: Table 'jianglou.hx_Array' doesn't exist
SELECT * FROM hx_Array where pid=12 and status=1 and isdel=0 ORDER by rank asc 
[2020-08-11 14:32:50] / ( url=index&do=index ) 
ERR: Db Error: Table 'jianglou.hx_Array' doesn't exist
SELECT * FROM hx_Array where pid=13 and status=1 and isdel=0 ORDER by rank asc 
[2020-08-11 14:32:50] / ( url=index&do=index ) 
ERR: Db Error: Table 'jianglou.hx_Array' doesn't exist
SELECT * FROM hx_Array where pid=14 and status=1 and isdel=0 ORDER by rank asc 
[2020-08-11 14:32:50] / ( url=index&do=index ) 
ERR: Db Error: Table 'jianglou.hx_Array' doesn't exist
SELECT * FROM hx_Array where pid=15 and status=1 and isdel=0 ORDER by rank asc 
[2020-08-11 14:32:50] / ( url=index&do=index ) 
ERR: Db Error: Table 'jianglou.hx_Array' doesn't exist
SELECT * FROM hx_Array where pid=16 and status=1 and isdel=0 ORDER by rank asc 
[2020-08-11 14:32:50] / ( url=index&do=index ) 
ERR: Db Error: Table 'jianglou.hx_Array' doesn't exist
SELECT * FROM hx_Array where pid=17 and status=1 and isdel=0 ORDER by rank asc 
[2020-08-11 15:23:23] /index.php?url=online&do=add ( url=online&do=add ) 
ERR: Db Error: Unknown column 'pic' in 'field list'
INSERT  INTO `hx_online_list` (title,intro,pic,video,audio,content,addtime,ip,releaseid) VALUES ('问题111','','/data/upload/article/20200811/7242660.jpg','/data/upload/video/20200811/8481983.mp4','/data/upload/audio/20200811/1462005.mp3','问题123','1597130603','222.91.65.32','8')
[2020-08-11 15:29:06] /index.php?url=online&do=add ( url=online&do=add ) 
ERR: Db Error: Unknown column 'name' in 'field list'
INSERT  INTO `hx_online_list` (title,name,age,mobile,intro,pic,video,audio,content,addtime,ip,releaseid) VALUES ('问题1','','','','','/data/upload/article/20200811/5195558.jpg','/data/upload/video/20200811/8338637.mp4','/data/upload/audio/20200811/7652896.mp3','问题描述','1597130946','222.91.65.32','8')
[2020-08-11 15:31:55] / ( url=index&do=index ) 
ERR: Db Error: Table 'jianglou.hx_Array' doesn't exist
SELECT * FROM hx_Array where pid=11 and status=1 and isdel=0 ORDER by rank asc 
[2020-08-11 15:31:55] / ( url=index&do=index ) 
ERR: Db Error: Table 'jianglou.hx_Array' doesn't exist
SELECT * FROM hx_Array where pid=12 and status=1 and isdel=0 ORDER by rank asc 
[2020-08-11 15:31:55] / ( url=index&do=index ) 
ERR: Db Error: Table 'jianglou.hx_Array' doesn't exist
SELECT * FROM hx_Array where pid=13 and status=1 and isdel=0 ORDER by rank asc 
[2020-08-11 15:31:55] / ( url=index&do=index ) 
ERR: Db Error: Table 'jianglou.hx_Array' doesn't exist
SELECT * FROM hx_Array where pid=14 and status=1 and isdel=0 ORDER by rank asc 
[2020-08-11 15:31:55] / ( url=index&do=index ) 
ERR: Db Error: Table 'jianglou.hx_Array' doesn't exist
SELECT * FROM hx_Array where pid=15 and status=1 and isdel=0 ORDER by rank asc 
[2020-08-11 15:31:55] / ( url=index&do=index ) 
ERR: Db Error: Table 'jianglou.hx_Array' doesn't exist
SELECT * FROM hx_Array where pid=16 and status=1 and isdel=0 ORDER by rank asc 
[2020-08-11 15:31:55] / ( url=index&do=index ) 
ERR: Db Error: Table 'jianglou.hx_Array' doesn't exist
SELECT * FROM hx_Array where pid=17 and status=1 and isdel=0 ORDER by rank asc 
[2020-08-11 15:33:33] /index.php?url=news&do=index ( url=news&do=index ) 
ERR: Db Error: You have an error in your SQL syntax; check the manual that corresponds to your MySQL server version for the right syntax to use near 'and status=1 and isdel=0 ORDER by rank asc' at line 1
SELECT * FROM hx_article_class where pid= and status=1 and isdel=0 ORDER by rank asc 
[2020-08-11 15:33:44] /index.php?url=news&do=index ( url=news&do=index ) 
ERR: Db Error: You have an error in your SQL syntax; check the manual that corresponds to your MySQL server version for the right syntax to use near 'and status=1 and isdel=0 ORDER by rank asc' at line 1
SELECT * FROM hx_article_class where pid= and status=1 and isdel=0 ORDER by rank asc 
[2020-08-11 15:34:35] /index.php?url=news&do=index ( url=news&do=index ) 
ERR: Db Error: You have an error in your SQL syntax; check the manual that corresponds to your MySQL server version for the right syntax to use near 'and status=1 and isdel=0 ORDER by rank asc' at line 1
SELECT * FROM hx_article_class where pid= and status=1 and isdel=0 ORDER by rank asc 
[2020-08-11 16:20:12] /manage/modules/organ/index.php?url=office_list&do=get_xml&pid= ( url=office_list&do=get_xml ) 
ERR: Db Error: Table 'jianglou.hx_office_list' doesn't exist
SELECT COUNT(*) AS nc_count FROM `hx_office_list` WHERE ( isdel = '0' ) ORDER BY rank asc LIMIT 1  
[2020-08-11 16:20:12] /manage/modules/organ/index.php?url=office_list&do=get_xml&pid= ( url=office_list&do=get_xml ) 
ERR: Db Error: Table 'jianglou.hx_office_list' doesn't exist
SELECT * FROM `hx_office_list` WHERE ( isdel = '0' ) ORDER BY rank asc LIMIT 0,15  
[2020-08-11 16:50:23] /index.php?url=news&do=index ( url=news&do=index ) 
ERR: Db Error: You have an error in your SQL syntax; check the manual that corresponds to your MySQL server version for the right syntax to use near 'and status=1 and isdel=0 ORDER by rank asc' at line 1
SELECT * FROM hx_article_class where pid= and status=1 and isdel=0 ORDER by rank asc 
[2020-08-11 16:51:04] /index.php?url=news&do=index ( url=news&do=index ) 
ERR: Db Error: You have an error in your SQL syntax; check the manual that corresponds to your MySQL server version for the right syntax to use near 'and status=1 and isdel=0 ORDER by rank asc' at line 1
SELECT * FROM hx_article_class where pid= and status=1 and isdel=0 ORDER by rank asc 
[2020-08-11 18:35:19] /index.php?url=news&do=index ( url=news&do=index ) 
ERR: Db Error: You have an error in your SQL syntax; check the manual that corresponds to your MySQL server version for the right syntax to use near 'and status=1 and isdel=0 ORDER by rank asc' at line 1
SELECT * FROM hx_article_class where pid= and status=1 and isdel=0 ORDER by rank asc 
[2020-08-11 22:42:58] / ( url=index&do=index ) 
ERR: Db Error: Table 'jianglou.hx_Array' doesn't exist
SELECT * FROM hx_Array where pid=11 and status=1 and isdel=0 ORDER by rank asc 
[2020-08-11 22:42:58] / ( url=index&do=index ) 
ERR: Db Error: Table 'jianglou.hx_Array' doesn't exist
SELECT * FROM hx_Array where pid=12 and status=1 and isdel=0 ORDER by rank asc 
[2020-08-11 22:42:58] / ( url=index&do=index ) 
ERR: Db Error: Table 'jianglou.hx_Array' doesn't exist
SELECT * FROM hx_Array where pid=13 and status=1 and isdel=0 ORDER by rank asc 
[2020-08-11 22:42:58] / ( url=index&do=index ) 
ERR: Db Error: Table 'jianglou.hx_Array' doesn't exist
SELECT * FROM hx_Array where pid=14 and status=1 and isdel=0 ORDER by rank asc 
[2020-08-11 22:42:58] / ( url=index&do=index ) 
ERR: Db Error: Table 'jianglou.hx_Array' doesn't exist
SELECT * FROM hx_Array where pid=15 and status=1 and isdel=0 ORDER by rank asc 
[2020-08-11 22:42:58] / ( url=index&do=index ) 
ERR: Db Error: Table 'jianglou.hx_Array' doesn't exist
SELECT * FROM hx_Array where pid=16 and status=1 and isdel=0 ORDER by rank asc 
[2020-08-11 22:42:58] / ( url=index&do=index ) 
ERR: Db Error: Table 'jianglou.hx_Array' doesn't exist
SELECT * FROM hx_Array where pid=17 and status=1 and isdel=0 ORDER by rank asc 
[2020-08-11 23:21:06] /index.php ( url=index&do=index ) 
ERR: Db Error: Table 'jianglou.hx_Array' doesn't exist
SELECT * FROM hx_Array where pid=11 and status=1 and isdel=0 ORDER by rank asc 
[2020-08-11 23:21:06] /index.php ( url=index&do=index ) 
ERR: Db Error: Table 'jianglou.hx_Array' doesn't exist
SELECT * FROM hx_Array where pid=12 and status=1 and isdel=0 ORDER by rank asc 
[2020-08-11 23:21:06] /index.php ( url=index&do=index ) 
ERR: Db Error: Table 'jianglou.hx_Array' doesn't exist
SELECT * FROM hx_Array where pid=13 and status=1 and isdel=0 ORDER by rank asc 
[2020-08-11 23:21:06] /index.php ( url=index&do=index ) 
ERR: Db Error: Table 'jianglou.hx_Array' doesn't exist
SELECT * FROM hx_Array where pid=14 and status=1 and isdel=0 ORDER by rank asc 
[2020-08-11 23:21:06] /index.php ( url=index&do=index ) 
ERR: Db Error: Table 'jianglou.hx_Array' doesn't exist
SELECT * FROM hx_Array where pid=15 and status=1 and isdel=0 ORDER by rank asc 
[2020-08-11 23:21:06] /index.php ( url=index&do=index ) 
ERR: Db Error: Table 'jianglou.hx_Array' doesn't exist
SELECT * FROM hx_Array where pid=16 and status=1 and isdel=0 ORDER by rank asc 
[2020-08-11 23:21:06] /index.php ( url=index&do=index ) 
ERR: Db Error: Table 'jianglou.hx_Array' doesn't exist
SELECT * FROM hx_Array where pid=17 and status=1 and isdel=0 ORDER by rank asc 
