[2020-12-09 00:01:18] /index.php?url=member&do=taskview&id=17 ( url=member&do=taskview ) 
ERR: Db Error: Table 'test.hx_article_class' doesn't exist
SELECT * FROM `hx_article_class` WHERE ( isdel = '0' ) AND ( status = '1' ) AND ( pid = '0' ) AND ( cate = '2' ) ORDER BY rank asc LIMIT 1000  
[2020-12-09 00:01:46] /index.php?url=member&do=taskview&id=17 ( url=member&do=taskview ) 
ERR: Db Error: Table 'test.hx_article_class' doesn't exist
SELECT * FROM `hx_article_class` WHERE ( isdel = '0' ) AND ( status = '1' ) AND ( pid = '0' ) AND ( cate = '2' ) ORDER BY rank asc LIMIT 1000  
[2020-12-09 00:01:51] /index.php?url=member&do=taskview&id=17 ( url=member&do=taskview ) 
ERR: Db Error: Table 'test.hx_article_class' doesn't exist
SELECT * FROM `hx_article_class` WHERE ( isdel = '0' ) AND ( status = '1' ) AND ( pid = '0' ) AND ( cate = '2' ) ORDER BY rank asc LIMIT 1000  
[2020-12-09 00:07:39] /index.php?url=member&do=addviews ( url=member&do=addviews ) 
ERR: Db Error: Table 'test.hx_article_class' doesn't exist
SELECT * FROM `hx_article_class` WHERE ( isdel = '0' ) AND ( status = '1' ) AND ( pid = '0' ) AND ( cate = '2' ) ORDER BY rank asc LIMIT 1000  
[2020-12-09 00:07:39] /index.php?url=member&do=addviews ( url=member&do=addviews ) 
ERR: Db Error: Table 'test.hx_article_class' doesn't exist
SELECT * FROM hx_article_class where pid=0 and isdel=0 and isfabu=1 ORDER by rank asc 
[2020-12-09 00:07:42] /index.php?url=onlines&do=add ( url=onlines&do=add ) 
ERR: Db Error: Table 'test.hx_article_class' doesn't exist
SELECT * FROM `hx_article_class` WHERE ( isdel = '0' ) AND ( status = '1' ) AND ( pid = '0' ) AND ( cate = '2' ) ORDER BY rank asc LIMIT 1000  
[2020-12-09 00:07:45] /index.php?url=member&do=addviews ( url=member&do=addviews ) 
ERR: Db Error: Table 'test.hx_article_class' doesn't exist
SELECT * FROM `hx_article_class` WHERE ( isdel = '0' ) AND ( status = '1' ) AND ( pid = '0' ) AND ( cate = '2' ) ORDER BY rank asc LIMIT 1000  
[2020-12-09 00:07:45] /index.php?url=member&do=addviews ( url=member&do=addviews ) 
ERR: Db Error: Table 'test.hx_article_class' doesn't exist
SELECT * FROM hx_article_class where pid=0 and isdel=0 and isfabu=1 ORDER by rank asc 
[2020-12-09 00:07:46] /index.php?url=member&do=task ( url=member&do=task ) 
ERR: Db Error: Table 'test.hx_article_class' doesn't exist
SELECT * FROM `hx_article_class` WHERE ( isdel = '0' ) AND ( status = '1' ) AND ( pid = '0' ) AND ( cate = '2' ) ORDER BY rank asc LIMIT 1000  
[2020-12-09 00:07:48] /index.php?url=member&do=message ( url=member&do=message ) 
ERR: Db Error: Table 'test.hx_article_class' doesn't exist
SELECT * FROM `hx_article_class` WHERE ( isdel = '0' ) AND ( status = '1' ) AND ( pid = '0' ) AND ( cate = '2' ) ORDER BY rank asc LIMIT 1000  
[2020-12-09 00:07:50] /index.php?url=member&do=index ( url=member&do=index ) 
ERR: Db Error: Table 'test.hx_article_class' doesn't exist
SELECT * FROM `hx_article_class` WHERE ( isdel = '0' ) AND ( status = '1' ) AND ( pid = '0' ) AND ( cate = '2' ) ORDER BY rank asc LIMIT 1000  
