[2020-09-10 00:02:57] /index.php?url=member&do=profile ( url=member&do=profile ) 
ERR: Db Error: Unknown column 'value' in 'where clause'
SELECT * FROM `hx_office_list` WHERE status=1 and value="office" LIMIT 1  
[2020-09-10 00:04:11] /index.php?url=member&do=profile ( url=member&do=profile ) 
ERR: Db Error: Unknown column 'value' in 'where clause'
SELECT * FROM `hx_office_list` WHERE status=1 and value="office" LIMIT 1  
[2020-09-10 00:04:52] /manage/modules/organ/index.php?url=manager_list&do=edit&id=18 ( url=manager_list&do=edit ) 
ERR: Db Error: Unknown column 'value' in 'where clause'
SELECT * FROM `hx_office_list` WHERE status=1 and value="office" LIMIT 1  
[2020-09-10 00:07:15] /index.php?url=news&do=index ( url=news&do=index ) 
ERR: Db Error: You have an error in your SQL syntax; check the manual that corresponds to your MySQL server version for the right syntax to use near 'and status=1 and isdel=0 ORDER by rank asc' at line 1
SELECT * FROM hx_article_class where pid= and status=1 and isdel=0 ORDER by rank asc 
[2020-09-10 00:07:18] /index.php?url=news&do=index ( url=news&do=index ) 
ERR: Db Error: You have an error in your SQL syntax; check the manual that corresponds to your MySQL server version for the right syntax to use near 'and status=1 and isdel=0 ORDER by rank asc' at line 1
SELECT * FROM hx_article_class where pid= and status=1 and isdel=0 ORDER by rank asc 
[2020-09-10 00:07:51] /index.php?url=news&do=index ( url=news&do=index ) 
ERR: Db Error: You have an error in your SQL syntax; check the manual that corresponds to your MySQL server version for the right syntax to use near 'and status=1 and isdel=0 ORDER by rank asc' at line 1
SELECT * FROM hx_article_class where pid= and status=1 and isdel=0 ORDER by rank asc 
[2020-09-10 00:08:10] /index.php?url=news&do=index ( url=news&do=index ) 
ERR: Db Error: You have an error in your SQL syntax; check the manual that corresponds to your MySQL server version for the right syntax to use near 'and status=1 and isdel=0 ORDER by rank asc' at line 1
SELECT * FROM hx_article_class where pid= and status=1 and isdel=0 ORDER by rank asc 
[2020-09-10 00:11:34] /index.php?url=news&do=index ( url=news&do=index ) 
ERR: Db Error: You have an error in your SQL syntax; check the manual that corresponds to your MySQL server version for the right syntax to use near 'and status=1 and isdel=0 ORDER by rank asc' at line 1
SELECT * FROM hx_article_class where pid= and status=1 and isdel=0 ORDER by rank asc 
[2020-09-10 00:13:16] /index.php?url=news&do=index ( url=news&do=index ) 
ERR: Db Error: You have an error in your SQL syntax; check the manual that corresponds to your MySQL server version for the right syntax to use near 'and status=1 and isdel=0 ORDER by rank asc' at line 1
SELECT * FROM hx_article_class where pid= and status=1 and isdel=0 ORDER by rank asc 
[2020-09-10 00:13:37] /manage/modules/organ/index.php?url=manager_list&do=edit&id=18 ( url=manager_list&do=edit ) 
ERR: Db Error: Unknown column 'value' in 'where clause'
SELECT * FROM `hx_office_list` WHERE status=1 and value="office" LIMIT 1  
[2020-09-10 00:13:47] /index.php?url=member&do=profile ( url=member&do=profile ) 
ERR: Db Error: Unknown column 'value' in 'where clause'
SELECT * FROM `hx_office_list` WHERE status=1 and value="office" LIMIT 1  
[2020-09-10 08:00:45] /index.php?url=news&do=index ( url=news&do=index ) 
ERR: Db Error: You have an error in your SQL syntax; check the manual that corresponds to your MySQL server version for the right syntax to use near 'and status=1 and isdel=0 ORDER by rank asc' at line 1
SELECT * FROM hx_article_class where pid= and status=1 and isdel=0 ORDER by rank asc 
[2020-09-10 08:01:04] /index.php?url=news&do=index ( url=news&do=index ) 
ERR: Db Error: You have an error in your SQL syntax; check the manual that corresponds to your MySQL server version for the right syntax to use near 'and status=1 and isdel=0 ORDER by rank asc' at line 1
SELECT * FROM hx_article_class where pid= and status=1 and isdel=0 ORDER by rank asc 
