[2020-09-06 08:43:19] / ( url=index&do=index ) 
ERR: Db Error: Table 'jianglou.hx_Array' doesn't exist
SELECT * FROM hx_Array where pid=11 and status=1 and isdel=0 ORDER by rank asc 
[2020-09-06 08:43:19] / ( url=index&do=index ) 
ERR: Db Error: Table 'jianglou.hx_Array' doesn't exist
SELECT * FROM hx_Array where pid=12 and status=1 and isdel=0 ORDER by rank asc 
[2020-09-06 08:43:19] / ( url=index&do=index ) 
ERR: Db Error: Table 'jianglou.hx_Array' doesn't exist
SELECT * FROM hx_Array where pid=13 and status=1 and isdel=0 ORDER by rank asc 
[2020-09-06 08:43:19] / ( url=index&do=index ) 
ERR: Db Error: Table 'jianglou.hx_Array' doesn't exist
SELECT * FROM hx_Array where pid=14 and status=1 and isdel=0 ORDER by rank asc 
[2020-09-06 08:43:19] / ( url=index&do=index ) 
ERR: Db Error: Table 'jianglou.hx_Array' doesn't exist
SELECT * FROM hx_Array where pid=15 and status=1 and isdel=0 ORDER by rank asc 
[2020-09-06 08:43:19] / ( url=index&do=index ) 
ERR: Db Error: Table 'jianglou.hx_Array' doesn't exist
SELECT * FROM hx_Array where pid=16 and status=1 and isdel=0 ORDER by rank asc 
[2020-09-06 08:43:19] / ( url=index&do=index ) 
ERR: Db Error: Table 'jianglou.hx_Array' doesn't exist
SELECT * FROM hx_Array where pid=17 and status=1 and isdel=0 ORDER by rank asc 
[2020-09-06 08:46:43] / ( url=index&do=index ) 
ERR: Db Error: Table 'jianglou.hx_Array' doesn't exist
SELECT * FROM hx_Array where pid=11 and status=1 and isdel=0 ORDER by rank asc 
[2020-09-06 08:46:43] / ( url=index&do=index ) 
ERR: Db Error: Table 'jianglou.hx_Array' doesn't exist
SELECT * FROM hx_Array where pid=12 and status=1 and isdel=0 ORDER by rank asc 
[2020-09-06 08:46:43] / ( url=index&do=index ) 
ERR: Db Error: Table 'jianglou.hx_Array' doesn't exist
SELECT * FROM hx_Array where pid=13 and status=1 and isdel=0 ORDER by rank asc 
[2020-09-06 08:46:43] / ( url=index&do=index ) 
ERR: Db Error: Table 'jianglou.hx_Array' doesn't exist
SELECT * FROM hx_Array where pid=14 and status=1 and isdel=0 ORDER by rank asc 
[2020-09-06 08:46:43] / ( url=index&do=index ) 
ERR: Db Error: Table 'jianglou.hx_Array' doesn't exist
SELECT * FROM hx_Array where pid=15 and status=1 and isdel=0 ORDER by rank asc 
[2020-09-06 08:46:43] / ( url=index&do=index ) 
ERR: Db Error: Table 'jianglou.hx_Array' doesn't exist
SELECT * FROM hx_Array where pid=16 and status=1 and isdel=0 ORDER by rank asc 
[2020-09-06 08:46:43] / ( url=index&do=index ) 
ERR: Db Error: Table 'jianglou.hx_Array' doesn't exist
SELECT * FROM hx_Array where pid=17 and status=1 and isdel=0 ORDER by rank asc 
[2020-09-06 08:57:51] /index.php?url=news&do=index ( url=news&do=index ) 
ERR: Db Error: You have an error in your SQL syntax; check the manual that corresponds to your MySQL server version for the right syntax to use near 'and status=1 and isdel=0 ORDER by rank asc' at line 1
SELECT * FROM hx_article_class where pid= and status=1 and isdel=0 ORDER by rank asc 
[2020-09-06 11:01:41] / ( url=index&do=index ) 
ERR: Db Error: Table 'jianglou.hx_Array' doesn't exist
SELECT * FROM hx_Array where pid=11 and status=1 and isdel=0 ORDER by rank asc 
[2020-09-06 11:01:41] / ( url=index&do=index ) 
ERR: Db Error: Table 'jianglou.hx_Array' doesn't exist
SELECT * FROM hx_Array where pid=12 and status=1 and isdel=0 ORDER by rank asc 
[2020-09-06 11:01:41] / ( url=index&do=index ) 
ERR: Db Error: Table 'jianglou.hx_Array' doesn't exist
SELECT * FROM hx_Array where pid=13 and status=1 and isdel=0 ORDER by rank asc 
[2020-09-06 11:01:41] / ( url=index&do=index ) 
ERR: Db Error: Table 'jianglou.hx_Array' doesn't exist
SELECT * FROM hx_Array where pid=14 and status=1 and isdel=0 ORDER by rank asc 
[2020-09-06 11:01:41] / ( url=index&do=index ) 
ERR: Db Error: Table 'jianglou.hx_Array' doesn't exist
SELECT * FROM hx_Array where pid=15 and status=1 and isdel=0 ORDER by rank asc 
[2020-09-06 11:01:41] / ( url=index&do=index ) 
ERR: Db Error: Table 'jianglou.hx_Array' doesn't exist
SELECT * FROM hx_Array where pid=16 and status=1 and isdel=0 ORDER by rank asc 
[2020-09-06 11:01:41] / ( url=index&do=index ) 
ERR: Db Error: Table 'jianglou.hx_Array' doesn't exist
SELECT * FROM hx_Array where pid=17 and status=1 and isdel=0 ORDER by rank asc 
[2020-09-06 11:01:41] / ( url=index&do=index ) 
ERR: Db Error: Table 'jianglou.hx_Array' doesn't exist
SELECT * FROM hx_Array where pid=11 and status=1 and isdel=0 ORDER by rank asc 
[2020-09-06 11:01:41] / ( url=index&do=index ) 
ERR: Db Error: Table 'jianglou.hx_Array' doesn't exist
SELECT * FROM hx_Array where pid=12 and status=1 and isdel=0 ORDER by rank asc 
[2020-09-06 11:01:41] / ( url=index&do=index ) 
ERR: Db Error: Table 'jianglou.hx_Array' doesn't exist
SELECT * FROM hx_Array where pid=13 and status=1 and isdel=0 ORDER by rank asc 
[2020-09-06 11:01:41] / ( url=index&do=index ) 
ERR: Db Error: Table 'jianglou.hx_Array' doesn't exist
SELECT * FROM hx_Array where pid=14 and status=1 and isdel=0 ORDER by rank asc 
[2020-09-06 11:01:41] / ( url=index&do=index ) 
ERR: Db Error: Table 'jianglou.hx_Array' doesn't exist
SELECT * FROM hx_Array where pid=15 and status=1 and isdel=0 ORDER by rank asc 
[2020-09-06 11:01:41] / ( url=index&do=index ) 
ERR: Db Error: Table 'jianglou.hx_Array' doesn't exist
SELECT * FROM hx_Array where pid=16 and status=1 and isdel=0 ORDER by rank asc 
[2020-09-06 11:01:41] / ( url=index&do=index ) 
ERR: Db Error: Table 'jianglou.hx_Array' doesn't exist
SELECT * FROM hx_Array where pid=17 and status=1 and isdel=0 ORDER by rank asc 
[2020-09-06 11:01:42] / ( url=index&do=index ) 
ERR: Db Error: Table 'jianglou.hx_Array' doesn't exist
SELECT * FROM hx_Array where pid=11 and status=1 and isdel=0 ORDER by rank asc 
[2020-09-06 11:01:42] / ( url=index&do=index ) 
ERR: Db Error: Table 'jianglou.hx_Array' doesn't exist
SELECT * FROM hx_Array where pid=12 and status=1 and isdel=0 ORDER by rank asc 
[2020-09-06 11:01:42] / ( url=index&do=index ) 
ERR: Db Error: Table 'jianglou.hx_Array' doesn't exist
SELECT * FROM hx_Array where pid=13 and status=1 and isdel=0 ORDER by rank asc 
[2020-09-06 11:01:42] / ( url=index&do=index ) 
ERR: Db Error: Table 'jianglou.hx_Array' doesn't exist
SELECT * FROM hx_Array where pid=14 and status=1 and isdel=0 ORDER by rank asc 
[2020-09-06 11:01:42] / ( url=index&do=index ) 
ERR: Db Error: Table 'jianglou.hx_Array' doesn't exist
SELECT * FROM hx_Array where pid=15 and status=1 and isdel=0 ORDER by rank asc 
[2020-09-06 11:01:42] / ( url=index&do=index ) 
ERR: Db Error: Table 'jianglou.hx_Array' doesn't exist
SELECT * FROM hx_Array where pid=16 and status=1 and isdel=0 ORDER by rank asc 
[2020-09-06 11:01:42] / ( url=index&do=index ) 
ERR: Db Error: Table 'jianglou.hx_Array' doesn't exist
SELECT * FROM hx_Array where pid=17 and status=1 and isdel=0 ORDER by rank asc 
[2020-09-06 14:32:58] / ( url=index&do=index ) 
ERR: Db Error: Table 'jianglou.hx_Array' doesn't exist
SELECT * FROM hx_Array where pid=11 and status=1 and isdel=0 ORDER by rank asc 
[2020-09-06 14:32:58] / ( url=index&do=index ) 
ERR: Db Error: Table 'jianglou.hx_Array' doesn't exist
SELECT * FROM hx_Array where pid=12 and status=1 and isdel=0 ORDER by rank asc 
[2020-09-06 14:32:58] / ( url=index&do=index ) 
ERR: Db Error: Table 'jianglou.hx_Array' doesn't exist
SELECT * FROM hx_Array where pid=13 and status=1 and isdel=0 ORDER by rank asc 
[2020-09-06 14:32:58] / ( url=index&do=index ) 
ERR: Db Error: Table 'jianglou.hx_Array' doesn't exist
SELECT * FROM hx_Array where pid=14 and status=1 and isdel=0 ORDER by rank asc 
[2020-09-06 14:32:58] / ( url=index&do=index ) 
ERR: Db Error: Table 'jianglou.hx_Array' doesn't exist
SELECT * FROM hx_Array where pid=15 and status=1 and isdel=0 ORDER by rank asc 
[2020-09-06 14:32:58] / ( url=index&do=index ) 
ERR: Db Error: Table 'jianglou.hx_Array' doesn't exist
SELECT * FROM hx_Array where pid=16 and status=1 and isdel=0 ORDER by rank asc 
[2020-09-06 14:32:58] / ( url=index&do=index ) 
ERR: Db Error: Table 'jianglou.hx_Array' doesn't exist
SELECT * FROM hx_Array where pid=17 and status=1 and isdel=0 ORDER by rank asc 
[2020-09-06 14:33:51] / ( url=index&do=index ) 
ERR: Db Error: Table 'jianglou.hx_Array' doesn't exist
SELECT * FROM hx_Array where pid=11 and status=1 and isdel=0 ORDER by rank asc 
[2020-09-06 14:33:51] / ( url=index&do=index ) 
ERR: Db Error: Table 'jianglou.hx_Array' doesn't exist
SELECT * FROM hx_Array where pid=12 and status=1 and isdel=0 ORDER by rank asc 
[2020-09-06 14:33:51] / ( url=index&do=index ) 
ERR: Db Error: Table 'jianglou.hx_Array' doesn't exist
SELECT * FROM hx_Array where pid=13 and status=1 and isdel=0 ORDER by rank asc 
[2020-09-06 14:33:51] / ( url=index&do=index ) 
ERR: Db Error: Table 'jianglou.hx_Array' doesn't exist
SELECT * FROM hx_Array where pid=14 and status=1 and isdel=0 ORDER by rank asc 
[2020-09-06 14:33:51] / ( url=index&do=index ) 
ERR: Db Error: Table 'jianglou.hx_Array' doesn't exist
SELECT * FROM hx_Array where pid=15 and status=1 and isdel=0 ORDER by rank asc 
[2020-09-06 14:33:51] / ( url=index&do=index ) 
ERR: Db Error: Table 'jianglou.hx_Array' doesn't exist
SELECT * FROM hx_Array where pid=16 and status=1 and isdel=0 ORDER by rank asc 
[2020-09-06 14:33:51] / ( url=index&do=index ) 
ERR: Db Error: Table 'jianglou.hx_Array' doesn't exist
SELECT * FROM hx_Array where pid=17 and status=1 and isdel=0 ORDER by rank asc 
[2020-09-06 14:37:55] /index.php?url=news&do=index ( url=news&do=index ) 
ERR: Db Error: You have an error in your SQL syntax; check the manual that corresponds to your MySQL server version for the right syntax to use near 'and status=1 and isdel=0 ORDER by rank asc' at line 1
SELECT * FROM hx_article_class where pid= and status=1 and isdel=0 ORDER by rank asc 
[2020-09-06 15:25:24] / ( url=index&do=index ) 
ERR: Db Error: Table 'jianglou.hx_Array' doesn't exist
SELECT * FROM hx_Array where pid=11 and status=1 and isdel=0 ORDER by rank asc 
[2020-09-06 15:25:24] / ( url=index&do=index ) 
ERR: Db Error: Table 'jianglou.hx_Array' doesn't exist
SELECT * FROM hx_Array where pid=12 and status=1 and isdel=0 ORDER by rank asc 
[2020-09-06 15:25:24] / ( url=index&do=index ) 
ERR: Db Error: Table 'jianglou.hx_Array' doesn't exist
SELECT * FROM hx_Array where pid=13 and status=1 and isdel=0 ORDER by rank asc 
[2020-09-06 15:25:24] / ( url=index&do=index ) 
ERR: Db Error: Table 'jianglou.hx_Array' doesn't exist
SELECT * FROM hx_Array where pid=14 and status=1 and isdel=0 ORDER by rank asc 
[2020-09-06 15:25:24] / ( url=index&do=index ) 
ERR: Db Error: Table 'jianglou.hx_Array' doesn't exist
SELECT * FROM hx_Array where pid=15 and status=1 and isdel=0 ORDER by rank asc 
[2020-09-06 15:25:24] / ( url=index&do=index ) 
ERR: Db Error: Table 'jianglou.hx_Array' doesn't exist
SELECT * FROM hx_Array where pid=16 and status=1 and isdel=0 ORDER by rank asc 
[2020-09-06 15:25:24] / ( url=index&do=index ) 
ERR: Db Error: Table 'jianglou.hx_Array' doesn't exist
SELECT * FROM hx_Array where pid=17 and status=1 and isdel=0 ORDER by rank asc 
[2020-09-06 15:30:52] /index.php?url=news&do=index ( url=news&do=index ) 
ERR: Db Error: You have an error in your SQL syntax; check the manual that corresponds to your MySQL server version for the right syntax to use near 'and status=1 and isdel=0 ORDER by rank asc' at line 1
SELECT * FROM hx_article_class where pid= and status=1 and isdel=0 ORDER by rank asc 
[2020-09-06 15:31:27] /index.php?url=news&do=index ( url=news&do=index ) 
ERR: Db Error: You have an error in your SQL syntax; check the manual that corresponds to your MySQL server version for the right syntax to use near 'and status=1 and isdel=0 ORDER by rank asc' at line 1
SELECT * FROM hx_article_class where pid= and status=1 and isdel=0 ORDER by rank asc 
[2020-09-06 16:02:29] /index.php?url=news&do=index ( url=news&do=index ) 
ERR: Db Error: You have an error in your SQL syntax; check the manual that corresponds to your MySQL server version for the right syntax to use near 'and status=1 and isdel=0 ORDER by rank asc' at line 1
SELECT * FROM hx_article_class where pid= and status=1 and isdel=0 ORDER by rank asc 
[2020-09-06 16:04:01] /index.php?url=news&do=index ( url=news&do=index ) 
ERR: Db Error: You have an error in your SQL syntax; check the manual that corresponds to your MySQL server version for the right syntax to use near 'and status=1 and isdel=0 ORDER by rank asc' at line 1
SELECT * FROM hx_article_class where pid= and status=1 and isdel=0 ORDER by rank asc 
[2020-09-06 16:04:30] /index.php?url=news&do=index ( url=news&do=index ) 
ERR: Db Error: You have an error in your SQL syntax; check the manual that corresponds to your MySQL server version for the right syntax to use near 'and status=1 and isdel=0 ORDER by rank asc' at line 1
SELECT * FROM hx_article_class where pid= and status=1 and isdel=0 ORDER by rank asc 
[2020-09-06 16:04:55] /index.php?url=news&do=index ( url=news&do=index ) 
ERR: Db Error: You have an error in your SQL syntax; check the manual that corresponds to your MySQL server version for the right syntax to use near 'and status=1 and isdel=0 ORDER by rank asc' at line 1
SELECT * FROM hx_article_class where pid= and status=1 and isdel=0 ORDER by rank asc 
[2020-09-06 16:05:00] /index.php?url=news&do=index ( url=news&do=index ) 
ERR: Db Error: You have an error in your SQL syntax; check the manual that corresponds to your MySQL server version for the right syntax to use near 'and status=1 and isdel=0 ORDER by rank asc' at line 1
SELECT * FROM hx_article_class where pid= and status=1 and isdel=0 ORDER by rank asc 
[2020-09-06 16:05:46] /index.php?url=news&do=index ( url=news&do=index ) 
ERR: Db Error: You have an error in your SQL syntax; check the manual that corresponds to your MySQL server version for the right syntax to use near 'and status=1 and isdel=0 ORDER by rank asc' at line 1
SELECT * FROM hx_article_class where pid= and status=1 and isdel=0 ORDER by rank asc 
[2020-09-06 16:06:05] /index.php?url=news&do=index ( url=news&do=index ) 
ERR: Db Error: You have an error in your SQL syntax; check the manual that corresponds to your MySQL server version for the right syntax to use near 'and status=1 and isdel=0 ORDER by rank asc' at line 1
SELECT * FROM hx_article_class where pid= and status=1 and isdel=0 ORDER by rank asc 
[2020-09-06 16:06:40] /index.php?url=news&do=index ( url=news&do=index ) 
ERR: Db Error: You have an error in your SQL syntax; check the manual that corresponds to your MySQL server version for the right syntax to use near 'and status=1 and isdel=0 ORDER by rank asc' at line 1
SELECT * FROM hx_article_class where pid= and status=1 and isdel=0 ORDER by rank asc 
[2020-09-06 16:07:08] /index.php?url=news&do=index ( url=news&do=index ) 
ERR: Db Error: You have an error in your SQL syntax; check the manual that corresponds to your MySQL server version for the right syntax to use near 'and status=1 and isdel=0 ORDER by rank asc' at line 1
SELECT * FROM hx_article_class where pid= and status=1 and isdel=0 ORDER by rank asc 
[2020-09-06 16:08:26] /index.php?url=news&do=index ( url=news&do=index ) 
ERR: Db Error: You have an error in your SQL syntax; check the manual that corresponds to your MySQL server version for the right syntax to use near 'and status=1 and isdel=0 ORDER by rank asc' at line 1
SELECT * FROM hx_article_class where pid= and status=1 and isdel=0 ORDER by rank asc 
[2020-09-06 16:08:38] /index.php?url=news&do=index ( url=news&do=index ) 
ERR: Db Error: You have an error in your SQL syntax; check the manual that corresponds to your MySQL server version for the right syntax to use near 'and status=1 and isdel=0 ORDER by rank asc' at line 1
SELECT * FROM hx_article_class where pid= and status=1 and isdel=0 ORDER by rank asc 
[2020-09-06 16:57:51] / ( url=index&do=index ) 
ERR: Db Error: Table 'jianglou.hx_Array' doesn't exist
SELECT * FROM hx_Array where pid=11 and status=1 and isdel=0 ORDER by rank asc 
[2020-09-06 16:57:51] / ( url=index&do=index ) 
ERR: Db Error: Table 'jianglou.hx_Array' doesn't exist
SELECT * FROM hx_Array where pid=12 and status=1 and isdel=0 ORDER by rank asc 
[2020-09-06 16:57:51] / ( url=index&do=index ) 
ERR: Db Error: Table 'jianglou.hx_Array' doesn't exist
SELECT * FROM hx_Array where pid=13 and status=1 and isdel=0 ORDER by rank asc 
[2020-09-06 16:57:51] / ( url=index&do=index ) 
ERR: Db Error: Table 'jianglou.hx_Array' doesn't exist
SELECT * FROM hx_Array where pid=14 and status=1 and isdel=0 ORDER by rank asc 
[2020-09-06 16:57:51] / ( url=index&do=index ) 
ERR: Db Error: Table 'jianglou.hx_Array' doesn't exist
SELECT * FROM hx_Array where pid=15 and status=1 and isdel=0 ORDER by rank asc 
[2020-09-06 16:57:51] / ( url=index&do=index ) 
ERR: Db Error: Table 'jianglou.hx_Array' doesn't exist
SELECT * FROM hx_Array where pid=16 and status=1 and isdel=0 ORDER by rank asc 
[2020-09-06 16:57:51] / ( url=index&do=index ) 
ERR: Db Error: Table 'jianglou.hx_Array' doesn't exist
SELECT * FROM hx_Array where pid=17 and status=1 and isdel=0 ORDER by rank asc 
[2020-09-06 17:39:48] /manage/modules/news/index.php?url=retro_list&do=get_xml&pid= ( url=retro_list&do=get_xml ) 
ERR: Db Error: Table 'jianglou.hx_retro_list' doesn't exist
SELECT COUNT(*) AS nc_count FROM `hx_retro_list` WHERE ( isdel = '0' ) ORDER BY id desc LIMIT 1  
[2020-09-06 17:39:48] /manage/modules/news/index.php?url=retro_list&do=get_xml&pid= ( url=retro_list&do=get_xml ) 
ERR: Db Error: Table 'jianglou.hx_retro_list' doesn't exist
SELECT * FROM `hx_retro_list` WHERE ( isdel = '0' ) ORDER BY id desc LIMIT 0,15  
[2020-09-06 17:40:15] /manage/modules/news/index.php?url=retro_list&do=get_xml&pid= ( url=retro_list&do=get_xml ) 
ERR: Db Error: Table 'jianglou.hx_retro_list' doesn't exist
SELECT COUNT(*) AS nc_count FROM `hx_retro_list` WHERE ( isdel = '0' ) ORDER BY id desc LIMIT 1  
[2020-09-06 17:40:15] /manage/modules/news/index.php?url=retro_list&do=get_xml&pid= ( url=retro_list&do=get_xml ) 
ERR: Db Error: Table 'jianglou.hx_retro_list' doesn't exist
SELECT * FROM `hx_retro_list` WHERE ( isdel = '0' ) ORDER BY id desc LIMIT 0,15  
[2020-09-06 17:40:50] /manage/modules/news/index.php?url=retro_list&do=get_xml&pid= ( url=retro_list&do=get_xml ) 
ERR: Db Error: Table 'jianglou.hx_retro_list' doesn't exist
SELECT COUNT(*) AS nc_count FROM `hx_retro_list` WHERE ( isdel = '0' ) ORDER BY id desc LIMIT 1  
[2020-09-06 17:40:50] /manage/modules/news/index.php?url=retro_list&do=get_xml&pid= ( url=retro_list&do=get_xml ) 
ERR: Db Error: Table 'jianglou.hx_retro_list' doesn't exist
SELECT * FROM `hx_retro_list` WHERE ( isdel = '0' ) ORDER BY id desc LIMIT 0,15  
[2020-09-06 17:42:59] /manage/modules/news/index.php?url=retro_list&do=get_xml&pid= ( url=retro_list&do=get_xml ) 
ERR: Db Error: Table 'jianglou.hx_retro_list' doesn't exist
SELECT COUNT(*) AS nc_count FROM `hx_retro_list` WHERE ( isdel = '0' ) ORDER BY id desc LIMIT 1  
[2020-09-06 17:42:59] /manage/modules/news/index.php?url=retro_list&do=get_xml&pid= ( url=retro_list&do=get_xml ) 
ERR: Db Error: Table 'jianglou.hx_retro_list' doesn't exist
SELECT * FROM `hx_retro_list` WHERE ( isdel = '0' ) ORDER BY id desc LIMIT 0,15  
[2020-09-06 17:45:21] /manage/modules/news/index.php?url=retro_list&do=get_xml&pid= ( url=retro_list&do=get_xml ) 
ERR: Db Error: Table 'jianglou.hx_retro_list' doesn't exist
SELECT COUNT(*) AS nc_count FROM `hx_retro_list` WHERE ( isdel = '0' ) ORDER BY id desc LIMIT 1  
[2020-09-06 17:45:21] /manage/modules/news/index.php?url=retro_list&do=get_xml&pid= ( url=retro_list&do=get_xml ) 
ERR: Db Error: Table 'jianglou.hx_retro_list' doesn't exist
SELECT * FROM `hx_retro_list` WHERE ( isdel = '0' ) ORDER BY id desc LIMIT 0,15  
[2020-09-06 17:45:58] /manage/modules/news/index.php?url=retro_list&do=get_xml&pid= ( url=retro_list&do=get_xml ) 
ERR: Db Error: Table 'jianglou.hx_retro_list' doesn't exist
SELECT COUNT(*) AS nc_count FROM `hx_retro_list` WHERE ( isdel = '0' ) ORDER BY id desc LIMIT 1  
[2020-09-06 17:45:58] /manage/modules/news/index.php?url=retro_list&do=get_xml&pid= ( url=retro_list&do=get_xml ) 
ERR: Db Error: Table 'jianglou.hx_retro_list' doesn't exist
SELECT * FROM `hx_retro_list` WHERE ( isdel = '0' ) ORDER BY id desc LIMIT 0,15  
[2020-09-06 17:47:48] /manage/modules/news/index.php?url=retro_list&do=get_xml&pid= ( url=retro_list&do=get_xml ) 
ERR: Db Error: Table 'jianglou.hx_retro_list' doesn't exist
SELECT COUNT(*) AS nc_count FROM `hx_retro_list` ORDER BY id desc LIMIT 1  
[2020-09-06 17:47:48] /manage/modules/news/index.php?url=retro_list&do=get_xml&pid= ( url=retro_list&do=get_xml ) 
ERR: Db Error: Table 'jianglou.hx_retro_list' doesn't exist
SELECT * FROM `hx_retro_list` ORDER BY id desc LIMIT 0,15  
[2020-09-06 18:01:05] /manage/modules/organ/index.php?url=office_list&do=edit&id=5 ( url=office_list&do=edit ) 
ERR: Db Error: Unknown column 'shorttile' in 'field list'
UPDATE `hx_office_list` SET pid='3',rank='1',title='党代表',shorttile='',intro='',content='',pic='',url='',edittime='1599386465',editor='1',clicks='275',ip='113.132.180.48',seo_title='',seo_keywords='',seo_description='' WHERE ( id = '5' )
[2020-09-06 18:01:37] /manage/modules/organ/index.php?url=manager_list&do=edit&id=8 ( url=manager_list&do=edit ) 
ERR: Db Error: Unknown column 'value' in 'where clause'
SELECT * FROM `hx_office_list` WHERE status=1 and value="office" LIMIT 1  
[2020-09-06 18:02:22] /manage/modules/organ/index.php?url=manager_list&do=add ( url=manager_list&do=add ) 
ERR: Db Error: Unknown column 'value' in 'where clause'
SELECT * FROM `hx_office_list` WHERE status=1 and value="office" LIMIT 1  
[2020-09-06 18:02:35] /manage/modules/organ/index.php?url=manager_list&do=edit&id=8 ( url=manager_list&do=edit ) 
ERR: Db Error: Unknown column 'value' in 'where clause'
SELECT * FROM `hx_office_list` WHERE status=1 and value="office" LIMIT 1  
[2020-09-06 18:03:20] /manage/modules/organ/index.php?url=office_list&do=edit&id=6 ( url=office_list&do=edit ) 
ERR: Db Error: Unknown column 'shorttile' in 'field list'
UPDATE `hx_office_list` SET pid='3',rank='2',title='人大代表',shorttile='',intro='',content='',pic='',url='',edittime='1599386600',editor='1',clicks='410',ip='113.132.180.48',seo_title='',seo_keywords='',seo_description='' WHERE ( id = '6' )
[2020-09-06 18:17:41] /index.php?url=task&do=clock ( url=task&do=clock ) 
ERR: Db Error: You have an error in your SQL syntax; check the manual that corresponds to your MySQL server version for the right syntax to use near 'and createtime=2020-09-06 8:30:00   ORDER by id asc' at line 1
SELECT * FROM hx_clock_list where mid= and createtime=2020-09-06 8:30:00   ORDER by id asc 
[2020-09-06 18:18:14] /index.php?url=task&do=clock ( url=task&do=clock ) 
ERR: Db Error: You have an error in your SQL syntax; check the manual that corresponds to your MySQL server version for the right syntax to use near 'and createtime=2020-09-06 8:30:00   ORDER by id asc' at line 1
SELECT * FROM hx_clock_list where mid= and createtime=2020-09-06 8:30:00   ORDER by id asc 
[2020-09-06 18:18:42] /index.php?url=task&do=clock ( url=task&do=clock ) 
ERR: Db Error: You have an error in your SQL syntax; check the manual that corresponds to your MySQL server version for the right syntax to use near '8:30:00   ORDER by id asc' at line 1
SELECT * FROM hx_clock_list where mid=8 and createtime=2020-09-06 8:30:00   ORDER by id asc 
[2020-09-06 18:19:07] /index.php?url=task&do=clock ( url=task&do=clock ) 
ERR: Db Error: You have an error in your SQL syntax; check the manual that corresponds to your MySQL server version for the right syntax to use near '8:30:00   ORDER by id asc' at line 1
SELECT * FROM hx_clock_list where mid=8 and createtime=2020-09-06 8:30:00   ORDER by id asc 
[2020-09-06 18:19:30] /index.php?url=task&do=clock ( url=task&do=clock ) 
ERR: Db Error: You have an error in your SQL syntax; check the manual that corresponds to your MySQL server version for the right syntax to use near '8:30:00   ORDER by id asc' at line 1
SELECT * FROM hx_clock_list where mid=8 and createtime=2020-09-06 8:30:00   ORDER by id asc 
[2020-09-06 18:19:56] /index.php?url=task&do=clock ( url=task&do=clock ) 
ERR: Db Error: You have an error in your SQL syntax; check the manual that corresponds to your MySQL server version for the right syntax to use near '8:30:00   ORDER by id asc' at line 1
SELECT * FROM hx_user_clock where mid=8 and createtime=2020-09-06 8:30:00   ORDER by id asc 
[2020-09-06 18:21:02] /index.php?url=task&do=clock ( url=task&do=clock ) 
ERR: Db Error: You have an error in your SQL syntax; check the manual that corresponds to your MySQL server version for the right syntax to use near '8:30:00   ORDER by id asc' at line 1
SELECT * FROM hx_user_clock where mid=8 and createtime=2020-09-06 8:30:00   ORDER by id asc 
[2020-09-06 18:25:38] / ( url=index&do=index ) 
ERR: Db Error: Table 'jianglou.hx_Array' doesn't exist
SELECT * FROM hx_Array where pid=11 and status=1 and isdel=0 ORDER by rank asc 
[2020-09-06 18:25:38] / ( url=index&do=index ) 
ERR: Db Error: Table 'jianglou.hx_Array' doesn't exist
SELECT * FROM hx_Array where pid=12 and status=1 and isdel=0 ORDER by rank asc 
[2020-09-06 18:25:38] / ( url=index&do=index ) 
ERR: Db Error: Table 'jianglou.hx_Array' doesn't exist
SELECT * FROM hx_Array where pid=13 and status=1 and isdel=0 ORDER by rank asc 
[2020-09-06 18:25:38] / ( url=index&do=index ) 
ERR: Db Error: Table 'jianglou.hx_Array' doesn't exist
SELECT * FROM hx_Array where pid=14 and status=1 and isdel=0 ORDER by rank asc 
[2020-09-06 18:25:38] / ( url=index&do=index ) 
ERR: Db Error: Table 'jianglou.hx_Array' doesn't exist
SELECT * FROM hx_Array where pid=15 and status=1 and isdel=0 ORDER by rank asc 
[2020-09-06 18:25:38] / ( url=index&do=index ) 
ERR: Db Error: Table 'jianglou.hx_Array' doesn't exist
SELECT * FROM hx_Array where pid=16 and status=1 and isdel=0 ORDER by rank asc 
[2020-09-06 18:25:38] / ( url=index&do=index ) 
ERR: Db Error: Table 'jianglou.hx_Array' doesn't exist
SELECT * FROM hx_Array where pid=17 and status=1 and isdel=0 ORDER by rank asc 
[2020-09-06 18:27:22] /index.php?url=news&do=index ( url=news&do=index ) 
ERR: Db Error: You have an error in your SQL syntax; check the manual that corresponds to your MySQL server version for the right syntax to use near 'and status=1 and isdel=0 ORDER by rank asc' at line 1
SELECT * FROM hx_article_class where pid= and status=1 and isdel=0 ORDER by rank asc 
[2020-09-06 18:52:12] / ( url=index&do=index ) 
ERR: Db Error: Table 'jianglou.hx_Array' doesn't exist
SELECT * FROM hx_Array where pid=11 and status=1 and isdel=0 ORDER by rank asc 
[2020-09-06 18:52:12] / ( url=index&do=index ) 
ERR: Db Error: Table 'jianglou.hx_Array' doesn't exist
SELECT * FROM hx_Array where pid=12 and status=1 and isdel=0 ORDER by rank asc 
[2020-09-06 18:52:12] / ( url=index&do=index ) 
ERR: Db Error: Table 'jianglou.hx_Array' doesn't exist
SELECT * FROM hx_Array where pid=13 and status=1 and isdel=0 ORDER by rank asc 
[2020-09-06 18:52:12] / ( url=index&do=index ) 
ERR: Db Error: Table 'jianglou.hx_Array' doesn't exist
SELECT * FROM hx_Array where pid=14 and status=1 and isdel=0 ORDER by rank asc 
[2020-09-06 18:52:12] / ( url=index&do=index ) 
ERR: Db Error: Table 'jianglou.hx_Array' doesn't exist
SELECT * FROM hx_Array where pid=15 and status=1 and isdel=0 ORDER by rank asc 
[2020-09-06 18:52:12] / ( url=index&do=index ) 
ERR: Db Error: Table 'jianglou.hx_Array' doesn't exist
SELECT * FROM hx_Array where pid=16 and status=1 and isdel=0 ORDER by rank asc 
[2020-09-06 18:52:12] / ( url=index&do=index ) 
ERR: Db Error: Table 'jianglou.hx_Array' doesn't exist
SELECT * FROM hx_Array where pid=17 and status=1 and isdel=0 ORDER by rank asc 
[2020-09-06 18:54:32] / ( url=index&do=index ) 
ERR: Db Error: Table 'jianglou.hx_Array' doesn't exist
SELECT * FROM hx_Array where pid=11 and status=1 and isdel=0 ORDER by rank asc 
[2020-09-06 18:54:32] / ( url=index&do=index ) 
ERR: Db Error: Table 'jianglou.hx_Array' doesn't exist
SELECT * FROM hx_Array where pid=12 and status=1 and isdel=0 ORDER by rank asc 
[2020-09-06 18:54:32] / ( url=index&do=index ) 
ERR: Db Error: Table 'jianglou.hx_Array' doesn't exist
SELECT * FROM hx_Array where pid=13 and status=1 and isdel=0 ORDER by rank asc 
[2020-09-06 18:54:32] / ( url=index&do=index ) 
ERR: Db Error: Table 'jianglou.hx_Array' doesn't exist
SELECT * FROM hx_Array where pid=14 and status=1 and isdel=0 ORDER by rank asc 
[2020-09-06 18:54:32] / ( url=index&do=index ) 
ERR: Db Error: Table 'jianglou.hx_Array' doesn't exist
SELECT * FROM hx_Array where pid=15 and status=1 and isdel=0 ORDER by rank asc 
[2020-09-06 18:54:32] / ( url=index&do=index ) 
ERR: Db Error: Table 'jianglou.hx_Array' doesn't exist
SELECT * FROM hx_Array where pid=16 and status=1 and isdel=0 ORDER by rank asc 
[2020-09-06 18:54:32] / ( url=index&do=index ) 
ERR: Db Error: Table 'jianglou.hx_Array' doesn't exist
SELECT * FROM hx_Array where pid=17 and status=1 and isdel=0 ORDER by rank asc 
[2020-09-06 18:55:15] / ( url=index&do=index ) 
ERR: Db Error: Table 'jianglou.hx_Array' doesn't exist
SELECT * FROM hx_Array where pid=11 and status=1 and isdel=0 ORDER by rank asc 
[2020-09-06 18:55:15] / ( url=index&do=index ) 
ERR: Db Error: Table 'jianglou.hx_Array' doesn't exist
SELECT * FROM hx_Array where pid=12 and status=1 and isdel=0 ORDER by rank asc 
[2020-09-06 18:55:15] / ( url=index&do=index ) 
ERR: Db Error: Table 'jianglou.hx_Array' doesn't exist
SELECT * FROM hx_Array where pid=13 and status=1 and isdel=0 ORDER by rank asc 
[2020-09-06 18:55:15] / ( url=index&do=index ) 
ERR: Db Error: Table 'jianglou.hx_Array' doesn't exist
SELECT * FROM hx_Array where pid=14 and status=1 and isdel=0 ORDER by rank asc 
[2020-09-06 18:55:15] / ( url=index&do=index ) 
ERR: Db Error: Table 'jianglou.hx_Array' doesn't exist
SELECT * FROM hx_Array where pid=15 and status=1 and isdel=0 ORDER by rank asc 
[2020-09-06 18:55:15] / ( url=index&do=index ) 
ERR: Db Error: Table 'jianglou.hx_Array' doesn't exist
SELECT * FROM hx_Array where pid=16 and status=1 and isdel=0 ORDER by rank asc 
[2020-09-06 18:55:15] / ( url=index&do=index ) 
ERR: Db Error: Table 'jianglou.hx_Array' doesn't exist
SELECT * FROM hx_Array where pid=17 and status=1 and isdel=0 ORDER by rank asc 
[2020-09-06 18:56:32] / ( url=index&do=index ) 
ERR: Db Error: Table 'jianglou.hx_Array' doesn't exist
SELECT * FROM hx_Array where pid=11 and status=1 and isdel=0 ORDER by rank asc 
[2020-09-06 18:56:32] / ( url=index&do=index ) 
ERR: Db Error: Table 'jianglou.hx_Array' doesn't exist
SELECT * FROM hx_Array where pid=12 and status=1 and isdel=0 ORDER by rank asc 
[2020-09-06 18:56:32] / ( url=index&do=index ) 
ERR: Db Error: Table 'jianglou.hx_Array' doesn't exist
SELECT * FROM hx_Array where pid=13 and status=1 and isdel=0 ORDER by rank asc 
[2020-09-06 18:56:32] / ( url=index&do=index ) 
ERR: Db Error: Table 'jianglou.hx_Array' doesn't exist
SELECT * FROM hx_Array where pid=14 and status=1 and isdel=0 ORDER by rank asc 
[2020-09-06 18:56:32] / ( url=index&do=index ) 
ERR: Db Error: Table 'jianglou.hx_Array' doesn't exist
SELECT * FROM hx_Array where pid=15 and status=1 and isdel=0 ORDER by rank asc 
[2020-09-06 18:56:32] / ( url=index&do=index ) 
ERR: Db Error: Table 'jianglou.hx_Array' doesn't exist
SELECT * FROM hx_Array where pid=16 and status=1 and isdel=0 ORDER by rank asc 
[2020-09-06 18:56:32] / ( url=index&do=index ) 
ERR: Db Error: Table 'jianglou.hx_Array' doesn't exist
SELECT * FROM hx_Array where pid=17 and status=1 and isdel=0 ORDER by rank asc 
[2020-09-06 18:56:37] / ( url=index&do=index ) 
ERR: Db Error: Table 'jianglou.hx_Array' doesn't exist
SELECT * FROM hx_Array where pid=11 and status=1 and isdel=0 ORDER by rank asc 
[2020-09-06 18:56:37] / ( url=index&do=index ) 
ERR: Db Error: Table 'jianglou.hx_Array' doesn't exist
SELECT * FROM hx_Array where pid=12 and status=1 and isdel=0 ORDER by rank asc 
[2020-09-06 18:56:37] / ( url=index&do=index ) 
ERR: Db Error: Table 'jianglou.hx_Array' doesn't exist
SELECT * FROM hx_Array where pid=13 and status=1 and isdel=0 ORDER by rank asc 
[2020-09-06 18:56:37] / ( url=index&do=index ) 
ERR: Db Error: Table 'jianglou.hx_Array' doesn't exist
SELECT * FROM hx_Array where pid=14 and status=1 and isdel=0 ORDER by rank asc 
[2020-09-06 18:56:37] / ( url=index&do=index ) 
ERR: Db Error: Table 'jianglou.hx_Array' doesn't exist
SELECT * FROM hx_Array where pid=15 and status=1 and isdel=0 ORDER by rank asc 
[2020-09-06 18:56:37] / ( url=index&do=index ) 
ERR: Db Error: Table 'jianglou.hx_Array' doesn't exist
SELECT * FROM hx_Array where pid=16 and status=1 and isdel=0 ORDER by rank asc 
[2020-09-06 18:56:37] / ( url=index&do=index ) 
ERR: Db Error: Table 'jianglou.hx_Array' doesn't exist
SELECT * FROM hx_Array where pid=17 and status=1 and isdel=0 ORDER by rank asc 
[2020-09-06 18:56:43] / ( url=index&do=index ) 
ERR: Db Error: Table 'jianglou.hx_Array' doesn't exist
SELECT * FROM hx_Array where pid=11 and status=1 and isdel=0 ORDER by rank asc 
[2020-09-06 18:56:43] / ( url=index&do=index ) 
ERR: Db Error: Table 'jianglou.hx_Array' doesn't exist
SELECT * FROM hx_Array where pid=12 and status=1 and isdel=0 ORDER by rank asc 
[2020-09-06 18:56:43] / ( url=index&do=index ) 
ERR: Db Error: Table 'jianglou.hx_Array' doesn't exist
SELECT * FROM hx_Array where pid=13 and status=1 and isdel=0 ORDER by rank asc 
[2020-09-06 18:56:43] / ( url=index&do=index ) 
ERR: Db Error: Table 'jianglou.hx_Array' doesn't exist
SELECT * FROM hx_Array where pid=14 and status=1 and isdel=0 ORDER by rank asc 
[2020-09-06 18:56:43] / ( url=index&do=index ) 
ERR: Db Error: Table 'jianglou.hx_Array' doesn't exist
SELECT * FROM hx_Array where pid=15 and status=1 and isdel=0 ORDER by rank asc 
[2020-09-06 18:56:43] / ( url=index&do=index ) 
ERR: Db Error: Table 'jianglou.hx_Array' doesn't exist
SELECT * FROM hx_Array where pid=16 and status=1 and isdel=0 ORDER by rank asc 
[2020-09-06 18:56:43] / ( url=index&do=index ) 
ERR: Db Error: Table 'jianglou.hx_Array' doesn't exist
SELECT * FROM hx_Array where pid=17 and status=1 and isdel=0 ORDER by rank asc 
[2020-09-06 18:56:48] / ( url=index&do=index ) 
ERR: Db Error: Table 'jianglou.hx_Array' doesn't exist
SELECT * FROM hx_Array where pid=11 and status=1 and isdel=0 ORDER by rank asc 
[2020-09-06 18:56:48] / ( url=index&do=index ) 
ERR: Db Error: Table 'jianglou.hx_Array' doesn't exist
SELECT * FROM hx_Array where pid=12 and status=1 and isdel=0 ORDER by rank asc 
[2020-09-06 18:56:48] / ( url=index&do=index ) 
ERR: Db Error: Table 'jianglou.hx_Array' doesn't exist
SELECT * FROM hx_Array where pid=13 and status=1 and isdel=0 ORDER by rank asc 
[2020-09-06 18:56:48] / ( url=index&do=index ) 
ERR: Db Error: Table 'jianglou.hx_Array' doesn't exist
SELECT * FROM hx_Array where pid=14 and status=1 and isdel=0 ORDER by rank asc 
[2020-09-06 18:56:48] / ( url=index&do=index ) 
ERR: Db Error: Table 'jianglou.hx_Array' doesn't exist
SELECT * FROM hx_Array where pid=15 and status=1 and isdel=0 ORDER by rank asc 
[2020-09-06 18:56:48] / ( url=index&do=index ) 
ERR: Db Error: Table 'jianglou.hx_Array' doesn't exist
SELECT * FROM hx_Array where pid=16 and status=1 and isdel=0 ORDER by rank asc 
[2020-09-06 18:56:48] / ( url=index&do=index ) 
ERR: Db Error: Table 'jianglou.hx_Array' doesn't exist
SELECT * FROM hx_Array where pid=17 and status=1 and isdel=0 ORDER by rank asc 
[2020-09-06 19:05:35] / ( url=index&do=index ) 
ERR: Db Error: Table 'jianglou.hx_Array' doesn't exist
SELECT * FROM hx_Array where pid=11 and status=1 and isdel=0 ORDER by rank asc 
[2020-09-06 19:05:35] / ( url=index&do=index ) 
ERR: Db Error: Table 'jianglou.hx_Array' doesn't exist
SELECT * FROM hx_Array where pid=12 and status=1 and isdel=0 ORDER by rank asc 
[2020-09-06 19:05:35] / ( url=index&do=index ) 
ERR: Db Error: Table 'jianglou.hx_Array' doesn't exist
SELECT * FROM hx_Array where pid=13 and status=1 and isdel=0 ORDER by rank asc 
[2020-09-06 19:05:35] / ( url=index&do=index ) 
ERR: Db Error: Table 'jianglou.hx_Array' doesn't exist
SELECT * FROM hx_Array where pid=14 and status=1 and isdel=0 ORDER by rank asc 
[2020-09-06 19:05:35] / ( url=index&do=index ) 
ERR: Db Error: Table 'jianglou.hx_Array' doesn't exist
SELECT * FROM hx_Array where pid=15 and status=1 and isdel=0 ORDER by rank asc 
[2020-09-06 19:05:35] / ( url=index&do=index ) 
ERR: Db Error: Table 'jianglou.hx_Array' doesn't exist
SELECT * FROM hx_Array where pid=16 and status=1 and isdel=0 ORDER by rank asc 
[2020-09-06 19:05:35] / ( url=index&do=index ) 
ERR: Db Error: Table 'jianglou.hx_Array' doesn't exist
SELECT * FROM hx_Array where pid=17 and status=1 and isdel=0 ORDER by rank asc 
[2020-09-06 21:56:40] / ( url=index&do=index ) 
ERR: Db Error: Table 'jianglou.hx_Array' doesn't exist
SELECT * FROM hx_Array where pid=11 and status=1 and isdel=0 ORDER by rank asc 
[2020-09-06 21:56:40] / ( url=index&do=index ) 
ERR: Db Error: Table 'jianglou.hx_Array' doesn't exist
SELECT * FROM hx_Array where pid=12 and status=1 and isdel=0 ORDER by rank asc 
[2020-09-06 21:56:40] / ( url=index&do=index ) 
ERR: Db Error: Table 'jianglou.hx_Array' doesn't exist
SELECT * FROM hx_Array where pid=13 and status=1 and isdel=0 ORDER by rank asc 
[2020-09-06 21:56:40] / ( url=index&do=index ) 
ERR: Db Error: Table 'jianglou.hx_Array' doesn't exist
SELECT * FROM hx_Array where pid=14 and status=1 and isdel=0 ORDER by rank asc 
[2020-09-06 21:56:40] / ( url=index&do=index ) 
ERR: Db Error: Table 'jianglou.hx_Array' doesn't exist
SELECT * FROM hx_Array where pid=15 and status=1 and isdel=0 ORDER by rank asc 
[2020-09-06 21:56:40] / ( url=index&do=index ) 
ERR: Db Error: Table 'jianglou.hx_Array' doesn't exist
SELECT * FROM hx_Array where pid=16 and status=1 and isdel=0 ORDER by rank asc 
[2020-09-06 21:56:40] / ( url=index&do=index ) 
ERR: Db Error: Table 'jianglou.hx_Array' doesn't exist
SELECT * FROM hx_Array where pid=17 and status=1 and isdel=0 ORDER by rank asc 
[2020-09-06 22:59:44] / ( url=index&do=index ) 
ERR: Db Error: Table 'jianglou.hx_Array' doesn't exist
SELECT * FROM hx_Array where pid=11 and status=1 and isdel=0 ORDER by rank asc 
[2020-09-06 22:59:44] / ( url=index&do=index ) 
ERR: Db Error: Table 'jianglou.hx_Array' doesn't exist
SELECT * FROM hx_Array where pid=12 and status=1 and isdel=0 ORDER by rank asc 
[2020-09-06 22:59:44] / ( url=index&do=index ) 
ERR: Db Error: Table 'jianglou.hx_Array' doesn't exist
SELECT * FROM hx_Array where pid=13 and status=1 and isdel=0 ORDER by rank asc 
[2020-09-06 22:59:44] / ( url=index&do=index ) 
ERR: Db Error: Table 'jianglou.hx_Array' doesn't exist
SELECT * FROM hx_Array where pid=14 and status=1 and isdel=0 ORDER by rank asc 
[2020-09-06 22:59:44] / ( url=index&do=index ) 
ERR: Db Error: Table 'jianglou.hx_Array' doesn't exist
SELECT * FROM hx_Array where pid=15 and status=1 and isdel=0 ORDER by rank asc 
[2020-09-06 22:59:44] / ( url=index&do=index ) 
ERR: Db Error: Table 'jianglou.hx_Array' doesn't exist
SELECT * FROM hx_Array where pid=16 and status=1 and isdel=0 ORDER by rank asc 
[2020-09-06 22:59:44] / ( url=index&do=index ) 
ERR: Db Error: Table 'jianglou.hx_Array' doesn't exist
SELECT * FROM hx_Array where pid=17 and status=1 and isdel=0 ORDER by rank asc 
[2020-09-06 23:00:41] / ( url=index&do=index ) 
ERR: Db Error: Table 'jianglou.hx_Array' doesn't exist
SELECT * FROM hx_Array where pid=11 and status=1 and isdel=0 ORDER by rank asc 
[2020-09-06 23:00:41] / ( url=index&do=index ) 
ERR: Db Error: Table 'jianglou.hx_Array' doesn't exist
SELECT * FROM hx_Array where pid=12 and status=1 and isdel=0 ORDER by rank asc 
[2020-09-06 23:00:41] / ( url=index&do=index ) 
ERR: Db Error: Table 'jianglou.hx_Array' doesn't exist
SELECT * FROM hx_Array where pid=13 and status=1 and isdel=0 ORDER by rank asc 
[2020-09-06 23:00:41] / ( url=index&do=index ) 
ERR: Db Error: Table 'jianglou.hx_Array' doesn't exist
SELECT * FROM hx_Array where pid=14 and status=1 and isdel=0 ORDER by rank asc 
[2020-09-06 23:00:41] / ( url=index&do=index ) 
ERR: Db Error: Table 'jianglou.hx_Array' doesn't exist
SELECT * FROM hx_Array where pid=15 and status=1 and isdel=0 ORDER by rank asc 
[2020-09-06 23:00:41] / ( url=index&do=index ) 
ERR: Db Error: Table 'jianglou.hx_Array' doesn't exist
SELECT * FROM hx_Array where pid=16 and status=1 and isdel=0 ORDER by rank asc 
[2020-09-06 23:00:41] / ( url=index&do=index ) 
ERR: Db Error: Table 'jianglou.hx_Array' doesn't exist
SELECT * FROM hx_Array where pid=17 and status=1 and isdel=0 ORDER by rank asc 
